[2025-03-12T15:16:18.046+0000] {local_task_job_runner.py:123} INFO - ::group::Pre task execution logs
[2025-03-12T15:16:18.075+0000] {taskinstance.py:2614} INFO - Dependencies all met for dep_context=non-requeueable deps ti=<TaskInstance: data_lake_pipeline.transform_staging_to_curated manual__2025-03-12T15:16:14.290888+00:00 [queued]>
[2025-03-12T15:16:18.088+0000] {taskinstance.py:2614} INFO - Dependencies all met for dep_context=requeueable deps ti=<TaskInstance: data_lake_pipeline.transform_staging_to_curated manual__2025-03-12T15:16:14.290888+00:00 [queued]>
[2025-03-12T15:16:18.089+0000] {taskinstance.py:2867} INFO - Starting attempt 1 of 2
[2025-03-12T15:16:18.111+0000] {taskinstance.py:2890} INFO - Executing <Task(PythonOperator): transform_staging_to_curated> on 2025-03-12 15:16:14.290888+00:00
[2025-03-12T15:16:18.120+0000] {standard_task_runner.py:72} INFO - Started process 339 to run task
[2025-03-12T15:16:18.133+0000] {standard_task_runner.py:104} INFO - Running: ['***', 'tasks', 'run', 'data_lake_pipeline', 'transform_staging_to_curated', 'manual__2025-03-12T15:16:14.290888+00:00', '--job-id', '127', '--raw', '--subdir', 'DAGS_FOLDER/data_pipeline_dag.py', '--cfg-path', '/tmp/tmpj_6d8d_3']
[2025-03-12T15:16:18.138+0000] {standard_task_runner.py:105} INFO - Job 127: Subtask transform_staging_to_curated
[2025-03-12T15:16:18.183+0000] {logging_mixin.py:190} WARNING - /usr/local/lib/python3.10/site-packages/***/settings.py:209 DeprecationWarning: The sql_alchemy_conn option in [core] has been moved to the sql_alchemy_conn option in [database] - the old setting has been used, but please update your config.
[2025-03-12T15:16:18.257+0000] {task_command.py:467} INFO - Running <TaskInstance: data_lake_pipeline.transform_staging_to_curated manual__2025-03-12T15:16:14.290888+00:00 [running]> on host ***-scheduler
[2025-03-12T15:16:18.417+0000] {taskinstance.py:3134} INFO - Exporting env vars: AIRFLOW_CTX_DAG_OWNER='***' AIRFLOW_CTX_DAG_ID='data_lake_pipeline' AIRFLOW_CTX_TASK_ID='transform_staging_to_curated' AIRFLOW_CTX_EXECUTION_DATE='2025-03-12T15:16:14.290888+00:00' AIRFLOW_CTX_TRY_NUMBER='1' AIRFLOW_CTX_DAG_RUN_ID='manual__2025-03-12T15:16:14.290888+00:00'
[2025-03-12T15:16:18.419+0000] {taskinstance.py:732} INFO - ::endgroup::
[2025-03-12T15:16:18.443+0000] {aws_s3_repository.py:129} INFO - Downloading data from staging
[2025-03-12T15:16:18.444+0000] {logging_mixin.py:190} INFO - Uploading data to curated
[2025-03-12T15:16:18.445+0000] {python.py:240} INFO - Done. Returned value was: None
[2025-03-12T15:16:18.457+0000] {taskinstance.py:341} INFO - ::group::Post task execution logs
[2025-03-12T15:16:18.458+0000] {taskinstance.py:353} INFO - Marking task as SUCCESS. dag_id=data_lake_pipeline, task_id=transform_staging_to_curated, run_id=manual__2025-03-12T15:16:14.290888+00:00, execution_date=20250312T151614, start_date=20250312T151618, end_date=20250312T151618
[2025-03-12T15:16:18.515+0000] {local_task_job_runner.py:266} INFO - Task exited with return code 0
[2025-03-12T15:16:18.555+0000] {taskinstance.py:3901} INFO - 0 downstream tasks scheduled from follow-on schedule check
[2025-03-12T15:16:18.562+0000] {local_task_job_runner.py:245} INFO - ::endgroup::
