[2025-03-12T21:49:21.728+0000] {local_task_job_runner.py:123} INFO - ::group::Pre task execution logs
[2025-03-12T21:49:21.758+0000] {taskinstance.py:2614} INFO - Dependencies all met for dep_context=non-requeueable deps ti=<TaskInstance: data_lake_pipeline.transform_staging_to_curated manual__2025-03-12T21:48:40.665652+00:00 [queued]>
[2025-03-12T21:49:21.776+0000] {taskinstance.py:2614} INFO - Dependencies all met for dep_context=requeueable deps ti=<TaskInstance: data_lake_pipeline.transform_staging_to_curated manual__2025-03-12T21:48:40.665652+00:00 [queued]>
[2025-03-12T21:49:21.776+0000] {taskinstance.py:2867} INFO - Starting attempt 1 of 2
[2025-03-12T21:49:21.798+0000] {taskinstance.py:2890} INFO - Executing <Task(PythonOperator): transform_staging_to_curated> on 2025-03-12 21:48:40.665652+00:00
[2025-03-12T21:49:21.805+0000] {standard_task_runner.py:72} INFO - Started process 236 to run task
[2025-03-12T21:49:21.811+0000] {standard_task_runner.py:104} INFO - Running: ['***', 'tasks', 'run', 'data_lake_pipeline', 'transform_staging_to_curated', 'manual__2025-03-12T21:48:40.665652+00:00', '--job-id', '21', '--raw', '--subdir', 'DAGS_FOLDER/data_pipeline_dag.py', '--cfg-path', '/tmp/tmpux6gye9e']
[2025-03-12T21:49:21.813+0000] {standard_task_runner.py:105} INFO - Job 21: Subtask transform_staging_to_curated
[2025-03-12T21:49:21.837+0000] {logging_mixin.py:190} WARNING - /usr/local/lib/python3.10/site-packages/***/settings.py:209 DeprecationWarning: The sql_alchemy_conn option in [core] has been moved to the sql_alchemy_conn option in [database] - the old setting has been used, but please update your config.
[2025-03-12T21:49:21.887+0000] {task_command.py:467} INFO - Running <TaskInstance: data_lake_pipeline.transform_staging_to_curated manual__2025-03-12T21:48:40.665652+00:00 [running]> on host ***-scheduler
[2025-03-12T21:49:22.030+0000] {taskinstance.py:3134} INFO - Exporting env vars: AIRFLOW_CTX_DAG_OWNER='***' AIRFLOW_CTX_DAG_ID='data_lake_pipeline' AIRFLOW_CTX_TASK_ID='transform_staging_to_curated' AIRFLOW_CTX_EXECUTION_DATE='2025-03-12T21:48:40.665652+00:00' AIRFLOW_CTX_TRY_NUMBER='1' AIRFLOW_CTX_DAG_RUN_ID='manual__2025-03-12T21:48:40.665652+00:00'
[2025-03-12T21:49:22.032+0000] {taskinstance.py:732} INFO - ::endgroup::
[2025-03-12T21:49:22.056+0000] {manage_buckets.py:68} INFO - [Data manager] Prefix(s) : ['test', 'train', 'validation']
[2025-03-12T21:49:22.057+0000] {manage_buckets.py:71} INFO - [Data manager] Processing data from: test
[2025-03-12T21:49:22.057+0000] {aws_s3_repository.py:35} INFO - [AWS S3] Getting list of staging's files...
[2025-03-12T21:49:22.111+0000] {aws_s3_repository.py:43} INFO - [AWS S3]📥 Download test/test_0.txt from staging...
[2025-03-12T21:49:22.126+0000] {aws_s3_repository.py:46} INFO - [AWS S3]⚙️ Prétraitement du fichier test/test_0.txt...
[2025-03-12T21:49:23.903+0000] {aws_s3_repository.py:86} INFO - Uploading tokenized data for test/test_0.txt to curated as train/test/test_0.csv...
[2025-03-12T21:49:23.916+0000] {aws_s3_repository.py:90} INFO - Successfully uploaded test/test_0.txt as train/test/test_0.csv to curated.
[2025-03-12T21:49:23.916+0000] {aws_s3_repository.py:43} INFO - [AWS S3]📥 Download test/test_1.txt from staging...
[2025-03-12T21:49:23.925+0000] {aws_s3_repository.py:46} INFO - [AWS S3]⚙️ Prétraitement du fichier test/test_1.txt...
[2025-03-12T21:49:24.095+0000] {aws_s3_repository.py:86} INFO - Uploading tokenized data for test/test_1.txt to curated as train/test/test_1.csv...
[2025-03-12T21:49:24.103+0000] {aws_s3_repository.py:90} INFO - Successfully uploaded test/test_1.txt as train/test/test_1.csv to curated.
[2025-03-12T21:49:24.103+0000] {aws_s3_repository.py:43} INFO - [AWS S3]📥 Download test/test_10.txt from staging...
[2025-03-12T21:49:24.111+0000] {aws_s3_repository.py:46} INFO - [AWS S3]⚙️ Prétraitement du fichier test/test_10.txt...
[2025-03-12T21:49:24.267+0000] {aws_s3_repository.py:86} INFO - Uploading tokenized data for test/test_10.txt to curated as train/test/test_10.csv...
[2025-03-12T21:49:24.274+0000] {aws_s3_repository.py:90} INFO - Successfully uploaded test/test_10.txt as train/test/test_10.csv to curated.
[2025-03-12T21:49:24.275+0000] {aws_s3_repository.py:43} INFO - [AWS S3]📥 Download test/test_11.txt from staging...
[2025-03-12T21:49:24.281+0000] {aws_s3_repository.py:46} INFO - [AWS S3]⚙️ Prétraitement du fichier test/test_11.txt...
[2025-03-12T21:49:24.445+0000] {aws_s3_repository.py:86} INFO - Uploading tokenized data for test/test_11.txt to curated as train/test/test_11.csv...
[2025-03-12T21:49:24.453+0000] {aws_s3_repository.py:90} INFO - Successfully uploaded test/test_11.txt as train/test/test_11.csv to curated.
[2025-03-12T21:49:24.454+0000] {aws_s3_repository.py:43} INFO - [AWS S3]📥 Download test/test_12.txt from staging...
[2025-03-12T21:49:24.463+0000] {aws_s3_repository.py:46} INFO - [AWS S3]⚙️ Prétraitement du fichier test/test_12.txt...
[2025-03-12T21:49:25.029+0000] {aws_s3_repository.py:86} INFO - Uploading tokenized data for test/test_12.txt to curated as train/test/test_12.csv...
[2025-03-12T21:49:25.036+0000] {aws_s3_repository.py:90} INFO - Successfully uploaded test/test_12.txt as train/test/test_12.csv to curated.
[2025-03-12T21:49:25.036+0000] {aws_s3_repository.py:43} INFO - [AWS S3]📥 Download test/test_13.txt from staging...
[2025-03-12T21:49:25.044+0000] {aws_s3_repository.py:46} INFO - [AWS S3]⚙️ Prétraitement du fichier test/test_13.txt...
[2025-03-12T21:49:25.200+0000] {aws_s3_repository.py:86} INFO - Uploading tokenized data for test/test_13.txt to curated as train/test/test_13.csv...
[2025-03-12T21:49:25.207+0000] {aws_s3_repository.py:90} INFO - Successfully uploaded test/test_13.txt as train/test/test_13.csv to curated.
[2025-03-12T21:49:25.207+0000] {aws_s3_repository.py:43} INFO - [AWS S3]📥 Download test/test_14.txt from staging...
[2025-03-12T21:49:25.214+0000] {aws_s3_repository.py:46} INFO - [AWS S3]⚙️ Prétraitement du fichier test/test_14.txt...
[2025-03-12T21:49:25.391+0000] {aws_s3_repository.py:86} INFO - Uploading tokenized data for test/test_14.txt to curated as train/test/test_14.csv...
[2025-03-12T21:49:25.399+0000] {aws_s3_repository.py:90} INFO - Successfully uploaded test/test_14.txt as train/test/test_14.csv to curated.
[2025-03-12T21:49:25.400+0000] {aws_s3_repository.py:43} INFO - [AWS S3]📥 Download test/test_15.txt from staging...
[2025-03-12T21:49:25.408+0000] {aws_s3_repository.py:46} INFO - [AWS S3]⚙️ Prétraitement du fichier test/test_15.txt...
[2025-03-12T21:49:25.581+0000] {aws_s3_repository.py:86} INFO - Uploading tokenized data for test/test_15.txt to curated as train/test/test_15.csv...
[2025-03-12T21:49:25.587+0000] {aws_s3_repository.py:90} INFO - Successfully uploaded test/test_15.txt as train/test/test_15.csv to curated.
[2025-03-12T21:49:25.588+0000] {aws_s3_repository.py:43} INFO - [AWS S3]📥 Download test/test_16.txt from staging...
[2025-03-12T21:49:25.595+0000] {aws_s3_repository.py:46} INFO - [AWS S3]⚙️ Prétraitement du fichier test/test_16.txt...
[2025-03-12T21:49:25.764+0000] {aws_s3_repository.py:86} INFO - Uploading tokenized data for test/test_16.txt to curated as train/test/test_16.csv...
[2025-03-12T21:49:25.772+0000] {aws_s3_repository.py:90} INFO - Successfully uploaded test/test_16.txt as train/test/test_16.csv to curated.
[2025-03-12T21:49:25.772+0000] {aws_s3_repository.py:43} INFO - [AWS S3]📥 Download test/test_17.txt from staging...
[2025-03-12T21:49:25.779+0000] {aws_s3_repository.py:46} INFO - [AWS S3]⚙️ Prétraitement du fichier test/test_17.txt...
[2025-03-12T21:49:25.953+0000] {aws_s3_repository.py:86} INFO - Uploading tokenized data for test/test_17.txt to curated as train/test/test_17.csv...
[2025-03-12T21:49:25.962+0000] {aws_s3_repository.py:90} INFO - Successfully uploaded test/test_17.txt as train/test/test_17.csv to curated.
[2025-03-12T21:49:25.963+0000] {aws_s3_repository.py:43} INFO - [AWS S3]📥 Download test/test_18.txt from staging...
[2025-03-12T21:49:25.972+0000] {aws_s3_repository.py:46} INFO - [AWS S3]⚙️ Prétraitement du fichier test/test_18.txt...
[2025-03-12T21:49:26.137+0000] {aws_s3_repository.py:86} INFO - Uploading tokenized data for test/test_18.txt to curated as train/test/test_18.csv...
[2025-03-12T21:49:26.143+0000] {aws_s3_repository.py:90} INFO - Successfully uploaded test/test_18.txt as train/test/test_18.csv to curated.
[2025-03-12T21:49:26.144+0000] {aws_s3_repository.py:43} INFO - [AWS S3]📥 Download test/test_19.txt from staging...
[2025-03-12T21:49:26.150+0000] {aws_s3_repository.py:46} INFO - [AWS S3]⚙️ Prétraitement du fichier test/test_19.txt...
[2025-03-12T21:49:26.322+0000] {aws_s3_repository.py:86} INFO - Uploading tokenized data for test/test_19.txt to curated as train/test/test_19.csv...
[2025-03-12T21:49:26.330+0000] {aws_s3_repository.py:90} INFO - Successfully uploaded test/test_19.txt as train/test/test_19.csv to curated.
[2025-03-12T21:49:26.330+0000] {aws_s3_repository.py:43} INFO - [AWS S3]📥 Download test/test_2.txt from staging...
[2025-03-12T21:49:26.337+0000] {aws_s3_repository.py:46} INFO - [AWS S3]⚙️ Prétraitement du fichier test/test_2.txt...
[2025-03-12T21:49:26.509+0000] {aws_s3_repository.py:86} INFO - Uploading tokenized data for test/test_2.txt to curated as train/test/test_2.csv...
[2025-03-12T21:49:26.516+0000] {aws_s3_repository.py:90} INFO - Successfully uploaded test/test_2.txt as train/test/test_2.csv to curated.
[2025-03-12T21:49:26.517+0000] {aws_s3_repository.py:43} INFO - [AWS S3]📥 Download test/test_20.txt from staging...
[2025-03-12T21:49:26.525+0000] {aws_s3_repository.py:46} INFO - [AWS S3]⚙️ Prétraitement du fichier test/test_20.txt...
[2025-03-12T21:49:26.695+0000] {aws_s3_repository.py:86} INFO - Uploading tokenized data for test/test_20.txt to curated as train/test/test_20.csv...
[2025-03-12T21:49:26.703+0000] {aws_s3_repository.py:90} INFO - Successfully uploaded test/test_20.txt as train/test/test_20.csv to curated.
[2025-03-12T21:49:26.703+0000] {aws_s3_repository.py:43} INFO - [AWS S3]📥 Download test/test_21.txt from staging...
[2025-03-12T21:49:26.711+0000] {aws_s3_repository.py:46} INFO - [AWS S3]⚙️ Prétraitement du fichier test/test_21.txt...
[2025-03-12T21:49:26.874+0000] {aws_s3_repository.py:86} INFO - Uploading tokenized data for test/test_21.txt to curated as train/test/test_21.csv...
[2025-03-12T21:49:26.881+0000] {aws_s3_repository.py:90} INFO - Successfully uploaded test/test_21.txt as train/test/test_21.csv to curated.
[2025-03-12T21:49:26.881+0000] {aws_s3_repository.py:43} INFO - [AWS S3]📥 Download test/test_22.txt from staging...
[2025-03-12T21:49:26.890+0000] {aws_s3_repository.py:46} INFO - [AWS S3]⚙️ Prétraitement du fichier test/test_22.txt...
[2025-03-12T21:49:27.083+0000] {aws_s3_repository.py:86} INFO - Uploading tokenized data for test/test_22.txt to curated as train/test/test_22.csv...
[2025-03-12T21:49:27.092+0000] {aws_s3_repository.py:90} INFO - Successfully uploaded test/test_22.txt as train/test/test_22.csv to curated.
[2025-03-12T21:49:27.093+0000] {aws_s3_repository.py:43} INFO - [AWS S3]📥 Download test/test_23.txt from staging...
[2025-03-12T21:49:27.101+0000] {aws_s3_repository.py:46} INFO - [AWS S3]⚙️ Prétraitement du fichier test/test_23.txt...
[2025-03-12T21:49:27.276+0000] {aws_s3_repository.py:86} INFO - Uploading tokenized data for test/test_23.txt to curated as train/test/test_23.csv...
[2025-03-12T21:49:27.284+0000] {aws_s3_repository.py:90} INFO - Successfully uploaded test/test_23.txt as train/test/test_23.csv to curated.
[2025-03-12T21:49:27.284+0000] {aws_s3_repository.py:43} INFO - [AWS S3]📥 Download test/test_24.txt from staging...
[2025-03-12T21:49:27.291+0000] {aws_s3_repository.py:46} INFO - [AWS S3]⚙️ Prétraitement du fichier test/test_24.txt...
[2025-03-12T21:49:27.481+0000] {aws_s3_repository.py:86} INFO - Uploading tokenized data for test/test_24.txt to curated as train/test/test_24.csv...
[2025-03-12T21:49:27.490+0000] {aws_s3_repository.py:90} INFO - Successfully uploaded test/test_24.txt as train/test/test_24.csv to curated.
[2025-03-12T21:49:27.491+0000] {aws_s3_repository.py:43} INFO - [AWS S3]📥 Download test/test_25.txt from staging...
[2025-03-12T21:49:27.502+0000] {aws_s3_repository.py:46} INFO - [AWS S3]⚙️ Prétraitement du fichier test/test_25.txt...
[2025-03-12T21:49:27.670+0000] {aws_s3_repository.py:86} INFO - Uploading tokenized data for test/test_25.txt to curated as train/test/test_25.csv...
[2025-03-12T21:49:27.677+0000] {aws_s3_repository.py:90} INFO - Successfully uploaded test/test_25.txt as train/test/test_25.csv to curated.
[2025-03-12T21:49:27.677+0000] {aws_s3_repository.py:43} INFO - [AWS S3]📥 Download test/test_26.txt from staging...
[2025-03-12T21:49:27.684+0000] {aws_s3_repository.py:46} INFO - [AWS S3]⚙️ Prétraitement du fichier test/test_26.txt...
[2025-03-12T21:49:31.746+0000] {aws_s3_repository.py:86} INFO - Uploading tokenized data for test/test_26.txt to curated as train/test/test_26.csv...
[2025-03-12T21:49:31.755+0000] {aws_s3_repository.py:90} INFO - Successfully uploaded test/test_26.txt as train/test/test_26.csv to curated.
[2025-03-12T21:49:31.755+0000] {aws_s3_repository.py:43} INFO - [AWS S3]📥 Download test/test_27.txt from staging...
[2025-03-12T21:49:31.765+0000] {aws_s3_repository.py:46} INFO - [AWS S3]⚙️ Prétraitement du fichier test/test_27.txt...
[2025-03-12T21:49:32.016+0000] {aws_s3_repository.py:86} INFO - Uploading tokenized data for test/test_27.txt to curated as train/test/test_27.csv...
[2025-03-12T21:49:32.025+0000] {aws_s3_repository.py:90} INFO - Successfully uploaded test/test_27.txt as train/test/test_27.csv to curated.
[2025-03-12T21:49:32.026+0000] {aws_s3_repository.py:43} INFO - [AWS S3]📥 Download test/test_28.txt from staging...
[2025-03-12T21:49:32.037+0000] {aws_s3_repository.py:46} INFO - [AWS S3]⚙️ Prétraitement du fichier test/test_28.txt...
[2025-03-12T21:49:32.221+0000] {aws_s3_repository.py:86} INFO - Uploading tokenized data for test/test_28.txt to curated as train/test/test_28.csv...
[2025-03-12T21:49:32.229+0000] {aws_s3_repository.py:90} INFO - Successfully uploaded test/test_28.txt as train/test/test_28.csv to curated.
[2025-03-12T21:49:32.230+0000] {aws_s3_repository.py:43} INFO - [AWS S3]📥 Download test/test_29.txt from staging...
[2025-03-12T21:49:32.379+0000] {aws_s3_repository.py:46} INFO - [AWS S3]⚙️ Prétraitement du fichier test/test_29.txt...
[2025-03-12T21:49:32.614+0000] {aws_s3_repository.py:86} INFO - Uploading tokenized data for test/test_29.txt to curated as train/test/test_29.csv...
[2025-03-12T21:49:32.622+0000] {aws_s3_repository.py:90} INFO - Successfully uploaded test/test_29.txt as train/test/test_29.csv to curated.
[2025-03-12T21:49:32.622+0000] {aws_s3_repository.py:43} INFO - [AWS S3]📥 Download test/test_3.txt from staging...
[2025-03-12T21:49:32.631+0000] {aws_s3_repository.py:46} INFO - [AWS S3]⚙️ Prétraitement du fichier test/test_3.txt...
[2025-03-12T21:49:32.851+0000] {aws_s3_repository.py:86} INFO - Uploading tokenized data for test/test_3.txt to curated as train/test/test_3.csv...
[2025-03-12T21:49:32.858+0000] {aws_s3_repository.py:90} INFO - Successfully uploaded test/test_3.txt as train/test/test_3.csv to curated.
[2025-03-12T21:49:32.859+0000] {aws_s3_repository.py:43} INFO - [AWS S3]📥 Download test/test_30.txt from staging...
[2025-03-12T21:49:32.866+0000] {aws_s3_repository.py:46} INFO - [AWS S3]⚙️ Prétraitement du fichier test/test_30.txt...
[2025-03-12T21:49:33.092+0000] {aws_s3_repository.py:86} INFO - Uploading tokenized data for test/test_30.txt to curated as train/test/test_30.csv...
[2025-03-12T21:49:33.104+0000] {aws_s3_repository.py:90} INFO - Successfully uploaded test/test_30.txt as train/test/test_30.csv to curated.
[2025-03-12T21:49:33.105+0000] {aws_s3_repository.py:43} INFO - [AWS S3]📥 Download test/test_31.txt from staging...
[2025-03-12T21:49:33.115+0000] {aws_s3_repository.py:46} INFO - [AWS S3]⚙️ Prétraitement du fichier test/test_31.txt...
[2025-03-12T21:49:33.331+0000] {aws_s3_repository.py:86} INFO - Uploading tokenized data for test/test_31.txt to curated as train/test/test_31.csv...
[2025-03-12T21:49:33.340+0000] {aws_s3_repository.py:90} INFO - Successfully uploaded test/test_31.txt as train/test/test_31.csv to curated.
[2025-03-12T21:49:33.342+0000] {aws_s3_repository.py:43} INFO - [AWS S3]📥 Download test/test_32.txt from staging...
[2025-03-12T21:49:33.352+0000] {aws_s3_repository.py:46} INFO - [AWS S3]⚙️ Prétraitement du fichier test/test_32.txt...
[2025-03-12T21:49:33.522+0000] {aws_s3_repository.py:86} INFO - Uploading tokenized data for test/test_32.txt to curated as train/test/test_32.csv...
[2025-03-12T21:49:33.529+0000] {aws_s3_repository.py:90} INFO - Successfully uploaded test/test_32.txt as train/test/test_32.csv to curated.
[2025-03-12T21:49:33.529+0000] {aws_s3_repository.py:43} INFO - [AWS S3]📥 Download test/test_33.txt from staging...
[2025-03-12T21:49:33.537+0000] {aws_s3_repository.py:46} INFO - [AWS S3]⚙️ Prétraitement du fichier test/test_33.txt...
[2025-03-12T21:49:33.720+0000] {aws_s3_repository.py:86} INFO - Uploading tokenized data for test/test_33.txt to curated as train/test/test_33.csv...
[2025-03-12T21:49:33.728+0000] {aws_s3_repository.py:90} INFO - Successfully uploaded test/test_33.txt as train/test/test_33.csv to curated.
[2025-03-12T21:49:33.728+0000] {aws_s3_repository.py:43} INFO - [AWS S3]📥 Download test/test_34.txt from staging...
[2025-03-12T21:49:33.735+0000] {aws_s3_repository.py:46} INFO - [AWS S3]⚙️ Prétraitement du fichier test/test_34.txt...
[2025-03-12T21:49:33.926+0000] {aws_s3_repository.py:86} INFO - Uploading tokenized data for test/test_34.txt to curated as train/test/test_34.csv...
[2025-03-12T21:49:33.933+0000] {aws_s3_repository.py:90} INFO - Successfully uploaded test/test_34.txt as train/test/test_34.csv to curated.
[2025-03-12T21:49:33.933+0000] {aws_s3_repository.py:43} INFO - [AWS S3]📥 Download test/test_35.txt from staging...
[2025-03-12T21:49:33.942+0000] {aws_s3_repository.py:46} INFO - [AWS S3]⚙️ Prétraitement du fichier test/test_35.txt...
[2025-03-12T21:49:34.117+0000] {aws_s3_repository.py:86} INFO - Uploading tokenized data for test/test_35.txt to curated as train/test/test_35.csv...
[2025-03-12T21:49:34.125+0000] {aws_s3_repository.py:90} INFO - Successfully uploaded test/test_35.txt as train/test/test_35.csv to curated.
[2025-03-12T21:49:34.126+0000] {aws_s3_repository.py:43} INFO - [AWS S3]📥 Download test/test_36.txt from staging...
[2025-03-12T21:49:34.133+0000] {aws_s3_repository.py:46} INFO - [AWS S3]⚙️ Prétraitement du fichier test/test_36.txt...
[2025-03-12T21:49:34.315+0000] {aws_s3_repository.py:86} INFO - Uploading tokenized data for test/test_36.txt to curated as train/test/test_36.csv...
[2025-03-12T21:49:34.322+0000] {aws_s3_repository.py:90} INFO - Successfully uploaded test/test_36.txt as train/test/test_36.csv to curated.
[2025-03-12T21:49:34.323+0000] {aws_s3_repository.py:43} INFO - [AWS S3]📥 Download test/test_37.txt from staging...
[2025-03-12T21:49:34.330+0000] {aws_s3_repository.py:46} INFO - [AWS S3]⚙️ Prétraitement du fichier test/test_37.txt...
[2025-03-12T21:49:34.494+0000] {aws_s3_repository.py:86} INFO - Uploading tokenized data for test/test_37.txt to curated as train/test/test_37.csv...
[2025-03-12T21:49:34.501+0000] {aws_s3_repository.py:90} INFO - Successfully uploaded test/test_37.txt as train/test/test_37.csv to curated.
[2025-03-12T21:49:34.502+0000] {aws_s3_repository.py:43} INFO - [AWS S3]📥 Download test/test_38.txt from staging...
[2025-03-12T21:49:34.509+0000] {aws_s3_repository.py:46} INFO - [AWS S3]⚙️ Prétraitement du fichier test/test_38.txt...
[2025-03-12T21:49:34.667+0000] {aws_s3_repository.py:86} INFO - Uploading tokenized data for test/test_38.txt to curated as train/test/test_38.csv...
[2025-03-12T21:49:34.674+0000] {aws_s3_repository.py:90} INFO - Successfully uploaded test/test_38.txt as train/test/test_38.csv to curated.
[2025-03-12T21:49:34.675+0000] {aws_s3_repository.py:43} INFO - [AWS S3]📥 Download test/test_39.txt from staging...
[2025-03-12T21:49:34.682+0000] {aws_s3_repository.py:46} INFO - [AWS S3]⚙️ Prétraitement du fichier test/test_39.txt...
[2025-03-12T21:49:34.850+0000] {aws_s3_repository.py:86} INFO - Uploading tokenized data for test/test_39.txt to curated as train/test/test_39.csv...
[2025-03-12T21:49:34.859+0000] {aws_s3_repository.py:90} INFO - Successfully uploaded test/test_39.txt as train/test/test_39.csv to curated.
[2025-03-12T21:49:34.859+0000] {aws_s3_repository.py:43} INFO - [AWS S3]📥 Download test/test_4.txt from staging...
[2025-03-12T21:49:34.867+0000] {aws_s3_repository.py:46} INFO - [AWS S3]⚙️ Prétraitement du fichier test/test_4.txt...
[2025-03-12T21:49:35.041+0000] {aws_s3_repository.py:86} INFO - Uploading tokenized data for test/test_4.txt to curated as train/test/test_4.csv...
[2025-03-12T21:49:35.049+0000] {aws_s3_repository.py:90} INFO - Successfully uploaded test/test_4.txt as train/test/test_4.csv to curated.
[2025-03-12T21:49:35.050+0000] {aws_s3_repository.py:43} INFO - [AWS S3]📥 Download test/test_40.txt from staging...
[2025-03-12T21:49:35.059+0000] {aws_s3_repository.py:46} INFO - [AWS S3]⚙️ Prétraitement du fichier test/test_40.txt...
[2025-03-12T21:49:35.235+0000] {aws_s3_repository.py:86} INFO - Uploading tokenized data for test/test_40.txt to curated as train/test/test_40.csv...
[2025-03-12T21:49:35.244+0000] {aws_s3_repository.py:90} INFO - Successfully uploaded test/test_40.txt as train/test/test_40.csv to curated.
[2025-03-12T21:49:35.244+0000] {aws_s3_repository.py:43} INFO - [AWS S3]📥 Download test/test_41.txt from staging...
[2025-03-12T21:49:35.251+0000] {aws_s3_repository.py:46} INFO - [AWS S3]⚙️ Prétraitement du fichier test/test_41.txt...
[2025-03-12T21:49:35.408+0000] {aws_s3_repository.py:86} INFO - Uploading tokenized data for test/test_41.txt to curated as train/test/test_41.csv...
[2025-03-12T21:49:35.415+0000] {aws_s3_repository.py:90} INFO - Successfully uploaded test/test_41.txt as train/test/test_41.csv to curated.
[2025-03-12T21:49:35.416+0000] {aws_s3_repository.py:43} INFO - [AWS S3]📥 Download test/test_42.txt from staging...
[2025-03-12T21:49:35.424+0000] {aws_s3_repository.py:46} INFO - [AWS S3]⚙️ Prétraitement du fichier test/test_42.txt...
[2025-03-12T21:49:35.597+0000] {aws_s3_repository.py:86} INFO - Uploading tokenized data for test/test_42.txt to curated as train/test/test_42.csv...
[2025-03-12T21:49:35.607+0000] {aws_s3_repository.py:90} INFO - Successfully uploaded test/test_42.txt as train/test/test_42.csv to curated.
[2025-03-12T21:49:35.607+0000] {aws_s3_repository.py:43} INFO - [AWS S3]📥 Download test/test_43.txt from staging...
[2025-03-12T21:49:35.615+0000] {aws_s3_repository.py:46} INFO - [AWS S3]⚙️ Prétraitement du fichier test/test_43.txt...
[2025-03-12T21:49:35.780+0000] {aws_s3_repository.py:86} INFO - Uploading tokenized data for test/test_43.txt to curated as train/test/test_43.csv...
[2025-03-12T21:49:35.787+0000] {aws_s3_repository.py:90} INFO - Successfully uploaded test/test_43.txt as train/test/test_43.csv to curated.
[2025-03-12T21:49:35.787+0000] {aws_s3_repository.py:43} INFO - [AWS S3]📥 Download test/test_44.txt from staging...
[2025-03-12T21:49:35.794+0000] {aws_s3_repository.py:46} INFO - [AWS S3]⚙️ Prétraitement du fichier test/test_44.txt...
[2025-03-12T21:49:35.968+0000] {aws_s3_repository.py:86} INFO - Uploading tokenized data for test/test_44.txt to curated as train/test/test_44.csv...
[2025-03-12T21:49:35.976+0000] {aws_s3_repository.py:90} INFO - Successfully uploaded test/test_44.txt as train/test/test_44.csv to curated.
[2025-03-12T21:49:35.976+0000] {aws_s3_repository.py:43} INFO - [AWS S3]📥 Download test/test_45.txt from staging...
[2025-03-12T21:49:35.984+0000] {aws_s3_repository.py:46} INFO - [AWS S3]⚙️ Prétraitement du fichier test/test_45.txt...
[2025-03-12T21:49:36.153+0000] {aws_s3_repository.py:86} INFO - Uploading tokenized data for test/test_45.txt to curated as train/test/test_45.csv...
[2025-03-12T21:49:36.162+0000] {aws_s3_repository.py:90} INFO - Successfully uploaded test/test_45.txt as train/test/test_45.csv to curated.
[2025-03-12T21:49:36.162+0000] {aws_s3_repository.py:43} INFO - [AWS S3]📥 Download test/test_46.txt from staging...
[2025-03-12T21:49:36.172+0000] {aws_s3_repository.py:46} INFO - [AWS S3]⚙️ Prétraitement du fichier test/test_46.txt...
[2025-03-12T21:49:36.337+0000] {aws_s3_repository.py:86} INFO - Uploading tokenized data for test/test_46.txt to curated as train/test/test_46.csv...
[2025-03-12T21:49:36.345+0000] {aws_s3_repository.py:90} INFO - Successfully uploaded test/test_46.txt as train/test/test_46.csv to curated.
[2025-03-12T21:49:36.345+0000] {aws_s3_repository.py:43} INFO - [AWS S3]📥 Download test/test_47.txt from staging...
[2025-03-12T21:49:36.354+0000] {aws_s3_repository.py:46} INFO - [AWS S3]⚙️ Prétraitement du fichier test/test_47.txt...
[2025-03-12T21:49:36.537+0000] {aws_s3_repository.py:86} INFO - Uploading tokenized data for test/test_47.txt to curated as train/test/test_47.csv...
[2025-03-12T21:49:36.545+0000] {aws_s3_repository.py:90} INFO - Successfully uploaded test/test_47.txt as train/test/test_47.csv to curated.
[2025-03-12T21:49:36.546+0000] {aws_s3_repository.py:43} INFO - [AWS S3]📥 Download test/test_48.txt from staging...
[2025-03-12T21:49:36.555+0000] {aws_s3_repository.py:46} INFO - [AWS S3]⚙️ Prétraitement du fichier test/test_48.txt...
[2025-03-12T21:49:37.056+0000] {aws_s3_repository.py:86} INFO - Uploading tokenized data for test/test_48.txt to curated as train/test/test_48.csv...
[2025-03-12T21:49:37.064+0000] {aws_s3_repository.py:90} INFO - Successfully uploaded test/test_48.txt as train/test/test_48.csv to curated.
[2025-03-12T21:49:37.065+0000] {aws_s3_repository.py:43} INFO - [AWS S3]📥 Download test/test_49.txt from staging...
[2025-03-12T21:49:37.073+0000] {aws_s3_repository.py:46} INFO - [AWS S3]⚙️ Prétraitement du fichier test/test_49.txt...
[2025-03-12T21:49:37.570+0000] {aws_s3_repository.py:86} INFO - Uploading tokenized data for test/test_49.txt to curated as train/test/test_49.csv...
[2025-03-12T21:49:37.592+0000] {aws_s3_repository.py:90} INFO - Successfully uploaded test/test_49.txt as train/test/test_49.csv to curated.
[2025-03-12T21:49:37.593+0000] {aws_s3_repository.py:43} INFO - [AWS S3]📥 Download test/test_5.txt from staging...
[2025-03-12T21:49:37.610+0000] {aws_s3_repository.py:46} INFO - [AWS S3]⚙️ Prétraitement du fichier test/test_5.txt...
[2025-03-12T21:49:37.828+0000] {aws_s3_repository.py:86} INFO - Uploading tokenized data for test/test_5.txt to curated as train/test/test_5.csv...
[2025-03-12T21:49:37.837+0000] {aws_s3_repository.py:90} INFO - Successfully uploaded test/test_5.txt as train/test/test_5.csv to curated.
[2025-03-12T21:49:37.837+0000] {aws_s3_repository.py:43} INFO - [AWS S3]📥 Download test/test_50.txt from staging...
[2025-03-12T21:49:37.848+0000] {aws_s3_repository.py:46} INFO - [AWS S3]⚙️ Prétraitement du fichier test/test_50.txt...
[2025-03-12T21:49:38.064+0000] {aws_s3_repository.py:86} INFO - Uploading tokenized data for test/test_50.txt to curated as train/test/test_50.csv...
[2025-03-12T21:49:38.071+0000] {aws_s3_repository.py:90} INFO - Successfully uploaded test/test_50.txt as train/test/test_50.csv to curated.
[2025-03-12T21:49:38.071+0000] {aws_s3_repository.py:43} INFO - [AWS S3]📥 Download test/test_51.txt from staging...
[2025-03-12T21:49:38.079+0000] {aws_s3_repository.py:46} INFO - [AWS S3]⚙️ Prétraitement du fichier test/test_51.txt...
[2025-03-12T21:49:38.250+0000] {aws_s3_repository.py:86} INFO - Uploading tokenized data for test/test_51.txt to curated as train/test/test_51.csv...
[2025-03-12T21:49:38.260+0000] {aws_s3_repository.py:90} INFO - Successfully uploaded test/test_51.txt as train/test/test_51.csv to curated.
[2025-03-12T21:49:38.260+0000] {aws_s3_repository.py:43} INFO - [AWS S3]📥 Download test/test_52.txt from staging...
[2025-03-12T21:49:38.270+0000] {aws_s3_repository.py:46} INFO - [AWS S3]⚙️ Prétraitement du fichier test/test_52.txt...
[2025-03-12T21:49:38.450+0000] {aws_s3_repository.py:86} INFO - Uploading tokenized data for test/test_52.txt to curated as train/test/test_52.csv...
[2025-03-12T21:49:38.459+0000] {aws_s3_repository.py:90} INFO - Successfully uploaded test/test_52.txt as train/test/test_52.csv to curated.
[2025-03-12T21:49:38.460+0000] {aws_s3_repository.py:43} INFO - [AWS S3]📥 Download test/test_53.txt from staging...
[2025-03-12T21:49:38.471+0000] {aws_s3_repository.py:46} INFO - [AWS S3]⚙️ Prétraitement du fichier test/test_53.txt...
[2025-03-12T21:49:38.651+0000] {aws_s3_repository.py:86} INFO - Uploading tokenized data for test/test_53.txt to curated as train/test/test_53.csv...
[2025-03-12T21:49:38.662+0000] {aws_s3_repository.py:90} INFO - Successfully uploaded test/test_53.txt as train/test/test_53.csv to curated.
[2025-03-12T21:49:38.675+0000] {aws_s3_repository.py:43} INFO - [AWS S3]📥 Download test/test_54.txt from staging...
[2025-03-12T21:49:38.685+0000] {aws_s3_repository.py:46} INFO - [AWS S3]⚙️ Prétraitement du fichier test/test_54.txt...
[2025-03-12T21:49:38.892+0000] {aws_s3_repository.py:86} INFO - Uploading tokenized data for test/test_54.txt to curated as train/test/test_54.csv...
[2025-03-12T21:49:38.905+0000] {aws_s3_repository.py:90} INFO - Successfully uploaded test/test_54.txt as train/test/test_54.csv to curated.
[2025-03-12T21:49:38.906+0000] {aws_s3_repository.py:43} INFO - [AWS S3]📥 Download test/test_55.txt from staging...
[2025-03-12T21:49:38.937+0000] {aws_s3_repository.py:46} INFO - [AWS S3]⚙️ Prétraitement du fichier test/test_55.txt...
[2025-03-12T21:49:39.121+0000] {aws_s3_repository.py:86} INFO - Uploading tokenized data for test/test_55.txt to curated as train/test/test_55.csv...
[2025-03-12T21:49:39.127+0000] {aws_s3_repository.py:90} INFO - Successfully uploaded test/test_55.txt as train/test/test_55.csv to curated.
[2025-03-12T21:49:39.128+0000] {aws_s3_repository.py:43} INFO - [AWS S3]📥 Download test/test_56.txt from staging...
[2025-03-12T21:49:39.134+0000] {aws_s3_repository.py:46} INFO - [AWS S3]⚙️ Prétraitement du fichier test/test_56.txt...
[2025-03-12T21:49:39.340+0000] {aws_s3_repository.py:86} INFO - Uploading tokenized data for test/test_56.txt to curated as train/test/test_56.csv...
[2025-03-12T21:49:39.349+0000] {aws_s3_repository.py:90} INFO - Successfully uploaded test/test_56.txt as train/test/test_56.csv to curated.
[2025-03-12T21:49:39.350+0000] {aws_s3_repository.py:43} INFO - [AWS S3]📥 Download test/test_57.txt from staging...
[2025-03-12T21:49:39.358+0000] {aws_s3_repository.py:46} INFO - [AWS S3]⚙️ Prétraitement du fichier test/test_57.txt...
[2025-03-12T21:49:39.541+0000] {aws_s3_repository.py:86} INFO - Uploading tokenized data for test/test_57.txt to curated as train/test/test_57.csv...
[2025-03-12T21:49:39.551+0000] {aws_s3_repository.py:90} INFO - Successfully uploaded test/test_57.txt as train/test/test_57.csv to curated.
[2025-03-12T21:49:39.551+0000] {aws_s3_repository.py:43} INFO - [AWS S3]📥 Download test/test_58.txt from staging...
[2025-03-12T21:49:39.560+0000] {aws_s3_repository.py:46} INFO - [AWS S3]⚙️ Prétraitement du fichier test/test_58.txt...
[2025-03-12T21:49:39.729+0000] {aws_s3_repository.py:86} INFO - Uploading tokenized data for test/test_58.txt to curated as train/test/test_58.csv...
[2025-03-12T21:49:39.738+0000] {aws_s3_repository.py:90} INFO - Successfully uploaded test/test_58.txt as train/test/test_58.csv to curated.
[2025-03-12T21:49:39.739+0000] {aws_s3_repository.py:43} INFO - [AWS S3]📥 Download test/test_59.txt from staging...
[2025-03-12T21:49:39.748+0000] {aws_s3_repository.py:46} INFO - [AWS S3]⚙️ Prétraitement du fichier test/test_59.txt...
[2025-03-12T21:49:39.930+0000] {aws_s3_repository.py:86} INFO - Uploading tokenized data for test/test_59.txt to curated as train/test/test_59.csv...
[2025-03-12T21:49:39.937+0000] {aws_s3_repository.py:90} INFO - Successfully uploaded test/test_59.txt as train/test/test_59.csv to curated.
[2025-03-12T21:49:39.938+0000] {aws_s3_repository.py:43} INFO - [AWS S3]📥 Download test/test_6.txt from staging...
[2025-03-12T21:49:39.946+0000] {aws_s3_repository.py:46} INFO - [AWS S3]⚙️ Prétraitement du fichier test/test_6.txt...
[2025-03-12T21:49:40.121+0000] {aws_s3_repository.py:86} INFO - Uploading tokenized data for test/test_6.txt to curated as train/test/test_6.csv...
[2025-03-12T21:49:40.128+0000] {aws_s3_repository.py:90} INFO - Successfully uploaded test/test_6.txt as train/test/test_6.csv to curated.
[2025-03-12T21:49:40.128+0000] {aws_s3_repository.py:43} INFO - [AWS S3]📥 Download test/test_60.txt from staging...
[2025-03-12T21:49:40.136+0000] {aws_s3_repository.py:46} INFO - [AWS S3]⚙️ Prétraitement du fichier test/test_60.txt...
[2025-03-12T21:49:40.403+0000] {aws_s3_repository.py:86} INFO - Uploading tokenized data for test/test_60.txt to curated as train/test/test_60.csv...
[2025-03-12T21:49:40.414+0000] {aws_s3_repository.py:90} INFO - Successfully uploaded test/test_60.txt as train/test/test_60.csv to curated.
[2025-03-12T21:49:40.415+0000] {aws_s3_repository.py:43} INFO - [AWS S3]📥 Download test/test_61.txt from staging...
[2025-03-12T21:49:40.427+0000] {aws_s3_repository.py:46} INFO - [AWS S3]⚙️ Prétraitement du fichier test/test_61.txt...
[2025-03-12T21:49:40.588+0000] {aws_s3_repository.py:86} INFO - Uploading tokenized data for test/test_61.txt to curated as train/test/test_61.csv...
[2025-03-12T21:49:40.595+0000] {aws_s3_repository.py:90} INFO - Successfully uploaded test/test_61.txt as train/test/test_61.csv to curated.
[2025-03-12T21:49:40.596+0000] {aws_s3_repository.py:43} INFO - [AWS S3]📥 Download test/test_62.txt from staging...
[2025-03-12T21:49:40.605+0000] {aws_s3_repository.py:46} INFO - [AWS S3]⚙️ Prétraitement du fichier test/test_62.txt...
[2025-03-12T21:49:40.777+0000] {aws_s3_repository.py:86} INFO - Uploading tokenized data for test/test_62.txt to curated as train/test/test_62.csv...
[2025-03-12T21:49:40.784+0000] {aws_s3_repository.py:90} INFO - Successfully uploaded test/test_62.txt as train/test/test_62.csv to curated.
[2025-03-12T21:49:40.784+0000] {aws_s3_repository.py:43} INFO - [AWS S3]📥 Download test/test_63.txt from staging...
[2025-03-12T21:49:40.791+0000] {aws_s3_repository.py:46} INFO - [AWS S3]⚙️ Prétraitement du fichier test/test_63.txt...
[2025-03-12T21:49:40.974+0000] {aws_s3_repository.py:86} INFO - Uploading tokenized data for test/test_63.txt to curated as train/test/test_63.csv...
[2025-03-12T21:49:40.981+0000] {aws_s3_repository.py:90} INFO - Successfully uploaded test/test_63.txt as train/test/test_63.csv to curated.
[2025-03-12T21:49:40.982+0000] {aws_s3_repository.py:43} INFO - [AWS S3]📥 Download test/test_64.txt from staging...
[2025-03-12T21:49:40.990+0000] {aws_s3_repository.py:46} INFO - [AWS S3]⚙️ Prétraitement du fichier test/test_64.txt...
[2025-03-12T21:49:41.150+0000] {aws_s3_repository.py:86} INFO - Uploading tokenized data for test/test_64.txt to curated as train/test/test_64.csv...
[2025-03-12T21:49:41.158+0000] {aws_s3_repository.py:90} INFO - Successfully uploaded test/test_64.txt as train/test/test_64.csv to curated.
[2025-03-12T21:49:41.159+0000] {aws_s3_repository.py:43} INFO - [AWS S3]📥 Download test/test_65.txt from staging...
[2025-03-12T21:49:41.166+0000] {aws_s3_repository.py:46} INFO - [AWS S3]⚙️ Prétraitement du fichier test/test_65.txt...
[2025-03-12T21:49:41.336+0000] {aws_s3_repository.py:86} INFO - Uploading tokenized data for test/test_65.txt to curated as train/test/test_65.csv...
[2025-03-12T21:49:41.343+0000] {aws_s3_repository.py:90} INFO - Successfully uploaded test/test_65.txt as train/test/test_65.csv to curated.
[2025-03-12T21:49:41.344+0000] {aws_s3_repository.py:43} INFO - [AWS S3]📥 Download test/test_66.txt from staging...
[2025-03-12T21:49:41.354+0000] {aws_s3_repository.py:46} INFO - [AWS S3]⚙️ Prétraitement du fichier test/test_66.txt...
[2025-03-12T21:49:41.521+0000] {aws_s3_repository.py:86} INFO - Uploading tokenized data for test/test_66.txt to curated as train/test/test_66.csv...
[2025-03-12T21:49:41.528+0000] {aws_s3_repository.py:90} INFO - Successfully uploaded test/test_66.txt as train/test/test_66.csv to curated.
[2025-03-12T21:49:41.529+0000] {aws_s3_repository.py:43} INFO - [AWS S3]📥 Download test/test_67.txt from staging...
[2025-03-12T21:49:41.536+0000] {aws_s3_repository.py:46} INFO - [AWS S3]⚙️ Prétraitement du fichier test/test_67.txt...
[2025-03-12T21:49:41.746+0000] {aws_s3_repository.py:86} INFO - Uploading tokenized data for test/test_67.txt to curated as train/test/test_67.csv...
[2025-03-12T21:49:41.753+0000] {aws_s3_repository.py:90} INFO - Successfully uploaded test/test_67.txt as train/test/test_67.csv to curated.
[2025-03-12T21:49:41.754+0000] {aws_s3_repository.py:43} INFO - [AWS S3]📥 Download test/test_68.txt from staging...
[2025-03-12T21:49:41.762+0000] {aws_s3_repository.py:46} INFO - [AWS S3]⚙️ Prétraitement du fichier test/test_68.txt...
[2025-03-12T21:49:41.926+0000] {aws_s3_repository.py:86} INFO - Uploading tokenized data for test/test_68.txt to curated as train/test/test_68.csv...
[2025-03-12T21:49:41.933+0000] {aws_s3_repository.py:90} INFO - Successfully uploaded test/test_68.txt as train/test/test_68.csv to curated.
[2025-03-12T21:49:41.933+0000] {aws_s3_repository.py:43} INFO - [AWS S3]📥 Download test/test_69.txt from staging...
[2025-03-12T21:49:41.940+0000] {aws_s3_repository.py:46} INFO - [AWS S3]⚙️ Prétraitement du fichier test/test_69.txt...
[2025-03-12T21:49:42.118+0000] {aws_s3_repository.py:86} INFO - Uploading tokenized data for test/test_69.txt to curated as train/test/test_69.csv...
[2025-03-12T21:49:42.125+0000] {aws_s3_repository.py:90} INFO - Successfully uploaded test/test_69.txt as train/test/test_69.csv to curated.
[2025-03-12T21:49:42.126+0000] {aws_s3_repository.py:43} INFO - [AWS S3]📥 Download test/test_7.txt from staging...
[2025-03-12T21:49:42.133+0000] {aws_s3_repository.py:46} INFO - [AWS S3]⚙️ Prétraitement du fichier test/test_7.txt...
[2025-03-12T21:49:42.322+0000] {aws_s3_repository.py:86} INFO - Uploading tokenized data for test/test_7.txt to curated as train/test/test_7.csv...
[2025-03-12T21:49:42.329+0000] {aws_s3_repository.py:90} INFO - Successfully uploaded test/test_7.txt as train/test/test_7.csv to curated.
[2025-03-12T21:49:42.330+0000] {aws_s3_repository.py:43} INFO - [AWS S3]📥 Download test/test_70.txt from staging...
[2025-03-12T21:49:42.337+0000] {aws_s3_repository.py:46} INFO - [AWS S3]⚙️ Prétraitement du fichier test/test_70.txt...
[2025-03-12T21:49:42.506+0000] {aws_s3_repository.py:86} INFO - Uploading tokenized data for test/test_70.txt to curated as train/test/test_70.csv...
[2025-03-12T21:49:42.516+0000] {aws_s3_repository.py:90} INFO - Successfully uploaded test/test_70.txt as train/test/test_70.csv to curated.
[2025-03-12T21:49:42.517+0000] {aws_s3_repository.py:43} INFO - [AWS S3]📥 Download test/test_71.txt from staging...
[2025-03-12T21:49:42.526+0000] {aws_s3_repository.py:46} INFO - [AWS S3]⚙️ Prétraitement du fichier test/test_71.txt...
[2025-03-12T21:49:42.722+0000] {aws_s3_repository.py:86} INFO - Uploading tokenized data for test/test_71.txt to curated as train/test/test_71.csv...
[2025-03-12T21:49:42.729+0000] {aws_s3_repository.py:90} INFO - Successfully uploaded test/test_71.txt as train/test/test_71.csv to curated.
[2025-03-12T21:49:42.729+0000] {aws_s3_repository.py:43} INFO - [AWS S3]📥 Download test/test_72.txt from staging...
[2025-03-12T21:49:42.736+0000] {aws_s3_repository.py:46} INFO - [AWS S3]⚙️ Prétraitement du fichier test/test_72.txt...
[2025-03-12T21:49:42.903+0000] {aws_s3_repository.py:86} INFO - Uploading tokenized data for test/test_72.txt to curated as train/test/test_72.csv...
[2025-03-12T21:49:42.912+0000] {aws_s3_repository.py:90} INFO - Successfully uploaded test/test_72.txt as train/test/test_72.csv to curated.
[2025-03-12T21:49:42.913+0000] {aws_s3_repository.py:43} INFO - [AWS S3]📥 Download test/test_73.txt from staging...
[2025-03-12T21:49:42.922+0000] {aws_s3_repository.py:46} INFO - [AWS S3]⚙️ Prétraitement du fichier test/test_73.txt...
[2025-03-12T21:49:43.091+0000] {aws_s3_repository.py:86} INFO - Uploading tokenized data for test/test_73.txt to curated as train/test/test_73.csv...
[2025-03-12T21:49:43.102+0000] {aws_s3_repository.py:90} INFO - Successfully uploaded test/test_73.txt as train/test/test_73.csv to curated.
[2025-03-12T21:49:43.113+0000] {aws_s3_repository.py:43} INFO - [AWS S3]📥 Download test/test_74.txt from staging...
[2025-03-12T21:49:43.127+0000] {aws_s3_repository.py:46} INFO - [AWS S3]⚙️ Prétraitement du fichier test/test_74.txt...
[2025-03-12T21:49:43.296+0000] {aws_s3_repository.py:86} INFO - Uploading tokenized data for test/test_74.txt to curated as train/test/test_74.csv...
[2025-03-12T21:49:43.305+0000] {aws_s3_repository.py:90} INFO - Successfully uploaded test/test_74.txt as train/test/test_74.csv to curated.
[2025-03-12T21:49:43.306+0000] {aws_s3_repository.py:43} INFO - [AWS S3]📥 Download test/test_75.txt from staging...
[2025-03-12T21:49:43.316+0000] {aws_s3_repository.py:46} INFO - [AWS S3]⚙️ Prétraitement du fichier test/test_75.txt...
[2025-03-12T21:49:43.517+0000] {aws_s3_repository.py:86} INFO - Uploading tokenized data for test/test_75.txt to curated as train/test/test_75.csv...
[2025-03-12T21:49:43.525+0000] {aws_s3_repository.py:90} INFO - Successfully uploaded test/test_75.txt as train/test/test_75.csv to curated.
[2025-03-12T21:49:43.526+0000] {aws_s3_repository.py:43} INFO - [AWS S3]📥 Download test/test_76.txt from staging...
[2025-03-12T21:49:43.535+0000] {aws_s3_repository.py:46} INFO - [AWS S3]⚙️ Prétraitement du fichier test/test_76.txt...
[2025-03-12T21:49:43.721+0000] {aws_s3_repository.py:86} INFO - Uploading tokenized data for test/test_76.txt to curated as train/test/test_76.csv...
[2025-03-12T21:49:43.733+0000] {aws_s3_repository.py:90} INFO - Successfully uploaded test/test_76.txt as train/test/test_76.csv to curated.
[2025-03-12T21:49:43.734+0000] {aws_s3_repository.py:43} INFO - [AWS S3]📥 Download test/test_77.txt from staging...
[2025-03-12T21:49:43.744+0000] {aws_s3_repository.py:46} INFO - [AWS S3]⚙️ Prétraitement du fichier test/test_77.txt...
[2025-03-12T21:49:43.927+0000] {aws_s3_repository.py:86} INFO - Uploading tokenized data for test/test_77.txt to curated as train/test/test_77.csv...
[2025-03-12T21:49:43.937+0000] {aws_s3_repository.py:90} INFO - Successfully uploaded test/test_77.txt as train/test/test_77.csv to curated.
[2025-03-12T21:49:43.937+0000] {aws_s3_repository.py:43} INFO - [AWS S3]📥 Download test/test_78.txt from staging...
[2025-03-12T21:49:43.945+0000] {aws_s3_repository.py:46} INFO - [AWS S3]⚙️ Prétraitement du fichier test/test_78.txt...
[2025-03-12T21:49:44.115+0000] {aws_s3_repository.py:86} INFO - Uploading tokenized data for test/test_78.txt to curated as train/test/test_78.csv...
[2025-03-12T21:49:44.123+0000] {aws_s3_repository.py:90} INFO - Successfully uploaded test/test_78.txt as train/test/test_78.csv to curated.
[2025-03-12T21:49:44.124+0000] {aws_s3_repository.py:43} INFO - [AWS S3]📥 Download test/test_79.txt from staging...
[2025-03-12T21:49:44.132+0000] {aws_s3_repository.py:46} INFO - [AWS S3]⚙️ Prétraitement du fichier test/test_79.txt...
[2025-03-12T21:49:44.410+0000] {aws_s3_repository.py:86} INFO - Uploading tokenized data for test/test_79.txt to curated as train/test/test_79.csv...
[2025-03-12T21:49:44.420+0000] {aws_s3_repository.py:90} INFO - Successfully uploaded test/test_79.txt as train/test/test_79.csv to curated.
[2025-03-12T21:49:44.420+0000] {aws_s3_repository.py:43} INFO - [AWS S3]📥 Download test/test_8.txt from staging...
[2025-03-12T21:49:44.430+0000] {aws_s3_repository.py:46} INFO - [AWS S3]⚙️ Prétraitement du fichier test/test_8.txt...
[2025-03-12T21:49:44.661+0000] {aws_s3_repository.py:86} INFO - Uploading tokenized data for test/test_8.txt to curated as train/test/test_8.csv...
[2025-03-12T21:49:44.668+0000] {aws_s3_repository.py:90} INFO - Successfully uploaded test/test_8.txt as train/test/test_8.csv to curated.
[2025-03-12T21:49:44.669+0000] {aws_s3_repository.py:43} INFO - [AWS S3]📥 Download test/test_80.txt from staging...
[2025-03-12T21:49:44.676+0000] {aws_s3_repository.py:46} INFO - [AWS S3]⚙️ Prétraitement du fichier test/test_80.txt...
[2025-03-12T21:49:44.843+0000] {aws_s3_repository.py:86} INFO - Uploading tokenized data for test/test_80.txt to curated as train/test/test_80.csv...
[2025-03-12T21:49:44.850+0000] {aws_s3_repository.py:90} INFO - Successfully uploaded test/test_80.txt as train/test/test_80.csv to curated.
[2025-03-12T21:49:44.851+0000] {aws_s3_repository.py:43} INFO - [AWS S3]📥 Download test/test_81.txt from staging...
[2025-03-12T21:49:44.858+0000] {aws_s3_repository.py:46} INFO - [AWS S3]⚙️ Prétraitement du fichier test/test_81.txt...
[2025-03-12T21:49:45.040+0000] {aws_s3_repository.py:86} INFO - Uploading tokenized data for test/test_81.txt to curated as train/test/test_81.csv...
[2025-03-12T21:49:45.048+0000] {aws_s3_repository.py:90} INFO - Successfully uploaded test/test_81.txt as train/test/test_81.csv to curated.
[2025-03-12T21:49:45.048+0000] {aws_s3_repository.py:43} INFO - [AWS S3]📥 Download test/test_82.txt from staging...
[2025-03-12T21:49:45.055+0000] {aws_s3_repository.py:46} INFO - [AWS S3]⚙️ Prétraitement du fichier test/test_82.txt...
[2025-03-12T21:49:45.214+0000] {aws_s3_repository.py:86} INFO - Uploading tokenized data for test/test_82.txt to curated as train/test/test_82.csv...
[2025-03-12T21:49:45.221+0000] {aws_s3_repository.py:90} INFO - Successfully uploaded test/test_82.txt as train/test/test_82.csv to curated.
[2025-03-12T21:49:45.221+0000] {aws_s3_repository.py:43} INFO - [AWS S3]📥 Download test/test_83.txt from staging...
[2025-03-12T21:49:45.228+0000] {aws_s3_repository.py:46} INFO - [AWS S3]⚙️ Prétraitement du fichier test/test_83.txt...
[2025-03-12T21:49:45.409+0000] {aws_s3_repository.py:86} INFO - Uploading tokenized data for test/test_83.txt to curated as train/test/test_83.csv...
[2025-03-12T21:49:45.418+0000] {aws_s3_repository.py:90} INFO - Successfully uploaded test/test_83.txt as train/test/test_83.csv to curated.
[2025-03-12T21:49:45.419+0000] {aws_s3_repository.py:43} INFO - [AWS S3]📥 Download test/test_84.txt from staging...
[2025-03-12T21:49:45.426+0000] {aws_s3_repository.py:46} INFO - [AWS S3]⚙️ Prétraitement du fichier test/test_84.txt...
[2025-03-12T21:49:45.590+0000] {aws_s3_repository.py:86} INFO - Uploading tokenized data for test/test_84.txt to curated as train/test/test_84.csv...
[2025-03-12T21:49:45.598+0000] {aws_s3_repository.py:90} INFO - Successfully uploaded test/test_84.txt as train/test/test_84.csv to curated.
[2025-03-12T21:49:45.598+0000] {aws_s3_repository.py:43} INFO - [AWS S3]📥 Download test/test_85.txt from staging...
[2025-03-12T21:49:45.605+0000] {aws_s3_repository.py:46} INFO - [AWS S3]⚙️ Prétraitement du fichier test/test_85.txt...
[2025-03-12T21:49:45.761+0000] {aws_s3_repository.py:86} INFO - Uploading tokenized data for test/test_85.txt to curated as train/test/test_85.csv...
[2025-03-12T21:49:45.768+0000] {aws_s3_repository.py:90} INFO - Successfully uploaded test/test_85.txt as train/test/test_85.csv to curated.
[2025-03-12T21:49:45.769+0000] {aws_s3_repository.py:43} INFO - [AWS S3]📥 Download test/test_86.txt from staging...
[2025-03-12T21:49:45.775+0000] {aws_s3_repository.py:46} INFO - [AWS S3]⚙️ Prétraitement du fichier test/test_86.txt...
[2025-03-12T21:49:46.033+0000] {aws_s3_repository.py:86} INFO - Uploading tokenized data for test/test_86.txt to curated as train/test/test_86.csv...
[2025-03-12T21:49:46.040+0000] {aws_s3_repository.py:90} INFO - Successfully uploaded test/test_86.txt as train/test/test_86.csv to curated.
[2025-03-12T21:49:46.040+0000] {aws_s3_repository.py:43} INFO - [AWS S3]📥 Download test/test_87.txt from staging...
[2025-03-12T21:49:46.048+0000] {aws_s3_repository.py:46} INFO - [AWS S3]⚙️ Prétraitement du fichier test/test_87.txt...
[2025-03-12T21:49:46.224+0000] {aws_s3_repository.py:86} INFO - Uploading tokenized data for test/test_87.txt to curated as train/test/test_87.csv...
[2025-03-12T21:49:46.231+0000] {aws_s3_repository.py:90} INFO - Successfully uploaded test/test_87.txt as train/test/test_87.csv to curated.
[2025-03-12T21:49:46.232+0000] {aws_s3_repository.py:43} INFO - [AWS S3]📥 Download test/test_88.txt from staging...
[2025-03-12T21:49:46.239+0000] {aws_s3_repository.py:46} INFO - [AWS S3]⚙️ Prétraitement du fichier test/test_88.txt...
[2025-03-12T21:49:46.468+0000] {aws_s3_repository.py:86} INFO - Uploading tokenized data for test/test_88.txt to curated as train/test/test_88.csv...
[2025-03-12T21:49:46.475+0000] {aws_s3_repository.py:90} INFO - Successfully uploaded test/test_88.txt as train/test/test_88.csv to curated.
[2025-03-12T21:49:46.476+0000] {aws_s3_repository.py:43} INFO - [AWS S3]📥 Download test/test_89.txt from staging...
[2025-03-12T21:49:46.483+0000] {aws_s3_repository.py:46} INFO - [AWS S3]⚙️ Prétraitement du fichier test/test_89.txt...
[2025-03-12T21:49:46.663+0000] {aws_s3_repository.py:86} INFO - Uploading tokenized data for test/test_89.txt to curated as train/test/test_89.csv...
[2025-03-12T21:49:46.671+0000] {aws_s3_repository.py:90} INFO - Successfully uploaded test/test_89.txt as train/test/test_89.csv to curated.
[2025-03-12T21:49:46.672+0000] {aws_s3_repository.py:43} INFO - [AWS S3]📥 Download test/test_9.txt from staging...
[2025-03-12T21:49:46.679+0000] {aws_s3_repository.py:46} INFO - [AWS S3]⚙️ Prétraitement du fichier test/test_9.txt...
[2025-03-12T21:49:46.847+0000] {aws_s3_repository.py:86} INFO - Uploading tokenized data for test/test_9.txt to curated as train/test/test_9.csv...
[2025-03-12T21:49:46.855+0000] {aws_s3_repository.py:90} INFO - Successfully uploaded test/test_9.txt as train/test/test_9.csv to curated.
[2025-03-12T21:49:46.856+0000] {aws_s3_repository.py:43} INFO - [AWS S3]📥 Download test/test_90.txt from staging...
[2025-03-12T21:49:46.864+0000] {aws_s3_repository.py:46} INFO - [AWS S3]⚙️ Prétraitement du fichier test/test_90.txt...
[2025-03-12T21:49:47.024+0000] {aws_s3_repository.py:86} INFO - Uploading tokenized data for test/test_90.txt to curated as train/test/test_90.csv...
[2025-03-12T21:49:47.031+0000] {aws_s3_repository.py:90} INFO - Successfully uploaded test/test_90.txt as train/test/test_90.csv to curated.
[2025-03-12T21:49:47.031+0000] {aws_s3_repository.py:43} INFO - [AWS S3]📥 Download test/test_91.txt from staging...
[2025-03-12T21:49:47.038+0000] {aws_s3_repository.py:46} INFO - [AWS S3]⚙️ Prétraitement du fichier test/test_91.txt...
[2025-03-12T21:49:47.221+0000] {aws_s3_repository.py:86} INFO - Uploading tokenized data for test/test_91.txt to curated as train/test/test_91.csv...
[2025-03-12T21:49:47.229+0000] {aws_s3_repository.py:90} INFO - Successfully uploaded test/test_91.txt as train/test/test_91.csv to curated.
[2025-03-12T21:49:47.229+0000] {aws_s3_repository.py:43} INFO - [AWS S3]📥 Download test/test_92.txt from staging...
[2025-03-12T21:49:47.237+0000] {aws_s3_repository.py:46} INFO - [AWS S3]⚙️ Prétraitement du fichier test/test_92.txt...
[2025-03-12T21:49:47.446+0000] {aws_s3_repository.py:86} INFO - Uploading tokenized data for test/test_92.txt to curated as train/test/test_92.csv...
[2025-03-12T21:49:47.459+0000] {aws_s3_repository.py:90} INFO - Successfully uploaded test/test_92.txt as train/test/test_92.csv to curated.
[2025-03-12T21:49:47.460+0000] {aws_s3_repository.py:43} INFO - [AWS S3]📥 Download test/test_93.txt from staging...
[2025-03-12T21:49:47.471+0000] {aws_s3_repository.py:46} INFO - [AWS S3]⚙️ Prétraitement du fichier test/test_93.txt...
[2025-03-12T21:49:47.671+0000] {aws_s3_repository.py:86} INFO - Uploading tokenized data for test/test_93.txt to curated as train/test/test_93.csv...
[2025-03-12T21:49:47.683+0000] {aws_s3_repository.py:90} INFO - Successfully uploaded test/test_93.txt as train/test/test_93.csv to curated.
[2025-03-12T21:49:47.683+0000] {aws_s3_repository.py:43} INFO - [AWS S3]📥 Download test/test_94.txt from staging...
[2025-03-12T21:49:47.695+0000] {aws_s3_repository.py:46} INFO - [AWS S3]⚙️ Prétraitement du fichier test/test_94.txt...
[2025-03-12T21:49:47.992+0000] {aws_s3_repository.py:86} INFO - Uploading tokenized data for test/test_94.txt to curated as train/test/test_94.csv...
[2025-03-12T21:49:48.003+0000] {aws_s3_repository.py:90} INFO - Successfully uploaded test/test_94.txt as train/test/test_94.csv to curated.
[2025-03-12T21:49:48.004+0000] {aws_s3_repository.py:43} INFO - [AWS S3]📥 Download test/test_95.txt from staging...
[2025-03-12T21:49:48.017+0000] {aws_s3_repository.py:46} INFO - [AWS S3]⚙️ Prétraitement du fichier test/test_95.txt...
[2025-03-12T21:49:48.231+0000] {aws_s3_repository.py:86} INFO - Uploading tokenized data for test/test_95.txt to curated as train/test/test_95.csv...
[2025-03-12T21:49:48.242+0000] {aws_s3_repository.py:90} INFO - Successfully uploaded test/test_95.txt as train/test/test_95.csv to curated.
[2025-03-12T21:49:48.243+0000] {aws_s3_repository.py:43} INFO - [AWS S3]📥 Download test/test_96.txt from staging...
[2025-03-12T21:49:48.257+0000] {aws_s3_repository.py:46} INFO - [AWS S3]⚙️ Prétraitement du fichier test/test_96.txt...
[2025-03-12T21:49:48.493+0000] {aws_s3_repository.py:86} INFO - Uploading tokenized data for test/test_96.txt to curated as train/test/test_96.csv...
[2025-03-12T21:49:48.501+0000] {aws_s3_repository.py:90} INFO - Successfully uploaded test/test_96.txt as train/test/test_96.csv to curated.
[2025-03-12T21:49:48.502+0000] {aws_s3_repository.py:43} INFO - [AWS S3]📥 Download test/test_97.txt from staging...
[2025-03-12T21:49:48.511+0000] {aws_s3_repository.py:46} INFO - [AWS S3]⚙️ Prétraitement du fichier test/test_97.txt...
[2025-03-12T21:49:48.672+0000] {aws_s3_repository.py:86} INFO - Uploading tokenized data for test/test_97.txt to curated as train/test/test_97.csv...
[2025-03-12T21:49:48.679+0000] {aws_s3_repository.py:90} INFO - Successfully uploaded test/test_97.txt as train/test/test_97.csv to curated.
[2025-03-12T21:49:48.680+0000] {aws_s3_repository.py:43} INFO - [AWS S3]📥 Download test/test_98.txt from staging...
[2025-03-12T21:49:48.687+0000] {aws_s3_repository.py:46} INFO - [AWS S3]⚙️ Prétraitement du fichier test/test_98.txt...
[2025-03-12T21:49:48.840+0000] {aws_s3_repository.py:86} INFO - Uploading tokenized data for test/test_98.txt to curated as train/test/test_98.csv...
[2025-03-12T21:49:48.848+0000] {aws_s3_repository.py:90} INFO - Successfully uploaded test/test_98.txt as train/test/test_98.csv to curated.
[2025-03-12T21:49:48.848+0000] {aws_s3_repository.py:43} INFO - [AWS S3]📥 Download test/test_99.txt from staging...
[2025-03-12T21:49:48.856+0000] {aws_s3_repository.py:46} INFO - [AWS S3]⚙️ Prétraitement du fichier test/test_99.txt...
[2025-03-12T21:49:49.021+0000] {aws_s3_repository.py:86} INFO - Uploading tokenized data for test/test_99.txt to curated as train/test/test_99.csv...
[2025-03-12T21:49:49.027+0000] {aws_s3_repository.py:90} INFO - Successfully uploaded test/test_99.txt as train/test/test_99.csv to curated.
[2025-03-12T21:49:49.028+0000] {manage_buckets.py:83} INFO - [Data manager] Data processed successfully.
[2025-03-12T21:49:49.028+0000] {manage_buckets.py:85} INFO - [Data manager] Listing folders in bucket: staging
[2025-03-12T21:49:49.281+0000] {manage_buckets.py:91} INFO - [Data manager] Folder: test/ - File count: 100
[2025-03-12T21:49:49.282+0000] {manage_buckets.py:91} INFO - [Data manager] Folder: train/ - File count: 100
[2025-03-12T21:49:49.282+0000] {manage_buckets.py:91} INFO - [Data manager] Folder: validation/ - File count: 100
[2025-03-12T21:49:49.282+0000] {taskinstance.py:3313} ERROR - Task failed with exception
Traceback (most recent call last):
  File "/usr/local/lib/python3.10/site-packages/airflow/models/taskinstance.py", line 768, in _execute_task
    result = _execute_callable(context=context, **execute_callable_kwargs)
  File "/usr/local/lib/python3.10/site-packages/airflow/models/taskinstance.py", line 734, in _execute_callable
    return ExecutionCallableRunner(
  File "/usr/local/lib/python3.10/site-packages/airflow/utils/operator_helpers.py", line 252, in run
    return self.func(*args, **kwargs)
  File "/usr/local/lib/python3.10/site-packages/airflow/models/baseoperator.py", line 424, in wrapper
    return func(self, *args, **kwargs)
  File "/usr/local/lib/python3.10/site-packages/airflow/operators/python.py", line 238, in execute
    return_value = self.execute_callable()
  File "/usr/local/lib/python3.10/site-packages/airflow/operators/python.py", line 256, in execute_callable
    return runner.run(*self.op_args, **self.op_kwargs)
  File "/usr/local/lib/python3.10/site-packages/airflow/utils/operator_helpers.py", line 252, in run
    return self.func(*args, **kwargs)
  File "/app/src/command/manage_buckets.py", line 96, in process_to_curated
    success = aws_s3.upload_file(Bucket='curated', Key=new_file_key, Data=tokenized_text)
AttributeError: 'AwsS3Repository' object has no attribute 'upload_file'
[2025-03-12T21:49:49.299+0000] {taskinstance.py:1226} INFO - Marking task as UP_FOR_RETRY. dag_id=data_lake_pipeline, task_id=transform_staging_to_curated, run_id=manual__2025-03-12T21:48:40.665652+00:00, execution_date=20250312T214840, start_date=20250312T214921, end_date=20250312T214949
[2025-03-12T21:49:49.336+0000] {taskinstance.py:341} INFO - ::group::Post task execution logs
[2025-03-12T21:49:49.337+0000] {standard_task_runner.py:124} ERROR - Failed to execute job 21 for task transform_staging_to_curated ('AwsS3Repository' object has no attribute 'upload_file'; 236)
Traceback (most recent call last):
  File "/usr/local/lib/python3.10/site-packages/airflow/task/task_runner/standard_task_runner.py", line 117, in _start_by_fork
    ret = args.func(args, dag=self.dag)
  File "/usr/local/lib/python3.10/site-packages/airflow/cli/cli_config.py", line 49, in command
    return func(*args, **kwargs)
  File "/usr/local/lib/python3.10/site-packages/airflow/utils/cli.py", line 116, in wrapper
    return f(*args, **kwargs)
  File "/usr/local/lib/python3.10/site-packages/airflow/cli/commands/task_command.py", line 483, in task_run
    task_return_code = _run_task_by_selected_method(args, _dag, ti)
  File "/usr/local/lib/python3.10/site-packages/airflow/cli/commands/task_command.py", line 256, in _run_task_by_selected_method
    return _run_raw_task(args, ti)
  File "/usr/local/lib/python3.10/site-packages/airflow/cli/commands/task_command.py", line 341, in _run_raw_task
    return ti._run_raw_task(
  File "/usr/local/lib/python3.10/site-packages/airflow/utils/session.py", line 97, in wrapper
    return func(*args, session=session, **kwargs)
  File "/usr/local/lib/python3.10/site-packages/airflow/models/taskinstance.py", line 3006, in _run_raw_task
    return _run_raw_task(
  File "/usr/local/lib/python3.10/site-packages/airflow/models/taskinstance.py", line 274, in _run_raw_task
    TaskInstance._execute_task_with_callbacks(
  File "/usr/local/lib/python3.10/site-packages/airflow/models/taskinstance.py", line 3161, in _execute_task_with_callbacks
    result = self._execute_task(context, task_orig)
  File "/usr/local/lib/python3.10/site-packages/airflow/models/taskinstance.py", line 3185, in _execute_task
    return _execute_task(self, context, task_orig)
  File "/usr/local/lib/python3.10/site-packages/airflow/models/taskinstance.py", line 768, in _execute_task
    result = _execute_callable(context=context, **execute_callable_kwargs)
  File "/usr/local/lib/python3.10/site-packages/airflow/models/taskinstance.py", line 734, in _execute_callable
    return ExecutionCallableRunner(
  File "/usr/local/lib/python3.10/site-packages/airflow/utils/operator_helpers.py", line 252, in run
    return self.func(*args, **kwargs)
  File "/usr/local/lib/python3.10/site-packages/airflow/models/baseoperator.py", line 424, in wrapper
    return func(self, *args, **kwargs)
  File "/usr/local/lib/python3.10/site-packages/airflow/operators/python.py", line 238, in execute
    return_value = self.execute_callable()
  File "/usr/local/lib/python3.10/site-packages/airflow/operators/python.py", line 256, in execute_callable
    return runner.run(*self.op_args, **self.op_kwargs)
  File "/usr/local/lib/python3.10/site-packages/airflow/utils/operator_helpers.py", line 252, in run
    return self.func(*args, **kwargs)
  File "/app/src/command/manage_buckets.py", line 96, in process_to_curated
    success = aws_s3.upload_file(Bucket='curated', Key=new_file_key, Data=tokenized_text)
AttributeError: 'AwsS3Repository' object has no attribute 'upload_file'
[2025-03-12T21:49:49.349+0000] {local_task_job_runner.py:266} INFO - Task exited with return code 1
[2025-03-12T21:49:49.376+0000] {taskinstance.py:3901} INFO - 0 downstream tasks scheduled from follow-on schedule check
[2025-03-12T21:49:49.380+0000] {local_task_job_runner.py:245} INFO - ::endgroup::
