[2025-03-12T21:54:52.269+0000] {local_task_job_runner.py:123} INFO - ::group::Pre task execution logs
[2025-03-12T21:54:52.291+0000] {taskinstance.py:2614} INFO - Dependencies all met for dep_context=non-requeueable deps ti=<TaskInstance: data_lake_pipeline.transform_staging_to_curated manual__2025-03-12T21:48:40.665652+00:00 [queued]>
[2025-03-12T21:54:52.303+0000] {taskinstance.py:2614} INFO - Dependencies all met for dep_context=requeueable deps ti=<TaskInstance: data_lake_pipeline.transform_staging_to_curated manual__2025-03-12T21:48:40.665652+00:00 [queued]>
[2025-03-12T21:54:52.304+0000] {taskinstance.py:2867} INFO - Starting attempt 2 of 2
[2025-03-12T21:54:52.320+0000] {taskinstance.py:2890} INFO - Executing <Task(PythonOperator): transform_staging_to_curated> on 2025-03-12 21:48:40.665652+00:00
[2025-03-12T21:54:52.326+0000] {standard_task_runner.py:72} INFO - Started process 386 to run task
[2025-03-12T21:54:52.331+0000] {standard_task_runner.py:104} INFO - Running: ['***', 'tasks', 'run', 'data_lake_pipeline', 'transform_staging_to_curated', 'manual__2025-03-12T21:48:40.665652+00:00', '--job-id', '22', '--raw', '--subdir', 'DAGS_FOLDER/data_pipeline_dag.py', '--cfg-path', '/tmp/tmpm5rfjhy3']
[2025-03-12T21:54:52.333+0000] {standard_task_runner.py:105} INFO - Job 22: Subtask transform_staging_to_curated
[2025-03-12T21:54:52.373+0000] {logging_mixin.py:190} WARNING - /usr/local/lib/python3.10/site-packages/***/settings.py:209 DeprecationWarning: The sql_alchemy_conn option in [core] has been moved to the sql_alchemy_conn option in [database] - the old setting has been used, but please update your config.
[2025-03-12T21:54:52.431+0000] {task_command.py:467} INFO - Running <TaskInstance: data_lake_pipeline.transform_staging_to_curated manual__2025-03-12T21:48:40.665652+00:00 [running]> on host ***-scheduler
[2025-03-12T21:54:52.572+0000] {taskinstance.py:3134} INFO - Exporting env vars: AIRFLOW_CTX_DAG_OWNER='***' AIRFLOW_CTX_DAG_ID='data_lake_pipeline' AIRFLOW_CTX_TASK_ID='transform_staging_to_curated' AIRFLOW_CTX_EXECUTION_DATE='2025-03-12T21:48:40.665652+00:00' AIRFLOW_CTX_TRY_NUMBER='2' AIRFLOW_CTX_DAG_RUN_ID='manual__2025-03-12T21:48:40.665652+00:00'
[2025-03-12T21:54:52.575+0000] {taskinstance.py:732} INFO - ::endgroup::
[2025-03-12T21:54:52.596+0000] {manage_buckets.py:68} INFO - [Data manager] Prefix(s) : ['test', 'train', 'validation']
[2025-03-12T21:54:52.597+0000] {manage_buckets.py:71} INFO - [Data manager] Processing data from: test
[2025-03-12T21:54:52.598+0000] {aws_s3_repository.py:35} INFO - [AWS S3] Getting list of staging's files...
[2025-03-12T21:54:52.643+0000] {aws_s3_repository.py:43} INFO - [AWS S3]📥 Download test/test_0.txt from staging...
[2025-03-12T21:54:52.654+0000] {aws_s3_repository.py:46} INFO - [AWS S3]⚙️ Prétraitement du fichier test/test_0.txt...
[2025-03-12T21:54:52.931+0000] {aws_s3_repository.py:86} INFO - Uploading tokenized data for test/test_0.txt to curated as train/test/test_0.csv...
[2025-03-12T21:54:52.942+0000] {aws_s3_repository.py:90} INFO - Successfully uploaded test/test_0.txt as train/test/test_0.csv to curated.
[2025-03-12T21:54:52.942+0000] {aws_s3_repository.py:43} INFO - [AWS S3]📥 Download test/test_1.txt from staging...
[2025-03-12T21:54:52.950+0000] {aws_s3_repository.py:46} INFO - [AWS S3]⚙️ Prétraitement du fichier test/test_1.txt...
[2025-03-12T21:54:53.144+0000] {aws_s3_repository.py:86} INFO - Uploading tokenized data for test/test_1.txt to curated as train/test/test_1.csv...
[2025-03-12T21:54:53.150+0000] {aws_s3_repository.py:90} INFO - Successfully uploaded test/test_1.txt as train/test/test_1.csv to curated.
[2025-03-12T21:54:53.151+0000] {aws_s3_repository.py:43} INFO - [AWS S3]📥 Download test/test_10.txt from staging...
[2025-03-12T21:54:53.158+0000] {aws_s3_repository.py:46} INFO - [AWS S3]⚙️ Prétraitement du fichier test/test_10.txt...
[2025-03-12T21:54:53.378+0000] {aws_s3_repository.py:86} INFO - Uploading tokenized data for test/test_10.txt to curated as train/test/test_10.csv...
[2025-03-12T21:54:53.385+0000] {aws_s3_repository.py:90} INFO - Successfully uploaded test/test_10.txt as train/test/test_10.csv to curated.
[2025-03-12T21:54:53.386+0000] {aws_s3_repository.py:43} INFO - [AWS S3]📥 Download test/test_11.txt from staging...
[2025-03-12T21:54:53.393+0000] {aws_s3_repository.py:46} INFO - [AWS S3]⚙️ Prétraitement du fichier test/test_11.txt...
[2025-03-12T21:54:53.571+0000] {aws_s3_repository.py:86} INFO - Uploading tokenized data for test/test_11.txt to curated as train/test/test_11.csv...
[2025-03-12T21:54:53.596+0000] {aws_s3_repository.py:90} INFO - Successfully uploaded test/test_11.txt as train/test/test_11.csv to curated.
[2025-03-12T21:54:53.596+0000] {aws_s3_repository.py:43} INFO - [AWS S3]📥 Download test/test_12.txt from staging...
[2025-03-12T21:54:53.605+0000] {aws_s3_repository.py:46} INFO - [AWS S3]⚙️ Prétraitement du fichier test/test_12.txt...
[2025-03-12T21:54:53.773+0000] {aws_s3_repository.py:86} INFO - Uploading tokenized data for test/test_12.txt to curated as train/test/test_12.csv...
[2025-03-12T21:54:53.780+0000] {aws_s3_repository.py:90} INFO - Successfully uploaded test/test_12.txt as train/test/test_12.csv to curated.
[2025-03-12T21:54:53.780+0000] {aws_s3_repository.py:43} INFO - [AWS S3]📥 Download test/test_13.txt from staging...
[2025-03-12T21:54:53.787+0000] {aws_s3_repository.py:46} INFO - [AWS S3]⚙️ Prétraitement du fichier test/test_13.txt...
[2025-03-12T21:54:53.957+0000] {aws_s3_repository.py:86} INFO - Uploading tokenized data for test/test_13.txt to curated as train/test/test_13.csv...
[2025-03-12T21:54:53.963+0000] {aws_s3_repository.py:90} INFO - Successfully uploaded test/test_13.txt as train/test/test_13.csv to curated.
[2025-03-12T21:54:53.964+0000] {aws_s3_repository.py:43} INFO - [AWS S3]📥 Download test/test_14.txt from staging...
[2025-03-12T21:54:53.970+0000] {aws_s3_repository.py:46} INFO - [AWS S3]⚙️ Prétraitement du fichier test/test_14.txt...
[2025-03-12T21:54:54.131+0000] {aws_s3_repository.py:86} INFO - Uploading tokenized data for test/test_14.txt to curated as train/test/test_14.csv...
[2025-03-12T21:54:54.138+0000] {aws_s3_repository.py:90} INFO - Successfully uploaded test/test_14.txt as train/test/test_14.csv to curated.
[2025-03-12T21:54:54.139+0000] {aws_s3_repository.py:43} INFO - [AWS S3]📥 Download test/test_15.txt from staging...
[2025-03-12T21:54:54.147+0000] {aws_s3_repository.py:46} INFO - [AWS S3]⚙️ Prétraitement du fichier test/test_15.txt...
[2025-03-12T21:54:54.307+0000] {aws_s3_repository.py:86} INFO - Uploading tokenized data for test/test_15.txt to curated as train/test/test_15.csv...
[2025-03-12T21:54:54.313+0000] {aws_s3_repository.py:90} INFO - Successfully uploaded test/test_15.txt as train/test/test_15.csv to curated.
[2025-03-12T21:54:54.314+0000] {aws_s3_repository.py:43} INFO - [AWS S3]📥 Download test/test_16.txt from staging...
[2025-03-12T21:54:54.321+0000] {aws_s3_repository.py:46} INFO - [AWS S3]⚙️ Prétraitement du fichier test/test_16.txt...
[2025-03-12T21:54:54.489+0000] {aws_s3_repository.py:86} INFO - Uploading tokenized data for test/test_16.txt to curated as train/test/test_16.csv...
[2025-03-12T21:54:54.496+0000] {aws_s3_repository.py:90} INFO - Successfully uploaded test/test_16.txt as train/test/test_16.csv to curated.
[2025-03-12T21:54:54.497+0000] {aws_s3_repository.py:43} INFO - [AWS S3]📥 Download test/test_17.txt from staging...
[2025-03-12T21:54:54.505+0000] {aws_s3_repository.py:46} INFO - [AWS S3]⚙️ Prétraitement du fichier test/test_17.txt...
[2025-03-12T21:54:54.692+0000] {aws_s3_repository.py:86} INFO - Uploading tokenized data for test/test_17.txt to curated as train/test/test_17.csv...
[2025-03-12T21:54:54.699+0000] {aws_s3_repository.py:90} INFO - Successfully uploaded test/test_17.txt as train/test/test_17.csv to curated.
[2025-03-12T21:54:54.699+0000] {aws_s3_repository.py:43} INFO - [AWS S3]📥 Download test/test_18.txt from staging...
[2025-03-12T21:54:54.706+0000] {aws_s3_repository.py:46} INFO - [AWS S3]⚙️ Prétraitement du fichier test/test_18.txt...
[2025-03-12T21:54:54.881+0000] {aws_s3_repository.py:86} INFO - Uploading tokenized data for test/test_18.txt to curated as train/test/test_18.csv...
[2025-03-12T21:54:54.888+0000] {aws_s3_repository.py:90} INFO - Successfully uploaded test/test_18.txt as train/test/test_18.csv to curated.
[2025-03-12T21:54:54.888+0000] {aws_s3_repository.py:43} INFO - [AWS S3]📥 Download test/test_19.txt from staging...
[2025-03-12T21:54:54.895+0000] {aws_s3_repository.py:46} INFO - [AWS S3]⚙️ Prétraitement du fichier test/test_19.txt...
[2025-03-12T21:54:55.079+0000] {aws_s3_repository.py:86} INFO - Uploading tokenized data for test/test_19.txt to curated as train/test/test_19.csv...
[2025-03-12T21:54:55.086+0000] {aws_s3_repository.py:90} INFO - Successfully uploaded test/test_19.txt as train/test/test_19.csv to curated.
[2025-03-12T21:54:55.086+0000] {aws_s3_repository.py:43} INFO - [AWS S3]📥 Download test/test_2.txt from staging...
[2025-03-12T21:54:55.093+0000] {aws_s3_repository.py:46} INFO - [AWS S3]⚙️ Prétraitement du fichier test/test_2.txt...
[2025-03-12T21:54:55.264+0000] {aws_s3_repository.py:86} INFO - Uploading tokenized data for test/test_2.txt to curated as train/test/test_2.csv...
[2025-03-12T21:54:55.270+0000] {aws_s3_repository.py:90} INFO - Successfully uploaded test/test_2.txt as train/test/test_2.csv to curated.
[2025-03-12T21:54:55.271+0000] {aws_s3_repository.py:43} INFO - [AWS S3]📥 Download test/test_20.txt from staging...
[2025-03-12T21:54:55.278+0000] {aws_s3_repository.py:46} INFO - [AWS S3]⚙️ Prétraitement du fichier test/test_20.txt...
[2025-03-12T21:54:55.438+0000] {aws_s3_repository.py:86} INFO - Uploading tokenized data for test/test_20.txt to curated as train/test/test_20.csv...
[2025-03-12T21:54:55.445+0000] {aws_s3_repository.py:90} INFO - Successfully uploaded test/test_20.txt as train/test/test_20.csv to curated.
[2025-03-12T21:54:55.445+0000] {aws_s3_repository.py:43} INFO - [AWS S3]📥 Download test/test_21.txt from staging...
[2025-03-12T21:54:55.452+0000] {aws_s3_repository.py:46} INFO - [AWS S3]⚙️ Prétraitement du fichier test/test_21.txt...
[2025-03-12T21:54:55.614+0000] {aws_s3_repository.py:86} INFO - Uploading tokenized data for test/test_21.txt to curated as train/test/test_21.csv...
[2025-03-12T21:54:55.620+0000] {aws_s3_repository.py:90} INFO - Successfully uploaded test/test_21.txt as train/test/test_21.csv to curated.
[2025-03-12T21:54:55.621+0000] {aws_s3_repository.py:43} INFO - [AWS S3]📥 Download test/test_22.txt from staging...
[2025-03-12T21:54:55.628+0000] {aws_s3_repository.py:46} INFO - [AWS S3]⚙️ Prétraitement du fichier test/test_22.txt...
[2025-03-12T21:54:55.785+0000] {aws_s3_repository.py:86} INFO - Uploading tokenized data for test/test_22.txt to curated as train/test/test_22.csv...
[2025-03-12T21:54:55.792+0000] {aws_s3_repository.py:90} INFO - Successfully uploaded test/test_22.txt as train/test/test_22.csv to curated.
[2025-03-12T21:54:55.792+0000] {aws_s3_repository.py:43} INFO - [AWS S3]📥 Download test/test_23.txt from staging...
[2025-03-12T21:54:55.799+0000] {aws_s3_repository.py:46} INFO - [AWS S3]⚙️ Prétraitement du fichier test/test_23.txt...
[2025-03-12T21:54:55.963+0000] {aws_s3_repository.py:86} INFO - Uploading tokenized data for test/test_23.txt to curated as train/test/test_23.csv...
[2025-03-12T21:54:55.971+0000] {aws_s3_repository.py:90} INFO - Successfully uploaded test/test_23.txt as train/test/test_23.csv to curated.
[2025-03-12T21:54:55.971+0000] {aws_s3_repository.py:43} INFO - [AWS S3]📥 Download test/test_24.txt from staging...
[2025-03-12T21:54:55.979+0000] {aws_s3_repository.py:46} INFO - [AWS S3]⚙️ Prétraitement du fichier test/test_24.txt...
[2025-03-12T21:54:56.148+0000] {aws_s3_repository.py:86} INFO - Uploading tokenized data for test/test_24.txt to curated as train/test/test_24.csv...
[2025-03-12T21:54:56.156+0000] {aws_s3_repository.py:90} INFO - Successfully uploaded test/test_24.txt as train/test/test_24.csv to curated.
[2025-03-12T21:54:56.157+0000] {aws_s3_repository.py:43} INFO - [AWS S3]📥 Download test/test_25.txt from staging...
[2025-03-12T21:54:56.166+0000] {aws_s3_repository.py:46} INFO - [AWS S3]⚙️ Prétraitement du fichier test/test_25.txt...
[2025-03-12T21:54:56.351+0000] {aws_s3_repository.py:86} INFO - Uploading tokenized data for test/test_25.txt to curated as train/test/test_25.csv...
[2025-03-12T21:54:56.359+0000] {aws_s3_repository.py:90} INFO - Successfully uploaded test/test_25.txt as train/test/test_25.csv to curated.
[2025-03-12T21:54:56.359+0000] {aws_s3_repository.py:43} INFO - [AWS S3]📥 Download test/test_26.txt from staging...
[2025-03-12T21:54:56.366+0000] {aws_s3_repository.py:46} INFO - [AWS S3]⚙️ Prétraitement du fichier test/test_26.txt...
[2025-03-12T21:54:56.536+0000] {aws_s3_repository.py:86} INFO - Uploading tokenized data for test/test_26.txt to curated as train/test/test_26.csv...
[2025-03-12T21:54:56.543+0000] {aws_s3_repository.py:90} INFO - Successfully uploaded test/test_26.txt as train/test/test_26.csv to curated.
[2025-03-12T21:54:56.544+0000] {aws_s3_repository.py:43} INFO - [AWS S3]📥 Download test/test_27.txt from staging...
[2025-03-12T21:54:56.551+0000] {aws_s3_repository.py:46} INFO - [AWS S3]⚙️ Prétraitement du fichier test/test_27.txt...
[2025-03-12T21:54:56.716+0000] {aws_s3_repository.py:86} INFO - Uploading tokenized data for test/test_27.txt to curated as train/test/test_27.csv...
[2025-03-12T21:54:56.724+0000] {aws_s3_repository.py:90} INFO - Successfully uploaded test/test_27.txt as train/test/test_27.csv to curated.
[2025-03-12T21:54:56.724+0000] {aws_s3_repository.py:43} INFO - [AWS S3]📥 Download test/test_28.txt from staging...
[2025-03-12T21:54:56.732+0000] {aws_s3_repository.py:46} INFO - [AWS S3]⚙️ Prétraitement du fichier test/test_28.txt...
[2025-03-12T21:54:56.891+0000] {aws_s3_repository.py:86} INFO - Uploading tokenized data for test/test_28.txt to curated as train/test/test_28.csv...
[2025-03-12T21:54:56.898+0000] {aws_s3_repository.py:90} INFO - Successfully uploaded test/test_28.txt as train/test/test_28.csv to curated.
[2025-03-12T21:54:56.899+0000] {aws_s3_repository.py:43} INFO - [AWS S3]📥 Download test/test_29.txt from staging...
[2025-03-12T21:54:56.906+0000] {aws_s3_repository.py:46} INFO - [AWS S3]⚙️ Prétraitement du fichier test/test_29.txt...
[2025-03-12T21:54:57.066+0000] {aws_s3_repository.py:86} INFO - Uploading tokenized data for test/test_29.txt to curated as train/test/test_29.csv...
[2025-03-12T21:54:57.073+0000] {aws_s3_repository.py:90} INFO - Successfully uploaded test/test_29.txt as train/test/test_29.csv to curated.
[2025-03-12T21:54:57.073+0000] {aws_s3_repository.py:43} INFO - [AWS S3]📥 Download test/test_3.txt from staging...
[2025-03-12T21:54:57.080+0000] {aws_s3_repository.py:46} INFO - [AWS S3]⚙️ Prétraitement du fichier test/test_3.txt...
[2025-03-12T21:54:57.266+0000] {aws_s3_repository.py:86} INFO - Uploading tokenized data for test/test_3.txt to curated as train/test/test_3.csv...
[2025-03-12T21:54:57.273+0000] {aws_s3_repository.py:90} INFO - Successfully uploaded test/test_3.txt as train/test/test_3.csv to curated.
[2025-03-12T21:54:57.274+0000] {aws_s3_repository.py:43} INFO - [AWS S3]📥 Download test/test_30.txt from staging...
[2025-03-12T21:54:57.280+0000] {aws_s3_repository.py:46} INFO - [AWS S3]⚙️ Prétraitement du fichier test/test_30.txt...
[2025-03-12T21:54:57.444+0000] {aws_s3_repository.py:86} INFO - Uploading tokenized data for test/test_30.txt to curated as train/test/test_30.csv...
[2025-03-12T21:54:57.451+0000] {aws_s3_repository.py:90} INFO - Successfully uploaded test/test_30.txt as train/test/test_30.csv to curated.
[2025-03-12T21:54:57.451+0000] {aws_s3_repository.py:43} INFO - [AWS S3]📥 Download test/test_31.txt from staging...
[2025-03-12T21:54:57.458+0000] {aws_s3_repository.py:46} INFO - [AWS S3]⚙️ Prétraitement du fichier test/test_31.txt...
[2025-03-12T21:54:57.625+0000] {aws_s3_repository.py:86} INFO - Uploading tokenized data for test/test_31.txt to curated as train/test/test_31.csv...
[2025-03-12T21:54:57.632+0000] {aws_s3_repository.py:90} INFO - Successfully uploaded test/test_31.txt as train/test/test_31.csv to curated.
[2025-03-12T21:54:57.633+0000] {aws_s3_repository.py:43} INFO - [AWS S3]📥 Download test/test_32.txt from staging...
[2025-03-12T21:54:57.639+0000] {aws_s3_repository.py:46} INFO - [AWS S3]⚙️ Prétraitement du fichier test/test_32.txt...
[2025-03-12T21:54:57.805+0000] {aws_s3_repository.py:86} INFO - Uploading tokenized data for test/test_32.txt to curated as train/test/test_32.csv...
[2025-03-12T21:54:57.812+0000] {aws_s3_repository.py:90} INFO - Successfully uploaded test/test_32.txt as train/test/test_32.csv to curated.
[2025-03-12T21:54:57.812+0000] {aws_s3_repository.py:43} INFO - [AWS S3]📥 Download test/test_33.txt from staging...
[2025-03-12T21:54:57.819+0000] {aws_s3_repository.py:46} INFO - [AWS S3]⚙️ Prétraitement du fichier test/test_33.txt...
[2025-03-12T21:54:57.979+0000] {aws_s3_repository.py:86} INFO - Uploading tokenized data for test/test_33.txt to curated as train/test/test_33.csv...
[2025-03-12T21:54:57.986+0000] {aws_s3_repository.py:90} INFO - Successfully uploaded test/test_33.txt as train/test/test_33.csv to curated.
[2025-03-12T21:54:57.987+0000] {aws_s3_repository.py:43} INFO - [AWS S3]📥 Download test/test_34.txt from staging...
[2025-03-12T21:54:57.995+0000] {aws_s3_repository.py:46} INFO - [AWS S3]⚙️ Prétraitement du fichier test/test_34.txt...
[2025-03-12T21:54:58.160+0000] {aws_s3_repository.py:86} INFO - Uploading tokenized data for test/test_34.txt to curated as train/test/test_34.csv...
[2025-03-12T21:54:58.166+0000] {aws_s3_repository.py:90} INFO - Successfully uploaded test/test_34.txt as train/test/test_34.csv to curated.
[2025-03-12T21:54:58.167+0000] {aws_s3_repository.py:43} INFO - [AWS S3]📥 Download test/test_35.txt from staging...
[2025-03-12T21:54:58.174+0000] {aws_s3_repository.py:46} INFO - [AWS S3]⚙️ Prétraitement du fichier test/test_35.txt...
[2025-03-12T21:54:58.339+0000] {aws_s3_repository.py:86} INFO - Uploading tokenized data for test/test_35.txt to curated as train/test/test_35.csv...
[2025-03-12T21:54:58.346+0000] {aws_s3_repository.py:90} INFO - Successfully uploaded test/test_35.txt as train/test/test_35.csv to curated.
[2025-03-12T21:54:58.347+0000] {aws_s3_repository.py:43} INFO - [AWS S3]📥 Download test/test_36.txt from staging...
[2025-03-12T21:54:58.353+0000] {aws_s3_repository.py:46} INFO - [AWS S3]⚙️ Prétraitement du fichier test/test_36.txt...
[2025-03-12T21:54:58.527+0000] {aws_s3_repository.py:86} INFO - Uploading tokenized data for test/test_36.txt to curated as train/test/test_36.csv...
[2025-03-12T21:54:58.534+0000] {aws_s3_repository.py:90} INFO - Successfully uploaded test/test_36.txt as train/test/test_36.csv to curated.
[2025-03-12T21:54:58.535+0000] {aws_s3_repository.py:43} INFO - [AWS S3]📥 Download test/test_37.txt from staging...
[2025-03-12T21:54:58.542+0000] {aws_s3_repository.py:46} INFO - [AWS S3]⚙️ Prétraitement du fichier test/test_37.txt...
[2025-03-12T21:54:58.704+0000] {aws_s3_repository.py:86} INFO - Uploading tokenized data for test/test_37.txt to curated as train/test/test_37.csv...
[2025-03-12T21:54:58.711+0000] {aws_s3_repository.py:90} INFO - Successfully uploaded test/test_37.txt as train/test/test_37.csv to curated.
[2025-03-12T21:54:58.711+0000] {aws_s3_repository.py:43} INFO - [AWS S3]📥 Download test/test_38.txt from staging...
[2025-03-12T21:54:58.718+0000] {aws_s3_repository.py:46} INFO - [AWS S3]⚙️ Prétraitement du fichier test/test_38.txt...
[2025-03-12T21:54:58.887+0000] {aws_s3_repository.py:86} INFO - Uploading tokenized data for test/test_38.txt to curated as train/test/test_38.csv...
[2025-03-12T21:54:58.894+0000] {aws_s3_repository.py:90} INFO - Successfully uploaded test/test_38.txt as train/test/test_38.csv to curated.
[2025-03-12T21:54:58.894+0000] {aws_s3_repository.py:43} INFO - [AWS S3]📥 Download test/test_39.txt from staging...
[2025-03-12T21:54:58.901+0000] {aws_s3_repository.py:46} INFO - [AWS S3]⚙️ Prétraitement du fichier test/test_39.txt...
[2025-03-12T21:54:59.076+0000] {aws_s3_repository.py:86} INFO - Uploading tokenized data for test/test_39.txt to curated as train/test/test_39.csv...
[2025-03-12T21:54:59.083+0000] {aws_s3_repository.py:90} INFO - Successfully uploaded test/test_39.txt as train/test/test_39.csv to curated.
[2025-03-12T21:54:59.084+0000] {aws_s3_repository.py:43} INFO - [AWS S3]📥 Download test/test_4.txt from staging...
[2025-03-12T21:54:59.090+0000] {aws_s3_repository.py:46} INFO - [AWS S3]⚙️ Prétraitement du fichier test/test_4.txt...
[2025-03-12T21:54:59.285+0000] {aws_s3_repository.py:86} INFO - Uploading tokenized data for test/test_4.txt to curated as train/test/test_4.csv...
[2025-03-12T21:54:59.292+0000] {aws_s3_repository.py:90} INFO - Successfully uploaded test/test_4.txt as train/test/test_4.csv to curated.
[2025-03-12T21:54:59.292+0000] {aws_s3_repository.py:43} INFO - [AWS S3]📥 Download test/test_40.txt from staging...
[2025-03-12T21:54:59.299+0000] {aws_s3_repository.py:46} INFO - [AWS S3]⚙️ Prétraitement du fichier test/test_40.txt...
[2025-03-12T21:54:59.462+0000] {aws_s3_repository.py:86} INFO - Uploading tokenized data for test/test_40.txt to curated as train/test/test_40.csv...
[2025-03-12T21:54:59.469+0000] {aws_s3_repository.py:90} INFO - Successfully uploaded test/test_40.txt as train/test/test_40.csv to curated.
[2025-03-12T21:54:59.470+0000] {aws_s3_repository.py:43} INFO - [AWS S3]📥 Download test/test_41.txt from staging...
[2025-03-12T21:54:59.476+0000] {aws_s3_repository.py:46} INFO - [AWS S3]⚙️ Prétraitement du fichier test/test_41.txt...
[2025-03-12T21:54:59.661+0000] {aws_s3_repository.py:86} INFO - Uploading tokenized data for test/test_41.txt to curated as train/test/test_41.csv...
[2025-03-12T21:54:59.668+0000] {aws_s3_repository.py:90} INFO - Successfully uploaded test/test_41.txt as train/test/test_41.csv to curated.
[2025-03-12T21:54:59.668+0000] {aws_s3_repository.py:43} INFO - [AWS S3]📥 Download test/test_42.txt from staging...
[2025-03-12T21:54:59.675+0000] {aws_s3_repository.py:46} INFO - [AWS S3]⚙️ Prétraitement du fichier test/test_42.txt...
[2025-03-12T21:54:59.837+0000] {aws_s3_repository.py:86} INFO - Uploading tokenized data for test/test_42.txt to curated as train/test/test_42.csv...
[2025-03-12T21:54:59.844+0000] {aws_s3_repository.py:90} INFO - Successfully uploaded test/test_42.txt as train/test/test_42.csv to curated.
[2025-03-12T21:54:59.844+0000] {aws_s3_repository.py:43} INFO - [AWS S3]📥 Download test/test_43.txt from staging...
[2025-03-12T21:54:59.851+0000] {aws_s3_repository.py:46} INFO - [AWS S3]⚙️ Prétraitement du fichier test/test_43.txt...
[2025-03-12T21:55:00.037+0000] {aws_s3_repository.py:86} INFO - Uploading tokenized data for test/test_43.txt to curated as train/test/test_43.csv...
[2025-03-12T21:55:00.044+0000] {aws_s3_repository.py:90} INFO - Successfully uploaded test/test_43.txt as train/test/test_43.csv to curated.
[2025-03-12T21:55:00.044+0000] {aws_s3_repository.py:43} INFO - [AWS S3]📥 Download test/test_44.txt from staging...
[2025-03-12T21:55:00.051+0000] {aws_s3_repository.py:46} INFO - [AWS S3]⚙️ Prétraitement du fichier test/test_44.txt...
[2025-03-12T21:55:00.216+0000] {aws_s3_repository.py:86} INFO - Uploading tokenized data for test/test_44.txt to curated as train/test/test_44.csv...
[2025-03-12T21:55:00.223+0000] {aws_s3_repository.py:90} INFO - Successfully uploaded test/test_44.txt as train/test/test_44.csv to curated.
[2025-03-12T21:55:00.224+0000] {aws_s3_repository.py:43} INFO - [AWS S3]📥 Download test/test_45.txt from staging...
[2025-03-12T21:55:00.231+0000] {aws_s3_repository.py:46} INFO - [AWS S3]⚙️ Prétraitement du fichier test/test_45.txt...
[2025-03-12T21:55:00.393+0000] {aws_s3_repository.py:86} INFO - Uploading tokenized data for test/test_45.txt to curated as train/test/test_45.csv...
[2025-03-12T21:55:00.400+0000] {aws_s3_repository.py:90} INFO - Successfully uploaded test/test_45.txt as train/test/test_45.csv to curated.
[2025-03-12T21:55:00.401+0000] {aws_s3_repository.py:43} INFO - [AWS S3]📥 Download test/test_46.txt from staging...
[2025-03-12T21:55:00.407+0000] {aws_s3_repository.py:46} INFO - [AWS S3]⚙️ Prétraitement du fichier test/test_46.txt...
[2025-03-12T21:55:00.571+0000] {aws_s3_repository.py:86} INFO - Uploading tokenized data for test/test_46.txt to curated as train/test/test_46.csv...
[2025-03-12T21:55:00.578+0000] {aws_s3_repository.py:90} INFO - Successfully uploaded test/test_46.txt as train/test/test_46.csv to curated.
[2025-03-12T21:55:00.579+0000] {aws_s3_repository.py:43} INFO - [AWS S3]📥 Download test/test_47.txt from staging...
[2025-03-12T21:55:00.586+0000] {aws_s3_repository.py:46} INFO - [AWS S3]⚙️ Prétraitement du fichier test/test_47.txt...
[2025-03-12T21:55:00.748+0000] {aws_s3_repository.py:86} INFO - Uploading tokenized data for test/test_47.txt to curated as train/test/test_47.csv...
[2025-03-12T21:55:00.755+0000] {aws_s3_repository.py:90} INFO - Successfully uploaded test/test_47.txt as train/test/test_47.csv to curated.
[2025-03-12T21:55:00.756+0000] {aws_s3_repository.py:43} INFO - [AWS S3]📥 Download test/test_48.txt from staging...
[2025-03-12T21:55:00.763+0000] {aws_s3_repository.py:46} INFO - [AWS S3]⚙️ Prétraitement du fichier test/test_48.txt...
[2025-03-12T21:55:00.930+0000] {aws_s3_repository.py:86} INFO - Uploading tokenized data for test/test_48.txt to curated as train/test/test_48.csv...
[2025-03-12T21:55:00.937+0000] {aws_s3_repository.py:90} INFO - Successfully uploaded test/test_48.txt as train/test/test_48.csv to curated.
[2025-03-12T21:55:00.938+0000] {aws_s3_repository.py:43} INFO - [AWS S3]📥 Download test/test_49.txt from staging...
[2025-03-12T21:55:00.944+0000] {aws_s3_repository.py:46} INFO - [AWS S3]⚙️ Prétraitement du fichier test/test_49.txt...
[2025-03-12T21:55:01.163+0000] {aws_s3_repository.py:86} INFO - Uploading tokenized data for test/test_49.txt to curated as train/test/test_49.csv...
[2025-03-12T21:55:01.174+0000] {aws_s3_repository.py:90} INFO - Successfully uploaded test/test_49.txt as train/test/test_49.csv to curated.
[2025-03-12T21:55:01.174+0000] {aws_s3_repository.py:43} INFO - [AWS S3]📥 Download test/test_5.txt from staging...
[2025-03-12T21:55:01.185+0000] {aws_s3_repository.py:46} INFO - [AWS S3]⚙️ Prétraitement du fichier test/test_5.txt...
[2025-03-12T21:55:01.352+0000] {aws_s3_repository.py:86} INFO - Uploading tokenized data for test/test_5.txt to curated as train/test/test_5.csv...
[2025-03-12T21:55:01.359+0000] {aws_s3_repository.py:90} INFO - Successfully uploaded test/test_5.txt as train/test/test_5.csv to curated.
[2025-03-12T21:55:01.360+0000] {aws_s3_repository.py:43} INFO - [AWS S3]📥 Download test/test_50.txt from staging...
[2025-03-12T21:55:01.368+0000] {aws_s3_repository.py:46} INFO - [AWS S3]⚙️ Prétraitement du fichier test/test_50.txt...
[2025-03-12T21:55:01.526+0000] {aws_s3_repository.py:86} INFO - Uploading tokenized data for test/test_50.txt to curated as train/test/test_50.csv...
[2025-03-12T21:55:01.533+0000] {aws_s3_repository.py:90} INFO - Successfully uploaded test/test_50.txt as train/test/test_50.csv to curated.
[2025-03-12T21:55:01.534+0000] {aws_s3_repository.py:43} INFO - [AWS S3]📥 Download test/test_51.txt from staging...
[2025-03-12T21:55:01.542+0000] {aws_s3_repository.py:46} INFO - [AWS S3]⚙️ Prétraitement du fichier test/test_51.txt...
[2025-03-12T21:55:01.734+0000] {aws_s3_repository.py:86} INFO - Uploading tokenized data for test/test_51.txt to curated as train/test/test_51.csv...
[2025-03-12T21:55:01.741+0000] {aws_s3_repository.py:90} INFO - Successfully uploaded test/test_51.txt as train/test/test_51.csv to curated.
[2025-03-12T21:55:01.742+0000] {aws_s3_repository.py:43} INFO - [AWS S3]📥 Download test/test_52.txt from staging...
[2025-03-12T21:55:01.750+0000] {aws_s3_repository.py:46} INFO - [AWS S3]⚙️ Prétraitement du fichier test/test_52.txt...
[2025-03-12T21:55:01.905+0000] {aws_s3_repository.py:86} INFO - Uploading tokenized data for test/test_52.txt to curated as train/test/test_52.csv...
[2025-03-12T21:55:01.912+0000] {aws_s3_repository.py:90} INFO - Successfully uploaded test/test_52.txt as train/test/test_52.csv to curated.
[2025-03-12T21:55:01.912+0000] {aws_s3_repository.py:43} INFO - [AWS S3]📥 Download test/test_53.txt from staging...
[2025-03-12T21:55:01.919+0000] {aws_s3_repository.py:46} INFO - [AWS S3]⚙️ Prétraitement du fichier test/test_53.txt...
[2025-03-12T21:55:02.078+0000] {aws_s3_repository.py:86} INFO - Uploading tokenized data for test/test_53.txt to curated as train/test/test_53.csv...
[2025-03-12T21:55:02.085+0000] {aws_s3_repository.py:90} INFO - Successfully uploaded test/test_53.txt as train/test/test_53.csv to curated.
[2025-03-12T21:55:02.085+0000] {aws_s3_repository.py:43} INFO - [AWS S3]📥 Download test/test_54.txt from staging...
[2025-03-12T21:55:02.092+0000] {aws_s3_repository.py:46} INFO - [AWS S3]⚙️ Prétraitement du fichier test/test_54.txt...
[2025-03-12T21:55:02.255+0000] {aws_s3_repository.py:86} INFO - Uploading tokenized data for test/test_54.txt to curated as train/test/test_54.csv...
[2025-03-12T21:55:02.262+0000] {aws_s3_repository.py:90} INFO - Successfully uploaded test/test_54.txt as train/test/test_54.csv to curated.
[2025-03-12T21:55:02.263+0000] {aws_s3_repository.py:43} INFO - [AWS S3]📥 Download test/test_55.txt from staging...
[2025-03-12T21:55:02.270+0000] {aws_s3_repository.py:46} INFO - [AWS S3]⚙️ Prétraitement du fichier test/test_55.txt...
[2025-03-12T21:55:02.446+0000] {aws_s3_repository.py:86} INFO - Uploading tokenized data for test/test_55.txt to curated as train/test/test_55.csv...
[2025-03-12T21:55:02.456+0000] {aws_s3_repository.py:90} INFO - Successfully uploaded test/test_55.txt as train/test/test_55.csv to curated.
[2025-03-12T21:55:02.457+0000] {aws_s3_repository.py:43} INFO - [AWS S3]📥 Download test/test_56.txt from staging...
[2025-03-12T21:55:02.467+0000] {aws_s3_repository.py:46} INFO - [AWS S3]⚙️ Prétraitement du fichier test/test_56.txt...
[2025-03-12T21:55:02.651+0000] {aws_s3_repository.py:86} INFO - Uploading tokenized data for test/test_56.txt to curated as train/test/test_56.csv...
[2025-03-12T21:55:02.664+0000] {aws_s3_repository.py:90} INFO - Successfully uploaded test/test_56.txt as train/test/test_56.csv to curated.
[2025-03-12T21:55:02.665+0000] {aws_s3_repository.py:43} INFO - [AWS S3]📥 Download test/test_57.txt from staging...
[2025-03-12T21:55:02.673+0000] {aws_s3_repository.py:46} INFO - [AWS S3]⚙️ Prétraitement du fichier test/test_57.txt...
[2025-03-12T21:55:02.860+0000] {aws_s3_repository.py:86} INFO - Uploading tokenized data for test/test_57.txt to curated as train/test/test_57.csv...
[2025-03-12T21:55:02.868+0000] {aws_s3_repository.py:90} INFO - Successfully uploaded test/test_57.txt as train/test/test_57.csv to curated.
[2025-03-12T21:55:02.869+0000] {aws_s3_repository.py:43} INFO - [AWS S3]📥 Download test/test_58.txt from staging...
[2025-03-12T21:55:02.877+0000] {aws_s3_repository.py:46} INFO - [AWS S3]⚙️ Prétraitement du fichier test/test_58.txt...
[2025-03-12T21:55:03.084+0000] {aws_s3_repository.py:86} INFO - Uploading tokenized data for test/test_58.txt to curated as train/test/test_58.csv...
[2025-03-12T21:55:03.091+0000] {aws_s3_repository.py:90} INFO - Successfully uploaded test/test_58.txt as train/test/test_58.csv to curated.
[2025-03-12T21:55:03.092+0000] {aws_s3_repository.py:43} INFO - [AWS S3]📥 Download test/test_59.txt from staging...
[2025-03-12T21:55:03.099+0000] {aws_s3_repository.py:46} INFO - [AWS S3]⚙️ Prétraitement du fichier test/test_59.txt...
[2025-03-12T21:55:03.259+0000] {aws_s3_repository.py:86} INFO - Uploading tokenized data for test/test_59.txt to curated as train/test/test_59.csv...
[2025-03-12T21:55:03.266+0000] {aws_s3_repository.py:90} INFO - Successfully uploaded test/test_59.txt as train/test/test_59.csv to curated.
[2025-03-12T21:55:03.267+0000] {aws_s3_repository.py:43} INFO - [AWS S3]📥 Download test/test_6.txt from staging...
[2025-03-12T21:55:03.273+0000] {aws_s3_repository.py:46} INFO - [AWS S3]⚙️ Prétraitement du fichier test/test_6.txt...
[2025-03-12T21:55:03.437+0000] {aws_s3_repository.py:86} INFO - Uploading tokenized data for test/test_6.txt to curated as train/test/test_6.csv...
[2025-03-12T21:55:03.444+0000] {aws_s3_repository.py:90} INFO - Successfully uploaded test/test_6.txt as train/test/test_6.csv to curated.
[2025-03-12T21:55:03.444+0000] {aws_s3_repository.py:43} INFO - [AWS S3]📥 Download test/test_60.txt from staging...
[2025-03-12T21:55:03.451+0000] {aws_s3_repository.py:46} INFO - [AWS S3]⚙️ Prétraitement du fichier test/test_60.txt...
[2025-03-12T21:55:03.616+0000] {aws_s3_repository.py:86} INFO - Uploading tokenized data for test/test_60.txt to curated as train/test/test_60.csv...
[2025-03-12T21:55:03.623+0000] {aws_s3_repository.py:90} INFO - Successfully uploaded test/test_60.txt as train/test/test_60.csv to curated.
[2025-03-12T21:55:03.623+0000] {aws_s3_repository.py:43} INFO - [AWS S3]📥 Download test/test_61.txt from staging...
[2025-03-12T21:55:03.630+0000] {aws_s3_repository.py:46} INFO - [AWS S3]⚙️ Prétraitement du fichier test/test_61.txt...
[2025-03-12T21:55:03.806+0000] {aws_s3_repository.py:86} INFO - Uploading tokenized data for test/test_61.txt to curated as train/test/test_61.csv...
[2025-03-12T21:55:03.812+0000] {aws_s3_repository.py:90} INFO - Successfully uploaded test/test_61.txt as train/test/test_61.csv to curated.
[2025-03-12T21:55:03.813+0000] {aws_s3_repository.py:43} INFO - [AWS S3]📥 Download test/test_62.txt from staging...
[2025-03-12T21:55:03.820+0000] {aws_s3_repository.py:46} INFO - [AWS S3]⚙️ Prétraitement du fichier test/test_62.txt...
[2025-03-12T21:55:03.978+0000] {aws_s3_repository.py:86} INFO - Uploading tokenized data for test/test_62.txt to curated as train/test/test_62.csv...
[2025-03-12T21:55:03.985+0000] {aws_s3_repository.py:90} INFO - Successfully uploaded test/test_62.txt as train/test/test_62.csv to curated.
[2025-03-12T21:55:03.985+0000] {aws_s3_repository.py:43} INFO - [AWS S3]📥 Download test/test_63.txt from staging...
[2025-03-12T21:55:03.992+0000] {aws_s3_repository.py:46} INFO - [AWS S3]⚙️ Prétraitement du fichier test/test_63.txt...
[2025-03-12T21:55:04.168+0000] {aws_s3_repository.py:86} INFO - Uploading tokenized data for test/test_63.txt to curated as train/test/test_63.csv...
[2025-03-12T21:55:04.175+0000] {aws_s3_repository.py:90} INFO - Successfully uploaded test/test_63.txt as train/test/test_63.csv to curated.
[2025-03-12T21:55:04.175+0000] {aws_s3_repository.py:43} INFO - [AWS S3]📥 Download test/test_64.txt from staging...
[2025-03-12T21:55:04.182+0000] {aws_s3_repository.py:46} INFO - [AWS S3]⚙️ Prétraitement du fichier test/test_64.txt...
[2025-03-12T21:55:04.358+0000] {aws_s3_repository.py:86} INFO - Uploading tokenized data for test/test_64.txt to curated as train/test/test_64.csv...
[2025-03-12T21:55:04.365+0000] {aws_s3_repository.py:90} INFO - Successfully uploaded test/test_64.txt as train/test/test_64.csv to curated.
[2025-03-12T21:55:04.365+0000] {aws_s3_repository.py:43} INFO - [AWS S3]📥 Download test/test_65.txt from staging...
[2025-03-12T21:55:04.374+0000] {aws_s3_repository.py:46} INFO - [AWS S3]⚙️ Prétraitement du fichier test/test_65.txt...
[2025-03-12T21:55:04.542+0000] {aws_s3_repository.py:86} INFO - Uploading tokenized data for test/test_65.txt to curated as train/test/test_65.csv...
[2025-03-12T21:55:04.551+0000] {aws_s3_repository.py:90} INFO - Successfully uploaded test/test_65.txt as train/test/test_65.csv to curated.
[2025-03-12T21:55:04.551+0000] {aws_s3_repository.py:43} INFO - [AWS S3]📥 Download test/test_66.txt from staging...
[2025-03-12T21:55:04.558+0000] {aws_s3_repository.py:46} INFO - [AWS S3]⚙️ Prétraitement du fichier test/test_66.txt...
[2025-03-12T21:55:04.766+0000] {aws_s3_repository.py:86} INFO - Uploading tokenized data for test/test_66.txt to curated as train/test/test_66.csv...
[2025-03-12T21:55:04.773+0000] {aws_s3_repository.py:90} INFO - Successfully uploaded test/test_66.txt as train/test/test_66.csv to curated.
[2025-03-12T21:55:04.774+0000] {aws_s3_repository.py:43} INFO - [AWS S3]📥 Download test/test_67.txt from staging...
[2025-03-12T21:55:04.781+0000] {aws_s3_repository.py:46} INFO - [AWS S3]⚙️ Prétraitement du fichier test/test_67.txt...
[2025-03-12T21:55:04.961+0000] {aws_s3_repository.py:86} INFO - Uploading tokenized data for test/test_67.txt to curated as train/test/test_67.csv...
[2025-03-12T21:55:04.968+0000] {aws_s3_repository.py:90} INFO - Successfully uploaded test/test_67.txt as train/test/test_67.csv to curated.
[2025-03-12T21:55:04.968+0000] {aws_s3_repository.py:43} INFO - [AWS S3]📥 Download test/test_68.txt from staging...
[2025-03-12T21:55:04.976+0000] {aws_s3_repository.py:46} INFO - [AWS S3]⚙️ Prétraitement du fichier test/test_68.txt...
[2025-03-12T21:55:05.179+0000] {aws_s3_repository.py:86} INFO - Uploading tokenized data for test/test_68.txt to curated as train/test/test_68.csv...
[2025-03-12T21:55:05.186+0000] {aws_s3_repository.py:90} INFO - Successfully uploaded test/test_68.txt as train/test/test_68.csv to curated.
[2025-03-12T21:55:05.187+0000] {aws_s3_repository.py:43} INFO - [AWS S3]📥 Download test/test_69.txt from staging...
[2025-03-12T21:55:05.196+0000] {aws_s3_repository.py:46} INFO - [AWS S3]⚙️ Prétraitement du fichier test/test_69.txt...
[2025-03-12T21:55:05.353+0000] {aws_s3_repository.py:86} INFO - Uploading tokenized data for test/test_69.txt to curated as train/test/test_69.csv...
[2025-03-12T21:55:05.362+0000] {aws_s3_repository.py:90} INFO - Successfully uploaded test/test_69.txt as train/test/test_69.csv to curated.
[2025-03-12T21:55:05.363+0000] {aws_s3_repository.py:43} INFO - [AWS S3]📥 Download test/test_7.txt from staging...
[2025-03-12T21:55:05.370+0000] {aws_s3_repository.py:46} INFO - [AWS S3]⚙️ Prétraitement du fichier test/test_7.txt...
[2025-03-12T21:55:05.584+0000] {aws_s3_repository.py:86} INFO - Uploading tokenized data for test/test_7.txt to curated as train/test/test_7.csv...
[2025-03-12T21:55:05.591+0000] {aws_s3_repository.py:90} INFO - Successfully uploaded test/test_7.txt as train/test/test_7.csv to curated.
[2025-03-12T21:55:05.591+0000] {aws_s3_repository.py:43} INFO - [AWS S3]📥 Download test/test_70.txt from staging...
[2025-03-12T21:55:05.600+0000] {aws_s3_repository.py:46} INFO - [AWS S3]⚙️ Prétraitement du fichier test/test_70.txt...
[2025-03-12T21:55:05.769+0000] {aws_s3_repository.py:86} INFO - Uploading tokenized data for test/test_70.txt to curated as train/test/test_70.csv...
[2025-03-12T21:55:05.775+0000] {aws_s3_repository.py:90} INFO - Successfully uploaded test/test_70.txt as train/test/test_70.csv to curated.
[2025-03-12T21:55:05.776+0000] {aws_s3_repository.py:43} INFO - [AWS S3]📥 Download test/test_71.txt from staging...
[2025-03-12T21:55:05.783+0000] {aws_s3_repository.py:46} INFO - [AWS S3]⚙️ Prétraitement du fichier test/test_71.txt...
[2025-03-12T21:55:06.092+0000] {aws_s3_repository.py:86} INFO - Uploading tokenized data for test/test_71.txt to curated as train/test/test_71.csv...
[2025-03-12T21:55:06.099+0000] {aws_s3_repository.py:90} INFO - Successfully uploaded test/test_71.txt as train/test/test_71.csv to curated.
[2025-03-12T21:55:06.100+0000] {aws_s3_repository.py:43} INFO - [AWS S3]📥 Download test/test_72.txt from staging...
[2025-03-12T21:55:06.108+0000] {aws_s3_repository.py:46} INFO - [AWS S3]⚙️ Prétraitement du fichier test/test_72.txt...
[2025-03-12T21:55:06.285+0000] {aws_s3_repository.py:86} INFO - Uploading tokenized data for test/test_72.txt to curated as train/test/test_72.csv...
[2025-03-12T21:55:06.293+0000] {aws_s3_repository.py:90} INFO - Successfully uploaded test/test_72.txt as train/test/test_72.csv to curated.
[2025-03-12T21:55:06.293+0000] {aws_s3_repository.py:43} INFO - [AWS S3]📥 Download test/test_73.txt from staging...
[2025-03-12T21:55:06.301+0000] {aws_s3_repository.py:46} INFO - [AWS S3]⚙️ Prétraitement du fichier test/test_73.txt...
[2025-03-12T21:55:06.477+0000] {aws_s3_repository.py:86} INFO - Uploading tokenized data for test/test_73.txt to curated as train/test/test_73.csv...
[2025-03-12T21:55:06.486+0000] {aws_s3_repository.py:90} INFO - Successfully uploaded test/test_73.txt as train/test/test_73.csv to curated.
[2025-03-12T21:55:06.486+0000] {aws_s3_repository.py:43} INFO - [AWS S3]📥 Download test/test_74.txt from staging...
[2025-03-12T21:55:06.497+0000] {aws_s3_repository.py:46} INFO - [AWS S3]⚙️ Prétraitement du fichier test/test_74.txt...
[2025-03-12T21:55:07.464+0000] {aws_s3_repository.py:86} INFO - Uploading tokenized data for test/test_74.txt to curated as train/test/test_74.csv...
[2025-03-12T21:55:07.478+0000] {aws_s3_repository.py:90} INFO - Successfully uploaded test/test_74.txt as train/test/test_74.csv to curated.
[2025-03-12T21:55:07.479+0000] {aws_s3_repository.py:43} INFO - [AWS S3]📥 Download test/test_75.txt from staging...
[2025-03-12T21:55:07.486+0000] {aws_s3_repository.py:46} INFO - [AWS S3]⚙️ Prétraitement du fichier test/test_75.txt...
[2025-03-12T21:55:07.649+0000] {aws_s3_repository.py:86} INFO - Uploading tokenized data for test/test_75.txt to curated as train/test/test_75.csv...
[2025-03-12T21:55:07.655+0000] {aws_s3_repository.py:90} INFO - Successfully uploaded test/test_75.txt as train/test/test_75.csv to curated.
[2025-03-12T21:55:07.656+0000] {aws_s3_repository.py:43} INFO - [AWS S3]📥 Download test/test_76.txt from staging...
[2025-03-12T21:55:07.663+0000] {aws_s3_repository.py:46} INFO - [AWS S3]⚙️ Prétraitement du fichier test/test_76.txt...
[2025-03-12T21:55:07.883+0000] {aws_s3_repository.py:86} INFO - Uploading tokenized data for test/test_76.txt to curated as train/test/test_76.csv...
[2025-03-12T21:55:07.889+0000] {aws_s3_repository.py:90} INFO - Successfully uploaded test/test_76.txt as train/test/test_76.csv to curated.
[2025-03-12T21:55:07.890+0000] {aws_s3_repository.py:43} INFO - [AWS S3]📥 Download test/test_77.txt from staging...
[2025-03-12T21:55:07.897+0000] {aws_s3_repository.py:46} INFO - [AWS S3]⚙️ Prétraitement du fichier test/test_77.txt...
[2025-03-12T21:55:08.349+0000] {aws_s3_repository.py:86} INFO - Uploading tokenized data for test/test_77.txt to curated as train/test/test_77.csv...
[2025-03-12T21:55:08.360+0000] {aws_s3_repository.py:90} INFO - Successfully uploaded test/test_77.txt as train/test/test_77.csv to curated.
[2025-03-12T21:55:08.361+0000] {aws_s3_repository.py:43} INFO - [AWS S3]📥 Download test/test_78.txt from staging...
[2025-03-12T21:55:08.369+0000] {aws_s3_repository.py:46} INFO - [AWS S3]⚙️ Prétraitement du fichier test/test_78.txt...
[2025-03-12T21:55:08.554+0000] {aws_s3_repository.py:86} INFO - Uploading tokenized data for test/test_78.txt to curated as train/test/test_78.csv...
[2025-03-12T21:55:08.561+0000] {aws_s3_repository.py:90} INFO - Successfully uploaded test/test_78.txt as train/test/test_78.csv to curated.
[2025-03-12T21:55:08.561+0000] {aws_s3_repository.py:43} INFO - [AWS S3]📥 Download test/test_79.txt from staging...
[2025-03-12T21:55:08.568+0000] {aws_s3_repository.py:46} INFO - [AWS S3]⚙️ Prétraitement du fichier test/test_79.txt...
[2025-03-12T21:55:08.742+0000] {aws_s3_repository.py:86} INFO - Uploading tokenized data for test/test_79.txt to curated as train/test/test_79.csv...
[2025-03-12T21:55:08.752+0000] {aws_s3_repository.py:90} INFO - Successfully uploaded test/test_79.txt as train/test/test_79.csv to curated.
[2025-03-12T21:55:08.753+0000] {aws_s3_repository.py:43} INFO - [AWS S3]📥 Download test/test_8.txt from staging...
[2025-03-12T21:55:08.763+0000] {aws_s3_repository.py:46} INFO - [AWS S3]⚙️ Prétraitement du fichier test/test_8.txt...
[2025-03-12T21:55:08.935+0000] {aws_s3_repository.py:86} INFO - Uploading tokenized data for test/test_8.txt to curated as train/test/test_8.csv...
[2025-03-12T21:55:08.941+0000] {aws_s3_repository.py:90} INFO - Successfully uploaded test/test_8.txt as train/test/test_8.csv to curated.
[2025-03-12T21:55:08.942+0000] {aws_s3_repository.py:43} INFO - [AWS S3]📥 Download test/test_80.txt from staging...
[2025-03-12T21:55:08.949+0000] {aws_s3_repository.py:46} INFO - [AWS S3]⚙️ Prétraitement du fichier test/test_80.txt...
[2025-03-12T21:55:09.109+0000] {aws_s3_repository.py:86} INFO - Uploading tokenized data for test/test_80.txt to curated as train/test/test_80.csv...
[2025-03-12T21:55:09.116+0000] {aws_s3_repository.py:90} INFO - Successfully uploaded test/test_80.txt as train/test/test_80.csv to curated.
[2025-03-12T21:55:09.117+0000] {aws_s3_repository.py:43} INFO - [AWS S3]📥 Download test/test_81.txt from staging...
[2025-03-12T21:55:09.123+0000] {aws_s3_repository.py:46} INFO - [AWS S3]⚙️ Prétraitement du fichier test/test_81.txt...
[2025-03-12T21:55:09.294+0000] {aws_s3_repository.py:86} INFO - Uploading tokenized data for test/test_81.txt to curated as train/test/test_81.csv...
[2025-03-12T21:55:09.302+0000] {aws_s3_repository.py:90} INFO - Successfully uploaded test/test_81.txt as train/test/test_81.csv to curated.
[2025-03-12T21:55:09.302+0000] {aws_s3_repository.py:43} INFO - [AWS S3]📥 Download test/test_82.txt from staging...
[2025-03-12T21:55:09.311+0000] {aws_s3_repository.py:46} INFO - [AWS S3]⚙️ Prétraitement du fichier test/test_82.txt...
[2025-03-12T21:55:09.477+0000] {aws_s3_repository.py:86} INFO - Uploading tokenized data for test/test_82.txt to curated as train/test/test_82.csv...
[2025-03-12T21:55:09.485+0000] {aws_s3_repository.py:90} INFO - Successfully uploaded test/test_82.txt as train/test/test_82.csv to curated.
[2025-03-12T21:55:09.485+0000] {aws_s3_repository.py:43} INFO - [AWS S3]📥 Download test/test_83.txt from staging...
[2025-03-12T21:55:09.494+0000] {aws_s3_repository.py:46} INFO - [AWS S3]⚙️ Prétraitement du fichier test/test_83.txt...
[2025-03-12T21:55:09.683+0000] {aws_s3_repository.py:86} INFO - Uploading tokenized data for test/test_83.txt to curated as train/test/test_83.csv...
[2025-03-12T21:55:09.692+0000] {aws_s3_repository.py:90} INFO - Successfully uploaded test/test_83.txt as train/test/test_83.csv to curated.
[2025-03-12T21:55:09.692+0000] {aws_s3_repository.py:43} INFO - [AWS S3]📥 Download test/test_84.txt from staging...
[2025-03-12T21:55:09.704+0000] {aws_s3_repository.py:46} INFO - [AWS S3]⚙️ Prétraitement du fichier test/test_84.txt...
[2025-03-12T21:55:09.883+0000] {aws_s3_repository.py:86} INFO - Uploading tokenized data for test/test_84.txt to curated as train/test/test_84.csv...
[2025-03-12T21:55:09.890+0000] {aws_s3_repository.py:90} INFO - Successfully uploaded test/test_84.txt as train/test/test_84.csv to curated.
[2025-03-12T21:55:09.891+0000] {aws_s3_repository.py:43} INFO - [AWS S3]📥 Download test/test_85.txt from staging...
[2025-03-12T21:55:09.903+0000] {aws_s3_repository.py:46} INFO - [AWS S3]⚙️ Prétraitement du fichier test/test_85.txt...
[2025-03-12T21:55:10.111+0000] {aws_s3_repository.py:86} INFO - Uploading tokenized data for test/test_85.txt to curated as train/test/test_85.csv...
[2025-03-12T21:55:10.122+0000] {aws_s3_repository.py:90} INFO - Successfully uploaded test/test_85.txt as train/test/test_85.csv to curated.
[2025-03-12T21:55:10.122+0000] {aws_s3_repository.py:43} INFO - [AWS S3]📥 Download test/test_86.txt from staging...
[2025-03-12T21:55:10.134+0000] {aws_s3_repository.py:46} INFO - [AWS S3]⚙️ Prétraitement du fichier test/test_86.txt...
[2025-03-12T21:55:10.341+0000] {aws_s3_repository.py:86} INFO - Uploading tokenized data for test/test_86.txt to curated as train/test/test_86.csv...
[2025-03-12T21:55:10.353+0000] {aws_s3_repository.py:90} INFO - Successfully uploaded test/test_86.txt as train/test/test_86.csv to curated.
[2025-03-12T21:55:10.354+0000] {aws_s3_repository.py:43} INFO - [AWS S3]📥 Download test/test_87.txt from staging...
[2025-03-12T21:55:10.366+0000] {aws_s3_repository.py:46} INFO - [AWS S3]⚙️ Prétraitement du fichier test/test_87.txt...
[2025-03-12T21:55:10.564+0000] {aws_s3_repository.py:86} INFO - Uploading tokenized data for test/test_87.txt to curated as train/test/test_87.csv...
[2025-03-12T21:55:10.573+0000] {aws_s3_repository.py:90} INFO - Successfully uploaded test/test_87.txt as train/test/test_87.csv to curated.
[2025-03-12T21:55:10.574+0000] {aws_s3_repository.py:43} INFO - [AWS S3]📥 Download test/test_88.txt from staging...
[2025-03-12T21:55:10.584+0000] {aws_s3_repository.py:46} INFO - [AWS S3]⚙️ Prétraitement du fichier test/test_88.txt...
[2025-03-12T21:55:10.844+0000] {aws_s3_repository.py:86} INFO - Uploading tokenized data for test/test_88.txt to curated as train/test/test_88.csv...
[2025-03-12T21:55:10.855+0000] {aws_s3_repository.py:90} INFO - Successfully uploaded test/test_88.txt as train/test/test_88.csv to curated.
[2025-03-12T21:55:10.855+0000] {aws_s3_repository.py:43} INFO - [AWS S3]📥 Download test/test_89.txt from staging...
[2025-03-12T21:55:10.867+0000] {aws_s3_repository.py:46} INFO - [AWS S3]⚙️ Prétraitement du fichier test/test_89.txt...
[2025-03-12T21:55:11.076+0000] {aws_s3_repository.py:86} INFO - Uploading tokenized data for test/test_89.txt to curated as train/test/test_89.csv...
[2025-03-12T21:55:11.087+0000] {aws_s3_repository.py:90} INFO - Successfully uploaded test/test_89.txt as train/test/test_89.csv to curated.
[2025-03-12T21:55:11.087+0000] {aws_s3_repository.py:43} INFO - [AWS S3]📥 Download test/test_9.txt from staging...
[2025-03-12T21:55:11.097+0000] {aws_s3_repository.py:46} INFO - [AWS S3]⚙️ Prétraitement du fichier test/test_9.txt...
[2025-03-12T21:55:11.302+0000] {aws_s3_repository.py:86} INFO - Uploading tokenized data for test/test_9.txt to curated as train/test/test_9.csv...
[2025-03-12T21:55:11.311+0000] {aws_s3_repository.py:90} INFO - Successfully uploaded test/test_9.txt as train/test/test_9.csv to curated.
[2025-03-12T21:55:11.312+0000] {aws_s3_repository.py:43} INFO - [AWS S3]📥 Download test/test_90.txt from staging...
[2025-03-12T21:55:11.324+0000] {aws_s3_repository.py:46} INFO - [AWS S3]⚙️ Prétraitement du fichier test/test_90.txt...
[2025-03-12T21:55:11.519+0000] {aws_s3_repository.py:86} INFO - Uploading tokenized data for test/test_90.txt to curated as train/test/test_90.csv...
[2025-03-12T21:55:11.530+0000] {aws_s3_repository.py:90} INFO - Successfully uploaded test/test_90.txt as train/test/test_90.csv to curated.
[2025-03-12T21:55:11.531+0000] {aws_s3_repository.py:43} INFO - [AWS S3]📥 Download test/test_91.txt from staging...
[2025-03-12T21:55:11.540+0000] {aws_s3_repository.py:46} INFO - [AWS S3]⚙️ Prétraitement du fichier test/test_91.txt...
[2025-03-12T21:55:11.787+0000] {aws_s3_repository.py:86} INFO - Uploading tokenized data for test/test_91.txt to curated as train/test/test_91.csv...
[2025-03-12T21:55:11.797+0000] {aws_s3_repository.py:90} INFO - Successfully uploaded test/test_91.txt as train/test/test_91.csv to curated.
[2025-03-12T21:55:11.798+0000] {aws_s3_repository.py:43} INFO - [AWS S3]📥 Download test/test_92.txt from staging...
[2025-03-12T21:55:11.809+0000] {aws_s3_repository.py:46} INFO - [AWS S3]⚙️ Prétraitement du fichier test/test_92.txt...
[2025-03-12T21:55:12.053+0000] {aws_s3_repository.py:86} INFO - Uploading tokenized data for test/test_92.txt to curated as train/test/test_92.csv...
[2025-03-12T21:55:12.062+0000] {aws_s3_repository.py:90} INFO - Successfully uploaded test/test_92.txt as train/test/test_92.csv to curated.
[2025-03-12T21:55:12.063+0000] {aws_s3_repository.py:43} INFO - [AWS S3]📥 Download test/test_93.txt from staging...
[2025-03-12T21:55:12.071+0000] {aws_s3_repository.py:46} INFO - [AWS S3]⚙️ Prétraitement du fichier test/test_93.txt...
[2025-03-12T21:55:12.240+0000] {aws_s3_repository.py:86} INFO - Uploading tokenized data for test/test_93.txt to curated as train/test/test_93.csv...
[2025-03-12T21:55:12.249+0000] {aws_s3_repository.py:90} INFO - Successfully uploaded test/test_93.txt as train/test/test_93.csv to curated.
[2025-03-12T21:55:12.249+0000] {aws_s3_repository.py:43} INFO - [AWS S3]📥 Download test/test_94.txt from staging...
[2025-03-12T21:55:12.257+0000] {aws_s3_repository.py:46} INFO - [AWS S3]⚙️ Prétraitement du fichier test/test_94.txt...
[2025-03-12T21:55:12.505+0000] {aws_s3_repository.py:86} INFO - Uploading tokenized data for test/test_94.txt to curated as train/test/test_94.csv...
[2025-03-12T21:55:12.517+0000] {aws_s3_repository.py:90} INFO - Successfully uploaded test/test_94.txt as train/test/test_94.csv to curated.
[2025-03-12T21:55:12.518+0000] {aws_s3_repository.py:43} INFO - [AWS S3]📥 Download test/test_95.txt from staging...
[2025-03-12T21:55:12.527+0000] {aws_s3_repository.py:46} INFO - [AWS S3]⚙️ Prétraitement du fichier test/test_95.txt...
[2025-03-12T21:55:12.719+0000] {aws_s3_repository.py:86} INFO - Uploading tokenized data for test/test_95.txt to curated as train/test/test_95.csv...
[2025-03-12T21:55:12.728+0000] {aws_s3_repository.py:90} INFO - Successfully uploaded test/test_95.txt as train/test/test_95.csv to curated.
[2025-03-12T21:55:12.729+0000] {aws_s3_repository.py:43} INFO - [AWS S3]📥 Download test/test_96.txt from staging...
[2025-03-12T21:55:12.740+0000] {aws_s3_repository.py:46} INFO - [AWS S3]⚙️ Prétraitement du fichier test/test_96.txt...
[2025-03-12T21:55:12.933+0000] {aws_s3_repository.py:86} INFO - Uploading tokenized data for test/test_96.txt to curated as train/test/test_96.csv...
[2025-03-12T21:55:12.942+0000] {aws_s3_repository.py:90} INFO - Successfully uploaded test/test_96.txt as train/test/test_96.csv to curated.
[2025-03-12T21:55:12.943+0000] {aws_s3_repository.py:43} INFO - [AWS S3]📥 Download test/test_97.txt from staging...
[2025-03-12T21:55:12.953+0000] {aws_s3_repository.py:46} INFO - [AWS S3]⚙️ Prétraitement du fichier test/test_97.txt...
[2025-03-12T21:55:13.125+0000] {aws_s3_repository.py:86} INFO - Uploading tokenized data for test/test_97.txt to curated as train/test/test_97.csv...
[2025-03-12T21:55:13.133+0000] {aws_s3_repository.py:90} INFO - Successfully uploaded test/test_97.txt as train/test/test_97.csv to curated.
[2025-03-12T21:55:13.134+0000] {aws_s3_repository.py:43} INFO - [AWS S3]📥 Download test/test_98.txt from staging...
[2025-03-12T21:55:13.141+0000] {aws_s3_repository.py:46} INFO - [AWS S3]⚙️ Prétraitement du fichier test/test_98.txt...
[2025-03-12T21:55:13.349+0000] {aws_s3_repository.py:86} INFO - Uploading tokenized data for test/test_98.txt to curated as train/test/test_98.csv...
[2025-03-12T21:55:13.359+0000] {aws_s3_repository.py:90} INFO - Successfully uploaded test/test_98.txt as train/test/test_98.csv to curated.
[2025-03-12T21:55:13.360+0000] {aws_s3_repository.py:43} INFO - [AWS S3]📥 Download test/test_99.txt from staging...
[2025-03-12T21:55:13.373+0000] {aws_s3_repository.py:46} INFO - [AWS S3]⚙️ Prétraitement du fichier test/test_99.txt...
[2025-03-12T21:55:13.543+0000] {aws_s3_repository.py:86} INFO - Uploading tokenized data for test/test_99.txt to curated as train/test/test_99.csv...
[2025-03-12T21:55:13.550+0000] {aws_s3_repository.py:90} INFO - Successfully uploaded test/test_99.txt as train/test/test_99.csv to curated.
[2025-03-12T21:55:13.550+0000] {manage_buckets.py:83} INFO - [Data manager] Data processed successfully.
[2025-03-12T21:55:13.551+0000] {manage_buckets.py:85} INFO - [Data manager] Listing folders in bucket: staging
[2025-03-12T21:55:13.637+0000] {manage_buckets.py:91} INFO - [Data manager] Folder: test/ - File count: 100
[2025-03-12T21:55:13.637+0000] {manage_buckets.py:91} INFO - [Data manager] Folder: train/ - File count: 100
[2025-03-12T21:55:13.638+0000] {manage_buckets.py:91} INFO - [Data manager] Folder: validation/ - File count: 100
[2025-03-12T21:55:13.638+0000] {taskinstance.py:3313} ERROR - Task failed with exception
Traceback (most recent call last):
  File "/usr/local/lib/python3.10/site-packages/airflow/models/taskinstance.py", line 768, in _execute_task
    result = _execute_callable(context=context, **execute_callable_kwargs)
  File "/usr/local/lib/python3.10/site-packages/airflow/models/taskinstance.py", line 734, in _execute_callable
    return ExecutionCallableRunner(
  File "/usr/local/lib/python3.10/site-packages/airflow/utils/operator_helpers.py", line 252, in run
    return self.func(*args, **kwargs)
  File "/usr/local/lib/python3.10/site-packages/airflow/models/baseoperator.py", line 424, in wrapper
    return func(self, *args, **kwargs)
  File "/usr/local/lib/python3.10/site-packages/airflow/operators/python.py", line 238, in execute
    return_value = self.execute_callable()
  File "/usr/local/lib/python3.10/site-packages/airflow/operators/python.py", line 256, in execute_callable
    return runner.run(*self.op_args, **self.op_kwargs)
  File "/usr/local/lib/python3.10/site-packages/airflow/utils/operator_helpers.py", line 252, in run
    return self.func(*args, **kwargs)
  File "/app/src/command/manage_buckets.py", line 96, in process_to_curated
    success = aws_s3.upload_file(Bucket='curated', Key=new_file_key, Data=tokenized_text)
AttributeError: 'AwsS3Repository' object has no attribute 'upload_file'
[2025-03-12T21:55:13.650+0000] {taskinstance.py:1226} INFO - Marking task as FAILED. dag_id=data_lake_pipeline, task_id=transform_staging_to_curated, run_id=manual__2025-03-12T21:48:40.665652+00:00, execution_date=20250312T214840, start_date=20250312T215452, end_date=20250312T215513
[2025-03-12T21:55:13.687+0000] {taskinstance.py:341} INFO - ::group::Post task execution logs
[2025-03-12T21:55:13.688+0000] {standard_task_runner.py:124} ERROR - Failed to execute job 22 for task transform_staging_to_curated ('AwsS3Repository' object has no attribute 'upload_file'; 386)
Traceback (most recent call last):
  File "/usr/local/lib/python3.10/site-packages/airflow/task/task_runner/standard_task_runner.py", line 117, in _start_by_fork
    ret = args.func(args, dag=self.dag)
  File "/usr/local/lib/python3.10/site-packages/airflow/cli/cli_config.py", line 49, in command
    return func(*args, **kwargs)
  File "/usr/local/lib/python3.10/site-packages/airflow/utils/cli.py", line 116, in wrapper
    return f(*args, **kwargs)
  File "/usr/local/lib/python3.10/site-packages/airflow/cli/commands/task_command.py", line 483, in task_run
    task_return_code = _run_task_by_selected_method(args, _dag, ti)
  File "/usr/local/lib/python3.10/site-packages/airflow/cli/commands/task_command.py", line 256, in _run_task_by_selected_method
    return _run_raw_task(args, ti)
  File "/usr/local/lib/python3.10/site-packages/airflow/cli/commands/task_command.py", line 341, in _run_raw_task
    return ti._run_raw_task(
  File "/usr/local/lib/python3.10/site-packages/airflow/utils/session.py", line 97, in wrapper
    return func(*args, session=session, **kwargs)
  File "/usr/local/lib/python3.10/site-packages/airflow/models/taskinstance.py", line 3006, in _run_raw_task
    return _run_raw_task(
  File "/usr/local/lib/python3.10/site-packages/airflow/models/taskinstance.py", line 274, in _run_raw_task
    TaskInstance._execute_task_with_callbacks(
  File "/usr/local/lib/python3.10/site-packages/airflow/models/taskinstance.py", line 3161, in _execute_task_with_callbacks
    result = self._execute_task(context, task_orig)
  File "/usr/local/lib/python3.10/site-packages/airflow/models/taskinstance.py", line 3185, in _execute_task
    return _execute_task(self, context, task_orig)
  File "/usr/local/lib/python3.10/site-packages/airflow/models/taskinstance.py", line 768, in _execute_task
    result = _execute_callable(context=context, **execute_callable_kwargs)
  File "/usr/local/lib/python3.10/site-packages/airflow/models/taskinstance.py", line 734, in _execute_callable
    return ExecutionCallableRunner(
  File "/usr/local/lib/python3.10/site-packages/airflow/utils/operator_helpers.py", line 252, in run
    return self.func(*args, **kwargs)
  File "/usr/local/lib/python3.10/site-packages/airflow/models/baseoperator.py", line 424, in wrapper
    return func(self, *args, **kwargs)
  File "/usr/local/lib/python3.10/site-packages/airflow/operators/python.py", line 238, in execute
    return_value = self.execute_callable()
  File "/usr/local/lib/python3.10/site-packages/airflow/operators/python.py", line 256, in execute_callable
    return runner.run(*self.op_args, **self.op_kwargs)
  File "/usr/local/lib/python3.10/site-packages/airflow/utils/operator_helpers.py", line 252, in run
    return self.func(*args, **kwargs)
  File "/app/src/command/manage_buckets.py", line 96, in process_to_curated
    success = aws_s3.upload_file(Bucket='curated', Key=new_file_key, Data=tokenized_text)
AttributeError: 'AwsS3Repository' object has no attribute 'upload_file'
[2025-03-12T21:55:13.724+0000] {local_task_job_runner.py:266} INFO - Task exited with return code 1
[2025-03-12T21:55:13.749+0000] {taskinstance.py:3901} INFO - 0 downstream tasks scheduled from follow-on schedule check
[2025-03-12T21:55:13.758+0000] {local_task_job_runner.py:245} INFO - ::endgroup::
