[2025-03-12T21:38:52.875+0000] {local_task_job_runner.py:123} INFO - ::group::Pre task execution logs
[2025-03-12T21:38:52.905+0000] {taskinstance.py:2614} INFO - Dependencies all met for dep_context=non-requeueable deps ti=<TaskInstance: data_lake_pipeline.end_pipeline manual__2025-03-12T21:38:31.379553+00:00 [queued]>
[2025-03-12T21:38:52.918+0000] {taskinstance.py:2614} INFO - Dependencies all met for dep_context=requeueable deps ti=<TaskInstance: data_lake_pipeline.end_pipeline manual__2025-03-12T21:38:31.379553+00:00 [queued]>
[2025-03-12T21:38:52.919+0000] {taskinstance.py:2867} INFO - Starting attempt 1 of 2
[2025-03-12T21:38:52.937+0000] {taskinstance.py:2890} INFO - Executing <Task(BashOperator): end_pipeline> on 2025-03-12 21:38:31.379553+00:00
[2025-03-12T21:38:52.946+0000] {standard_task_runner.py:72} INFO - Started process 248 to run task
[2025-03-12T21:38:52.961+0000] {standard_task_runner.py:104} INFO - Running: ['***', 'tasks', 'run', 'data_lake_pipeline', 'end_pipeline', 'manual__2025-03-12T21:38:31.379553+00:00', '--job-id', '72', '--raw', '--subdir', 'DAGS_FOLDER/data_pipeline_dag.py', '--cfg-path', '/tmp/tmpd5nvum8f']
[2025-03-12T21:38:52.964+0000] {standard_task_runner.py:105} INFO - Job 72: Subtask end_pipeline
[2025-03-12T21:38:53.006+0000] {logging_mixin.py:190} WARNING - /usr/local/lib/python3.10/site-packages/***/settings.py:209 DeprecationWarning: The sql_alchemy_conn option in [core] has been moved to the sql_alchemy_conn option in [database] - the old setting has been used, but please update your config.
[2025-03-12T21:38:53.075+0000] {task_command.py:467} INFO - Running <TaskInstance: data_lake_pipeline.end_pipeline manual__2025-03-12T21:38:31.379553+00:00 [running]> on host ***-scheduler
[2025-03-12T21:38:53.214+0000] {taskinstance.py:3134} INFO - Exporting env vars: AIRFLOW_CTX_DAG_OWNER='***' AIRFLOW_CTX_DAG_ID='data_lake_pipeline' AIRFLOW_CTX_TASK_ID='end_pipeline' AIRFLOW_CTX_EXECUTION_DATE='2025-03-12T21:38:31.379553+00:00' AIRFLOW_CTX_TRY_NUMBER='1' AIRFLOW_CTX_DAG_RUN_ID='manual__2025-03-12T21:38:31.379553+00:00'
[2025-03-12T21:38:53.217+0000] {taskinstance.py:732} INFO - ::endgroup::
[2025-03-12T21:38:53.236+0000] {subprocess.py:78} INFO - Tmp dir root location: /tmp
[2025-03-12T21:38:53.237+0000] {subprocess.py:88} INFO - Running command: ['/usr/bin/bash', '-c', 'echo "Pipeline terminé"']
[2025-03-12T21:38:53.253+0000] {subprocess.py:99} INFO - Output:
[2025-03-12T21:38:53.256+0000] {subprocess.py:106} INFO - Pipeline terminé
[2025-03-12T21:38:53.256+0000] {subprocess.py:110} INFO - Command exited with return code 0
[2025-03-12T21:38:53.291+0000] {taskinstance.py:341} INFO - ::group::Post task execution logs
[2025-03-12T21:38:53.292+0000] {taskinstance.py:353} INFO - Marking task as SUCCESS. dag_id=data_lake_pipeline, task_id=end_pipeline, run_id=manual__2025-03-12T21:38:31.379553+00:00, execution_date=20250312T213831, start_date=20250312T213852, end_date=20250312T213853
[2025-03-12T21:38:53.335+0000] {local_task_job_runner.py:266} INFO - Task exited with return code 0
[2025-03-12T21:38:53.355+0000] {local_task_job_runner.py:245} INFO - ::endgroup::
