[2025-03-12T15:16:37.906+0000] {local_task_job_runner.py:123} INFO - ::group::Pre task execution logs
[2025-03-12T15:16:37.932+0000] {taskinstance.py:2614} INFO - Dependencies all met for dep_context=non-requeueable deps ti=<TaskInstance: data_lake_pipeline.transform_raw_to_staging manual__2025-03-12T15:16:14.290888+00:00 [queued]>
[2025-03-12T15:16:37.944+0000] {taskinstance.py:2614} INFO - Dependencies all met for dep_context=requeueable deps ti=<TaskInstance: data_lake_pipeline.transform_raw_to_staging manual__2025-03-12T15:16:14.290888+00:00 [queued]>
[2025-03-12T15:16:37.945+0000] {taskinstance.py:2867} INFO - Starting attempt 1 of 2
[2025-03-12T15:16:38.034+0000] {taskinstance.py:2890} INFO - Executing <Task(PythonOperator): transform_raw_to_staging> on 2025-03-12 15:16:14.290888+00:00
[2025-03-12T15:16:38.041+0000] {standard_task_runner.py:72} INFO - Started process 380 to run task
[2025-03-12T15:16:38.046+0000] {standard_task_runner.py:104} INFO - Running: ['***', 'tasks', 'run', 'data_lake_pipeline', 'transform_raw_to_staging', 'manual__2025-03-12T15:16:14.290888+00:00', '--job-id', '131', '--raw', '--subdir', 'DAGS_FOLDER/data_pipeline_dag.py', '--cfg-path', '/tmp/tmpuu43odpa']
[2025-03-12T15:16:38.050+0000] {standard_task_runner.py:105} INFO - Job 131: Subtask transform_raw_to_staging
[2025-03-12T15:16:38.078+0000] {logging_mixin.py:190} WARNING - /usr/local/lib/python3.10/site-packages/***/settings.py:209 DeprecationWarning: The sql_alchemy_conn option in [core] has been moved to the sql_alchemy_conn option in [database] - the old setting has been used, but please update your config.
[2025-03-12T15:16:38.120+0000] {task_command.py:467} INFO - Running <TaskInstance: data_lake_pipeline.transform_raw_to_staging manual__2025-03-12T15:16:14.290888+00:00 [running]> on host ***-scheduler
[2025-03-12T15:16:38.264+0000] {taskinstance.py:3134} INFO - Exporting env vars: AIRFLOW_CTX_DAG_OWNER='***' AIRFLOW_CTX_DAG_ID='data_lake_pipeline' AIRFLOW_CTX_TASK_ID='transform_raw_to_staging' AIRFLOW_CTX_EXECUTION_DATE='2025-03-12T15:16:14.290888+00:00' AIRFLOW_CTX_TRY_NUMBER='1' AIRFLOW_CTX_DAG_RUN_ID='manual__2025-03-12T15:16:14.290888+00:00'
[2025-03-12T15:16:38.267+0000] {taskinstance.py:732} INFO - ::endgroup::
[2025-03-12T15:16:38.283+0000] {aws_s3_repository.py:33} INFO - [AWS S3] Getting list of raw's files...
[2025-03-12T15:16:38.314+0000] {aws_s3_repository.py:38} INFO - [AWS S3]📥 Download ResponseMetadata from raw...
[2025-03-12T15:16:38.325+0000] {aws_s3_repository.py:51} CRITICAL - [AWS S3] Error while processing data raw ...
[2025-03-12T15:16:38.326+0000] {aws_s3_repository.py:33} INFO - [AWS S3] Getting list of raw's files...
[2025-03-12T15:16:38.350+0000] {aws_s3_repository.py:38} INFO - [AWS S3]📥 Download ResponseMetadata from raw...
[2025-03-12T15:16:38.355+0000] {aws_s3_repository.py:51} CRITICAL - [AWS S3] Error while processing data raw ...
[2025-03-12T15:16:38.356+0000] {aws_s3_repository.py:33} INFO - [AWS S3] Getting list of raw's files...
[2025-03-12T15:16:38.379+0000] {aws_s3_repository.py:38} INFO - [AWS S3]📥 Download ResponseMetadata from raw...
[2025-03-12T15:16:38.385+0000] {aws_s3_repository.py:51} CRITICAL - [AWS S3] Error while processing data raw ...
[2025-03-12T15:16:38.386+0000] {manage_buckets.py:55} ERROR - [Data manager] Data processing failed.
[2025-03-12T15:16:38.387+0000] {python.py:240} INFO - Done. Returned value was: None
[2025-03-12T15:16:38.397+0000] {taskinstance.py:341} INFO - ::group::Post task execution logs
[2025-03-12T15:16:38.398+0000] {taskinstance.py:353} INFO - Marking task as SUCCESS. dag_id=data_lake_pipeline, task_id=transform_raw_to_staging, run_id=manual__2025-03-12T15:16:14.290888+00:00, execution_date=20250312T151614, start_date=20250312T151637, end_date=20250312T151638
[2025-03-12T15:16:38.467+0000] {local_task_job_runner.py:266} INFO - Task exited with return code 0
[2025-03-12T15:16:38.488+0000] {taskinstance.py:3901} INFO - 0 downstream tasks scheduled from follow-on schedule check
[2025-03-12T15:16:38.508+0000] {local_task_job_runner.py:245} INFO - ::endgroup::
