[2025-03-12T21:33:04.364+0000] {local_task_job_runner.py:123} INFO - ::group::Pre task execution logs
[2025-03-12T21:33:04.397+0000] {taskinstance.py:2614} INFO - Dependencies all met for dep_context=non-requeueable deps ti=<TaskInstance: data_lake_pipeline.transform_staging_to_curated manual__2025-03-12T21:32:45.150662+00:00 [queued]>
[2025-03-12T21:33:04.428+0000] {taskinstance.py:2614} INFO - Dependencies all met for dep_context=requeueable deps ti=<TaskInstance: data_lake_pipeline.transform_staging_to_curated manual__2025-03-12T21:32:45.150662+00:00 [queued]>
[2025-03-12T21:33:04.429+0000] {taskinstance.py:2867} INFO - Starting attempt 1 of 2
[2025-03-12T21:33:04.511+0000] {taskinstance.py:2890} INFO - Executing <Task(PythonOperator): transform_staging_to_curated> on 2025-03-12 21:32:45.150662+00:00
[2025-03-12T21:33:04.521+0000] {standard_task_runner.py:72} INFO - Started process 248 to run task
[2025-03-12T21:33:04.544+0000] {standard_task_runner.py:104} INFO - Running: ['***', 'tasks', 'run', 'data_lake_pipeline', 'transform_staging_to_curated', 'manual__2025-03-12T21:32:45.150662+00:00', '--job-id', '56', '--raw', '--subdir', 'DAGS_FOLDER/data_pipeline_dag.py', '--cfg-path', '/tmp/tmp_ymlnyhp']
[2025-03-12T21:33:04.548+0000] {standard_task_runner.py:105} INFO - Job 56: Subtask transform_staging_to_curated
[2025-03-12T21:33:04.606+0000] {logging_mixin.py:190} WARNING - /usr/local/lib/python3.10/site-packages/***/settings.py:209 DeprecationWarning: The sql_alchemy_conn option in [core] has been moved to the sql_alchemy_conn option in [database] - the old setting has been used, but please update your config.
[2025-03-12T21:33:04.726+0000] {task_command.py:467} INFO - Running <TaskInstance: data_lake_pipeline.transform_staging_to_curated manual__2025-03-12T21:32:45.150662+00:00 [running]> on host ***-scheduler
[2025-03-12T21:33:04.909+0000] {taskinstance.py:3134} INFO - Exporting env vars: AIRFLOW_CTX_DAG_OWNER='***' AIRFLOW_CTX_DAG_ID='data_lake_pipeline' AIRFLOW_CTX_TASK_ID='transform_staging_to_curated' AIRFLOW_CTX_EXECUTION_DATE='2025-03-12T21:32:45.150662+00:00' AIRFLOW_CTX_TRY_NUMBER='1' AIRFLOW_CTX_DAG_RUN_ID='manual__2025-03-12T21:32:45.150662+00:00'
[2025-03-12T21:33:04.915+0000] {taskinstance.py:732} INFO - ::endgroup::
[2025-03-12T21:33:04.941+0000] {manage_buckets.py:63} INFO - [Data manager] Prefix(s) : ['test', 'train', 'validation']
[2025-03-12T21:33:04.942+0000] {manage_buckets.py:66} INFO - [Data manager] Processing data from: test
[2025-03-12T21:33:04.943+0000] {aws_s3_repository.py:35} INFO - [AWS S3] Getting list of staging's files...
[2025-03-12T21:33:04.978+0000] {manage_buckets.py:95} ERROR - [Data manager] Data processing failed for prefix: test
[2025-03-12T21:33:04.980+0000] {manage_buckets.py:66} INFO - [Data manager] Processing data from: train
[2025-03-12T21:33:04.980+0000] {aws_s3_repository.py:35} INFO - [AWS S3] Getting list of staging's files...
[2025-03-12T21:33:04.988+0000] {manage_buckets.py:95} ERROR - [Data manager] Data processing failed for prefix: train
[2025-03-12T21:33:04.989+0000] {manage_buckets.py:66} INFO - [Data manager] Processing data from: validation
[2025-03-12T21:33:04.989+0000] {aws_s3_repository.py:35} INFO - [AWS S3] Getting list of staging's files...
[2025-03-12T21:33:05.001+0000] {manage_buckets.py:95} ERROR - [Data manager] Data processing failed for prefix: validation
[2025-03-12T21:33:05.002+0000] {python.py:240} INFO - Done. Returned value was: None
[2025-03-12T21:33:05.025+0000] {taskinstance.py:341} INFO - ::group::Post task execution logs
[2025-03-12T21:33:05.027+0000] {taskinstance.py:353} INFO - Marking task as SUCCESS. dag_id=data_lake_pipeline, task_id=transform_staging_to_curated, run_id=manual__2025-03-12T21:32:45.150662+00:00, execution_date=20250312T213245, start_date=20250312T213304, end_date=20250312T213305
[2025-03-12T21:33:05.131+0000] {local_task_job_runner.py:266} INFO - Task exited with return code 0
[2025-03-12T21:33:05.189+0000] {taskinstance.py:3901} INFO - 1 downstream tasks scheduled from follow-on schedule check
[2025-03-12T21:33:05.201+0000] {local_task_job_runner.py:245} INFO - ::endgroup::
