[2025-03-12T13:24:54.822+0000] {local_task_job_runner.py:123} INFO - ::group::Pre task execution logs
[2025-03-12T13:24:54.847+0000] {taskinstance.py:2614} INFO - Dependencies all met for dep_context=non-requeueable deps ti=<TaskInstance: data_lake_pipeline.start_pipeline manual__2025-03-12T13:24:50.960714+00:00 [queued]>
[2025-03-12T13:24:54.866+0000] {taskinstance.py:2614} INFO - Dependencies all met for dep_context=requeueable deps ti=<TaskInstance: data_lake_pipeline.start_pipeline manual__2025-03-12T13:24:50.960714+00:00 [queued]>
[2025-03-12T13:24:54.867+0000] {taskinstance.py:2867} INFO - Starting attempt 1 of 2
[2025-03-12T13:24:54.894+0000] {taskinstance.py:2890} INFO - Executing <Task(BashOperator): start_pipeline> on 2025-03-12 13:24:50.960714+00:00
[2025-03-12T13:24:54.907+0000] {standard_task_runner.py:72} INFO - Started process 206 to run task
[2025-03-12T13:24:54.924+0000] {standard_task_runner.py:104} INFO - Running: ['***', 'tasks', 'run', 'data_lake_pipeline', 'start_pipeline', 'manual__2025-03-12T13:24:50.960714+00:00', '--job-id', '35', '--raw', '--subdir', 'DAGS_FOLDER/data_pipeline_dag.py', '--cfg-path', '/tmp/tmpn5eom7en']
[2025-03-12T13:24:54.933+0000] {standard_task_runner.py:105} INFO - Job 35: Subtask start_pipeline
[2025-03-12T13:24:55.009+0000] {logging_mixin.py:190} WARNING - /usr/local/lib/python3.10/site-packages/***/settings.py:209 DeprecationWarning: The sql_alchemy_conn option in [core] has been moved to the sql_alchemy_conn option in [database] - the old setting has been used, but please update your config.
[2025-03-12T13:24:55.084+0000] {task_command.py:467} INFO - Running <TaskInstance: data_lake_pipeline.start_pipeline manual__2025-03-12T13:24:50.960714+00:00 [running]> on host ***-scheduler
[2025-03-12T13:24:55.400+0000] {taskinstance.py:3134} INFO - Exporting env vars: AIRFLOW_CTX_DAG_OWNER='***' AIRFLOW_CTX_DAG_ID='data_lake_pipeline' AIRFLOW_CTX_TASK_ID='start_pipeline' AIRFLOW_CTX_EXECUTION_DATE='2025-03-12T13:24:50.960714+00:00' AIRFLOW_CTX_TRY_NUMBER='1' AIRFLOW_CTX_DAG_RUN_ID='manual__2025-03-12T13:24:50.960714+00:00'
[2025-03-12T13:24:55.402+0000] {taskinstance.py:732} INFO - ::endgroup::
[2025-03-12T13:24:55.428+0000] {subprocess.py:78} INFO - Tmp dir root location: /tmp
[2025-03-12T13:24:55.434+0000] {subprocess.py:88} INFO - Running command: ['/usr/bin/bash', '-c', 'echo "Pipeline démarré"']
[2025-03-12T13:24:55.455+0000] {subprocess.py:99} INFO - Output:
[2025-03-12T13:24:55.458+0000] {subprocess.py:106} INFO - Pipeline démarré
[2025-03-12T13:24:55.459+0000] {subprocess.py:110} INFO - Command exited with return code 0
[2025-03-12T13:24:55.508+0000] {taskinstance.py:341} INFO - ::group::Post task execution logs
[2025-03-12T13:24:55.510+0000] {taskinstance.py:353} INFO - Marking task as SUCCESS. dag_id=data_lake_pipeline, task_id=start_pipeline, run_id=manual__2025-03-12T13:24:50.960714+00:00, execution_date=20250312T132450, start_date=20250312T132454, end_date=20250312T132455
[2025-03-12T13:24:55.615+0000] {local_task_job_runner.py:266} INFO - Task exited with return code 0
[2025-03-12T13:24:55.630+0000] {local_task_job_runner.py:245} INFO - ::endgroup::
