[2025-03-12T11:15:12.220+0000] {local_task_job_runner.py:123} INFO - ::group::Pre task execution logs
[2025-03-12T11:15:12.249+0000] {taskinstance.py:2614} INFO - Dependencies all met for dep_context=non-requeueable deps ti=<TaskInstance: data_lake_pipeline.end_pipeline scheduled__2025-03-11T00:00:00+00:00 [queued]>
[2025-03-12T11:15:12.265+0000] {taskinstance.py:2614} INFO - Dependencies all met for dep_context=requeueable deps ti=<TaskInstance: data_lake_pipeline.end_pipeline scheduled__2025-03-11T00:00:00+00:00 [queued]>
[2025-03-12T11:15:12.265+0000] {taskinstance.py:2867} INFO - Starting attempt 1 of 2
[2025-03-12T11:15:12.282+0000] {taskinstance.py:2890} INFO - Executing <Task(BashOperator): end_pipeline> on 2025-03-11 00:00:00+00:00
[2025-03-12T11:15:12.286+0000] {standard_task_runner.py:72} INFO - Started process 189 to run task
[2025-03-12T11:15:12.292+0000] {standard_task_runner.py:104} INFO - Running: ['***', 'tasks', 'run', 'data_lake_pipeline', 'end_pipeline', 'scheduled__2025-03-11T00:00:00+00:00', '--job-id', '241', '--raw', '--subdir', 'DAGS_FOLDER/data_pipeline_dag.py', '--cfg-path', '/tmp/tmpli4bj33l']
[2025-03-12T11:15:12.293+0000] {standard_task_runner.py:105} INFO - Job 241: Subtask end_pipeline
[2025-03-12T11:15:12.314+0000] {logging_mixin.py:190} WARNING - /usr/local/lib/python3.10/site-packages/***/settings.py:209 DeprecationWarning: The sql_alchemy_conn option in [core] has been moved to the sql_alchemy_conn option in [database] - the old setting has been used, but please update your config.
[2025-03-12T11:15:12.361+0000] {task_command.py:467} INFO - Running <TaskInstance: data_lake_pipeline.end_pipeline scheduled__2025-03-11T00:00:00+00:00 [running]> on host ***-scheduler
[2025-03-12T11:15:12.364+0000] {logging_mixin.py:190} WARNING - /usr/local/lib/python3.10/site-packages/***/settings.py:470 DeprecationWarning: The sql_alchemy_conn option in [core] has been moved to the sql_alchemy_conn option in [database] - the old setting has been used, but please update your config.
[2025-03-12T11:15:12.605+0000] {taskinstance.py:3134} INFO - Exporting env vars: AIRFLOW_CTX_DAG_OWNER='***' AIRFLOW_CTX_DAG_ID='data_lake_pipeline' AIRFLOW_CTX_TASK_ID='end_pipeline' AIRFLOW_CTX_EXECUTION_DATE='2025-03-11T00:00:00+00:00' AIRFLOW_CTX_TRY_NUMBER='1' AIRFLOW_CTX_DAG_RUN_ID='scheduled__2025-03-11T00:00:00+00:00'
[2025-03-12T11:15:12.606+0000] {taskinstance.py:732} INFO - ::endgroup::
[2025-03-12T11:15:12.627+0000] {subprocess.py:78} INFO - Tmp dir root location: /tmp
[2025-03-12T11:15:12.627+0000] {subprocess.py:88} INFO - Running command: ['/usr/bin/bash', '-c', 'echo "Pipeline terminé"']
[2025-03-12T11:15:12.639+0000] {subprocess.py:99} INFO - Output:
[2025-03-12T11:15:12.642+0000] {subprocess.py:106} INFO - Pipeline terminé
[2025-03-12T11:15:12.643+0000] {subprocess.py:110} INFO - Command exited with return code 0
[2025-03-12T11:15:12.681+0000] {taskinstance.py:341} INFO - ::group::Post task execution logs
[2025-03-12T11:15:12.682+0000] {taskinstance.py:353} INFO - Marking task as SUCCESS. dag_id=data_lake_pipeline, task_id=end_pipeline, run_id=scheduled__2025-03-11T00:00:00+00:00, execution_date=20250311T000000, start_date=20250312T111512, end_date=20250312T111512
[2025-03-12T11:15:12.758+0000] {local_task_job_runner.py:266} INFO - Task exited with return code 0
[2025-03-12T11:15:12.781+0000] {taskinstance.py:3901} INFO - 0 downstream tasks scheduled from follow-on schedule check
[2025-03-12T11:15:12.785+0000] {local_task_job_runner.py:245} INFO - ::endgroup::
[2025-03-12T12:41:45.557+0000] {local_task_job_runner.py:123} INFO - ::group::Pre task execution logs
[2025-03-12T12:41:45.581+0000] {taskinstance.py:2614} INFO - Dependencies all met for dep_context=non-requeueable deps ti=<TaskInstance: data_lake_pipeline.end_pipeline scheduled__2025-03-11T00:00:00+00:00 [queued]>
[2025-03-12T12:41:45.593+0000] {taskinstance.py:2614} INFO - Dependencies all met for dep_context=requeueable deps ti=<TaskInstance: data_lake_pipeline.end_pipeline scheduled__2025-03-11T00:00:00+00:00 [queued]>
[2025-03-12T12:41:45.593+0000] {taskinstance.py:2867} INFO - Starting attempt 1 of 2
[2025-03-12T12:41:45.612+0000] {taskinstance.py:2890} INFO - Executing <Task(BashOperator): end_pipeline> on 2025-03-11 00:00:00+00:00
[2025-03-12T12:41:45.618+0000] {standard_task_runner.py:72} INFO - Started process 312 to run task
[2025-03-12T12:41:45.626+0000] {standard_task_runner.py:104} INFO - Running: ['***', 'tasks', 'run', 'data_lake_pipeline', 'end_pipeline', 'scheduled__2025-03-11T00:00:00+00:00', '--job-id', '10', '--raw', '--subdir', 'DAGS_FOLDER/data_pipeline_dag.py', '--cfg-path', '/tmp/tmp2_h17t5n']
[2025-03-12T12:41:45.629+0000] {standard_task_runner.py:105} INFO - Job 10: Subtask end_pipeline
[2025-03-12T12:41:45.647+0000] {logging_mixin.py:190} WARNING - /usr/local/lib/python3.10/site-packages/***/settings.py:209 DeprecationWarning: The sql_alchemy_conn option in [core] has been moved to the sql_alchemy_conn option in [database] - the old setting has been used, but please update your config.
[2025-03-12T12:41:45.685+0000] {task_command.py:467} INFO - Running <TaskInstance: data_lake_pipeline.end_pipeline scheduled__2025-03-11T00:00:00+00:00 [running]> on host ***-scheduler
[2025-03-12T12:41:45.688+0000] {logging_mixin.py:190} WARNING - /usr/local/lib/python3.10/site-packages/***/settings.py:470 DeprecationWarning: The sql_alchemy_conn option in [core] has been moved to the sql_alchemy_conn option in [database] - the old setting has been used, but please update your config.
[2025-03-12T12:41:45.921+0000] {taskinstance.py:3134} INFO - Exporting env vars: AIRFLOW_CTX_DAG_OWNER='***' AIRFLOW_CTX_DAG_ID='data_lake_pipeline' AIRFLOW_CTX_TASK_ID='end_pipeline' AIRFLOW_CTX_EXECUTION_DATE='2025-03-11T00:00:00+00:00' AIRFLOW_CTX_TRY_NUMBER='1' AIRFLOW_CTX_DAG_RUN_ID='scheduled__2025-03-11T00:00:00+00:00'
[2025-03-12T12:41:45.922+0000] {taskinstance.py:732} INFO - ::endgroup::
[2025-03-12T12:41:45.934+0000] {subprocess.py:78} INFO - Tmp dir root location: /tmp
[2025-03-12T12:41:45.935+0000] {subprocess.py:88} INFO - Running command: ['/usr/bin/bash', '-c', 'echo "Pipeline terminé"']
[2025-03-12T12:41:45.945+0000] {subprocess.py:99} INFO - Output:
[2025-03-12T12:41:45.947+0000] {subprocess.py:106} INFO - Pipeline terminé
[2025-03-12T12:41:45.948+0000] {subprocess.py:110} INFO - Command exited with return code 0
[2025-03-12T12:41:45.974+0000] {taskinstance.py:341} INFO - ::group::Post task execution logs
[2025-03-12T12:41:45.974+0000] {taskinstance.py:353} INFO - Marking task as SUCCESS. dag_id=data_lake_pipeline, task_id=end_pipeline, run_id=scheduled__2025-03-11T00:00:00+00:00, execution_date=20250311T000000, start_date=20250312T124145, end_date=20250312T124145
[2025-03-12T12:41:46.008+0000] {local_task_job_runner.py:266} INFO - Task exited with return code 0
[2025-03-12T12:41:46.026+0000] {taskinstance.py:3901} INFO - 0 downstream tasks scheduled from follow-on schedule check
[2025-03-12T12:41:46.030+0000] {local_task_job_runner.py:245} INFO - ::endgroup::
[2025-03-12T13:11:03.646+0000] {local_task_job_runner.py:123} INFO - ::group::Pre task execution logs
[2025-03-12T13:11:03.693+0000] {taskinstance.py:2614} INFO - Dependencies all met for dep_context=non-requeueable deps ti=<TaskInstance: data_lake_pipeline.end_pipeline scheduled__2025-03-11T00:00:00+00:00 [queued]>
[2025-03-12T13:11:03.719+0000] {taskinstance.py:2614} INFO - Dependencies all met for dep_context=requeueable deps ti=<TaskInstance: data_lake_pipeline.end_pipeline scheduled__2025-03-11T00:00:00+00:00 [queued]>
[2025-03-12T13:11:03.720+0000] {taskinstance.py:2867} INFO - Starting attempt 1 of 2
[2025-03-12T13:11:03.788+0000] {taskinstance.py:2890} INFO - Executing <Task(BashOperator): end_pipeline> on 2025-03-11 00:00:00+00:00
[2025-03-12T13:11:03.803+0000] {standard_task_runner.py:72} INFO - Started process 260 to run task
[2025-03-12T13:11:04.026+0000] {standard_task_runner.py:104} INFO - Running: ['***', 'tasks', 'run', 'data_lake_pipeline', 'end_pipeline', 'scheduled__2025-03-11T00:00:00+00:00', '--job-id', '10', '--raw', '--subdir', 'DAGS_FOLDER/data_pipeline_dag.py', '--cfg-path', '/tmp/tmp3d7xx4zg']
[2025-03-12T13:11:04.054+0000] {standard_task_runner.py:105} INFO - Job 10: Subtask end_pipeline
[2025-03-12T13:11:04.180+0000] {logging_mixin.py:190} WARNING - /usr/local/lib/python3.10/site-packages/***/settings.py:209 DeprecationWarning: The sql_alchemy_conn option in [core] has been moved to the sql_alchemy_conn option in [database] - the old setting has been used, but please update your config.
[2025-03-12T13:11:04.335+0000] {task_command.py:467} INFO - Running <TaskInstance: data_lake_pipeline.end_pipeline scheduled__2025-03-11T00:00:00+00:00 [running]> on host ***-scheduler
[2025-03-12T13:11:04.353+0000] {logging_mixin.py:190} WARNING - /usr/local/lib/python3.10/site-packages/***/settings.py:470 DeprecationWarning: The sql_alchemy_conn option in [core] has been moved to the sql_alchemy_conn option in [database] - the old setting has been used, but please update your config.
[2025-03-12T13:11:04.640+0000] {taskinstance.py:3134} INFO - Exporting env vars: AIRFLOW_CTX_DAG_OWNER='***' AIRFLOW_CTX_DAG_ID='data_lake_pipeline' AIRFLOW_CTX_TASK_ID='end_pipeline' AIRFLOW_CTX_EXECUTION_DATE='2025-03-11T00:00:00+00:00' AIRFLOW_CTX_TRY_NUMBER='1' AIRFLOW_CTX_DAG_RUN_ID='scheduled__2025-03-11T00:00:00+00:00'
[2025-03-12T13:11:04.652+0000] {taskinstance.py:732} INFO - ::endgroup::
[2025-03-12T13:11:04.716+0000] {subprocess.py:78} INFO - Tmp dir root location: /tmp
[2025-03-12T13:11:04.717+0000] {subprocess.py:88} INFO - Running command: ['/usr/bin/bash', '-c', 'echo "Pipeline terminé"']
[2025-03-12T13:11:04.747+0000] {subprocess.py:99} INFO - Output:
[2025-03-12T13:11:04.753+0000] {subprocess.py:106} INFO - Pipeline terminé
[2025-03-12T13:11:04.754+0000] {subprocess.py:110} INFO - Command exited with return code 0
[2025-03-12T13:11:04.822+0000] {taskinstance.py:341} INFO - ::group::Post task execution logs
[2025-03-12T13:11:04.827+0000] {taskinstance.py:353} INFO - Marking task as SUCCESS. dag_id=data_lake_pipeline, task_id=end_pipeline, run_id=scheduled__2025-03-11T00:00:00+00:00, execution_date=20250311T000000, start_date=20250312T131103, end_date=20250312T131104
[2025-03-12T13:11:05.007+0000] {local_task_job_runner.py:266} INFO - Task exited with return code 0
[2025-03-12T13:11:05.051+0000] {taskinstance.py:3901} INFO - 0 downstream tasks scheduled from follow-on schedule check
[2025-03-12T13:11:05.060+0000] {local_task_job_runner.py:245} INFO - ::endgroup::
[2025-03-12T16:29:55.667+0000] {local_task_job_runner.py:123} INFO - ::group::Pre task execution logs
[2025-03-12T16:29:55.715+0000] {taskinstance.py:2614} INFO - Dependencies all met for dep_context=non-requeueable deps ti=<TaskInstance: data_lake_pipeline.end_pipeline scheduled__2025-03-11T00:00:00+00:00 [queued]>
[2025-03-12T16:29:55.736+0000] {taskinstance.py:2614} INFO - Dependencies all met for dep_context=requeueable deps ti=<TaskInstance: data_lake_pipeline.end_pipeline scheduled__2025-03-11T00:00:00+00:00 [queued]>
[2025-03-12T16:29:55.737+0000] {taskinstance.py:2867} INFO - Starting attempt 1 of 2
[2025-03-12T16:29:55.817+0000] {taskinstance.py:2890} INFO - Executing <Task(BashOperator): end_pipeline> on 2025-03-11 00:00:00+00:00
[2025-03-12T16:29:55.829+0000] {standard_task_runner.py:72} INFO - Started process 200 to run task
[2025-03-12T16:29:55.868+0000] {standard_task_runner.py:104} INFO - Running: ['***', 'tasks', 'run', 'data_lake_pipeline', 'end_pipeline', 'scheduled__2025-03-11T00:00:00+00:00', '--job-id', '6', '--raw', '--subdir', 'DAGS_FOLDER/data_pipeline_dag.py', '--cfg-path', '/tmp/tmp3bbegp_t']
[2025-03-12T16:29:55.887+0000] {standard_task_runner.py:105} INFO - Job 6: Subtask end_pipeline
[2025-03-12T16:29:55.960+0000] {logging_mixin.py:190} WARNING - /usr/local/lib/python3.10/site-packages/***/settings.py:209 DeprecationWarning: The sql_alchemy_conn option in [core] has been moved to the sql_alchemy_conn option in [database] - the old setting has been used, but please update your config.
[2025-03-12T16:29:56.178+0000] {task_command.py:467} INFO - Running <TaskInstance: data_lake_pipeline.end_pipeline scheduled__2025-03-11T00:00:00+00:00 [running]> on host ***-scheduler
[2025-03-12T16:29:56.184+0000] {logging_mixin.py:190} WARNING - /usr/local/lib/python3.10/site-packages/***/settings.py:470 DeprecationWarning: The sql_alchemy_conn option in [core] has been moved to the sql_alchemy_conn option in [database] - the old setting has been used, but please update your config.
[2025-03-12T16:29:56.572+0000] {taskinstance.py:3134} INFO - Exporting env vars: AIRFLOW_CTX_DAG_OWNER='***' AIRFLOW_CTX_DAG_ID='data_lake_pipeline' AIRFLOW_CTX_TASK_ID='end_pipeline' AIRFLOW_CTX_EXECUTION_DATE='2025-03-11T00:00:00+00:00' AIRFLOW_CTX_TRY_NUMBER='1' AIRFLOW_CTX_DAG_RUN_ID='scheduled__2025-03-11T00:00:00+00:00'
[2025-03-12T16:29:56.575+0000] {taskinstance.py:732} INFO - ::endgroup::
[2025-03-12T16:29:56.605+0000] {subprocess.py:78} INFO - Tmp dir root location: /tmp
[2025-03-12T16:29:56.606+0000] {subprocess.py:88} INFO - Running command: ['/usr/bin/bash', '-c', 'echo "Pipeline terminé"']
[2025-03-12T16:29:56.633+0000] {subprocess.py:99} INFO - Output:
[2025-03-12T16:29:56.637+0000] {subprocess.py:106} INFO - Pipeline terminé
[2025-03-12T16:29:56.639+0000] {subprocess.py:110} INFO - Command exited with return code 0
[2025-03-12T16:29:56.741+0000] {taskinstance.py:341} INFO - ::group::Post task execution logs
[2025-03-12T16:29:56.743+0000] {taskinstance.py:353} INFO - Marking task as SUCCESS. dag_id=data_lake_pipeline, task_id=end_pipeline, run_id=scheduled__2025-03-11T00:00:00+00:00, execution_date=20250311T000000, start_date=20250312T162955, end_date=20250312T162956
[2025-03-12T16:29:56.857+0000] {local_task_job_runner.py:266} INFO - Task exited with return code 0
[2025-03-12T16:29:56.902+0000] {taskinstance.py:3901} INFO - 0 downstream tasks scheduled from follow-on schedule check
[2025-03-12T16:29:56.914+0000] {local_task_job_runner.py:245} INFO - ::endgroup::
[2025-03-12T16:42:58.952+0000] {local_task_job_runner.py:123} INFO - ::group::Pre task execution logs
[2025-03-12T16:42:58.984+0000] {taskinstance.py:2614} INFO - Dependencies all met for dep_context=non-requeueable deps ti=<TaskInstance: data_lake_pipeline.end_pipeline scheduled__2025-03-11T00:00:00+00:00 [queued]>
[2025-03-12T16:42:59.001+0000] {taskinstance.py:2614} INFO - Dependencies all met for dep_context=requeueable deps ti=<TaskInstance: data_lake_pipeline.end_pipeline scheduled__2025-03-11T00:00:00+00:00 [queued]>
[2025-03-12T16:42:59.002+0000] {taskinstance.py:2867} INFO - Starting attempt 1 of 2
[2025-03-12T16:42:59.026+0000] {taskinstance.py:2890} INFO - Executing <Task(BashOperator): end_pipeline> on 2025-03-11 00:00:00+00:00
[2025-03-12T16:42:59.035+0000] {standard_task_runner.py:72} INFO - Started process 206 to run task
[2025-03-12T16:42:59.048+0000] {standard_task_runner.py:104} INFO - Running: ['***', 'tasks', 'run', 'data_lake_pipeline', 'end_pipeline', 'scheduled__2025-03-11T00:00:00+00:00', '--job-id', '5', '--raw', '--subdir', 'DAGS_FOLDER/data_pipeline_dag.py', '--cfg-path', '/tmp/tmphjr7zjtb']
[2025-03-12T16:42:59.053+0000] {standard_task_runner.py:105} INFO - Job 5: Subtask end_pipeline
[2025-03-12T16:42:59.091+0000] {logging_mixin.py:190} WARNING - /usr/local/lib/python3.10/site-packages/***/settings.py:209 DeprecationWarning: The sql_alchemy_conn option in [core] has been moved to the sql_alchemy_conn option in [database] - the old setting has been used, but please update your config.
[2025-03-12T16:42:59.163+0000] {task_command.py:467} INFO - Running <TaskInstance: data_lake_pipeline.end_pipeline scheduled__2025-03-11T00:00:00+00:00 [running]> on host ***-scheduler
[2025-03-12T16:42:59.165+0000] {logging_mixin.py:190} WARNING - /usr/local/lib/python3.10/site-packages/***/settings.py:470 DeprecationWarning: The sql_alchemy_conn option in [core] has been moved to the sql_alchemy_conn option in [database] - the old setting has been used, but please update your config.
[2025-03-12T16:42:59.290+0000] {taskinstance.py:3134} INFO - Exporting env vars: AIRFLOW_CTX_DAG_OWNER='***' AIRFLOW_CTX_DAG_ID='data_lake_pipeline' AIRFLOW_CTX_TASK_ID='end_pipeline' AIRFLOW_CTX_EXECUTION_DATE='2025-03-11T00:00:00+00:00' AIRFLOW_CTX_TRY_NUMBER='1' AIRFLOW_CTX_DAG_RUN_ID='scheduled__2025-03-11T00:00:00+00:00'
[2025-03-12T16:42:59.292+0000] {taskinstance.py:732} INFO - ::endgroup::
[2025-03-12T16:42:59.308+0000] {subprocess.py:78} INFO - Tmp dir root location: /tmp
[2025-03-12T16:42:59.309+0000] {subprocess.py:88} INFO - Running command: ['/usr/bin/bash', '-c', 'echo "Pipeline terminé"']
[2025-03-12T16:42:59.325+0000] {subprocess.py:99} INFO - Output:
[2025-03-12T16:42:59.327+0000] {subprocess.py:106} INFO - Pipeline terminé
[2025-03-12T16:42:59.327+0000] {subprocess.py:110} INFO - Command exited with return code 0
[2025-03-12T16:42:59.357+0000] {taskinstance.py:341} INFO - ::group::Post task execution logs
[2025-03-12T16:42:59.358+0000] {taskinstance.py:353} INFO - Marking task as SUCCESS. dag_id=data_lake_pipeline, task_id=end_pipeline, run_id=scheduled__2025-03-11T00:00:00+00:00, execution_date=20250311T000000, start_date=20250312T164258, end_date=20250312T164259
[2025-03-12T16:42:59.428+0000] {local_task_job_runner.py:266} INFO - Task exited with return code 0
[2025-03-12T16:42:59.452+0000] {taskinstance.py:3901} INFO - 0 downstream tasks scheduled from follow-on schedule check
[2025-03-12T16:42:59.456+0000] {local_task_job_runner.py:245} INFO - ::endgroup::
[2025-03-12T19:42:38.867+0000] {local_task_job_runner.py:123} INFO - ::group::Pre task execution logs
[2025-03-12T19:42:38.911+0000] {taskinstance.py:2614} INFO - Dependencies all met for dep_context=non-requeueable deps ti=<TaskInstance: data_lake_pipeline.end_pipeline scheduled__2025-03-11T00:00:00+00:00 [queued]>
[2025-03-12T19:42:38.932+0000] {taskinstance.py:2614} INFO - Dependencies all met for dep_context=requeueable deps ti=<TaskInstance: data_lake_pipeline.end_pipeline scheduled__2025-03-11T00:00:00+00:00 [queued]>
[2025-03-12T19:42:38.933+0000] {taskinstance.py:2867} INFO - Starting attempt 1 of 2
[2025-03-12T19:42:38.961+0000] {taskinstance.py:2890} INFO - Executing <Task(BashOperator): end_pipeline> on 2025-03-11 00:00:00+00:00
[2025-03-12T19:42:38.973+0000] {standard_task_runner.py:72} INFO - Started process 239 to run task
[2025-03-12T19:42:38.991+0000] {standard_task_runner.py:104} INFO - Running: ['***', 'tasks', 'run', 'data_lake_pipeline', 'end_pipeline', 'scheduled__2025-03-11T00:00:00+00:00', '--job-id', '2', '--raw', '--subdir', 'DAGS_FOLDER/data_pipeline_dag.py', '--cfg-path', '/tmp/tmpcxbfx55u']
[2025-03-12T19:42:38.994+0000] {standard_task_runner.py:105} INFO - Job 2: Subtask end_pipeline
[2025-03-12T19:42:39.044+0000] {logging_mixin.py:190} WARNING - /usr/local/lib/python3.10/site-packages/***/settings.py:209 DeprecationWarning: The sql_alchemy_conn option in [core] has been moved to the sql_alchemy_conn option in [database] - the old setting has been used, but please update your config.
[2025-03-12T19:42:39.155+0000] {task_command.py:467} INFO - Running <TaskInstance: data_lake_pipeline.end_pipeline scheduled__2025-03-11T00:00:00+00:00 [running]> on host ***-scheduler
[2025-03-12T19:42:39.158+0000] {logging_mixin.py:190} WARNING - /usr/local/lib/python3.10/site-packages/***/settings.py:470 DeprecationWarning: The sql_alchemy_conn option in [core] has been moved to the sql_alchemy_conn option in [database] - the old setting has been used, but please update your config.
[2025-03-12T19:42:39.393+0000] {taskinstance.py:3134} INFO - Exporting env vars: AIRFLOW_CTX_DAG_OWNER='***' AIRFLOW_CTX_DAG_ID='data_lake_pipeline' AIRFLOW_CTX_TASK_ID='end_pipeline' AIRFLOW_CTX_EXECUTION_DATE='2025-03-11T00:00:00+00:00' AIRFLOW_CTX_TRY_NUMBER='1' AIRFLOW_CTX_DAG_RUN_ID='scheduled__2025-03-11T00:00:00+00:00'
[2025-03-12T19:42:39.418+0000] {taskinstance.py:732} INFO - ::endgroup::
[2025-03-12T19:42:39.565+0000] {subprocess.py:78} INFO - Tmp dir root location: /tmp
[2025-03-12T19:42:39.567+0000] {subprocess.py:88} INFO - Running command: ['/usr/bin/bash', '-c', 'echo "Pipeline terminé"']
[2025-03-12T19:42:39.612+0000] {subprocess.py:99} INFO - Output:
[2025-03-12T19:42:39.622+0000] {subprocess.py:106} INFO - Pipeline terminé
[2025-03-12T19:42:39.623+0000] {subprocess.py:110} INFO - Command exited with return code 0
[2025-03-12T19:42:39.773+0000] {taskinstance.py:341} INFO - ::group::Post task execution logs
[2025-03-12T19:42:39.776+0000] {taskinstance.py:353} INFO - Marking task as SUCCESS. dag_id=data_lake_pipeline, task_id=end_pipeline, run_id=scheduled__2025-03-11T00:00:00+00:00, execution_date=20250311T000000, start_date=20250312T194238, end_date=20250312T194239
[2025-03-12T19:42:39.943+0000] {local_task_job_runner.py:266} INFO - Task exited with return code 0
[2025-03-12T19:42:39.957+0000] {local_task_job_runner.py:245} INFO - ::endgroup::
[2025-03-12T21:43:12.918+0000] {local_task_job_runner.py:123} INFO - ::group::Pre task execution logs
[2025-03-12T21:43:12.946+0000] {taskinstance.py:2614} INFO - Dependencies all met for dep_context=non-requeueable deps ti=<TaskInstance: data_lake_pipeline.end_pipeline scheduled__2025-03-11T00:00:00+00:00 [queued]>
[2025-03-12T21:43:12.961+0000] {taskinstance.py:2614} INFO - Dependencies all met for dep_context=requeueable deps ti=<TaskInstance: data_lake_pipeline.end_pipeline scheduled__2025-03-11T00:00:00+00:00 [queued]>
[2025-03-12T21:43:12.961+0000] {taskinstance.py:2867} INFO - Starting attempt 1 of 2
[2025-03-12T21:43:12.978+0000] {taskinstance.py:2890} INFO - Executing <Task(BashOperator): end_pipeline> on 2025-03-11 00:00:00+00:00
[2025-03-12T21:43:12.984+0000] {standard_task_runner.py:72} INFO - Started process 314 to run task
[2025-03-12T21:43:12.990+0000] {standard_task_runner.py:104} INFO - Running: ['***', 'tasks', 'run', 'data_lake_pipeline', 'end_pipeline', 'scheduled__2025-03-11T00:00:00+00:00', '--job-id', '11', '--raw', '--subdir', 'DAGS_FOLDER/data_pipeline_dag.py', '--cfg-path', '/tmp/tmp2mi767aa']
[2025-03-12T21:43:12.992+0000] {standard_task_runner.py:105} INFO - Job 11: Subtask end_pipeline
[2025-03-12T21:43:13.014+0000] {logging_mixin.py:190} WARNING - /usr/local/lib/python3.10/site-packages/***/settings.py:209 DeprecationWarning: The sql_alchemy_conn option in [core] has been moved to the sql_alchemy_conn option in [database] - the old setting has been used, but please update your config.
[2025-03-12T21:43:13.058+0000] {task_command.py:467} INFO - Running <TaskInstance: data_lake_pipeline.end_pipeline scheduled__2025-03-11T00:00:00+00:00 [running]> on host ***-scheduler
[2025-03-12T21:43:13.060+0000] {logging_mixin.py:190} WARNING - /usr/local/lib/python3.10/site-packages/***/settings.py:470 DeprecationWarning: The sql_alchemy_conn option in [core] has been moved to the sql_alchemy_conn option in [database] - the old setting has been used, but please update your config.
[2025-03-12T21:43:13.170+0000] {taskinstance.py:3134} INFO - Exporting env vars: AIRFLOW_CTX_DAG_OWNER='***' AIRFLOW_CTX_DAG_ID='data_lake_pipeline' AIRFLOW_CTX_TASK_ID='end_pipeline' AIRFLOW_CTX_EXECUTION_DATE='2025-03-11T00:00:00+00:00' AIRFLOW_CTX_TRY_NUMBER='1' AIRFLOW_CTX_DAG_RUN_ID='scheduled__2025-03-11T00:00:00+00:00'
[2025-03-12T21:43:13.173+0000] {taskinstance.py:732} INFO - ::endgroup::
[2025-03-12T21:43:13.191+0000] {subprocess.py:78} INFO - Tmp dir root location: /tmp
[2025-03-12T21:43:13.192+0000] {subprocess.py:88} INFO - Running command: ['/usr/bin/bash', '-c', 'echo "Pipeline terminé"']
[2025-03-12T21:43:13.209+0000] {subprocess.py:99} INFO - Output:
[2025-03-12T21:43:13.212+0000] {subprocess.py:106} INFO - Pipeline terminé
[2025-03-12T21:43:13.213+0000] {subprocess.py:110} INFO - Command exited with return code 0
[2025-03-12T21:43:13.246+0000] {taskinstance.py:341} INFO - ::group::Post task execution logs
[2025-03-12T21:43:13.247+0000] {taskinstance.py:353} INFO - Marking task as SUCCESS. dag_id=data_lake_pipeline, task_id=end_pipeline, run_id=scheduled__2025-03-11T00:00:00+00:00, execution_date=20250311T000000, start_date=20250312T214312, end_date=20250312T214313
[2025-03-12T21:43:13.287+0000] {local_task_job_runner.py:266} INFO - Task exited with return code 0
[2025-03-12T21:43:13.308+0000] {taskinstance.py:3901} INFO - 0 downstream tasks scheduled from follow-on schedule check
[2025-03-12T21:43:13.313+0000] {local_task_job_runner.py:245} INFO - ::endgroup::
