[2025-03-12T11:14:56.623+0000] {local_task_job_runner.py:123} INFO - ::group::Pre task execution logs
[2025-03-12T11:14:56.650+0000] {taskinstance.py:2614} INFO - Dependencies all met for dep_context=non-requeueable deps ti=<TaskInstance: data_lake_pipeline.start_pipeline scheduled__2025-03-11T00:00:00+00:00 [queued]>
[2025-03-12T11:14:56.667+0000] {taskinstance.py:2614} INFO - Dependencies all met for dep_context=requeueable deps ti=<TaskInstance: data_lake_pipeline.start_pipeline scheduled__2025-03-11T00:00:00+00:00 [queued]>
[2025-03-12T11:14:56.668+0000] {taskinstance.py:2867} INFO - Starting attempt 1 of 2
[2025-03-12T11:14:56.689+0000] {taskinstance.py:2890} INFO - Executing <Task(BashOperator): start_pipeline> on 2025-03-11 00:00:00+00:00
[2025-03-12T11:14:56.698+0000] {standard_task_runner.py:72} INFO - Started process 160 to run task
[2025-03-12T11:14:56.717+0000] {standard_task_runner.py:104} INFO - Running: ['***', 'tasks', 'run', 'data_lake_pipeline', 'start_pipeline', 'scheduled__2025-03-11T00:00:00+00:00', '--job-id', '234', '--raw', '--subdir', 'DAGS_FOLDER/data_pipeline_dag.py', '--cfg-path', '/tmp/tmpi1v9q9v3']
[2025-03-12T11:14:56.719+0000] {standard_task_runner.py:105} INFO - Job 234: Subtask start_pipeline
[2025-03-12T11:14:56.762+0000] {logging_mixin.py:190} WARNING - /usr/local/lib/python3.10/site-packages/***/settings.py:209 DeprecationWarning: The sql_alchemy_conn option in [core] has been moved to the sql_alchemy_conn option in [database] - the old setting has been used, but please update your config.
[2025-03-12T11:14:56.841+0000] {task_command.py:467} INFO - Running <TaskInstance: data_lake_pipeline.start_pipeline scheduled__2025-03-11T00:00:00+00:00 [running]> on host ***-scheduler
[2025-03-12T11:14:56.844+0000] {logging_mixin.py:190} WARNING - /usr/local/lib/python3.10/site-packages/***/settings.py:470 DeprecationWarning: The sql_alchemy_conn option in [core] has been moved to the sql_alchemy_conn option in [database] - the old setting has been used, but please update your config.
[2025-03-12T11:14:57.643+0000] {taskinstance.py:3134} INFO - Exporting env vars: AIRFLOW_CTX_DAG_OWNER='***' AIRFLOW_CTX_DAG_ID='data_lake_pipeline' AIRFLOW_CTX_TASK_ID='start_pipeline' AIRFLOW_CTX_EXECUTION_DATE='2025-03-11T00:00:00+00:00' AIRFLOW_CTX_TRY_NUMBER='1' AIRFLOW_CTX_DAG_RUN_ID='scheduled__2025-03-11T00:00:00+00:00'
[2025-03-12T11:14:57.644+0000] {taskinstance.py:732} INFO - ::endgroup::
[2025-03-12T11:14:57.677+0000] {subprocess.py:78} INFO - Tmp dir root location: /tmp
[2025-03-12T11:14:57.679+0000] {subprocess.py:88} INFO - Running command: ['/usr/bin/bash', '-c', 'echo "Pipeline démarré"']
[2025-03-12T11:14:57.693+0000] {subprocess.py:99} INFO - Output:
[2025-03-12T11:14:57.697+0000] {subprocess.py:106} INFO - Pipeline démarré
[2025-03-12T11:14:57.698+0000] {subprocess.py:110} INFO - Command exited with return code 0
[2025-03-12T11:14:57.769+0000] {taskinstance.py:341} INFO - ::group::Post task execution logs
[2025-03-12T11:14:57.770+0000] {taskinstance.py:353} INFO - Marking task as SUCCESS. dag_id=data_lake_pipeline, task_id=start_pipeline, run_id=scheduled__2025-03-11T00:00:00+00:00, execution_date=20250311T000000, start_date=20250312T111456, end_date=20250312T111457
[2025-03-12T11:14:57.831+0000] {local_task_job_runner.py:266} INFO - Task exited with return code 0
[2025-03-12T11:14:57.884+0000] {taskinstance.py:3901} INFO - 1 downstream tasks scheduled from follow-on schedule check
[2025-03-12T11:14:57.893+0000] {local_task_job_runner.py:245} INFO - ::endgroup::
[2025-03-12T12:41:14.701+0000] {local_task_job_runner.py:123} INFO - ::group::Pre task execution logs
[2025-03-12T12:41:14.726+0000] {taskinstance.py:2614} INFO - Dependencies all met for dep_context=non-requeueable deps ti=<TaskInstance: data_lake_pipeline.start_pipeline scheduled__2025-03-11T00:00:00+00:00 [queued]>
[2025-03-12T12:41:14.738+0000] {taskinstance.py:2614} INFO - Dependencies all met for dep_context=requeueable deps ti=<TaskInstance: data_lake_pipeline.start_pipeline scheduled__2025-03-11T00:00:00+00:00 [queued]>
[2025-03-12T12:41:14.738+0000] {taskinstance.py:2867} INFO - Starting attempt 1 of 2
[2025-03-12T12:41:14.776+0000] {taskinstance.py:2890} INFO - Executing <Task(BashOperator): start_pipeline> on 2025-03-11 00:00:00+00:00
[2025-03-12T12:41:14.784+0000] {standard_task_runner.py:72} INFO - Started process 182 to run task
[2025-03-12T12:41:14.794+0000] {standard_task_runner.py:104} INFO - Running: ['***', 'tasks', 'run', 'data_lake_pipeline', 'start_pipeline', 'scheduled__2025-03-11T00:00:00+00:00', '--job-id', '3', '--raw', '--subdir', 'DAGS_FOLDER/data_pipeline_dag.py', '--cfg-path', '/tmp/tmpkx6clk8x']
[2025-03-12T12:41:14.797+0000] {standard_task_runner.py:105} INFO - Job 3: Subtask start_pipeline
[2025-03-12T12:41:14.838+0000] {logging_mixin.py:190} WARNING - /usr/local/lib/python3.10/site-packages/***/settings.py:209 DeprecationWarning: The sql_alchemy_conn option in [core] has been moved to the sql_alchemy_conn option in [database] - the old setting has been used, but please update your config.
[2025-03-12T12:41:14.911+0000] {task_command.py:467} INFO - Running <TaskInstance: data_lake_pipeline.start_pipeline scheduled__2025-03-11T00:00:00+00:00 [running]> on host ***-scheduler
[2025-03-12T12:41:14.915+0000] {logging_mixin.py:190} WARNING - /usr/local/lib/python3.10/site-packages/***/settings.py:470 DeprecationWarning: The sql_alchemy_conn option in [core] has been moved to the sql_alchemy_conn option in [database] - the old setting has been used, but please update your config.
[2025-03-12T12:41:15.479+0000] {taskinstance.py:3134} INFO - Exporting env vars: AIRFLOW_CTX_DAG_OWNER='***' AIRFLOW_CTX_DAG_ID='data_lake_pipeline' AIRFLOW_CTX_TASK_ID='start_pipeline' AIRFLOW_CTX_EXECUTION_DATE='2025-03-11T00:00:00+00:00' AIRFLOW_CTX_TRY_NUMBER='1' AIRFLOW_CTX_DAG_RUN_ID='scheduled__2025-03-11T00:00:00+00:00'
[2025-03-12T12:41:15.480+0000] {taskinstance.py:732} INFO - ::endgroup::
[2025-03-12T12:41:15.504+0000] {subprocess.py:78} INFO - Tmp dir root location: /tmp
[2025-03-12T12:41:15.505+0000] {subprocess.py:88} INFO - Running command: ['/usr/bin/bash', '-c', 'echo "Pipeline démarré"']
[2025-03-12T12:41:15.527+0000] {subprocess.py:99} INFO - Output:
[2025-03-12T12:41:15.528+0000] {subprocess.py:106} INFO - Pipeline démarré
[2025-03-12T12:41:15.529+0000] {subprocess.py:110} INFO - Command exited with return code 0
[2025-03-12T12:41:15.570+0000] {taskinstance.py:341} INFO - ::group::Post task execution logs
[2025-03-12T12:41:15.571+0000] {taskinstance.py:353} INFO - Marking task as SUCCESS. dag_id=data_lake_pipeline, task_id=start_pipeline, run_id=scheduled__2025-03-11T00:00:00+00:00, execution_date=20250311T000000, start_date=20250312T124114, end_date=20250312T124115
[2025-03-12T12:41:15.630+0000] {local_task_job_runner.py:266} INFO - Task exited with return code 0
[2025-03-12T12:41:15.670+0000] {taskinstance.py:3901} INFO - 1 downstream tasks scheduled from follow-on schedule check
[2025-03-12T12:41:15.674+0000] {local_task_job_runner.py:245} INFO - ::endgroup::
[2025-03-12T13:11:03.507+0000] {local_task_job_runner.py:123} INFO - ::group::Pre task execution logs
[2025-03-12T13:11:03.579+0000] {taskinstance.py:2614} INFO - Dependencies all met for dep_context=non-requeueable deps ti=<TaskInstance: data_lake_pipeline.start_pipeline scheduled__2025-03-11T00:00:00+00:00 [queued]>
[2025-03-12T13:11:03.622+0000] {taskinstance.py:2614} INFO - Dependencies all met for dep_context=requeueable deps ti=<TaskInstance: data_lake_pipeline.start_pipeline scheduled__2025-03-11T00:00:00+00:00 [queued]>
[2025-03-12T13:11:03.623+0000] {taskinstance.py:2867} INFO - Starting attempt 1 of 2
[2025-03-12T13:11:03.711+0000] {taskinstance.py:2890} INFO - Executing <Task(BashOperator): start_pipeline> on 2025-03-11 00:00:00+00:00
[2025-03-12T13:11:03.723+0000] {standard_task_runner.py:72} INFO - Started process 254 to run task
[2025-03-12T13:11:03.751+0000] {standard_task_runner.py:104} INFO - Running: ['***', 'tasks', 'run', 'data_lake_pipeline', 'start_pipeline', 'scheduled__2025-03-11T00:00:00+00:00', '--job-id', '8', '--raw', '--subdir', 'DAGS_FOLDER/data_pipeline_dag.py', '--cfg-path', '/tmp/tmp66p9g3_b']
[2025-03-12T13:11:03.758+0000] {standard_task_runner.py:105} INFO - Job 8: Subtask start_pipeline
[2025-03-12T13:11:03.936+0000] {logging_mixin.py:190} WARNING - /usr/local/lib/python3.10/site-packages/***/settings.py:209 DeprecationWarning: The sql_alchemy_conn option in [core] has been moved to the sql_alchemy_conn option in [database] - the old setting has been used, but please update your config.
[2025-03-12T13:11:04.216+0000] {task_command.py:467} INFO - Running <TaskInstance: data_lake_pipeline.start_pipeline scheduled__2025-03-11T00:00:00+00:00 [running]> on host ***-scheduler
[2025-03-12T13:11:04.221+0000] {logging_mixin.py:190} WARNING - /usr/local/lib/python3.10/site-packages/***/settings.py:470 DeprecationWarning: The sql_alchemy_conn option in [core] has been moved to the sql_alchemy_conn option in [database] - the old setting has been used, but please update your config.
[2025-03-12T13:11:04.569+0000] {taskinstance.py:3134} INFO - Exporting env vars: AIRFLOW_CTX_DAG_OWNER='***' AIRFLOW_CTX_DAG_ID='data_lake_pipeline' AIRFLOW_CTX_TASK_ID='start_pipeline' AIRFLOW_CTX_EXECUTION_DATE='2025-03-11T00:00:00+00:00' AIRFLOW_CTX_TRY_NUMBER='1' AIRFLOW_CTX_DAG_RUN_ID='scheduled__2025-03-11T00:00:00+00:00'
[2025-03-12T13:11:04.572+0000] {taskinstance.py:732} INFO - ::endgroup::
[2025-03-12T13:11:04.608+0000] {subprocess.py:78} INFO - Tmp dir root location: /tmp
[2025-03-12T13:11:04.613+0000] {subprocess.py:88} INFO - Running command: ['/usr/bin/bash', '-c', 'echo "Pipeline démarré"']
[2025-03-12T13:11:04.641+0000] {subprocess.py:99} INFO - Output:
[2025-03-12T13:11:04.644+0000] {subprocess.py:106} INFO - Pipeline démarré
[2025-03-12T13:11:04.653+0000] {subprocess.py:110} INFO - Command exited with return code 0
[2025-03-12T13:11:04.750+0000] {taskinstance.py:341} INFO - ::group::Post task execution logs
[2025-03-12T13:11:04.751+0000] {taskinstance.py:353} INFO - Marking task as SUCCESS. dag_id=data_lake_pipeline, task_id=start_pipeline, run_id=scheduled__2025-03-11T00:00:00+00:00, execution_date=20250311T000000, start_date=20250312T131103, end_date=20250312T131104
[2025-03-12T13:11:05.009+0000] {local_task_job_runner.py:266} INFO - Task exited with return code 0
[2025-03-12T13:11:05.022+0000] {local_task_job_runner.py:245} INFO - ::endgroup::
[2025-03-12T16:29:55.678+0000] {local_task_job_runner.py:123} INFO - ::group::Pre task execution logs
[2025-03-12T16:29:55.742+0000] {taskinstance.py:2614} INFO - Dependencies all met for dep_context=non-requeueable deps ti=<TaskInstance: data_lake_pipeline.start_pipeline scheduled__2025-03-11T00:00:00+00:00 [queued]>
[2025-03-12T16:29:55.778+0000] {taskinstance.py:2614} INFO - Dependencies all met for dep_context=requeueable deps ti=<TaskInstance: data_lake_pipeline.start_pipeline scheduled__2025-03-11T00:00:00+00:00 [queued]>
[2025-03-12T16:29:55.779+0000] {taskinstance.py:2867} INFO - Starting attempt 1 of 2
[2025-03-12T16:29:55.889+0000] {taskinstance.py:2890} INFO - Executing <Task(BashOperator): start_pipeline> on 2025-03-11 00:00:00+00:00
[2025-03-12T16:29:55.902+0000] {standard_task_runner.py:72} INFO - Started process 202 to run task
[2025-03-12T16:29:55.913+0000] {standard_task_runner.py:104} INFO - Running: ['***', 'tasks', 'run', 'data_lake_pipeline', 'start_pipeline', 'scheduled__2025-03-11T00:00:00+00:00', '--job-id', '5', '--raw', '--subdir', 'DAGS_FOLDER/data_pipeline_dag.py', '--cfg-path', '/tmp/tmp23kxkem3']
[2025-03-12T16:29:55.923+0000] {standard_task_runner.py:105} INFO - Job 5: Subtask start_pipeline
[2025-03-12T16:29:55.998+0000] {logging_mixin.py:190} WARNING - /usr/local/lib/python3.10/site-packages/***/settings.py:209 DeprecationWarning: The sql_alchemy_conn option in [core] has been moved to the sql_alchemy_conn option in [database] - the old setting has been used, but please update your config.
[2025-03-12T16:29:56.176+0000] {task_command.py:467} INFO - Running <TaskInstance: data_lake_pipeline.start_pipeline scheduled__2025-03-11T00:00:00+00:00 [running]> on host ***-scheduler
[2025-03-12T16:29:56.184+0000] {logging_mixin.py:190} WARNING - /usr/local/lib/python3.10/site-packages/***/settings.py:470 DeprecationWarning: The sql_alchemy_conn option in [core] has been moved to the sql_alchemy_conn option in [database] - the old setting has been used, but please update your config.
[2025-03-12T16:29:56.621+0000] {taskinstance.py:3134} INFO - Exporting env vars: AIRFLOW_CTX_DAG_OWNER='***' AIRFLOW_CTX_DAG_ID='data_lake_pipeline' AIRFLOW_CTX_TASK_ID='start_pipeline' AIRFLOW_CTX_EXECUTION_DATE='2025-03-11T00:00:00+00:00' AIRFLOW_CTX_TRY_NUMBER='1' AIRFLOW_CTX_DAG_RUN_ID='scheduled__2025-03-11T00:00:00+00:00'
[2025-03-12T16:29:56.623+0000] {taskinstance.py:732} INFO - ::endgroup::
[2025-03-12T16:29:56.669+0000] {subprocess.py:78} INFO - Tmp dir root location: /tmp
[2025-03-12T16:29:56.670+0000] {subprocess.py:88} INFO - Running command: ['/usr/bin/bash', '-c', 'echo "Pipeline démarré"']
[2025-03-12T16:29:56.692+0000] {subprocess.py:99} INFO - Output:
[2025-03-12T16:29:56.695+0000] {subprocess.py:106} INFO - Pipeline démarré
[2025-03-12T16:29:56.696+0000] {subprocess.py:110} INFO - Command exited with return code 0
[2025-03-12T16:29:56.785+0000] {taskinstance.py:341} INFO - ::group::Post task execution logs
[2025-03-12T16:29:56.790+0000] {taskinstance.py:353} INFO - Marking task as SUCCESS. dag_id=data_lake_pipeline, task_id=start_pipeline, run_id=scheduled__2025-03-11T00:00:00+00:00, execution_date=20250311T000000, start_date=20250312T162955, end_date=20250312T162956
[2025-03-12T16:29:56.887+0000] {local_task_job_runner.py:266} INFO - Task exited with return code 0
[2025-03-12T16:29:56.913+0000] {local_task_job_runner.py:245} INFO - ::endgroup::
[2025-03-12T16:42:58.905+0000] {local_task_job_runner.py:123} INFO - ::group::Pre task execution logs
[2025-03-12T16:42:58.942+0000] {taskinstance.py:2614} INFO - Dependencies all met for dep_context=non-requeueable deps ti=<TaskInstance: data_lake_pipeline.start_pipeline scheduled__2025-03-11T00:00:00+00:00 [queued]>
[2025-03-12T16:42:58.956+0000] {taskinstance.py:2614} INFO - Dependencies all met for dep_context=requeueable deps ti=<TaskInstance: data_lake_pipeline.start_pipeline scheduled__2025-03-11T00:00:00+00:00 [queued]>
[2025-03-12T16:42:58.957+0000] {taskinstance.py:2867} INFO - Starting attempt 1 of 2
[2025-03-12T16:42:58.985+0000] {taskinstance.py:2890} INFO - Executing <Task(BashOperator): start_pipeline> on 2025-03-11 00:00:00+00:00
[2025-03-12T16:42:58.995+0000] {standard_task_runner.py:72} INFO - Started process 202 to run task
[2025-03-12T16:42:59.010+0000] {standard_task_runner.py:104} INFO - Running: ['***', 'tasks', 'run', 'data_lake_pipeline', 'start_pipeline', 'scheduled__2025-03-11T00:00:00+00:00', '--job-id', '3', '--raw', '--subdir', 'DAGS_FOLDER/data_pipeline_dag.py', '--cfg-path', '/tmp/tmphfaffihe']
[2025-03-12T16:42:59.017+0000] {standard_task_runner.py:105} INFO - Job 3: Subtask start_pipeline
[2025-03-12T16:42:59.058+0000] {logging_mixin.py:190} WARNING - /usr/local/lib/python3.10/site-packages/***/settings.py:209 DeprecationWarning: The sql_alchemy_conn option in [core] has been moved to the sql_alchemy_conn option in [database] - the old setting has been used, but please update your config.
[2025-03-12T16:42:59.127+0000] {task_command.py:467} INFO - Running <TaskInstance: data_lake_pipeline.start_pipeline scheduled__2025-03-11T00:00:00+00:00 [running]> on host ***-scheduler
[2025-03-12T16:42:59.130+0000] {logging_mixin.py:190} WARNING - /usr/local/lib/python3.10/site-packages/***/settings.py:470 DeprecationWarning: The sql_alchemy_conn option in [core] has been moved to the sql_alchemy_conn option in [database] - the old setting has been used, but please update your config.
[2025-03-12T16:42:59.261+0000] {taskinstance.py:3134} INFO - Exporting env vars: AIRFLOW_CTX_DAG_OWNER='***' AIRFLOW_CTX_DAG_ID='data_lake_pipeline' AIRFLOW_CTX_TASK_ID='start_pipeline' AIRFLOW_CTX_EXECUTION_DATE='2025-03-11T00:00:00+00:00' AIRFLOW_CTX_TRY_NUMBER='1' AIRFLOW_CTX_DAG_RUN_ID='scheduled__2025-03-11T00:00:00+00:00'
[2025-03-12T16:42:59.263+0000] {taskinstance.py:732} INFO - ::endgroup::
[2025-03-12T16:42:59.285+0000] {subprocess.py:78} INFO - Tmp dir root location: /tmp
[2025-03-12T16:42:59.286+0000] {subprocess.py:88} INFO - Running command: ['/usr/bin/bash', '-c', 'echo "Pipeline démarré"']
[2025-03-12T16:42:59.298+0000] {subprocess.py:99} INFO - Output:
[2025-03-12T16:42:59.299+0000] {subprocess.py:106} INFO - Pipeline démarré
[2025-03-12T16:42:59.300+0000] {subprocess.py:110} INFO - Command exited with return code 0
[2025-03-12T16:42:59.337+0000] {taskinstance.py:341} INFO - ::group::Post task execution logs
[2025-03-12T16:42:59.338+0000] {taskinstance.py:353} INFO - Marking task as SUCCESS. dag_id=data_lake_pipeline, task_id=start_pipeline, run_id=scheduled__2025-03-11T00:00:00+00:00, execution_date=20250311T000000, start_date=20250312T164258, end_date=20250312T164259
[2025-03-12T16:42:59.385+0000] {local_task_job_runner.py:266} INFO - Task exited with return code 0
[2025-03-12T16:42:59.414+0000] {taskinstance.py:3901} INFO - 1 downstream tasks scheduled from follow-on schedule check
[2025-03-12T16:42:59.418+0000] {local_task_job_runner.py:245} INFO - ::endgroup::
[2025-03-12T19:42:38.953+0000] {local_task_job_runner.py:123} INFO - ::group::Pre task execution logs
[2025-03-12T19:42:38.987+0000] {taskinstance.py:2614} INFO - Dependencies all met for dep_context=non-requeueable deps ti=<TaskInstance: data_lake_pipeline.start_pipeline scheduled__2025-03-11T00:00:00+00:00 [queued]>
[2025-03-12T19:42:39.002+0000] {taskinstance.py:2614} INFO - Dependencies all met for dep_context=requeueable deps ti=<TaskInstance: data_lake_pipeline.start_pipeline scheduled__2025-03-11T00:00:00+00:00 [queued]>
[2025-03-12T19:42:39.004+0000] {taskinstance.py:2867} INFO - Starting attempt 1 of 2
[2025-03-12T19:42:39.034+0000] {taskinstance.py:2890} INFO - Executing <Task(BashOperator): start_pipeline> on 2025-03-11 00:00:00+00:00
[2025-03-12T19:42:39.046+0000] {standard_task_runner.py:72} INFO - Started process 243 to run task
[2025-03-12T19:42:39.066+0000] {standard_task_runner.py:104} INFO - Running: ['***', 'tasks', 'run', 'data_lake_pipeline', 'start_pipeline', 'scheduled__2025-03-11T00:00:00+00:00', '--job-id', '4', '--raw', '--subdir', 'DAGS_FOLDER/data_pipeline_dag.py', '--cfg-path', '/tmp/tmp_m6zboyd']
[2025-03-12T19:42:39.068+0000] {standard_task_runner.py:105} INFO - Job 4: Subtask start_pipeline
[2025-03-12T19:42:39.159+0000] {logging_mixin.py:190} WARNING - /usr/local/lib/python3.10/site-packages/***/settings.py:209 DeprecationWarning: The sql_alchemy_conn option in [core] has been moved to the sql_alchemy_conn option in [database] - the old setting has been used, but please update your config.
[2025-03-12T19:42:39.261+0000] {task_command.py:467} INFO - Running <TaskInstance: data_lake_pipeline.start_pipeline scheduled__2025-03-11T00:00:00+00:00 [running]> on host ***-scheduler
[2025-03-12T19:42:39.264+0000] {logging_mixin.py:190} WARNING - /usr/local/lib/python3.10/site-packages/***/settings.py:470 DeprecationWarning: The sql_alchemy_conn option in [core] has been moved to the sql_alchemy_conn option in [database] - the old setting has been used, but please update your config.
[2025-03-12T19:42:39.619+0000] {taskinstance.py:3134} INFO - Exporting env vars: AIRFLOW_CTX_DAG_OWNER='***' AIRFLOW_CTX_DAG_ID='data_lake_pipeline' AIRFLOW_CTX_TASK_ID='start_pipeline' AIRFLOW_CTX_EXECUTION_DATE='2025-03-11T00:00:00+00:00' AIRFLOW_CTX_TRY_NUMBER='1' AIRFLOW_CTX_DAG_RUN_ID='scheduled__2025-03-11T00:00:00+00:00'
[2025-03-12T19:42:39.626+0000] {taskinstance.py:732} INFO - ::endgroup::
[2025-03-12T19:42:39.679+0000] {subprocess.py:78} INFO - Tmp dir root location: /tmp
[2025-03-12T19:42:39.681+0000] {subprocess.py:88} INFO - Running command: ['/usr/bin/bash', '-c', 'echo "Pipeline démarré"']
[2025-03-12T19:42:39.701+0000] {subprocess.py:99} INFO - Output:
[2025-03-12T19:42:39.704+0000] {subprocess.py:106} INFO - Pipeline démarré
[2025-03-12T19:42:39.705+0000] {subprocess.py:110} INFO - Command exited with return code 0
[2025-03-12T19:42:39.829+0000] {taskinstance.py:341} INFO - ::group::Post task execution logs
[2025-03-12T19:42:39.830+0000] {taskinstance.py:353} INFO - Marking task as SUCCESS. dag_id=data_lake_pipeline, task_id=start_pipeline, run_id=scheduled__2025-03-11T00:00:00+00:00, execution_date=20250311T000000, start_date=20250312T194238, end_date=20250312T194239
[2025-03-12T19:42:40.021+0000] {local_task_job_runner.py:266} INFO - Task exited with return code 0
[2025-03-12T19:42:40.065+0000] {taskinstance.py:3901} INFO - 1 downstream tasks scheduled from follow-on schedule check
[2025-03-12T19:42:40.071+0000] {local_task_job_runner.py:245} INFO - ::endgroup::
[2025-03-12T21:42:53.976+0000] {local_task_job_runner.py:123} INFO - ::group::Pre task execution logs
[2025-03-12T21:42:53.999+0000] {taskinstance.py:2614} INFO - Dependencies all met for dep_context=non-requeueable deps ti=<TaskInstance: data_lake_pipeline.start_pipeline scheduled__2025-03-11T00:00:00+00:00 [queued]>
[2025-03-12T21:42:54.013+0000] {taskinstance.py:2614} INFO - Dependencies all met for dep_context=requeueable deps ti=<TaskInstance: data_lake_pipeline.start_pipeline scheduled__2025-03-11T00:00:00+00:00 [queued]>
[2025-03-12T21:42:54.013+0000] {taskinstance.py:2867} INFO - Starting attempt 1 of 2
[2025-03-12T21:42:54.033+0000] {taskinstance.py:2890} INFO - Executing <Task(BashOperator): start_pipeline> on 2025-03-11 00:00:00+00:00
[2025-03-12T21:42:54.040+0000] {standard_task_runner.py:72} INFO - Started process 182 to run task
[2025-03-12T21:42:54.053+0000] {standard_task_runner.py:104} INFO - Running: ['***', 'tasks', 'run', 'data_lake_pipeline', 'start_pipeline', 'scheduled__2025-03-11T00:00:00+00:00', '--job-id', '2', '--raw', '--subdir', 'DAGS_FOLDER/data_pipeline_dag.py', '--cfg-path', '/tmp/tmp60z9ttju']
[2025-03-12T21:42:54.055+0000] {standard_task_runner.py:105} INFO - Job 2: Subtask start_pipeline
[2025-03-12T21:42:54.099+0000] {logging_mixin.py:190} WARNING - /usr/local/lib/python3.10/site-packages/***/settings.py:209 DeprecationWarning: The sql_alchemy_conn option in [core] has been moved to the sql_alchemy_conn option in [database] - the old setting has been used, but please update your config.
[2025-03-12T21:42:54.184+0000] {task_command.py:467} INFO - Running <TaskInstance: data_lake_pipeline.start_pipeline scheduled__2025-03-11T00:00:00+00:00 [running]> on host ***-scheduler
[2025-03-12T21:42:54.187+0000] {logging_mixin.py:190} WARNING - /usr/local/lib/python3.10/site-packages/***/settings.py:470 DeprecationWarning: The sql_alchemy_conn option in [core] has been moved to the sql_alchemy_conn option in [database] - the old setting has been used, but please update your config.
[2025-03-12T21:42:54.382+0000] {taskinstance.py:3134} INFO - Exporting env vars: AIRFLOW_CTX_DAG_OWNER='***' AIRFLOW_CTX_DAG_ID='data_lake_pipeline' AIRFLOW_CTX_TASK_ID='start_pipeline' AIRFLOW_CTX_EXECUTION_DATE='2025-03-11T00:00:00+00:00' AIRFLOW_CTX_TRY_NUMBER='1' AIRFLOW_CTX_DAG_RUN_ID='scheduled__2025-03-11T00:00:00+00:00'
[2025-03-12T21:42:54.388+0000] {taskinstance.py:732} INFO - ::endgroup::
[2025-03-12T21:42:54.411+0000] {subprocess.py:78} INFO - Tmp dir root location: /tmp
[2025-03-12T21:42:54.413+0000] {subprocess.py:88} INFO - Running command: ['/usr/bin/bash', '-c', 'echo "Pipeline démarré"']
[2025-03-12T21:42:54.430+0000] {subprocess.py:99} INFO - Output:
[2025-03-12T21:42:54.433+0000] {subprocess.py:106} INFO - Pipeline démarré
[2025-03-12T21:42:54.434+0000] {subprocess.py:110} INFO - Command exited with return code 0
[2025-03-12T21:42:54.472+0000] {taskinstance.py:341} INFO - ::group::Post task execution logs
[2025-03-12T21:42:54.473+0000] {taskinstance.py:353} INFO - Marking task as SUCCESS. dag_id=data_lake_pipeline, task_id=start_pipeline, run_id=scheduled__2025-03-11T00:00:00+00:00, execution_date=20250311T000000, start_date=20250312T214254, end_date=20250312T214254
[2025-03-12T21:42:54.555+0000] {local_task_job_runner.py:266} INFO - Task exited with return code 0
[2025-03-12T21:42:54.597+0000] {taskinstance.py:3901} INFO - 1 downstream tasks scheduled from follow-on schedule check
[2025-03-12T21:42:54.604+0000] {local_task_job_runner.py:245} INFO - ::endgroup::
