[2025-03-12T22:00:02.333+0000] {local_task_job_runner.py:123} INFO - ::group::Pre task execution logs
[2025-03-12T22:00:02.361+0000] {taskinstance.py:2614} INFO - Dependencies all met for dep_context=non-requeueable deps ti=<TaskInstance: data_lake_pipeline.transform_staging_to_curated manual__2025-03-12T21:59:27.780036+00:00 [queued]>
[2025-03-12T22:00:02.376+0000] {taskinstance.py:2614} INFO - Dependencies all met for dep_context=requeueable deps ti=<TaskInstance: data_lake_pipeline.transform_staging_to_curated manual__2025-03-12T21:59:27.780036+00:00 [queued]>
[2025-03-12T22:00:02.377+0000] {taskinstance.py:2867} INFO - Starting attempt 1 of 2
[2025-03-12T22:00:02.400+0000] {taskinstance.py:2890} INFO - Executing <Task(PythonOperator): transform_staging_to_curated> on 2025-03-12 21:59:27.780036+00:00
[2025-03-12T22:00:02.408+0000] {standard_task_runner.py:72} INFO - Started process 579 to run task
[2025-03-12T22:00:02.418+0000] {standard_task_runner.py:104} INFO - Running: ['***', 'tasks', 'run', 'data_lake_pipeline', 'transform_staging_to_curated', 'manual__2025-03-12T21:59:27.780036+00:00', '--job-id', '26', '--raw', '--subdir', 'DAGS_FOLDER/data_pipeline_dag.py', '--cfg-path', '/tmp/tmpss4g0qqb']
[2025-03-12T22:00:02.421+0000] {standard_task_runner.py:105} INFO - Job 26: Subtask transform_staging_to_curated
[2025-03-12T22:00:02.469+0000] {logging_mixin.py:190} WARNING - /usr/local/lib/python3.10/site-packages/***/settings.py:209 DeprecationWarning: The sql_alchemy_conn option in [core] has been moved to the sql_alchemy_conn option in [database] - the old setting has been used, but please update your config.
[2025-03-12T22:00:02.572+0000] {task_command.py:467} INFO - Running <TaskInstance: data_lake_pipeline.transform_staging_to_curated manual__2025-03-12T21:59:27.780036+00:00 [running]> on host ***-scheduler
[2025-03-12T22:00:02.700+0000] {taskinstance.py:3134} INFO - Exporting env vars: AIRFLOW_CTX_DAG_OWNER='***' AIRFLOW_CTX_DAG_ID='data_lake_pipeline' AIRFLOW_CTX_TASK_ID='transform_staging_to_curated' AIRFLOW_CTX_EXECUTION_DATE='2025-03-12T21:59:27.780036+00:00' AIRFLOW_CTX_TRY_NUMBER='1' AIRFLOW_CTX_DAG_RUN_ID='manual__2025-03-12T21:59:27.780036+00:00'
[2025-03-12T22:00:02.705+0000] {taskinstance.py:732} INFO - ::endgroup::
[2025-03-12T22:00:02.725+0000] {manage_buckets.py:68} INFO - [Data manager] Prefix(s) : ['test', 'train', 'validation']
[2025-03-12T22:00:02.726+0000] {manage_buckets.py:71} INFO - [Data manager] Processing data from: test
[2025-03-12T22:00:02.726+0000] {aws_s3_repository.py:35} INFO - [AWS S3] Getting list of staging's files...
[2025-03-12T22:00:02.787+0000] {aws_s3_repository.py:43} INFO - [AWS S3]📥 Download test/test_0.txt from staging...
[2025-03-12T22:00:02.803+0000] {aws_s3_repository.py:46} INFO - [AWS S3]⚙️ Prétraitement du fichier test/test_0.txt...
[2025-03-12T22:00:03.108+0000] {aws_s3_repository.py:86} INFO - Uploading tokenized data for test/test_0.txt to curated as train/test/test_0.csv...
[2025-03-12T22:00:03.119+0000] {aws_s3_repository.py:90} INFO - Successfully uploaded test/test_0.txt as train/test/test_0.csv to curated.
[2025-03-12T22:00:03.120+0000] {aws_s3_repository.py:43} INFO - [AWS S3]📥 Download test/test_1.txt from staging...
[2025-03-12T22:00:03.132+0000] {aws_s3_repository.py:46} INFO - [AWS S3]⚙️ Prétraitement du fichier test/test_1.txt...
[2025-03-12T22:00:03.305+0000] {aws_s3_repository.py:86} INFO - Uploading tokenized data for test/test_1.txt to curated as train/test/test_1.csv...
[2025-03-12T22:00:03.314+0000] {aws_s3_repository.py:90} INFO - Successfully uploaded test/test_1.txt as train/test/test_1.csv to curated.
[2025-03-12T22:00:03.316+0000] {aws_s3_repository.py:43} INFO - [AWS S3]📥 Download test/test_10.txt from staging...
[2025-03-12T22:00:03.327+0000] {aws_s3_repository.py:46} INFO - [AWS S3]⚙️ Prétraitement du fichier test/test_10.txt...
[2025-03-12T22:00:03.509+0000] {aws_s3_repository.py:86} INFO - Uploading tokenized data for test/test_10.txt to curated as train/test/test_10.csv...
[2025-03-12T22:00:03.517+0000] {aws_s3_repository.py:90} INFO - Successfully uploaded test/test_10.txt as train/test/test_10.csv to curated.
[2025-03-12T22:00:03.518+0000] {aws_s3_repository.py:43} INFO - [AWS S3]📥 Download test/test_11.txt from staging...
[2025-03-12T22:00:03.586+0000] {aws_s3_repository.py:46} INFO - [AWS S3]⚙️ Prétraitement du fichier test/test_11.txt...
[2025-03-12T22:00:03.773+0000] {aws_s3_repository.py:86} INFO - Uploading tokenized data for test/test_11.txt to curated as train/test/test_11.csv...
[2025-03-12T22:00:03.782+0000] {aws_s3_repository.py:90} INFO - Successfully uploaded test/test_11.txt as train/test/test_11.csv to curated.
[2025-03-12T22:00:03.783+0000] {aws_s3_repository.py:43} INFO - [AWS S3]📥 Download test/test_12.txt from staging...
[2025-03-12T22:00:03.791+0000] {aws_s3_repository.py:46} INFO - [AWS S3]⚙️ Prétraitement du fichier test/test_12.txt...
[2025-03-12T22:00:03.961+0000] {aws_s3_repository.py:86} INFO - Uploading tokenized data for test/test_12.txt to curated as train/test/test_12.csv...
[2025-03-12T22:00:03.971+0000] {aws_s3_repository.py:90} INFO - Successfully uploaded test/test_12.txt as train/test/test_12.csv to curated.
[2025-03-12T22:00:03.972+0000] {aws_s3_repository.py:43} INFO - [AWS S3]📥 Download test/test_13.txt from staging...
[2025-03-12T22:00:03.991+0000] {aws_s3_repository.py:46} INFO - [AWS S3]⚙️ Prétraitement du fichier test/test_13.txt...
[2025-03-12T22:00:04.167+0000] {aws_s3_repository.py:86} INFO - Uploading tokenized data for test/test_13.txt to curated as train/test/test_13.csv...
[2025-03-12T22:00:04.176+0000] {aws_s3_repository.py:90} INFO - Successfully uploaded test/test_13.txt as train/test/test_13.csv to curated.
[2025-03-12T22:00:04.177+0000] {aws_s3_repository.py:43} INFO - [AWS S3]📥 Download test/test_14.txt from staging...
[2025-03-12T22:00:04.185+0000] {aws_s3_repository.py:46} INFO - [AWS S3]⚙️ Prétraitement du fichier test/test_14.txt...
[2025-03-12T22:00:04.353+0000] {aws_s3_repository.py:86} INFO - Uploading tokenized data for test/test_14.txt to curated as train/test/test_14.csv...
[2025-03-12T22:00:04.360+0000] {aws_s3_repository.py:90} INFO - Successfully uploaded test/test_14.txt as train/test/test_14.csv to curated.
[2025-03-12T22:00:04.361+0000] {aws_s3_repository.py:43} INFO - [AWS S3]📥 Download test/test_15.txt from staging...
[2025-03-12T22:00:04.370+0000] {aws_s3_repository.py:46} INFO - [AWS S3]⚙️ Prétraitement du fichier test/test_15.txt...
[2025-03-12T22:00:04.914+0000] {aws_s3_repository.py:86} INFO - Uploading tokenized data for test/test_15.txt to curated as train/test/test_15.csv...
[2025-03-12T22:00:04.922+0000] {aws_s3_repository.py:90} INFO - Successfully uploaded test/test_15.txt as train/test/test_15.csv to curated.
[2025-03-12T22:00:04.923+0000] {aws_s3_repository.py:43} INFO - [AWS S3]📥 Download test/test_16.txt from staging...
[2025-03-12T22:00:04.930+0000] {aws_s3_repository.py:46} INFO - [AWS S3]⚙️ Prétraitement du fichier test/test_16.txt...
[2025-03-12T22:00:05.115+0000] {aws_s3_repository.py:86} INFO - Uploading tokenized data for test/test_16.txt to curated as train/test/test_16.csv...
[2025-03-12T22:00:05.123+0000] {aws_s3_repository.py:90} INFO - Successfully uploaded test/test_16.txt as train/test/test_16.csv to curated.
[2025-03-12T22:00:05.124+0000] {aws_s3_repository.py:43} INFO - [AWS S3]📥 Download test/test_17.txt from staging...
[2025-03-12T22:00:05.134+0000] {aws_s3_repository.py:46} INFO - [AWS S3]⚙️ Prétraitement du fichier test/test_17.txt...
[2025-03-12T22:00:05.369+0000] {aws_s3_repository.py:86} INFO - Uploading tokenized data for test/test_17.txt to curated as train/test/test_17.csv...
[2025-03-12T22:00:05.377+0000] {aws_s3_repository.py:90} INFO - Successfully uploaded test/test_17.txt as train/test/test_17.csv to curated.
[2025-03-12T22:00:05.378+0000] {aws_s3_repository.py:43} INFO - [AWS S3]📥 Download test/test_18.txt from staging...
[2025-03-12T22:00:05.387+0000] {aws_s3_repository.py:46} INFO - [AWS S3]⚙️ Prétraitement du fichier test/test_18.txt...
[2025-03-12T22:00:05.560+0000] {aws_s3_repository.py:86} INFO - Uploading tokenized data for test/test_18.txt to curated as train/test/test_18.csv...
[2025-03-12T22:00:05.569+0000] {aws_s3_repository.py:90} INFO - Successfully uploaded test/test_18.txt as train/test/test_18.csv to curated.
[2025-03-12T22:00:05.570+0000] {aws_s3_repository.py:43} INFO - [AWS S3]📥 Download test/test_19.txt from staging...
[2025-03-12T22:00:05.581+0000] {aws_s3_repository.py:46} INFO - [AWS S3]⚙️ Prétraitement du fichier test/test_19.txt...
[2025-03-12T22:00:05.750+0000] {aws_s3_repository.py:86} INFO - Uploading tokenized data for test/test_19.txt to curated as train/test/test_19.csv...
[2025-03-12T22:00:05.758+0000] {aws_s3_repository.py:90} INFO - Successfully uploaded test/test_19.txt as train/test/test_19.csv to curated.
[2025-03-12T22:00:05.771+0000] {aws_s3_repository.py:43} INFO - [AWS S3]📥 Download test/test_2.txt from staging...
[2025-03-12T22:00:05.778+0000] {aws_s3_repository.py:46} INFO - [AWS S3]⚙️ Prétraitement du fichier test/test_2.txt...
[2025-03-12T22:00:05.961+0000] {aws_s3_repository.py:86} INFO - Uploading tokenized data for test/test_2.txt to curated as train/test/test_2.csv...
[2025-03-12T22:00:05.968+0000] {aws_s3_repository.py:90} INFO - Successfully uploaded test/test_2.txt as train/test/test_2.csv to curated.
[2025-03-12T22:00:05.969+0000] {aws_s3_repository.py:43} INFO - [AWS S3]📥 Download test/test_20.txt from staging...
[2025-03-12T22:00:05.980+0000] {aws_s3_repository.py:46} INFO - [AWS S3]⚙️ Prétraitement du fichier test/test_20.txt...
[2025-03-12T22:00:06.166+0000] {aws_s3_repository.py:86} INFO - Uploading tokenized data for test/test_20.txt to curated as train/test/test_20.csv...
[2025-03-12T22:00:06.179+0000] {aws_s3_repository.py:90} INFO - Successfully uploaded test/test_20.txt as train/test/test_20.csv to curated.
[2025-03-12T22:00:06.179+0000] {aws_s3_repository.py:43} INFO - [AWS S3]📥 Download test/test_21.txt from staging...
[2025-03-12T22:00:06.192+0000] {aws_s3_repository.py:46} INFO - [AWS S3]⚙️ Prétraitement du fichier test/test_21.txt...
[2025-03-12T22:00:06.363+0000] {aws_s3_repository.py:86} INFO - Uploading tokenized data for test/test_21.txt to curated as train/test/test_21.csv...
[2025-03-12T22:00:06.371+0000] {aws_s3_repository.py:90} INFO - Successfully uploaded test/test_21.txt as train/test/test_21.csv to curated.
[2025-03-12T22:00:06.372+0000] {aws_s3_repository.py:43} INFO - [AWS S3]📥 Download test/test_22.txt from staging...
[2025-03-12T22:00:06.381+0000] {aws_s3_repository.py:46} INFO - [AWS S3]⚙️ Prétraitement du fichier test/test_22.txt...
[2025-03-12T22:00:06.552+0000] {aws_s3_repository.py:86} INFO - Uploading tokenized data for test/test_22.txt to curated as train/test/test_22.csv...
[2025-03-12T22:00:06.560+0000] {aws_s3_repository.py:90} INFO - Successfully uploaded test/test_22.txt as train/test/test_22.csv to curated.
[2025-03-12T22:00:06.560+0000] {aws_s3_repository.py:43} INFO - [AWS S3]📥 Download test/test_23.txt from staging...
[2025-03-12T22:00:06.570+0000] {aws_s3_repository.py:46} INFO - [AWS S3]⚙️ Prétraitement du fichier test/test_23.txt...
[2025-03-12T22:00:06.734+0000] {aws_s3_repository.py:86} INFO - Uploading tokenized data for test/test_23.txt to curated as train/test/test_23.csv...
[2025-03-12T22:00:06.742+0000] {aws_s3_repository.py:90} INFO - Successfully uploaded test/test_23.txt as train/test/test_23.csv to curated.
[2025-03-12T22:00:06.742+0000] {aws_s3_repository.py:43} INFO - [AWS S3]📥 Download test/test_24.txt from staging...
[2025-03-12T22:00:06.752+0000] {aws_s3_repository.py:46} INFO - [AWS S3]⚙️ Prétraitement du fichier test/test_24.txt...
[2025-03-12T22:00:06.922+0000] {aws_s3_repository.py:86} INFO - Uploading tokenized data for test/test_24.txt to curated as train/test/test_24.csv...
[2025-03-12T22:00:06.929+0000] {aws_s3_repository.py:90} INFO - Successfully uploaded test/test_24.txt as train/test/test_24.csv to curated.
[2025-03-12T22:00:06.930+0000] {aws_s3_repository.py:43} INFO - [AWS S3]📥 Download test/test_25.txt from staging...
[2025-03-12T22:00:06.940+0000] {aws_s3_repository.py:46} INFO - [AWS S3]⚙️ Prétraitement du fichier test/test_25.txt...
[2025-03-12T22:00:07.107+0000] {aws_s3_repository.py:86} INFO - Uploading tokenized data for test/test_25.txt to curated as train/test/test_25.csv...
[2025-03-12T22:00:07.114+0000] {aws_s3_repository.py:90} INFO - Successfully uploaded test/test_25.txt as train/test/test_25.csv to curated.
[2025-03-12T22:00:07.115+0000] {aws_s3_repository.py:43} INFO - [AWS S3]📥 Download test/test_26.txt from staging...
[2025-03-12T22:00:07.125+0000] {aws_s3_repository.py:46} INFO - [AWS S3]⚙️ Prétraitement du fichier test/test_26.txt...
[2025-03-12T22:00:07.290+0000] {aws_s3_repository.py:86} INFO - Uploading tokenized data for test/test_26.txt to curated as train/test/test_26.csv...
[2025-03-12T22:00:07.296+0000] {aws_s3_repository.py:90} INFO - Successfully uploaded test/test_26.txt as train/test/test_26.csv to curated.
[2025-03-12T22:00:07.297+0000] {aws_s3_repository.py:43} INFO - [AWS S3]📥 Download test/test_27.txt from staging...
[2025-03-12T22:00:07.304+0000] {aws_s3_repository.py:46} INFO - [AWS S3]⚙️ Prétraitement du fichier test/test_27.txt...
[2025-03-12T22:00:07.585+0000] {aws_s3_repository.py:86} INFO - Uploading tokenized data for test/test_27.txt to curated as train/test/test_27.csv...
[2025-03-12T22:00:07.607+0000] {aws_s3_repository.py:90} INFO - Successfully uploaded test/test_27.txt as train/test/test_27.csv to curated.
[2025-03-12T22:00:07.608+0000] {aws_s3_repository.py:43} INFO - [AWS S3]📥 Download test/test_28.txt from staging...
[2025-03-12T22:00:07.634+0000] {aws_s3_repository.py:46} INFO - [AWS S3]⚙️ Prétraitement du fichier test/test_28.txt...
[2025-03-12T22:00:07.901+0000] {aws_s3_repository.py:86} INFO - Uploading tokenized data for test/test_28.txt to curated as train/test/test_28.csv...
[2025-03-12T22:00:07.911+0000] {aws_s3_repository.py:90} INFO - Successfully uploaded test/test_28.txt as train/test/test_28.csv to curated.
[2025-03-12T22:00:07.912+0000] {aws_s3_repository.py:43} INFO - [AWS S3]📥 Download test/test_29.txt from staging...
[2025-03-12T22:00:07.922+0000] {aws_s3_repository.py:46} INFO - [AWS S3]⚙️ Prétraitement du fichier test/test_29.txt...
[2025-03-12T22:00:08.141+0000] {aws_s3_repository.py:86} INFO - Uploading tokenized data for test/test_29.txt to curated as train/test/test_29.csv...
[2025-03-12T22:00:08.154+0000] {aws_s3_repository.py:90} INFO - Successfully uploaded test/test_29.txt as train/test/test_29.csv to curated.
[2025-03-12T22:00:08.155+0000] {aws_s3_repository.py:43} INFO - [AWS S3]📥 Download test/test_3.txt from staging...
[2025-03-12T22:00:08.168+0000] {aws_s3_repository.py:46} INFO - [AWS S3]⚙️ Prétraitement du fichier test/test_3.txt...
[2025-03-12T22:00:08.399+0000] {aws_s3_repository.py:86} INFO - Uploading tokenized data for test/test_3.txt to curated as train/test/test_3.csv...
[2025-03-12T22:00:08.407+0000] {aws_s3_repository.py:90} INFO - Successfully uploaded test/test_3.txt as train/test/test_3.csv to curated.
[2025-03-12T22:00:08.408+0000] {aws_s3_repository.py:43} INFO - [AWS S3]📥 Download test/test_30.txt from staging...
[2025-03-12T22:00:08.416+0000] {aws_s3_repository.py:46} INFO - [AWS S3]⚙️ Prétraitement du fichier test/test_30.txt...
[2025-03-12T22:00:08.597+0000] {aws_s3_repository.py:86} INFO - Uploading tokenized data for test/test_30.txt to curated as train/test/test_30.csv...
[2025-03-12T22:00:08.604+0000] {aws_s3_repository.py:90} INFO - Successfully uploaded test/test_30.txt as train/test/test_30.csv to curated.
[2025-03-12T22:00:08.605+0000] {aws_s3_repository.py:43} INFO - [AWS S3]📥 Download test/test_31.txt from staging...
[2025-03-12T22:00:08.612+0000] {aws_s3_repository.py:46} INFO - [AWS S3]⚙️ Prétraitement du fichier test/test_31.txt...
[2025-03-12T22:00:08.776+0000] {aws_s3_repository.py:86} INFO - Uploading tokenized data for test/test_31.txt to curated as train/test/test_31.csv...
[2025-03-12T22:00:08.783+0000] {aws_s3_repository.py:90} INFO - Successfully uploaded test/test_31.txt as train/test/test_31.csv to curated.
[2025-03-12T22:00:08.783+0000] {aws_s3_repository.py:43} INFO - [AWS S3]📥 Download test/test_32.txt from staging...
[2025-03-12T22:00:08.791+0000] {aws_s3_repository.py:46} INFO - [AWS S3]⚙️ Prétraitement du fichier test/test_32.txt...
[2025-03-12T22:00:08.976+0000] {aws_s3_repository.py:86} INFO - Uploading tokenized data for test/test_32.txt to curated as train/test/test_32.csv...
[2025-03-12T22:00:08.985+0000] {aws_s3_repository.py:90} INFO - Successfully uploaded test/test_32.txt as train/test/test_32.csv to curated.
[2025-03-12T22:00:09.000+0000] {aws_s3_repository.py:43} INFO - [AWS S3]📥 Download test/test_33.txt from staging...
[2025-03-12T22:00:09.010+0000] {aws_s3_repository.py:46} INFO - [AWS S3]⚙️ Prétraitement du fichier test/test_33.txt...
[2025-03-12T22:00:09.191+0000] {aws_s3_repository.py:86} INFO - Uploading tokenized data for test/test_33.txt to curated as train/test/test_33.csv...
[2025-03-12T22:00:09.198+0000] {aws_s3_repository.py:90} INFO - Successfully uploaded test/test_33.txt as train/test/test_33.csv to curated.
[2025-03-12T22:00:09.199+0000] {aws_s3_repository.py:43} INFO - [AWS S3]📥 Download test/test_34.txt from staging...
[2025-03-12T22:00:09.206+0000] {aws_s3_repository.py:46} INFO - [AWS S3]⚙️ Prétraitement du fichier test/test_34.txt...
[2025-03-12T22:00:09.370+0000] {aws_s3_repository.py:86} INFO - Uploading tokenized data for test/test_34.txt to curated as train/test/test_34.csv...
[2025-03-12T22:00:09.377+0000] {aws_s3_repository.py:90} INFO - Successfully uploaded test/test_34.txt as train/test/test_34.csv to curated.
[2025-03-12T22:00:09.377+0000] {aws_s3_repository.py:43} INFO - [AWS S3]📥 Download test/test_35.txt from staging...
[2025-03-12T22:00:09.386+0000] {aws_s3_repository.py:46} INFO - [AWS S3]⚙️ Prétraitement du fichier test/test_35.txt...
[2025-03-12T22:00:09.545+0000] {aws_s3_repository.py:86} INFO - Uploading tokenized data for test/test_35.txt to curated as train/test/test_35.csv...
[2025-03-12T22:00:09.552+0000] {aws_s3_repository.py:90} INFO - Successfully uploaded test/test_35.txt as train/test/test_35.csv to curated.
[2025-03-12T22:00:09.553+0000] {aws_s3_repository.py:43} INFO - [AWS S3]📥 Download test/test_36.txt from staging...
[2025-03-12T22:00:09.560+0000] {aws_s3_repository.py:46} INFO - [AWS S3]⚙️ Prétraitement du fichier test/test_36.txt...
[2025-03-12T22:00:09.735+0000] {aws_s3_repository.py:86} INFO - Uploading tokenized data for test/test_36.txt to curated as train/test/test_36.csv...
[2025-03-12T22:00:09.742+0000] {aws_s3_repository.py:90} INFO - Successfully uploaded test/test_36.txt as train/test/test_36.csv to curated.
[2025-03-12T22:00:09.743+0000] {aws_s3_repository.py:43} INFO - [AWS S3]📥 Download test/test_37.txt from staging...
[2025-03-12T22:00:09.750+0000] {aws_s3_repository.py:46} INFO - [AWS S3]⚙️ Prétraitement du fichier test/test_37.txt...
[2025-03-12T22:00:09.945+0000] {aws_s3_repository.py:86} INFO - Uploading tokenized data for test/test_37.txt to curated as train/test/test_37.csv...
[2025-03-12T22:00:09.953+0000] {aws_s3_repository.py:90} INFO - Successfully uploaded test/test_37.txt as train/test/test_37.csv to curated.
[2025-03-12T22:00:09.954+0000] {aws_s3_repository.py:43} INFO - [AWS S3]📥 Download test/test_38.txt from staging...
[2025-03-12T22:00:09.963+0000] {aws_s3_repository.py:46} INFO - [AWS S3]⚙️ Prétraitement du fichier test/test_38.txt...
[2025-03-12T22:00:10.143+0000] {aws_s3_repository.py:86} INFO - Uploading tokenized data for test/test_38.txt to curated as train/test/test_38.csv...
[2025-03-12T22:00:10.150+0000] {aws_s3_repository.py:90} INFO - Successfully uploaded test/test_38.txt as train/test/test_38.csv to curated.
[2025-03-12T22:00:10.151+0000] {aws_s3_repository.py:43} INFO - [AWS S3]📥 Download test/test_39.txt from staging...
[2025-03-12T22:00:10.159+0000] {aws_s3_repository.py:46} INFO - [AWS S3]⚙️ Prétraitement du fichier test/test_39.txt...
[2025-03-12T22:00:10.819+0000] {aws_s3_repository.py:86} INFO - Uploading tokenized data for test/test_39.txt to curated as train/test/test_39.csv...
[2025-03-12T22:00:10.826+0000] {aws_s3_repository.py:90} INFO - Successfully uploaded test/test_39.txt as train/test/test_39.csv to curated.
[2025-03-12T22:00:10.827+0000] {aws_s3_repository.py:43} INFO - [AWS S3]📥 Download test/test_4.txt from staging...
[2025-03-12T22:00:10.834+0000] {aws_s3_repository.py:46} INFO - [AWS S3]⚙️ Prétraitement du fichier test/test_4.txt...
[2025-03-12T22:00:11.160+0000] {aws_s3_repository.py:86} INFO - Uploading tokenized data for test/test_4.txt to curated as train/test/test_4.csv...
[2025-03-12T22:00:11.179+0000] {aws_s3_repository.py:90} INFO - Successfully uploaded test/test_4.txt as train/test/test_4.csv to curated.
[2025-03-12T22:00:11.180+0000] {aws_s3_repository.py:43} INFO - [AWS S3]📥 Download test/test_40.txt from staging...
[2025-03-12T22:00:11.193+0000] {aws_s3_repository.py:46} INFO - [AWS S3]⚙️ Prétraitement du fichier test/test_40.txt...
[2025-03-12T22:00:11.408+0000] {aws_s3_repository.py:86} INFO - Uploading tokenized data for test/test_40.txt to curated as train/test/test_40.csv...
[2025-03-12T22:00:11.425+0000] {aws_s3_repository.py:90} INFO - Successfully uploaded test/test_40.txt as train/test/test_40.csv to curated.
[2025-03-12T22:00:11.426+0000] {aws_s3_repository.py:43} INFO - [AWS S3]📥 Download test/test_41.txt from staging...
[2025-03-12T22:00:11.443+0000] {aws_s3_repository.py:46} INFO - [AWS S3]⚙️ Prétraitement du fichier test/test_41.txt...
[2025-03-12T22:00:11.636+0000] {aws_s3_repository.py:86} INFO - Uploading tokenized data for test/test_41.txt to curated as train/test/test_41.csv...
[2025-03-12T22:00:11.644+0000] {aws_s3_repository.py:90} INFO - Successfully uploaded test/test_41.txt as train/test/test_41.csv to curated.
[2025-03-12T22:00:11.645+0000] {aws_s3_repository.py:43} INFO - [AWS S3]📥 Download test/test_42.txt from staging...
[2025-03-12T22:00:11.654+0000] {aws_s3_repository.py:46} INFO - [AWS S3]⚙️ Prétraitement du fichier test/test_42.txt...
[2025-03-12T22:00:11.868+0000] {aws_s3_repository.py:86} INFO - Uploading tokenized data for test/test_42.txt to curated as train/test/test_42.csv...
[2025-03-12T22:00:11.889+0000] {aws_s3_repository.py:90} INFO - Successfully uploaded test/test_42.txt as train/test/test_42.csv to curated.
[2025-03-12T22:00:11.890+0000] {aws_s3_repository.py:43} INFO - [AWS S3]📥 Download test/test_43.txt from staging...
[2025-03-12T22:00:11.905+0000] {aws_s3_repository.py:46} INFO - [AWS S3]⚙️ Prétraitement du fichier test/test_43.txt...
[2025-03-12T22:00:12.197+0000] {aws_s3_repository.py:86} INFO - Uploading tokenized data for test/test_43.txt to curated as train/test/test_43.csv...
[2025-03-12T22:00:12.210+0000] {aws_s3_repository.py:90} INFO - Successfully uploaded test/test_43.txt as train/test/test_43.csv to curated.
[2025-03-12T22:00:12.211+0000] {aws_s3_repository.py:43} INFO - [AWS S3]📥 Download test/test_44.txt from staging...
[2025-03-12T22:00:12.221+0000] {aws_s3_repository.py:46} INFO - [AWS S3]⚙️ Prétraitement du fichier test/test_44.txt...
[2025-03-12T22:00:12.591+0000] {aws_s3_repository.py:86} INFO - Uploading tokenized data for test/test_44.txt to curated as train/test/test_44.csv...
[2025-03-12T22:00:12.599+0000] {aws_s3_repository.py:90} INFO - Successfully uploaded test/test_44.txt as train/test/test_44.csv to curated.
[2025-03-12T22:00:12.599+0000] {aws_s3_repository.py:43} INFO - [AWS S3]📥 Download test/test_45.txt from staging...
[2025-03-12T22:00:12.607+0000] {aws_s3_repository.py:46} INFO - [AWS S3]⚙️ Prétraitement du fichier test/test_45.txt...
[2025-03-12T22:00:12.776+0000] {aws_s3_repository.py:86} INFO - Uploading tokenized data for test/test_45.txt to curated as train/test/test_45.csv...
[2025-03-12T22:00:12.782+0000] {aws_s3_repository.py:90} INFO - Successfully uploaded test/test_45.txt as train/test/test_45.csv to curated.
[2025-03-12T22:00:12.783+0000] {aws_s3_repository.py:43} INFO - [AWS S3]📥 Download test/test_46.txt from staging...
[2025-03-12T22:00:12.791+0000] {aws_s3_repository.py:46} INFO - [AWS S3]⚙️ Prétraitement du fichier test/test_46.txt...
[2025-03-12T22:00:12.957+0000] {aws_s3_repository.py:86} INFO - Uploading tokenized data for test/test_46.txt to curated as train/test/test_46.csv...
[2025-03-12T22:00:12.965+0000] {aws_s3_repository.py:90} INFO - Successfully uploaded test/test_46.txt as train/test/test_46.csv to curated.
[2025-03-12T22:00:12.965+0000] {aws_s3_repository.py:43} INFO - [AWS S3]📥 Download test/test_47.txt from staging...
[2025-03-12T22:00:12.973+0000] {aws_s3_repository.py:46} INFO - [AWS S3]⚙️ Prétraitement du fichier test/test_47.txt...
[2025-03-12T22:00:15.996+0000] {aws_s3_repository.py:86} INFO - Uploading tokenized data for test/test_47.txt to curated as train/test/test_47.csv...
[2025-03-12T22:00:16.004+0000] {aws_s3_repository.py:90} INFO - Successfully uploaded test/test_47.txt as train/test/test_47.csv to curated.
[2025-03-12T22:00:16.005+0000] {aws_s3_repository.py:43} INFO - [AWS S3]📥 Download test/test_48.txt from staging...
[2025-03-12T22:00:16.011+0000] {aws_s3_repository.py:46} INFO - [AWS S3]⚙️ Prétraitement du fichier test/test_48.txt...
[2025-03-12T22:00:16.312+0000] {aws_s3_repository.py:86} INFO - Uploading tokenized data for test/test_48.txt to curated as train/test/test_48.csv...
[2025-03-12T22:00:16.319+0000] {aws_s3_repository.py:90} INFO - Successfully uploaded test/test_48.txt as train/test/test_48.csv to curated.
[2025-03-12T22:00:16.319+0000] {aws_s3_repository.py:43} INFO - [AWS S3]📥 Download test/test_49.txt from staging...
[2025-03-12T22:00:16.327+0000] {aws_s3_repository.py:46} INFO - [AWS S3]⚙️ Prétraitement du fichier test/test_49.txt...
[2025-03-12T22:00:16.562+0000] {aws_s3_repository.py:86} INFO - Uploading tokenized data for test/test_49.txt to curated as train/test/test_49.csv...
[2025-03-12T22:00:16.569+0000] {aws_s3_repository.py:90} INFO - Successfully uploaded test/test_49.txt as train/test/test_49.csv to curated.
[2025-03-12T22:00:16.569+0000] {aws_s3_repository.py:43} INFO - [AWS S3]📥 Download test/test_5.txt from staging...
[2025-03-12T22:00:16.576+0000] {aws_s3_repository.py:46} INFO - [AWS S3]⚙️ Prétraitement du fichier test/test_5.txt...
[2025-03-12T22:00:16.752+0000] {aws_s3_repository.py:86} INFO - Uploading tokenized data for test/test_5.txt to curated as train/test/test_5.csv...
[2025-03-12T22:00:16.760+0000] {aws_s3_repository.py:90} INFO - Successfully uploaded test/test_5.txt as train/test/test_5.csv to curated.
[2025-03-12T22:00:16.761+0000] {aws_s3_repository.py:43} INFO - [AWS S3]📥 Download test/test_50.txt from staging...
[2025-03-12T22:00:16.769+0000] {aws_s3_repository.py:46} INFO - [AWS S3]⚙️ Prétraitement du fichier test/test_50.txt...
[2025-03-12T22:00:16.942+0000] {aws_s3_repository.py:86} INFO - Uploading tokenized data for test/test_50.txt to curated as train/test/test_50.csv...
[2025-03-12T22:00:16.949+0000] {aws_s3_repository.py:90} INFO - Successfully uploaded test/test_50.txt as train/test/test_50.csv to curated.
[2025-03-12T22:00:16.949+0000] {aws_s3_repository.py:43} INFO - [AWS S3]📥 Download test/test_51.txt from staging...
[2025-03-12T22:00:16.957+0000] {aws_s3_repository.py:46} INFO - [AWS S3]⚙️ Prétraitement du fichier test/test_51.txt...
[2025-03-12T22:00:17.138+0000] {aws_s3_repository.py:86} INFO - Uploading tokenized data for test/test_51.txt to curated as train/test/test_51.csv...
[2025-03-12T22:00:17.146+0000] {aws_s3_repository.py:90} INFO - Successfully uploaded test/test_51.txt as train/test/test_51.csv to curated.
[2025-03-12T22:00:17.146+0000] {aws_s3_repository.py:43} INFO - [AWS S3]📥 Download test/test_52.txt from staging...
[2025-03-12T22:00:17.153+0000] {aws_s3_repository.py:46} INFO - [AWS S3]⚙️ Prétraitement du fichier test/test_52.txt...
[2025-03-12T22:00:17.332+0000] {aws_s3_repository.py:86} INFO - Uploading tokenized data for test/test_52.txt to curated as train/test/test_52.csv...
[2025-03-12T22:00:17.344+0000] {aws_s3_repository.py:90} INFO - Successfully uploaded test/test_52.txt as train/test/test_52.csv to curated.
[2025-03-12T22:00:17.345+0000] {aws_s3_repository.py:43} INFO - [AWS S3]📥 Download test/test_53.txt from staging...
[2025-03-12T22:00:17.356+0000] {aws_s3_repository.py:46} INFO - [AWS S3]⚙️ Prétraitement du fichier test/test_53.txt...
[2025-03-12T22:00:17.592+0000] {aws_s3_repository.py:86} INFO - Uploading tokenized data for test/test_53.txt to curated as train/test/test_53.csv...
[2025-03-12T22:00:17.602+0000] {aws_s3_repository.py:90} INFO - Successfully uploaded test/test_53.txt as train/test/test_53.csv to curated.
[2025-03-12T22:00:17.603+0000] {aws_s3_repository.py:43} INFO - [AWS S3]📥 Download test/test_54.txt from staging...
[2025-03-12T22:00:17.614+0000] {aws_s3_repository.py:46} INFO - [AWS S3]⚙️ Prétraitement du fichier test/test_54.txt...
[2025-03-12T22:00:17.779+0000] {aws_s3_repository.py:86} INFO - Uploading tokenized data for test/test_54.txt to curated as train/test/test_54.csv...
[2025-03-12T22:00:17.786+0000] {aws_s3_repository.py:90} INFO - Successfully uploaded test/test_54.txt as train/test/test_54.csv to curated.
[2025-03-12T22:00:17.787+0000] {aws_s3_repository.py:43} INFO - [AWS S3]📥 Download test/test_55.txt from staging...
[2025-03-12T22:00:17.796+0000] {aws_s3_repository.py:46} INFO - [AWS S3]⚙️ Prétraitement du fichier test/test_55.txt...
[2025-03-12T22:00:18.374+0000] {aws_s3_repository.py:86} INFO - Uploading tokenized data for test/test_55.txt to curated as train/test/test_55.csv...
[2025-03-12T22:00:18.383+0000] {aws_s3_repository.py:90} INFO - Successfully uploaded test/test_55.txt as train/test/test_55.csv to curated.
[2025-03-12T22:00:18.383+0000] {aws_s3_repository.py:43} INFO - [AWS S3]📥 Download test/test_56.txt from staging...
[2025-03-12T22:00:18.391+0000] {aws_s3_repository.py:46} INFO - [AWS S3]⚙️ Prétraitement du fichier test/test_56.txt...
[2025-03-12T22:00:18.568+0000] {aws_s3_repository.py:86} INFO - Uploading tokenized data for test/test_56.txt to curated as train/test/test_56.csv...
[2025-03-12T22:00:18.578+0000] {aws_s3_repository.py:90} INFO - Successfully uploaded test/test_56.txt as train/test/test_56.csv to curated.
[2025-03-12T22:00:18.578+0000] {aws_s3_repository.py:43} INFO - [AWS S3]📥 Download test/test_57.txt from staging...
[2025-03-12T22:00:18.587+0000] {aws_s3_repository.py:46} INFO - [AWS S3]⚙️ Prétraitement du fichier test/test_57.txt...
[2025-03-12T22:00:18.784+0000] {aws_s3_repository.py:86} INFO - Uploading tokenized data for test/test_57.txt to curated as train/test/test_57.csv...
[2025-03-12T22:00:18.794+0000] {aws_s3_repository.py:90} INFO - Successfully uploaded test/test_57.txt as train/test/test_57.csv to curated.
[2025-03-12T22:00:18.795+0000] {aws_s3_repository.py:43} INFO - [AWS S3]📥 Download test/test_58.txt from staging...
[2025-03-12T22:00:18.804+0000] {aws_s3_repository.py:46} INFO - [AWS S3]⚙️ Prétraitement du fichier test/test_58.txt...
[2025-03-12T22:00:18.993+0000] {aws_s3_repository.py:86} INFO - Uploading tokenized data for test/test_58.txt to curated as train/test/test_58.csv...
[2025-03-12T22:00:19.003+0000] {aws_s3_repository.py:90} INFO - Successfully uploaded test/test_58.txt as train/test/test_58.csv to curated.
[2025-03-12T22:00:19.004+0000] {aws_s3_repository.py:43} INFO - [AWS S3]📥 Download test/test_59.txt from staging...
[2025-03-12T22:00:19.013+0000] {aws_s3_repository.py:46} INFO - [AWS S3]⚙️ Prétraitement du fichier test/test_59.txt...
[2025-03-12T22:00:19.193+0000] {aws_s3_repository.py:86} INFO - Uploading tokenized data for test/test_59.txt to curated as train/test/test_59.csv...
[2025-03-12T22:00:19.200+0000] {aws_s3_repository.py:90} INFO - Successfully uploaded test/test_59.txt as train/test/test_59.csv to curated.
[2025-03-12T22:00:19.200+0000] {aws_s3_repository.py:43} INFO - [AWS S3]📥 Download test/test_6.txt from staging...
[2025-03-12T22:00:19.207+0000] {aws_s3_repository.py:46} INFO - [AWS S3]⚙️ Prétraitement du fichier test/test_6.txt...
[2025-03-12T22:00:19.383+0000] {aws_s3_repository.py:86} INFO - Uploading tokenized data for test/test_6.txt to curated as train/test/test_6.csv...
[2025-03-12T22:00:19.390+0000] {aws_s3_repository.py:90} INFO - Successfully uploaded test/test_6.txt as train/test/test_6.csv to curated.
[2025-03-12T22:00:19.390+0000] {aws_s3_repository.py:43} INFO - [AWS S3]📥 Download test/test_60.txt from staging...
[2025-03-12T22:00:19.398+0000] {aws_s3_repository.py:46} INFO - [AWS S3]⚙️ Prétraitement du fichier test/test_60.txt...
[2025-03-12T22:00:19.606+0000] {aws_s3_repository.py:86} INFO - Uploading tokenized data for test/test_60.txt to curated as train/test/test_60.csv...
[2025-03-12T22:00:19.613+0000] {aws_s3_repository.py:90} INFO - Successfully uploaded test/test_60.txt as train/test/test_60.csv to curated.
[2025-03-12T22:00:19.614+0000] {aws_s3_repository.py:43} INFO - [AWS S3]📥 Download test/test_61.txt from staging...
[2025-03-12T22:00:19.620+0000] {aws_s3_repository.py:46} INFO - [AWS S3]⚙️ Prétraitement du fichier test/test_61.txt...
[2025-03-12T22:00:19.782+0000] {aws_s3_repository.py:86} INFO - Uploading tokenized data for test/test_61.txt to curated as train/test/test_61.csv...
[2025-03-12T22:00:19.789+0000] {aws_s3_repository.py:90} INFO - Successfully uploaded test/test_61.txt as train/test/test_61.csv to curated.
[2025-03-12T22:00:19.790+0000] {aws_s3_repository.py:43} INFO - [AWS S3]📥 Download test/test_62.txt from staging...
[2025-03-12T22:00:19.797+0000] {aws_s3_repository.py:46} INFO - [AWS S3]⚙️ Prétraitement du fichier test/test_62.txt...
[2025-03-12T22:00:19.974+0000] {aws_s3_repository.py:86} INFO - Uploading tokenized data for test/test_62.txt to curated as train/test/test_62.csv...
[2025-03-12T22:00:19.981+0000] {aws_s3_repository.py:90} INFO - Successfully uploaded test/test_62.txt as train/test/test_62.csv to curated.
[2025-03-12T22:00:19.982+0000] {aws_s3_repository.py:43} INFO - [AWS S3]📥 Download test/test_63.txt from staging...
[2025-03-12T22:00:19.993+0000] {aws_s3_repository.py:46} INFO - [AWS S3]⚙️ Prétraitement du fichier test/test_63.txt...
[2025-03-12T22:00:20.178+0000] {aws_s3_repository.py:86} INFO - Uploading tokenized data for test/test_63.txt to curated as train/test/test_63.csv...
[2025-03-12T22:00:20.185+0000] {aws_s3_repository.py:90} INFO - Successfully uploaded test/test_63.txt as train/test/test_63.csv to curated.
[2025-03-12T22:00:20.186+0000] {aws_s3_repository.py:43} INFO - [AWS S3]📥 Download test/test_64.txt from staging...
[2025-03-12T22:00:20.194+0000] {aws_s3_repository.py:46} INFO - [AWS S3]⚙️ Prétraitement du fichier test/test_64.txt...
[2025-03-12T22:00:20.389+0000] {aws_s3_repository.py:86} INFO - Uploading tokenized data for test/test_64.txt to curated as train/test/test_64.csv...
[2025-03-12T22:00:20.406+0000] {aws_s3_repository.py:90} INFO - Successfully uploaded test/test_64.txt as train/test/test_64.csv to curated.
[2025-03-12T22:00:20.407+0000] {aws_s3_repository.py:43} INFO - [AWS S3]📥 Download test/test_65.txt from staging...
[2025-03-12T22:00:20.418+0000] {aws_s3_repository.py:46} INFO - [AWS S3]⚙️ Prétraitement du fichier test/test_65.txt...
[2025-03-12T22:00:20.578+0000] {aws_s3_repository.py:86} INFO - Uploading tokenized data for test/test_65.txt to curated as train/test/test_65.csv...
[2025-03-12T22:00:20.585+0000] {aws_s3_repository.py:90} INFO - Successfully uploaded test/test_65.txt as train/test/test_65.csv to curated.
[2025-03-12T22:00:20.586+0000] {aws_s3_repository.py:43} INFO - [AWS S3]📥 Download test/test_66.txt from staging...
[2025-03-12T22:00:20.593+0000] {aws_s3_repository.py:46} INFO - [AWS S3]⚙️ Prétraitement du fichier test/test_66.txt...
[2025-03-12T22:00:20.820+0000] {aws_s3_repository.py:86} INFO - Uploading tokenized data for test/test_66.txt to curated as train/test/test_66.csv...
[2025-03-12T22:00:20.828+0000] {aws_s3_repository.py:90} INFO - Successfully uploaded test/test_66.txt as train/test/test_66.csv to curated.
[2025-03-12T22:00:20.829+0000] {aws_s3_repository.py:43} INFO - [AWS S3]📥 Download test/test_67.txt from staging...
[2025-03-12T22:00:20.836+0000] {aws_s3_repository.py:46} INFO - [AWS S3]⚙️ Prétraitement du fichier test/test_67.txt...
[2025-03-12T22:00:21.001+0000] {aws_s3_repository.py:86} INFO - Uploading tokenized data for test/test_67.txt to curated as train/test/test_67.csv...
[2025-03-12T22:00:21.009+0000] {aws_s3_repository.py:90} INFO - Successfully uploaded test/test_67.txt as train/test/test_67.csv to curated.
[2025-03-12T22:00:21.009+0000] {aws_s3_repository.py:43} INFO - [AWS S3]📥 Download test/test_68.txt from staging...
[2025-03-12T22:00:21.016+0000] {aws_s3_repository.py:46} INFO - [AWS S3]⚙️ Prétraitement du fichier test/test_68.txt...
[2025-03-12T22:00:21.235+0000] {aws_s3_repository.py:86} INFO - Uploading tokenized data for test/test_68.txt to curated as train/test/test_68.csv...
[2025-03-12T22:00:21.245+0000] {aws_s3_repository.py:90} INFO - Successfully uploaded test/test_68.txt as train/test/test_68.csv to curated.
[2025-03-12T22:00:21.246+0000] {aws_s3_repository.py:43} INFO - [AWS S3]📥 Download test/test_69.txt from staging...
[2025-03-12T22:00:21.256+0000] {aws_s3_repository.py:46} INFO - [AWS S3]⚙️ Prétraitement du fichier test/test_69.txt...
[2025-03-12T22:00:21.422+0000] {aws_s3_repository.py:86} INFO - Uploading tokenized data for test/test_69.txt to curated as train/test/test_69.csv...
[2025-03-12T22:00:21.429+0000] {aws_s3_repository.py:90} INFO - Successfully uploaded test/test_69.txt as train/test/test_69.csv to curated.
[2025-03-12T22:00:21.430+0000] {aws_s3_repository.py:43} INFO - [AWS S3]📥 Download test/test_7.txt from staging...
[2025-03-12T22:00:21.437+0000] {aws_s3_repository.py:46} INFO - [AWS S3]⚙️ Prétraitement du fichier test/test_7.txt...
[2025-03-12T22:00:21.607+0000] {aws_s3_repository.py:86} INFO - Uploading tokenized data for test/test_7.txt to curated as train/test/test_7.csv...
[2025-03-12T22:00:21.614+0000] {aws_s3_repository.py:90} INFO - Successfully uploaded test/test_7.txt as train/test/test_7.csv to curated.
[2025-03-12T22:00:21.615+0000] {aws_s3_repository.py:43} INFO - [AWS S3]📥 Download test/test_70.txt from staging...
[2025-03-12T22:00:21.622+0000] {aws_s3_repository.py:46} INFO - [AWS S3]⚙️ Prétraitement du fichier test/test_70.txt...
[2025-03-12T22:00:21.815+0000] {aws_s3_repository.py:86} INFO - Uploading tokenized data for test/test_70.txt to curated as train/test/test_70.csv...
[2025-03-12T22:00:21.827+0000] {aws_s3_repository.py:90} INFO - Successfully uploaded test/test_70.txt as train/test/test_70.csv to curated.
[2025-03-12T22:00:21.828+0000] {aws_s3_repository.py:43} INFO - [AWS S3]📥 Download test/test_71.txt from staging...
[2025-03-12T22:00:21.838+0000] {aws_s3_repository.py:46} INFO - [AWS S3]⚙️ Prétraitement du fichier test/test_71.txt...
[2025-03-12T22:00:22.010+0000] {aws_s3_repository.py:86} INFO - Uploading tokenized data for test/test_71.txt to curated as train/test/test_71.csv...
[2025-03-12T22:00:22.020+0000] {aws_s3_repository.py:90} INFO - Successfully uploaded test/test_71.txt as train/test/test_71.csv to curated.
[2025-03-12T22:00:22.021+0000] {aws_s3_repository.py:43} INFO - [AWS S3]📥 Download test/test_72.txt from staging...
[2025-03-12T22:00:22.032+0000] {aws_s3_repository.py:46} INFO - [AWS S3]⚙️ Prétraitement du fichier test/test_72.txt...
[2025-03-12T22:00:22.228+0000] {aws_s3_repository.py:86} INFO - Uploading tokenized data for test/test_72.txt to curated as train/test/test_72.csv...
[2025-03-12T22:00:22.241+0000] {aws_s3_repository.py:90} INFO - Successfully uploaded test/test_72.txt as train/test/test_72.csv to curated.
[2025-03-12T22:00:22.242+0000] {aws_s3_repository.py:43} INFO - [AWS S3]📥 Download test/test_73.txt from staging...
[2025-03-12T22:00:22.258+0000] {aws_s3_repository.py:46} INFO - [AWS S3]⚙️ Prétraitement du fichier test/test_73.txt...
[2025-03-12T22:00:22.459+0000] {aws_s3_repository.py:86} INFO - Uploading tokenized data for test/test_73.txt to curated as train/test/test_73.csv...
[2025-03-12T22:00:22.468+0000] {aws_s3_repository.py:90} INFO - Successfully uploaded test/test_73.txt as train/test/test_73.csv to curated.
[2025-03-12T22:00:22.469+0000] {aws_s3_repository.py:43} INFO - [AWS S3]📥 Download test/test_74.txt from staging...
[2025-03-12T22:00:22.479+0000] {aws_s3_repository.py:46} INFO - [AWS S3]⚙️ Prétraitement du fichier test/test_74.txt...
[2025-03-12T22:00:22.662+0000] {aws_s3_repository.py:86} INFO - Uploading tokenized data for test/test_74.txt to curated as train/test/test_74.csv...
[2025-03-12T22:00:22.671+0000] {aws_s3_repository.py:90} INFO - Successfully uploaded test/test_74.txt as train/test/test_74.csv to curated.
[2025-03-12T22:00:22.672+0000] {aws_s3_repository.py:43} INFO - [AWS S3]📥 Download test/test_75.txt from staging...
[2025-03-12T22:00:22.680+0000] {aws_s3_repository.py:46} INFO - [AWS S3]⚙️ Prétraitement du fichier test/test_75.txt...
[2025-03-12T22:00:22.867+0000] {aws_s3_repository.py:86} INFO - Uploading tokenized data for test/test_75.txt to curated as train/test/test_75.csv...
[2025-03-12T22:00:22.876+0000] {aws_s3_repository.py:90} INFO - Successfully uploaded test/test_75.txt as train/test/test_75.csv to curated.
[2025-03-12T22:00:22.877+0000] {aws_s3_repository.py:43} INFO - [AWS S3]📥 Download test/test_76.txt from staging...
[2025-03-12T22:00:22.886+0000] {aws_s3_repository.py:46} INFO - [AWS S3]⚙️ Prétraitement du fichier test/test_76.txt...
[2025-03-12T22:00:23.047+0000] {aws_s3_repository.py:86} INFO - Uploading tokenized data for test/test_76.txt to curated as train/test/test_76.csv...
[2025-03-12T22:00:23.055+0000] {aws_s3_repository.py:90} INFO - Successfully uploaded test/test_76.txt as train/test/test_76.csv to curated.
[2025-03-12T22:00:23.056+0000] {aws_s3_repository.py:43} INFO - [AWS S3]📥 Download test/test_77.txt from staging...
[2025-03-12T22:00:23.064+0000] {aws_s3_repository.py:46} INFO - [AWS S3]⚙️ Prétraitement du fichier test/test_77.txt...
[2025-03-12T22:00:23.249+0000] {aws_s3_repository.py:86} INFO - Uploading tokenized data for test/test_77.txt to curated as train/test/test_77.csv...
[2025-03-12T22:00:23.259+0000] {aws_s3_repository.py:90} INFO - Successfully uploaded test/test_77.txt as train/test/test_77.csv to curated.
[2025-03-12T22:00:23.259+0000] {aws_s3_repository.py:43} INFO - [AWS S3]📥 Download test/test_78.txt from staging...
[2025-03-12T22:00:23.268+0000] {aws_s3_repository.py:46} INFO - [AWS S3]⚙️ Prétraitement du fichier test/test_78.txt...
[2025-03-12T22:00:23.468+0000] {aws_s3_repository.py:86} INFO - Uploading tokenized data for test/test_78.txt to curated as train/test/test_78.csv...
[2025-03-12T22:00:23.475+0000] {aws_s3_repository.py:90} INFO - Successfully uploaded test/test_78.txt as train/test/test_78.csv to curated.
[2025-03-12T22:00:23.475+0000] {aws_s3_repository.py:43} INFO - [AWS S3]📥 Download test/test_79.txt from staging...
[2025-03-12T22:00:23.483+0000] {aws_s3_repository.py:46} INFO - [AWS S3]⚙️ Prétraitement du fichier test/test_79.txt...
[2025-03-12T22:00:23.653+0000] {aws_s3_repository.py:86} INFO - Uploading tokenized data for test/test_79.txt to curated as train/test/test_79.csv...
[2025-03-12T22:00:23.660+0000] {aws_s3_repository.py:90} INFO - Successfully uploaded test/test_79.txt as train/test/test_79.csv to curated.
[2025-03-12T22:00:23.661+0000] {aws_s3_repository.py:43} INFO - [AWS S3]📥 Download test/test_8.txt from staging...
[2025-03-12T22:00:23.668+0000] {aws_s3_repository.py:46} INFO - [AWS S3]⚙️ Prétraitement du fichier test/test_8.txt...
[2025-03-12T22:00:23.839+0000] {aws_s3_repository.py:86} INFO - Uploading tokenized data for test/test_8.txt to curated as train/test/test_8.csv...
[2025-03-12T22:00:23.846+0000] {aws_s3_repository.py:90} INFO - Successfully uploaded test/test_8.txt as train/test/test_8.csv to curated.
[2025-03-12T22:00:23.847+0000] {aws_s3_repository.py:43} INFO - [AWS S3]📥 Download test/test_80.txt from staging...
[2025-03-12T22:00:23.855+0000] {aws_s3_repository.py:46} INFO - [AWS S3]⚙️ Prétraitement du fichier test/test_80.txt...
[2025-03-12T22:00:24.032+0000] {aws_s3_repository.py:86} INFO - Uploading tokenized data for test/test_80.txt to curated as train/test/test_80.csv...
[2025-03-12T22:00:24.040+0000] {aws_s3_repository.py:90} INFO - Successfully uploaded test/test_80.txt as train/test/test_80.csv to curated.
[2025-03-12T22:00:24.053+0000] {aws_s3_repository.py:43} INFO - [AWS S3]📥 Download test/test_81.txt from staging...
[2025-03-12T22:00:24.063+0000] {aws_s3_repository.py:46} INFO - [AWS S3]⚙️ Prétraitement du fichier test/test_81.txt...
[2025-03-12T22:00:24.217+0000] {aws_s3_repository.py:86} INFO - Uploading tokenized data for test/test_81.txt to curated as train/test/test_81.csv...
[2025-03-12T22:00:24.224+0000] {aws_s3_repository.py:90} INFO - Successfully uploaded test/test_81.txt as train/test/test_81.csv to curated.
[2025-03-12T22:00:24.225+0000] {aws_s3_repository.py:43} INFO - [AWS S3]📥 Download test/test_82.txt from staging...
[2025-03-12T22:00:24.235+0000] {aws_s3_repository.py:46} INFO - [AWS S3]⚙️ Prétraitement du fichier test/test_82.txt...
[2025-03-12T22:00:24.420+0000] {aws_s3_repository.py:86} INFO - Uploading tokenized data for test/test_82.txt to curated as train/test/test_82.csv...
[2025-03-12T22:00:24.428+0000] {aws_s3_repository.py:90} INFO - Successfully uploaded test/test_82.txt as train/test/test_82.csv to curated.
[2025-03-12T22:00:24.429+0000] {aws_s3_repository.py:43} INFO - [AWS S3]📥 Download test/test_83.txt from staging...
[2025-03-12T22:00:24.439+0000] {aws_s3_repository.py:46} INFO - [AWS S3]⚙️ Prétraitement du fichier test/test_83.txt...
[2025-03-12T22:00:24.609+0000] {aws_s3_repository.py:86} INFO - Uploading tokenized data for test/test_83.txt to curated as train/test/test_83.csv...
[2025-03-12T22:00:24.617+0000] {aws_s3_repository.py:90} INFO - Successfully uploaded test/test_83.txt as train/test/test_83.csv to curated.
[2025-03-12T22:00:24.618+0000] {aws_s3_repository.py:43} INFO - [AWS S3]📥 Download test/test_84.txt from staging...
[2025-03-12T22:00:24.626+0000] {aws_s3_repository.py:46} INFO - [AWS S3]⚙️ Prétraitement du fichier test/test_84.txt...
[2025-03-12T22:00:24.797+0000] {aws_s3_repository.py:86} INFO - Uploading tokenized data for test/test_84.txt to curated as train/test/test_84.csv...
[2025-03-12T22:00:24.805+0000] {aws_s3_repository.py:90} INFO - Successfully uploaded test/test_84.txt as train/test/test_84.csv to curated.
[2025-03-12T22:00:24.805+0000] {aws_s3_repository.py:43} INFO - [AWS S3]📥 Download test/test_85.txt from staging...
[2025-03-12T22:00:24.812+0000] {aws_s3_repository.py:46} INFO - [AWS S3]⚙️ Prétraitement du fichier test/test_85.txt...
[2025-03-12T22:00:24.989+0000] {aws_s3_repository.py:86} INFO - Uploading tokenized data for test/test_85.txt to curated as train/test/test_85.csv...
[2025-03-12T22:00:24.996+0000] {aws_s3_repository.py:90} INFO - Successfully uploaded test/test_85.txt as train/test/test_85.csv to curated.
[2025-03-12T22:00:24.996+0000] {aws_s3_repository.py:43} INFO - [AWS S3]📥 Download test/test_86.txt from staging...
[2025-03-12T22:00:25.005+0000] {aws_s3_repository.py:46} INFO - [AWS S3]⚙️ Prétraitement du fichier test/test_86.txt...
[2025-03-12T22:00:25.198+0000] {aws_s3_repository.py:86} INFO - Uploading tokenized data for test/test_86.txt to curated as train/test/test_86.csv...
[2025-03-12T22:00:25.206+0000] {aws_s3_repository.py:90} INFO - Successfully uploaded test/test_86.txt as train/test/test_86.csv to curated.
[2025-03-12T22:00:25.207+0000] {aws_s3_repository.py:43} INFO - [AWS S3]📥 Download test/test_87.txt from staging...
[2025-03-12T22:00:25.215+0000] {aws_s3_repository.py:46} INFO - [AWS S3]⚙️ Prétraitement du fichier test/test_87.txt...
[2025-03-12T22:00:25.414+0000] {aws_s3_repository.py:86} INFO - Uploading tokenized data for test/test_87.txt to curated as train/test/test_87.csv...
[2025-03-12T22:00:25.421+0000] {aws_s3_repository.py:90} INFO - Successfully uploaded test/test_87.txt as train/test/test_87.csv to curated.
[2025-03-12T22:00:25.422+0000] {aws_s3_repository.py:43} INFO - [AWS S3]📥 Download test/test_88.txt from staging...
[2025-03-12T22:00:25.430+0000] {aws_s3_repository.py:46} INFO - [AWS S3]⚙️ Prétraitement du fichier test/test_88.txt...
[2025-03-12T22:00:25.620+0000] {aws_s3_repository.py:86} INFO - Uploading tokenized data for test/test_88.txt to curated as train/test/test_88.csv...
[2025-03-12T22:00:25.629+0000] {aws_s3_repository.py:90} INFO - Successfully uploaded test/test_88.txt as train/test/test_88.csv to curated.
[2025-03-12T22:00:25.629+0000] {aws_s3_repository.py:43} INFO - [AWS S3]📥 Download test/test_89.txt from staging...
[2025-03-12T22:00:25.638+0000] {aws_s3_repository.py:46} INFO - [AWS S3]⚙️ Prétraitement du fichier test/test_89.txt...
[2025-03-12T22:00:25.955+0000] {aws_s3_repository.py:86} INFO - Uploading tokenized data for test/test_89.txt to curated as train/test/test_89.csv...
[2025-03-12T22:00:25.964+0000] {aws_s3_repository.py:90} INFO - Successfully uploaded test/test_89.txt as train/test/test_89.csv to curated.
[2025-03-12T22:00:25.964+0000] {aws_s3_repository.py:43} INFO - [AWS S3]📥 Download test/test_9.txt from staging...
[2025-03-12T22:00:25.972+0000] {aws_s3_repository.py:46} INFO - [AWS S3]⚙️ Prétraitement du fichier test/test_9.txt...
[2025-03-12T22:00:28.455+0000] {aws_s3_repository.py:86} INFO - Uploading tokenized data for test/test_9.txt to curated as train/test/test_9.csv...
[2025-03-12T22:00:28.467+0000] {aws_s3_repository.py:90} INFO - Successfully uploaded test/test_9.txt as train/test/test_9.csv to curated.
[2025-03-12T22:00:28.468+0000] {aws_s3_repository.py:43} INFO - [AWS S3]📥 Download test/test_90.txt from staging...
[2025-03-12T22:00:28.479+0000] {aws_s3_repository.py:46} INFO - [AWS S3]⚙️ Prétraitement du fichier test/test_90.txt...
[2025-03-12T22:00:28.784+0000] {aws_s3_repository.py:86} INFO - Uploading tokenized data for test/test_90.txt to curated as train/test/test_90.csv...
[2025-03-12T22:00:28.793+0000] {aws_s3_repository.py:90} INFO - Successfully uploaded test/test_90.txt as train/test/test_90.csv to curated.
[2025-03-12T22:00:28.794+0000] {aws_s3_repository.py:43} INFO - [AWS S3]📥 Download test/test_91.txt from staging...
[2025-03-12T22:00:28.804+0000] {aws_s3_repository.py:46} INFO - [AWS S3]⚙️ Prétraitement du fichier test/test_91.txt...
[2025-03-12T22:00:28.975+0000] {aws_s3_repository.py:86} INFO - Uploading tokenized data for test/test_91.txt to curated as train/test/test_91.csv...
[2025-03-12T22:00:28.984+0000] {aws_s3_repository.py:90} INFO - Successfully uploaded test/test_91.txt as train/test/test_91.csv to curated.
[2025-03-12T22:00:28.985+0000] {aws_s3_repository.py:43} INFO - [AWS S3]📥 Download test/test_92.txt from staging...
[2025-03-12T22:00:28.995+0000] {aws_s3_repository.py:46} INFO - [AWS S3]⚙️ Prétraitement du fichier test/test_92.txt...
[2025-03-12T22:00:29.186+0000] {aws_s3_repository.py:86} INFO - Uploading tokenized data for test/test_92.txt to curated as train/test/test_92.csv...
[2025-03-12T22:00:29.196+0000] {aws_s3_repository.py:90} INFO - Successfully uploaded test/test_92.txt as train/test/test_92.csv to curated.
[2025-03-12T22:00:29.197+0000] {aws_s3_repository.py:43} INFO - [AWS S3]📥 Download test/test_93.txt from staging...
[2025-03-12T22:00:29.210+0000] {aws_s3_repository.py:46} INFO - [AWS S3]⚙️ Prétraitement du fichier test/test_93.txt...
[2025-03-12T22:00:29.378+0000] {aws_s3_repository.py:86} INFO - Uploading tokenized data for test/test_93.txt to curated as train/test/test_93.csv...
[2025-03-12T22:00:29.387+0000] {aws_s3_repository.py:90} INFO - Successfully uploaded test/test_93.txt as train/test/test_93.csv to curated.
[2025-03-12T22:00:29.388+0000] {aws_s3_repository.py:43} INFO - [AWS S3]📥 Download test/test_94.txt from staging...
[2025-03-12T22:00:29.399+0000] {aws_s3_repository.py:46} INFO - [AWS S3]⚙️ Prétraitement du fichier test/test_94.txt...
[2025-03-12T22:00:29.615+0000] {aws_s3_repository.py:86} INFO - Uploading tokenized data for test/test_94.txt to curated as train/test/test_94.csv...
[2025-03-12T22:00:29.627+0000] {aws_s3_repository.py:90} INFO - Successfully uploaded test/test_94.txt as train/test/test_94.csv to curated.
[2025-03-12T22:00:29.628+0000] {aws_s3_repository.py:43} INFO - [AWS S3]📥 Download test/test_95.txt from staging...
[2025-03-12T22:00:29.645+0000] {aws_s3_repository.py:46} INFO - [AWS S3]⚙️ Prétraitement du fichier test/test_95.txt...
[2025-03-12T22:00:29.858+0000] {aws_s3_repository.py:86} INFO - Uploading tokenized data for test/test_95.txt to curated as train/test/test_95.csv...
[2025-03-12T22:00:29.876+0000] {aws_s3_repository.py:90} INFO - Successfully uploaded test/test_95.txt as train/test/test_95.csv to curated.
[2025-03-12T22:00:29.877+0000] {aws_s3_repository.py:43} INFO - [AWS S3]📥 Download test/test_96.txt from staging...
[2025-03-12T22:00:29.901+0000] {aws_s3_repository.py:46} INFO - [AWS S3]⚙️ Prétraitement du fichier test/test_96.txt...
[2025-03-12T22:00:30.274+0000] {aws_s3_repository.py:86} INFO - Uploading tokenized data for test/test_96.txt to curated as train/test/test_96.csv...
[2025-03-12T22:00:30.283+0000] {aws_s3_repository.py:90} INFO - Successfully uploaded test/test_96.txt as train/test/test_96.csv to curated.
[2025-03-12T22:00:30.284+0000] {aws_s3_repository.py:43} INFO - [AWS S3]📥 Download test/test_97.txt from staging...
[2025-03-12T22:00:30.298+0000] {aws_s3_repository.py:46} INFO - [AWS S3]⚙️ Prétraitement du fichier test/test_97.txt...
[2025-03-12T22:00:30.673+0000] {aws_s3_repository.py:86} INFO - Uploading tokenized data for test/test_97.txt to curated as train/test/test_97.csv...
[2025-03-12T22:00:30.683+0000] {aws_s3_repository.py:90} INFO - Successfully uploaded test/test_97.txt as train/test/test_97.csv to curated.
[2025-03-12T22:00:30.685+0000] {aws_s3_repository.py:43} INFO - [AWS S3]📥 Download test/test_98.txt from staging...
[2025-03-12T22:00:30.700+0000] {aws_s3_repository.py:46} INFO - [AWS S3]⚙️ Prétraitement du fichier test/test_98.txt...
[2025-03-12T22:00:30.899+0000] {aws_s3_repository.py:86} INFO - Uploading tokenized data for test/test_98.txt to curated as train/test/test_98.csv...
[2025-03-12T22:00:30.911+0000] {aws_s3_repository.py:90} INFO - Successfully uploaded test/test_98.txt as train/test/test_98.csv to curated.
[2025-03-12T22:00:30.912+0000] {aws_s3_repository.py:43} INFO - [AWS S3]📥 Download test/test_99.txt from staging...
[2025-03-12T22:00:30.927+0000] {aws_s3_repository.py:46} INFO - [AWS S3]⚙️ Prétraitement du fichier test/test_99.txt...
[2025-03-12T22:00:31.135+0000] {aws_s3_repository.py:86} INFO - Uploading tokenized data for test/test_99.txt to curated as train/test/test_99.csv...
[2025-03-12T22:00:31.145+0000] {aws_s3_repository.py:90} INFO - Successfully uploaded test/test_99.txt as train/test/test_99.csv to curated.
[2025-03-12T22:00:31.145+0000] {manage_buckets.py:83} INFO - [Data manager] Data processed successfully.
[2025-03-12T22:00:31.146+0000] {manage_buckets.py:85} INFO - [Data manager] Listing folders in bucket: staging
[2025-03-12T22:00:31.290+0000] {manage_buckets.py:91} INFO - [Data manager] Folder: test/ - File count: 100
[2025-03-12T22:00:31.291+0000] {manage_buckets.py:91} INFO - [Data manager] Folder: train/ - File count: 100
[2025-03-12T22:00:31.291+0000] {manage_buckets.py:91} INFO - [Data manager] Folder: validation/ - File count: 100
[2025-03-12T22:00:31.292+0000] {taskinstance.py:3313} ERROR - Task failed with exception
Traceback (most recent call last):
  File "/usr/local/lib/python3.10/site-packages/airflow/models/taskinstance.py", line 768, in _execute_task
    result = _execute_callable(context=context, **execute_callable_kwargs)
  File "/usr/local/lib/python3.10/site-packages/airflow/models/taskinstance.py", line 734, in _execute_callable
    return ExecutionCallableRunner(
  File "/usr/local/lib/python3.10/site-packages/airflow/utils/operator_helpers.py", line 252, in run
    return self.func(*args, **kwargs)
  File "/usr/local/lib/python3.10/site-packages/airflow/models/baseoperator.py", line 424, in wrapper
    return func(self, *args, **kwargs)
  File "/usr/local/lib/python3.10/site-packages/airflow/operators/python.py", line 238, in execute
    return_value = self.execute_callable()
  File "/usr/local/lib/python3.10/site-packages/airflow/operators/python.py", line 256, in execute_callable
    return runner.run(*self.op_args, **self.op_kwargs)
  File "/usr/local/lib/python3.10/site-packages/airflow/utils/operator_helpers.py", line 252, in run
    return self.func(*args, **kwargs)
  File "/app/src/command/manage_buckets.py", line 96, in process_to_curated
    success = aws_s3.upload_file(Bucket='curated', Key=new_file_key, Data=tokenized_text)
AttributeError: 'AwsS3Repository' object has no attribute 'upload_file'
[2025-03-12T22:00:31.317+0000] {taskinstance.py:1226} INFO - Marking task as UP_FOR_RETRY. dag_id=data_lake_pipeline, task_id=transform_staging_to_curated, run_id=manual__2025-03-12T21:59:27.780036+00:00, execution_date=20250312T215927, start_date=20250312T220002, end_date=20250312T220031
[2025-03-12T22:00:31.365+0000] {taskinstance.py:341} INFO - ::group::Post task execution logs
[2025-03-12T22:00:31.366+0000] {standard_task_runner.py:124} ERROR - Failed to execute job 26 for task transform_staging_to_curated ('AwsS3Repository' object has no attribute 'upload_file'; 579)
Traceback (most recent call last):
  File "/usr/local/lib/python3.10/site-packages/airflow/task/task_runner/standard_task_runner.py", line 117, in _start_by_fork
    ret = args.func(args, dag=self.dag)
  File "/usr/local/lib/python3.10/site-packages/airflow/cli/cli_config.py", line 49, in command
    return func(*args, **kwargs)
  File "/usr/local/lib/python3.10/site-packages/airflow/utils/cli.py", line 116, in wrapper
    return f(*args, **kwargs)
  File "/usr/local/lib/python3.10/site-packages/airflow/cli/commands/task_command.py", line 483, in task_run
    task_return_code = _run_task_by_selected_method(args, _dag, ti)
  File "/usr/local/lib/python3.10/site-packages/airflow/cli/commands/task_command.py", line 256, in _run_task_by_selected_method
    return _run_raw_task(args, ti)
  File "/usr/local/lib/python3.10/site-packages/airflow/cli/commands/task_command.py", line 341, in _run_raw_task
    return ti._run_raw_task(
  File "/usr/local/lib/python3.10/site-packages/airflow/utils/session.py", line 97, in wrapper
    return func(*args, session=session, **kwargs)
  File "/usr/local/lib/python3.10/site-packages/airflow/models/taskinstance.py", line 3006, in _run_raw_task
    return _run_raw_task(
  File "/usr/local/lib/python3.10/site-packages/airflow/models/taskinstance.py", line 274, in _run_raw_task
    TaskInstance._execute_task_with_callbacks(
  File "/usr/local/lib/python3.10/site-packages/airflow/models/taskinstance.py", line 3161, in _execute_task_with_callbacks
    result = self._execute_task(context, task_orig)
  File "/usr/local/lib/python3.10/site-packages/airflow/models/taskinstance.py", line 3185, in _execute_task
    return _execute_task(self, context, task_orig)
  File "/usr/local/lib/python3.10/site-packages/airflow/models/taskinstance.py", line 768, in _execute_task
    result = _execute_callable(context=context, **execute_callable_kwargs)
  File "/usr/local/lib/python3.10/site-packages/airflow/models/taskinstance.py", line 734, in _execute_callable
    return ExecutionCallableRunner(
  File "/usr/local/lib/python3.10/site-packages/airflow/utils/operator_helpers.py", line 252, in run
    return self.func(*args, **kwargs)
  File "/usr/local/lib/python3.10/site-packages/airflow/models/baseoperator.py", line 424, in wrapper
    return func(self, *args, **kwargs)
  File "/usr/local/lib/python3.10/site-packages/airflow/operators/python.py", line 238, in execute
    return_value = self.execute_callable()
  File "/usr/local/lib/python3.10/site-packages/airflow/operators/python.py", line 256, in execute_callable
    return runner.run(*self.op_args, **self.op_kwargs)
  File "/usr/local/lib/python3.10/site-packages/airflow/utils/operator_helpers.py", line 252, in run
    return self.func(*args, **kwargs)
  File "/app/src/command/manage_buckets.py", line 96, in process_to_curated
    success = aws_s3.upload_file(Bucket='curated', Key=new_file_key, Data=tokenized_text)
AttributeError: 'AwsS3Repository' object has no attribute 'upload_file'
[2025-03-12T22:00:31.393+0000] {local_task_job_runner.py:266} INFO - Task exited with return code 1
[2025-03-12T22:00:31.428+0000] {taskinstance.py:3901} INFO - 0 downstream tasks scheduled from follow-on schedule check
[2025-03-12T22:00:31.433+0000] {local_task_job_runner.py:245} INFO - ::endgroup::
