[2025-03-12T22:05:36.471+0000] {local_task_job_runner.py:123} INFO - ::group::Pre task execution logs
[2025-03-12T22:05:37.015+0000] {taskinstance.py:2614} INFO - Dependencies all met for dep_context=non-requeueable deps ti=<TaskInstance: data_lake_pipeline.transform_staging_to_curated manual__2025-03-12T21:59:27.780036+00:00 [queued]>
[2025-03-12T22:05:37.055+0000] {taskinstance.py:2614} INFO - Dependencies all met for dep_context=requeueable deps ti=<TaskInstance: data_lake_pipeline.transform_staging_to_curated manual__2025-03-12T21:59:27.780036+00:00 [queued]>
[2025-03-12T22:05:37.065+0000] {taskinstance.py:2867} INFO - Starting attempt 2 of 2
[2025-03-12T22:05:37.097+0000] {taskinstance.py:2890} INFO - Executing <Task(PythonOperator): transform_staging_to_curated> on 2025-03-12 21:59:27.780036+00:00
[2025-03-12T22:05:37.132+0000] {standard_task_runner.py:72} INFO - Started process 726 to run task
[2025-03-12T22:05:37.150+0000] {standard_task_runner.py:104} INFO - Running: ['***', 'tasks', 'run', 'data_lake_pipeline', 'transform_staging_to_curated', 'manual__2025-03-12T21:59:27.780036+00:00', '--job-id', '27', '--raw', '--subdir', 'DAGS_FOLDER/data_pipeline_dag.py', '--cfg-path', '/tmp/tmpi_kcchve']
[2025-03-12T22:05:37.156+0000] {standard_task_runner.py:105} INFO - Job 27: Subtask transform_staging_to_curated
[2025-03-12T22:05:37.226+0000] {logging_mixin.py:190} WARNING - /usr/local/lib/python3.10/site-packages/***/settings.py:209 DeprecationWarning: The sql_alchemy_conn option in [core] has been moved to the sql_alchemy_conn option in [database] - the old setting has been used, but please update your config.
[2025-03-12T22:05:37.338+0000] {task_command.py:467} INFO - Running <TaskInstance: data_lake_pipeline.transform_staging_to_curated manual__2025-03-12T21:59:27.780036+00:00 [running]> on host ***-scheduler
[2025-03-12T22:05:37.542+0000] {taskinstance.py:3134} INFO - Exporting env vars: AIRFLOW_CTX_DAG_OWNER='***' AIRFLOW_CTX_DAG_ID='data_lake_pipeline' AIRFLOW_CTX_TASK_ID='transform_staging_to_curated' AIRFLOW_CTX_EXECUTION_DATE='2025-03-12T21:59:27.780036+00:00' AIRFLOW_CTX_TRY_NUMBER='2' AIRFLOW_CTX_DAG_RUN_ID='manual__2025-03-12T21:59:27.780036+00:00'
[2025-03-12T22:05:37.546+0000] {taskinstance.py:732} INFO - ::endgroup::
[2025-03-12T22:05:37.582+0000] {manage_buckets.py:68} INFO - [Data manager] Prefix(s) : ['test', 'train', 'validation']
[2025-03-12T22:05:37.583+0000] {manage_buckets.py:71} INFO - [Data manager] Processing data from: test
[2025-03-12T22:05:37.584+0000] {aws_s3_repository.py:35} INFO - [AWS S3] Getting list of staging's files...
[2025-03-12T22:05:37.642+0000] {aws_s3_repository.py:43} INFO - [AWS S3]📥 Download test/test_0.txt from staging...
[2025-03-12T22:05:37.663+0000] {aws_s3_repository.py:46} INFO - [AWS S3]⚙️ Prétraitement du fichier test/test_0.txt...
[2025-03-12T22:05:38.002+0000] {aws_s3_repository.py:86} INFO - Uploading tokenized data for test/test_0.txt to curated as train/test/test_0.csv...
[2025-03-12T22:05:38.017+0000] {aws_s3_repository.py:90} INFO - Successfully uploaded test/test_0.txt as train/test/test_0.csv to curated.
[2025-03-12T22:05:38.018+0000] {aws_s3_repository.py:43} INFO - [AWS S3]📥 Download test/test_1.txt from staging...
[2025-03-12T22:05:38.027+0000] {aws_s3_repository.py:46} INFO - [AWS S3]⚙️ Prétraitement du fichier test/test_1.txt...
[2025-03-12T22:05:38.198+0000] {aws_s3_repository.py:86} INFO - Uploading tokenized data for test/test_1.txt to curated as train/test/test_1.csv...
[2025-03-12T22:05:38.207+0000] {aws_s3_repository.py:90} INFO - Successfully uploaded test/test_1.txt as train/test/test_1.csv to curated.
[2025-03-12T22:05:38.208+0000] {aws_s3_repository.py:43} INFO - [AWS S3]📥 Download test/test_10.txt from staging...
[2025-03-12T22:05:38.216+0000] {aws_s3_repository.py:46} INFO - [AWS S3]⚙️ Prétraitement du fichier test/test_10.txt...
[2025-03-12T22:05:38.385+0000] {aws_s3_repository.py:86} INFO - Uploading tokenized data for test/test_10.txt to curated as train/test/test_10.csv...
[2025-03-12T22:05:38.394+0000] {aws_s3_repository.py:90} INFO - Successfully uploaded test/test_10.txt as train/test/test_10.csv to curated.
[2025-03-12T22:05:38.395+0000] {aws_s3_repository.py:43} INFO - [AWS S3]📥 Download test/test_11.txt from staging...
[2025-03-12T22:05:38.404+0000] {aws_s3_repository.py:46} INFO - [AWS S3]⚙️ Prétraitement du fichier test/test_11.txt...
[2025-03-12T22:05:38.660+0000] {aws_s3_repository.py:86} INFO - Uploading tokenized data for test/test_11.txt to curated as train/test/test_11.csv...
[2025-03-12T22:05:38.673+0000] {aws_s3_repository.py:90} INFO - Successfully uploaded test/test_11.txt as train/test/test_11.csv to curated.
[2025-03-12T22:05:38.674+0000] {aws_s3_repository.py:43} INFO - [AWS S3]📥 Download test/test_12.txt from staging...
[2025-03-12T22:05:38.683+0000] {aws_s3_repository.py:46} INFO - [AWS S3]⚙️ Prétraitement du fichier test/test_12.txt...
[2025-03-12T22:05:38.885+0000] {aws_s3_repository.py:86} INFO - Uploading tokenized data for test/test_12.txt to curated as train/test/test_12.csv...
[2025-03-12T22:05:38.893+0000] {aws_s3_repository.py:90} INFO - Successfully uploaded test/test_12.txt as train/test/test_12.csv to curated.
[2025-03-12T22:05:38.893+0000] {aws_s3_repository.py:43} INFO - [AWS S3]📥 Download test/test_13.txt from staging...
[2025-03-12T22:05:38.902+0000] {aws_s3_repository.py:46} INFO - [AWS S3]⚙️ Prétraitement du fichier test/test_13.txt...
[2025-03-12T22:05:39.087+0000] {aws_s3_repository.py:86} INFO - Uploading tokenized data for test/test_13.txt to curated as train/test/test_13.csv...
[2025-03-12T22:05:39.096+0000] {aws_s3_repository.py:90} INFO - Successfully uploaded test/test_13.txt as train/test/test_13.csv to curated.
[2025-03-12T22:05:39.097+0000] {aws_s3_repository.py:43} INFO - [AWS S3]📥 Download test/test_14.txt from staging...
[2025-03-12T22:05:39.107+0000] {aws_s3_repository.py:46} INFO - [AWS S3]⚙️ Prétraitement du fichier test/test_14.txt...
[2025-03-12T22:05:39.298+0000] {aws_s3_repository.py:86} INFO - Uploading tokenized data for test/test_14.txt to curated as train/test/test_14.csv...
[2025-03-12T22:05:39.308+0000] {aws_s3_repository.py:90} INFO - Successfully uploaded test/test_14.txt as train/test/test_14.csv to curated.
[2025-03-12T22:05:39.309+0000] {aws_s3_repository.py:43} INFO - [AWS S3]📥 Download test/test_15.txt from staging...
[2025-03-12T22:05:39.318+0000] {aws_s3_repository.py:46} INFO - [AWS S3]⚙️ Prétraitement du fichier test/test_15.txt...
[2025-03-12T22:05:39.515+0000] {aws_s3_repository.py:86} INFO - Uploading tokenized data for test/test_15.txt to curated as train/test/test_15.csv...
[2025-03-12T22:05:39.523+0000] {aws_s3_repository.py:90} INFO - Successfully uploaded test/test_15.txt as train/test/test_15.csv to curated.
[2025-03-12T22:05:39.524+0000] {aws_s3_repository.py:43} INFO - [AWS S3]📥 Download test/test_16.txt from staging...
[2025-03-12T22:05:39.532+0000] {aws_s3_repository.py:46} INFO - [AWS S3]⚙️ Prétraitement du fichier test/test_16.txt...
[2025-03-12T22:05:39.697+0000] {aws_s3_repository.py:86} INFO - Uploading tokenized data for test/test_16.txt to curated as train/test/test_16.csv...
[2025-03-12T22:05:39.705+0000] {aws_s3_repository.py:90} INFO - Successfully uploaded test/test_16.txt as train/test/test_16.csv to curated.
[2025-03-12T22:05:39.706+0000] {aws_s3_repository.py:43} INFO - [AWS S3]📥 Download test/test_17.txt from staging...
[2025-03-12T22:05:39.714+0000] {aws_s3_repository.py:46} INFO - [AWS S3]⚙️ Prétraitement du fichier test/test_17.txt...
[2025-03-12T22:05:39.904+0000] {aws_s3_repository.py:86} INFO - Uploading tokenized data for test/test_17.txt to curated as train/test/test_17.csv...
[2025-03-12T22:05:39.914+0000] {aws_s3_repository.py:90} INFO - Successfully uploaded test/test_17.txt as train/test/test_17.csv to curated.
[2025-03-12T22:05:39.914+0000] {aws_s3_repository.py:43} INFO - [AWS S3]📥 Download test/test_18.txt from staging...
[2025-03-12T22:05:39.924+0000] {aws_s3_repository.py:46} INFO - [AWS S3]⚙️ Prétraitement du fichier test/test_18.txt...
[2025-03-12T22:05:40.121+0000] {aws_s3_repository.py:86} INFO - Uploading tokenized data for test/test_18.txt to curated as train/test/test_18.csv...
[2025-03-12T22:05:40.132+0000] {aws_s3_repository.py:90} INFO - Successfully uploaded test/test_18.txt as train/test/test_18.csv to curated.
[2025-03-12T22:05:40.132+0000] {aws_s3_repository.py:43} INFO - [AWS S3]📥 Download test/test_19.txt from staging...
[2025-03-12T22:05:40.142+0000] {aws_s3_repository.py:46} INFO - [AWS S3]⚙️ Prétraitement du fichier test/test_19.txt...
[2025-03-12T22:05:40.414+0000] {aws_s3_repository.py:86} INFO - Uploading tokenized data for test/test_19.txt to curated as train/test/test_19.csv...
[2025-03-12T22:05:40.432+0000] {aws_s3_repository.py:90} INFO - Successfully uploaded test/test_19.txt as train/test/test_19.csv to curated.
[2025-03-12T22:05:40.434+0000] {aws_s3_repository.py:43} INFO - [AWS S3]📥 Download test/test_2.txt from staging...
[2025-03-12T22:05:40.447+0000] {aws_s3_repository.py:46} INFO - [AWS S3]⚙️ Prétraitement du fichier test/test_2.txt...
[2025-03-12T22:05:40.678+0000] {aws_s3_repository.py:86} INFO - Uploading tokenized data for test/test_2.txt to curated as train/test/test_2.csv...
[2025-03-12T22:05:40.694+0000] {aws_s3_repository.py:90} INFO - Successfully uploaded test/test_2.txt as train/test/test_2.csv to curated.
[2025-03-12T22:05:40.694+0000] {aws_s3_repository.py:43} INFO - [AWS S3]📥 Download test/test_20.txt from staging...
[2025-03-12T22:05:40.709+0000] {aws_s3_repository.py:46} INFO - [AWS S3]⚙️ Prétraitement du fichier test/test_20.txt...
[2025-03-12T22:05:40.954+0000] {aws_s3_repository.py:86} INFO - Uploading tokenized data for test/test_20.txt to curated as train/test/test_20.csv...
[2025-03-12T22:05:40.971+0000] {aws_s3_repository.py:90} INFO - Successfully uploaded test/test_20.txt as train/test/test_20.csv to curated.
[2025-03-12T22:05:40.972+0000] {aws_s3_repository.py:43} INFO - [AWS S3]📥 Download test/test_21.txt from staging...
[2025-03-12T22:05:40.989+0000] {aws_s3_repository.py:46} INFO - [AWS S3]⚙️ Prétraitement du fichier test/test_21.txt...
[2025-03-12T22:05:41.165+0000] {aws_s3_repository.py:86} INFO - Uploading tokenized data for test/test_21.txt to curated as train/test/test_21.csv...
[2025-03-12T22:05:41.173+0000] {aws_s3_repository.py:90} INFO - Successfully uploaded test/test_21.txt as train/test/test_21.csv to curated.
[2025-03-12T22:05:41.173+0000] {aws_s3_repository.py:43} INFO - [AWS S3]📥 Download test/test_22.txt from staging...
[2025-03-12T22:05:41.181+0000] {aws_s3_repository.py:46} INFO - [AWS S3]⚙️ Prétraitement du fichier test/test_22.txt...
[2025-03-12T22:05:41.462+0000] {aws_s3_repository.py:86} INFO - Uploading tokenized data for test/test_22.txt to curated as train/test/test_22.csv...
[2025-03-12T22:05:41.475+0000] {aws_s3_repository.py:90} INFO - Successfully uploaded test/test_22.txt as train/test/test_22.csv to curated.
[2025-03-12T22:05:41.476+0000] {aws_s3_repository.py:43} INFO - [AWS S3]📥 Download test/test_23.txt from staging...
[2025-03-12T22:05:41.485+0000] {aws_s3_repository.py:46} INFO - [AWS S3]⚙️ Prétraitement du fichier test/test_23.txt...
[2025-03-12T22:05:41.661+0000] {aws_s3_repository.py:86} INFO - Uploading tokenized data for test/test_23.txt to curated as train/test/test_23.csv...
[2025-03-12T22:05:41.672+0000] {aws_s3_repository.py:90} INFO - Successfully uploaded test/test_23.txt as train/test/test_23.csv to curated.
[2025-03-12T22:05:41.673+0000] {aws_s3_repository.py:43} INFO - [AWS S3]📥 Download test/test_24.txt from staging...
[2025-03-12T22:05:41.681+0000] {aws_s3_repository.py:46} INFO - [AWS S3]⚙️ Prétraitement du fichier test/test_24.txt...
[2025-03-12T22:05:41.856+0000] {aws_s3_repository.py:86} INFO - Uploading tokenized data for test/test_24.txt to curated as train/test/test_24.csv...
[2025-03-12T22:05:41.865+0000] {aws_s3_repository.py:90} INFO - Successfully uploaded test/test_24.txt as train/test/test_24.csv to curated.
[2025-03-12T22:05:41.865+0000] {aws_s3_repository.py:43} INFO - [AWS S3]📥 Download test/test_25.txt from staging...
[2025-03-12T22:05:41.873+0000] {aws_s3_repository.py:46} INFO - [AWS S3]⚙️ Prétraitement du fichier test/test_25.txt...
[2025-03-12T22:05:42.040+0000] {aws_s3_repository.py:86} INFO - Uploading tokenized data for test/test_25.txt to curated as train/test/test_25.csv...
[2025-03-12T22:05:42.049+0000] {aws_s3_repository.py:90} INFO - Successfully uploaded test/test_25.txt as train/test/test_25.csv to curated.
[2025-03-12T22:05:42.049+0000] {aws_s3_repository.py:43} INFO - [AWS S3]📥 Download test/test_26.txt from staging...
[2025-03-12T22:05:42.058+0000] {aws_s3_repository.py:46} INFO - [AWS S3]⚙️ Prétraitement du fichier test/test_26.txt...
[2025-03-12T22:05:42.241+0000] {aws_s3_repository.py:86} INFO - Uploading tokenized data for test/test_26.txt to curated as train/test/test_26.csv...
[2025-03-12T22:05:42.252+0000] {aws_s3_repository.py:90} INFO - Successfully uploaded test/test_26.txt as train/test/test_26.csv to curated.
[2025-03-12T22:05:42.253+0000] {aws_s3_repository.py:43} INFO - [AWS S3]📥 Download test/test_27.txt from staging...
[2025-03-12T22:05:42.266+0000] {aws_s3_repository.py:46} INFO - [AWS S3]⚙️ Prétraitement du fichier test/test_27.txt...
[2025-03-12T22:05:42.449+0000] {aws_s3_repository.py:86} INFO - Uploading tokenized data for test/test_27.txt to curated as train/test/test_27.csv...
[2025-03-12T22:05:42.461+0000] {aws_s3_repository.py:90} INFO - Successfully uploaded test/test_27.txt as train/test/test_27.csv to curated.
[2025-03-12T22:05:42.462+0000] {aws_s3_repository.py:43} INFO - [AWS S3]📥 Download test/test_28.txt from staging...
[2025-03-12T22:05:42.471+0000] {aws_s3_repository.py:46} INFO - [AWS S3]⚙️ Prétraitement du fichier test/test_28.txt...
[2025-03-12T22:05:42.642+0000] {aws_s3_repository.py:86} INFO - Uploading tokenized data for test/test_28.txt to curated as train/test/test_28.csv...
[2025-03-12T22:05:42.666+0000] {aws_s3_repository.py:90} INFO - Successfully uploaded test/test_28.txt as train/test/test_28.csv to curated.
[2025-03-12T22:05:42.667+0000] {aws_s3_repository.py:43} INFO - [AWS S3]📥 Download test/test_29.txt from staging...
[2025-03-12T22:05:42.676+0000] {aws_s3_repository.py:46} INFO - [AWS S3]⚙️ Prétraitement du fichier test/test_29.txt...
[2025-03-12T22:05:42.877+0000] {aws_s3_repository.py:86} INFO - Uploading tokenized data for test/test_29.txt to curated as train/test/test_29.csv...
[2025-03-12T22:05:42.887+0000] {aws_s3_repository.py:90} INFO - Successfully uploaded test/test_29.txt as train/test/test_29.csv to curated.
[2025-03-12T22:05:42.888+0000] {aws_s3_repository.py:43} INFO - [AWS S3]📥 Download test/test_3.txt from staging...
[2025-03-12T22:05:42.899+0000] {aws_s3_repository.py:46} INFO - [AWS S3]⚙️ Prétraitement du fichier test/test_3.txt...
[2025-03-12T22:05:43.144+0000] {aws_s3_repository.py:86} INFO - Uploading tokenized data for test/test_3.txt to curated as train/test/test_3.csv...
[2025-03-12T22:05:43.153+0000] {aws_s3_repository.py:90} INFO - Successfully uploaded test/test_3.txt as train/test/test_3.csv to curated.
[2025-03-12T22:05:43.154+0000] {aws_s3_repository.py:43} INFO - [AWS S3]📥 Download test/test_30.txt from staging...
[2025-03-12T22:05:43.166+0000] {aws_s3_repository.py:46} INFO - [AWS S3]⚙️ Prétraitement du fichier test/test_30.txt...
[2025-03-12T22:05:43.335+0000] {aws_s3_repository.py:86} INFO - Uploading tokenized data for test/test_30.txt to curated as train/test/test_30.csv...
[2025-03-12T22:05:43.343+0000] {aws_s3_repository.py:90} INFO - Successfully uploaded test/test_30.txt as train/test/test_30.csv to curated.
[2025-03-12T22:05:43.344+0000] {aws_s3_repository.py:43} INFO - [AWS S3]📥 Download test/test_31.txt from staging...
[2025-03-12T22:05:43.352+0000] {aws_s3_repository.py:46} INFO - [AWS S3]⚙️ Prétraitement du fichier test/test_31.txt...
[2025-03-12T22:05:43.530+0000] {aws_s3_repository.py:86} INFO - Uploading tokenized data for test/test_31.txt to curated as train/test/test_31.csv...
[2025-03-12T22:05:43.537+0000] {aws_s3_repository.py:90} INFO - Successfully uploaded test/test_31.txt as train/test/test_31.csv to curated.
[2025-03-12T22:05:43.538+0000] {aws_s3_repository.py:43} INFO - [AWS S3]📥 Download test/test_32.txt from staging...
[2025-03-12T22:05:43.546+0000] {aws_s3_repository.py:46} INFO - [AWS S3]⚙️ Prétraitement du fichier test/test_32.txt...
[2025-03-12T22:05:43.727+0000] {aws_s3_repository.py:86} INFO - Uploading tokenized data for test/test_32.txt to curated as train/test/test_32.csv...
[2025-03-12T22:05:43.763+0000] {aws_s3_repository.py:90} INFO - Successfully uploaded test/test_32.txt as train/test/test_32.csv to curated.
[2025-03-12T22:05:43.764+0000] {aws_s3_repository.py:43} INFO - [AWS S3]📥 Download test/test_33.txt from staging...
[2025-03-12T22:05:43.774+0000] {aws_s3_repository.py:46} INFO - [AWS S3]⚙️ Prétraitement du fichier test/test_33.txt...
[2025-03-12T22:05:43.940+0000] {aws_s3_repository.py:86} INFO - Uploading tokenized data for test/test_33.txt to curated as train/test/test_33.csv...
[2025-03-12T22:05:43.949+0000] {aws_s3_repository.py:90} INFO - Successfully uploaded test/test_33.txt as train/test/test_33.csv to curated.
[2025-03-12T22:05:43.949+0000] {aws_s3_repository.py:43} INFO - [AWS S3]📥 Download test/test_34.txt from staging...
[2025-03-12T22:05:43.958+0000] {aws_s3_repository.py:46} INFO - [AWS S3]⚙️ Prétraitement du fichier test/test_34.txt...
[2025-03-12T22:05:44.132+0000] {aws_s3_repository.py:86} INFO - Uploading tokenized data for test/test_34.txt to curated as train/test/test_34.csv...
[2025-03-12T22:05:44.139+0000] {aws_s3_repository.py:90} INFO - Successfully uploaded test/test_34.txt as train/test/test_34.csv to curated.
[2025-03-12T22:05:44.140+0000] {aws_s3_repository.py:43} INFO - [AWS S3]📥 Download test/test_35.txt from staging...
[2025-03-12T22:05:44.149+0000] {aws_s3_repository.py:46} INFO - [AWS S3]⚙️ Prétraitement du fichier test/test_35.txt...
[2025-03-12T22:05:44.323+0000] {aws_s3_repository.py:86} INFO - Uploading tokenized data for test/test_35.txt to curated as train/test/test_35.csv...
[2025-03-12T22:05:44.333+0000] {aws_s3_repository.py:90} INFO - Successfully uploaded test/test_35.txt as train/test/test_35.csv to curated.
[2025-03-12T22:05:44.334+0000] {aws_s3_repository.py:43} INFO - [AWS S3]📥 Download test/test_36.txt from staging...
[2025-03-12T22:05:44.342+0000] {aws_s3_repository.py:46} INFO - [AWS S3]⚙️ Prétraitement du fichier test/test_36.txt...
[2025-03-12T22:05:44.530+0000] {aws_s3_repository.py:86} INFO - Uploading tokenized data for test/test_36.txt to curated as train/test/test_36.csv...
[2025-03-12T22:05:44.540+0000] {aws_s3_repository.py:90} INFO - Successfully uploaded test/test_36.txt as train/test/test_36.csv to curated.
[2025-03-12T22:05:44.541+0000] {aws_s3_repository.py:43} INFO - [AWS S3]📥 Download test/test_37.txt from staging...
[2025-03-12T22:05:44.554+0000] {aws_s3_repository.py:46} INFO - [AWS S3]⚙️ Prétraitement du fichier test/test_37.txt...
[2025-03-12T22:05:44.735+0000] {aws_s3_repository.py:86} INFO - Uploading tokenized data for test/test_37.txt to curated as train/test/test_37.csv...
[2025-03-12T22:05:44.744+0000] {aws_s3_repository.py:90} INFO - Successfully uploaded test/test_37.txt as train/test/test_37.csv to curated.
[2025-03-12T22:05:44.745+0000] {aws_s3_repository.py:43} INFO - [AWS S3]📥 Download test/test_38.txt from staging...
[2025-03-12T22:05:44.755+0000] {aws_s3_repository.py:46} INFO - [AWS S3]⚙️ Prétraitement du fichier test/test_38.txt...
[2025-03-12T22:05:44.937+0000] {aws_s3_repository.py:86} INFO - Uploading tokenized data for test/test_38.txt to curated as train/test/test_38.csv...
[2025-03-12T22:05:44.984+0000] {aws_s3_repository.py:90} INFO - Successfully uploaded test/test_38.txt as train/test/test_38.csv to curated.
[2025-03-12T22:05:44.985+0000] {aws_s3_repository.py:43} INFO - [AWS S3]📥 Download test/test_39.txt from staging...
[2025-03-12T22:05:44.996+0000] {aws_s3_repository.py:46} INFO - [AWS S3]⚙️ Prétraitement du fichier test/test_39.txt...
[2025-03-12T22:05:45.330+0000] {aws_s3_repository.py:86} INFO - Uploading tokenized data for test/test_39.txt to curated as train/test/test_39.csv...
[2025-03-12T22:05:45.342+0000] {aws_s3_repository.py:90} INFO - Successfully uploaded test/test_39.txt as train/test/test_39.csv to curated.
[2025-03-12T22:05:45.343+0000] {aws_s3_repository.py:43} INFO - [AWS S3]📥 Download test/test_4.txt from staging...
[2025-03-12T22:05:45.356+0000] {aws_s3_repository.py:46} INFO - [AWS S3]⚙️ Prétraitement du fichier test/test_4.txt...
[2025-03-12T22:05:45.655+0000] {aws_s3_repository.py:86} INFO - Uploading tokenized data for test/test_4.txt to curated as train/test/test_4.csv...
[2025-03-12T22:05:45.678+0000] {aws_s3_repository.py:90} INFO - Successfully uploaded test/test_4.txt as train/test/test_4.csv to curated.
[2025-03-12T22:05:45.678+0000] {aws_s3_repository.py:43} INFO - [AWS S3]📥 Download test/test_40.txt from staging...
[2025-03-12T22:05:45.693+0000] {aws_s3_repository.py:46} INFO - [AWS S3]⚙️ Prétraitement du fichier test/test_40.txt...
[2025-03-12T22:05:45.968+0000] {aws_s3_repository.py:86} INFO - Uploading tokenized data for test/test_40.txt to curated as train/test/test_40.csv...
[2025-03-12T22:05:45.985+0000] {aws_s3_repository.py:90} INFO - Successfully uploaded test/test_40.txt as train/test/test_40.csv to curated.
[2025-03-12T22:05:45.986+0000] {aws_s3_repository.py:43} INFO - [AWS S3]📥 Download test/test_41.txt from staging...
[2025-03-12T22:05:46.004+0000] {aws_s3_repository.py:46} INFO - [AWS S3]⚙️ Prétraitement du fichier test/test_41.txt...
[2025-03-12T22:05:46.455+0000] {aws_s3_repository.py:86} INFO - Uploading tokenized data for test/test_41.txt to curated as train/test/test_41.csv...
[2025-03-12T22:05:46.478+0000] {aws_s3_repository.py:90} INFO - Successfully uploaded test/test_41.txt as train/test/test_41.csv to curated.
[2025-03-12T22:05:46.479+0000] {aws_s3_repository.py:43} INFO - [AWS S3]📥 Download test/test_42.txt from staging...
[2025-03-12T22:05:46.497+0000] {aws_s3_repository.py:46} INFO - [AWS S3]⚙️ Prétraitement du fichier test/test_42.txt...
[2025-03-12T22:05:46.739+0000] {aws_s3_repository.py:86} INFO - Uploading tokenized data for test/test_42.txt to curated as train/test/test_42.csv...
[2025-03-12T22:05:46.747+0000] {aws_s3_repository.py:90} INFO - Successfully uploaded test/test_42.txt as train/test/test_42.csv to curated.
[2025-03-12T22:05:46.747+0000] {aws_s3_repository.py:43} INFO - [AWS S3]📥 Download test/test_43.txt from staging...
[2025-03-12T22:05:46.760+0000] {aws_s3_repository.py:46} INFO - [AWS S3]⚙️ Prétraitement du fichier test/test_43.txt...
[2025-03-12T22:05:46.938+0000] {aws_s3_repository.py:86} INFO - Uploading tokenized data for test/test_43.txt to curated as train/test/test_43.csv...
[2025-03-12T22:05:46.948+0000] {aws_s3_repository.py:90} INFO - Successfully uploaded test/test_43.txt as train/test/test_43.csv to curated.
[2025-03-12T22:05:46.949+0000] {aws_s3_repository.py:43} INFO - [AWS S3]📥 Download test/test_44.txt from staging...
[2025-03-12T22:05:46.960+0000] {aws_s3_repository.py:46} INFO - [AWS S3]⚙️ Prétraitement du fichier test/test_44.txt...
[2025-03-12T22:05:47.135+0000] {aws_s3_repository.py:86} INFO - Uploading tokenized data for test/test_44.txt to curated as train/test/test_44.csv...
[2025-03-12T22:05:47.142+0000] {aws_s3_repository.py:90} INFO - Successfully uploaded test/test_44.txt as train/test/test_44.csv to curated.
[2025-03-12T22:05:47.143+0000] {aws_s3_repository.py:43} INFO - [AWS S3]📥 Download test/test_45.txt from staging...
[2025-03-12T22:05:47.151+0000] {aws_s3_repository.py:46} INFO - [AWS S3]⚙️ Prétraitement du fichier test/test_45.txt...
[2025-03-12T22:05:47.365+0000] {aws_s3_repository.py:86} INFO - Uploading tokenized data for test/test_45.txt to curated as train/test/test_45.csv...
[2025-03-12T22:05:47.374+0000] {aws_s3_repository.py:90} INFO - Successfully uploaded test/test_45.txt as train/test/test_45.csv to curated.
[2025-03-12T22:05:47.375+0000] {aws_s3_repository.py:43} INFO - [AWS S3]📥 Download test/test_46.txt from staging...
[2025-03-12T22:05:47.384+0000] {aws_s3_repository.py:46} INFO - [AWS S3]⚙️ Prétraitement du fichier test/test_46.txt...
[2025-03-12T22:05:47.595+0000] {aws_s3_repository.py:86} INFO - Uploading tokenized data for test/test_46.txt to curated as train/test/test_46.csv...
[2025-03-12T22:05:47.612+0000] {aws_s3_repository.py:90} INFO - Successfully uploaded test/test_46.txt as train/test/test_46.csv to curated.
[2025-03-12T22:05:47.613+0000] {aws_s3_repository.py:43} INFO - [AWS S3]📥 Download test/test_47.txt from staging...
[2025-03-12T22:05:47.622+0000] {aws_s3_repository.py:46} INFO - [AWS S3]⚙️ Prétraitement du fichier test/test_47.txt...
[2025-03-12T22:05:47.797+0000] {aws_s3_repository.py:86} INFO - Uploading tokenized data for test/test_47.txt to curated as train/test/test_47.csv...
[2025-03-12T22:05:47.808+0000] {aws_s3_repository.py:90} INFO - Successfully uploaded test/test_47.txt as train/test/test_47.csv to curated.
[2025-03-12T22:05:47.810+0000] {aws_s3_repository.py:43} INFO - [AWS S3]📥 Download test/test_48.txt from staging...
[2025-03-12T22:05:47.822+0000] {aws_s3_repository.py:46} INFO - [AWS S3]⚙️ Prétraitement du fichier test/test_48.txt...
[2025-03-12T22:05:48.006+0000] {aws_s3_repository.py:86} INFO - Uploading tokenized data for test/test_48.txt to curated as train/test/test_48.csv...
[2025-03-12T22:05:48.016+0000] {aws_s3_repository.py:90} INFO - Successfully uploaded test/test_48.txt as train/test/test_48.csv to curated.
[2025-03-12T22:05:48.016+0000] {aws_s3_repository.py:43} INFO - [AWS S3]📥 Download test/test_49.txt from staging...
[2025-03-12T22:05:48.025+0000] {aws_s3_repository.py:46} INFO - [AWS S3]⚙️ Prétraitement du fichier test/test_49.txt...
[2025-03-12T22:05:48.193+0000] {aws_s3_repository.py:86} INFO - Uploading tokenized data for test/test_49.txt to curated as train/test/test_49.csv...
[2025-03-12T22:05:48.201+0000] {aws_s3_repository.py:90} INFO - Successfully uploaded test/test_49.txt as train/test/test_49.csv to curated.
[2025-03-12T22:05:48.202+0000] {aws_s3_repository.py:43} INFO - [AWS S3]📥 Download test/test_5.txt from staging...
[2025-03-12T22:05:48.214+0000] {aws_s3_repository.py:46} INFO - [AWS S3]⚙️ Prétraitement du fichier test/test_5.txt...
[2025-03-12T22:05:48.662+0000] {aws_s3_repository.py:86} INFO - Uploading tokenized data for test/test_5.txt to curated as train/test/test_5.csv...
[2025-03-12T22:05:48.674+0000] {aws_s3_repository.py:90} INFO - Successfully uploaded test/test_5.txt as train/test/test_5.csv to curated.
[2025-03-12T22:05:48.674+0000] {aws_s3_repository.py:43} INFO - [AWS S3]📥 Download test/test_50.txt from staging...
[2025-03-12T22:05:48.683+0000] {aws_s3_repository.py:46} INFO - [AWS S3]⚙️ Prétraitement du fichier test/test_50.txt...
[2025-03-12T22:05:48.912+0000] {aws_s3_repository.py:86} INFO - Uploading tokenized data for test/test_50.txt to curated as train/test/test_50.csv...
[2025-03-12T22:05:48.925+0000] {aws_s3_repository.py:90} INFO - Successfully uploaded test/test_50.txt as train/test/test_50.csv to curated.
[2025-03-12T22:05:48.926+0000] {aws_s3_repository.py:43} INFO - [AWS S3]📥 Download test/test_51.txt from staging...
[2025-03-12T22:05:48.938+0000] {aws_s3_repository.py:46} INFO - [AWS S3]⚙️ Prétraitement du fichier test/test_51.txt...
[2025-03-12T22:05:49.158+0000] {aws_s3_repository.py:86} INFO - Uploading tokenized data for test/test_51.txt to curated as train/test/test_51.csv...
[2025-03-12T22:05:49.173+0000] {aws_s3_repository.py:90} INFO - Successfully uploaded test/test_51.txt as train/test/test_51.csv to curated.
[2025-03-12T22:05:49.174+0000] {aws_s3_repository.py:43} INFO - [AWS S3]📥 Download test/test_52.txt from staging...
[2025-03-12T22:05:49.188+0000] {aws_s3_repository.py:46} INFO - [AWS S3]⚙️ Prétraitement du fichier test/test_52.txt...
[2025-03-12T22:05:49.483+0000] {aws_s3_repository.py:86} INFO - Uploading tokenized data for test/test_52.txt to curated as train/test/test_52.csv...
[2025-03-12T22:05:49.500+0000] {aws_s3_repository.py:90} INFO - Successfully uploaded test/test_52.txt as train/test/test_52.csv to curated.
[2025-03-12T22:05:49.502+0000] {aws_s3_repository.py:43} INFO - [AWS S3]📥 Download test/test_53.txt from staging...
[2025-03-12T22:05:49.525+0000] {aws_s3_repository.py:46} INFO - [AWS S3]⚙️ Prétraitement du fichier test/test_53.txt...
[2025-03-12T22:05:49.733+0000] {aws_s3_repository.py:86} INFO - Uploading tokenized data for test/test_53.txt to curated as train/test/test_53.csv...
[2025-03-12T22:05:49.741+0000] {aws_s3_repository.py:90} INFO - Successfully uploaded test/test_53.txt as train/test/test_53.csv to curated.
[2025-03-12T22:05:49.742+0000] {aws_s3_repository.py:43} INFO - [AWS S3]📥 Download test/test_54.txt from staging...
[2025-03-12T22:05:49.751+0000] {aws_s3_repository.py:46} INFO - [AWS S3]⚙️ Prétraitement du fichier test/test_54.txt...
[2025-03-12T22:05:49.932+0000] {aws_s3_repository.py:86} INFO - Uploading tokenized data for test/test_54.txt to curated as train/test/test_54.csv...
[2025-03-12T22:05:49.939+0000] {aws_s3_repository.py:90} INFO - Successfully uploaded test/test_54.txt as train/test/test_54.csv to curated.
[2025-03-12T22:05:49.940+0000] {aws_s3_repository.py:43} INFO - [AWS S3]📥 Download test/test_55.txt from staging...
[2025-03-12T22:05:49.947+0000] {aws_s3_repository.py:46} INFO - [AWS S3]⚙️ Prétraitement du fichier test/test_55.txt...
[2025-03-12T22:05:50.119+0000] {aws_s3_repository.py:86} INFO - Uploading tokenized data for test/test_55.txt to curated as train/test/test_55.csv...
[2025-03-12T22:05:50.125+0000] {aws_s3_repository.py:90} INFO - Successfully uploaded test/test_55.txt as train/test/test_55.csv to curated.
[2025-03-12T22:05:50.126+0000] {aws_s3_repository.py:43} INFO - [AWS S3]📥 Download test/test_56.txt from staging...
[2025-03-12T22:05:50.134+0000] {aws_s3_repository.py:46} INFO - [AWS S3]⚙️ Prétraitement du fichier test/test_56.txt...
[2025-03-12T22:05:50.337+0000] {aws_s3_repository.py:86} INFO - Uploading tokenized data for test/test_56.txt to curated as train/test/test_56.csv...
[2025-03-12T22:05:50.352+0000] {aws_s3_repository.py:90} INFO - Successfully uploaded test/test_56.txt as train/test/test_56.csv to curated.
[2025-03-12T22:05:50.354+0000] {aws_s3_repository.py:43} INFO - [AWS S3]📥 Download test/test_57.txt from staging...
[2025-03-12T22:05:50.381+0000] {aws_s3_repository.py:46} INFO - [AWS S3]⚙️ Prétraitement du fichier test/test_57.txt...
[2025-03-12T22:05:50.650+0000] {aws_s3_repository.py:86} INFO - Uploading tokenized data for test/test_57.txt to curated as train/test/test_57.csv...
[2025-03-12T22:05:50.660+0000] {aws_s3_repository.py:90} INFO - Successfully uploaded test/test_57.txt as train/test/test_57.csv to curated.
[2025-03-12T22:05:50.661+0000] {aws_s3_repository.py:43} INFO - [AWS S3]📥 Download test/test_58.txt from staging...
[2025-03-12T22:05:50.671+0000] {aws_s3_repository.py:46} INFO - [AWS S3]⚙️ Prétraitement du fichier test/test_58.txt...
[2025-03-12T22:05:50.886+0000] {aws_s3_repository.py:86} INFO - Uploading tokenized data for test/test_58.txt to curated as train/test/test_58.csv...
[2025-03-12T22:05:50.893+0000] {aws_s3_repository.py:90} INFO - Successfully uploaded test/test_58.txt as train/test/test_58.csv to curated.
[2025-03-12T22:05:50.894+0000] {aws_s3_repository.py:43} INFO - [AWS S3]📥 Download test/test_59.txt from staging...
[2025-03-12T22:05:50.902+0000] {aws_s3_repository.py:46} INFO - [AWS S3]⚙️ Prétraitement du fichier test/test_59.txt...
[2025-03-12T22:05:51.077+0000] {aws_s3_repository.py:86} INFO - Uploading tokenized data for test/test_59.txt to curated as train/test/test_59.csv...
[2025-03-12T22:05:51.086+0000] {aws_s3_repository.py:90} INFO - Successfully uploaded test/test_59.txt as train/test/test_59.csv to curated.
[2025-03-12T22:05:51.086+0000] {aws_s3_repository.py:43} INFO - [AWS S3]📥 Download test/test_6.txt from staging...
[2025-03-12T22:05:51.094+0000] {aws_s3_repository.py:46} INFO - [AWS S3]⚙️ Prétraitement du fichier test/test_6.txt...
[2025-03-12T22:05:51.309+0000] {aws_s3_repository.py:86} INFO - Uploading tokenized data for test/test_6.txt to curated as train/test/test_6.csv...
[2025-03-12T22:05:51.326+0000] {aws_s3_repository.py:90} INFO - Successfully uploaded test/test_6.txt as train/test/test_6.csv to curated.
[2025-03-12T22:05:51.327+0000] {aws_s3_repository.py:43} INFO - [AWS S3]📥 Download test/test_60.txt from staging...
[2025-03-12T22:05:51.338+0000] {aws_s3_repository.py:46} INFO - [AWS S3]⚙️ Prétraitement du fichier test/test_60.txt...
[2025-03-12T22:05:51.940+0000] {aws_s3_repository.py:86} INFO - Uploading tokenized data for test/test_60.txt to curated as train/test/test_60.csv...
[2025-03-12T22:05:51.960+0000] {aws_s3_repository.py:90} INFO - Successfully uploaded test/test_60.txt as train/test/test_60.csv to curated.
[2025-03-12T22:05:51.962+0000] {aws_s3_repository.py:43} INFO - [AWS S3]📥 Download test/test_61.txt from staging...
[2025-03-12T22:05:51.984+0000] {aws_s3_repository.py:46} INFO - [AWS S3]⚙️ Prétraitement du fichier test/test_61.txt...
[2025-03-12T22:05:52.228+0000] {aws_s3_repository.py:86} INFO - Uploading tokenized data for test/test_61.txt to curated as train/test/test_61.csv...
[2025-03-12T22:05:52.244+0000] {aws_s3_repository.py:90} INFO - Successfully uploaded test/test_61.txt as train/test/test_61.csv to curated.
[2025-03-12T22:05:52.244+0000] {aws_s3_repository.py:43} INFO - [AWS S3]📥 Download test/test_62.txt from staging...
[2025-03-12T22:05:52.257+0000] {aws_s3_repository.py:46} INFO - [AWS S3]⚙️ Prétraitement du fichier test/test_62.txt...
[2025-03-12T22:05:52.477+0000] {aws_s3_repository.py:86} INFO - Uploading tokenized data for test/test_62.txt to curated as train/test/test_62.csv...
[2025-03-12T22:05:52.486+0000] {aws_s3_repository.py:90} INFO - Successfully uploaded test/test_62.txt as train/test/test_62.csv to curated.
[2025-03-12T22:05:52.487+0000] {aws_s3_repository.py:43} INFO - [AWS S3]📥 Download test/test_63.txt from staging...
[2025-03-12T22:05:52.497+0000] {aws_s3_repository.py:46} INFO - [AWS S3]⚙️ Prétraitement du fichier test/test_63.txt...
[2025-03-12T22:05:52.738+0000] {aws_s3_repository.py:86} INFO - Uploading tokenized data for test/test_63.txt to curated as train/test/test_63.csv...
[2025-03-12T22:05:52.747+0000] {aws_s3_repository.py:90} INFO - Successfully uploaded test/test_63.txt as train/test/test_63.csv to curated.
[2025-03-12T22:05:52.748+0000] {aws_s3_repository.py:43} INFO - [AWS S3]📥 Download test/test_64.txt from staging...
[2025-03-12T22:05:52.763+0000] {aws_s3_repository.py:46} INFO - [AWS S3]⚙️ Prétraitement du fichier test/test_64.txt...
[2025-03-12T22:05:52.958+0000] {aws_s3_repository.py:86} INFO - Uploading tokenized data for test/test_64.txt to curated as train/test/test_64.csv...
[2025-03-12T22:05:52.974+0000] {aws_s3_repository.py:90} INFO - Successfully uploaded test/test_64.txt as train/test/test_64.csv to curated.
[2025-03-12T22:05:52.975+0000] {aws_s3_repository.py:43} INFO - [AWS S3]📥 Download test/test_65.txt from staging...
[2025-03-12T22:05:52.991+0000] {aws_s3_repository.py:46} INFO - [AWS S3]⚙️ Prétraitement du fichier test/test_65.txt...
[2025-03-12T22:05:53.208+0000] {aws_s3_repository.py:86} INFO - Uploading tokenized data for test/test_65.txt to curated as train/test/test_65.csv...
[2025-03-12T22:05:53.217+0000] {aws_s3_repository.py:90} INFO - Successfully uploaded test/test_65.txt as train/test/test_65.csv to curated.
[2025-03-12T22:05:53.218+0000] {aws_s3_repository.py:43} INFO - [AWS S3]📥 Download test/test_66.txt from staging...
[2025-03-12T22:05:53.225+0000] {aws_s3_repository.py:46} INFO - [AWS S3]⚙️ Prétraitement du fichier test/test_66.txt...
[2025-03-12T22:05:53.405+0000] {aws_s3_repository.py:86} INFO - Uploading tokenized data for test/test_66.txt to curated as train/test/test_66.csv...
[2025-03-12T22:05:53.412+0000] {aws_s3_repository.py:90} INFO - Successfully uploaded test/test_66.txt as train/test/test_66.csv to curated.
[2025-03-12T22:05:53.413+0000] {aws_s3_repository.py:43} INFO - [AWS S3]📥 Download test/test_67.txt from staging...
[2025-03-12T22:05:53.421+0000] {aws_s3_repository.py:46} INFO - [AWS S3]⚙️ Prétraitement du fichier test/test_67.txt...
[2025-03-12T22:05:53.595+0000] {aws_s3_repository.py:86} INFO - Uploading tokenized data for test/test_67.txt to curated as train/test/test_67.csv...
[2025-03-12T22:05:53.607+0000] {aws_s3_repository.py:90} INFO - Successfully uploaded test/test_67.txt as train/test/test_67.csv to curated.
[2025-03-12T22:05:53.608+0000] {aws_s3_repository.py:43} INFO - [AWS S3]📥 Download test/test_68.txt from staging...
[2025-03-12T22:05:53.621+0000] {aws_s3_repository.py:46} INFO - [AWS S3]⚙️ Prétraitement du fichier test/test_68.txt...
[2025-03-12T22:05:53.791+0000] {aws_s3_repository.py:86} INFO - Uploading tokenized data for test/test_68.txt to curated as train/test/test_68.csv...
[2025-03-12T22:05:53.799+0000] {aws_s3_repository.py:90} INFO - Successfully uploaded test/test_68.txt as train/test/test_68.csv to curated.
[2025-03-12T22:05:53.800+0000] {aws_s3_repository.py:43} INFO - [AWS S3]📥 Download test/test_69.txt from staging...
[2025-03-12T22:05:53.809+0000] {aws_s3_repository.py:46} INFO - [AWS S3]⚙️ Prétraitement du fichier test/test_69.txt...
[2025-03-12T22:05:54.000+0000] {aws_s3_repository.py:86} INFO - Uploading tokenized data for test/test_69.txt to curated as train/test/test_69.csv...
[2025-03-12T22:05:54.010+0000] {aws_s3_repository.py:90} INFO - Successfully uploaded test/test_69.txt as train/test/test_69.csv to curated.
[2025-03-12T22:05:54.011+0000] {aws_s3_repository.py:43} INFO - [AWS S3]📥 Download test/test_7.txt from staging...
[2025-03-12T22:05:54.021+0000] {aws_s3_repository.py:46} INFO - [AWS S3]⚙️ Prétraitement du fichier test/test_7.txt...
[2025-03-12T22:05:54.230+0000] {aws_s3_repository.py:86} INFO - Uploading tokenized data for test/test_7.txt to curated as train/test/test_7.csv...
[2025-03-12T22:05:54.240+0000] {aws_s3_repository.py:90} INFO - Successfully uploaded test/test_7.txt as train/test/test_7.csv to curated.
[2025-03-12T22:05:54.241+0000] {aws_s3_repository.py:43} INFO - [AWS S3]📥 Download test/test_70.txt from staging...
[2025-03-12T22:05:54.250+0000] {aws_s3_repository.py:46} INFO - [AWS S3]⚙️ Prétraitement du fichier test/test_70.txt...
[2025-03-12T22:05:54.422+0000] {aws_s3_repository.py:86} INFO - Uploading tokenized data for test/test_70.txt to curated as train/test/test_70.csv...
[2025-03-12T22:05:54.429+0000] {aws_s3_repository.py:90} INFO - Successfully uploaded test/test_70.txt as train/test/test_70.csv to curated.
[2025-03-12T22:05:54.430+0000] {aws_s3_repository.py:43} INFO - [AWS S3]📥 Download test/test_71.txt from staging...
[2025-03-12T22:05:54.437+0000] {aws_s3_repository.py:46} INFO - [AWS S3]⚙️ Prétraitement du fichier test/test_71.txt...
[2025-03-12T22:05:54.618+0000] {aws_s3_repository.py:86} INFO - Uploading tokenized data for test/test_71.txt to curated as train/test/test_71.csv...
[2025-03-12T22:05:54.626+0000] {aws_s3_repository.py:90} INFO - Successfully uploaded test/test_71.txt as train/test/test_71.csv to curated.
[2025-03-12T22:05:54.626+0000] {aws_s3_repository.py:43} INFO - [AWS S3]📥 Download test/test_72.txt from staging...
[2025-03-12T22:05:54.635+0000] {aws_s3_repository.py:46} INFO - [AWS S3]⚙️ Prétraitement du fichier test/test_72.txt...
[2025-03-12T22:05:54.823+0000] {aws_s3_repository.py:86} INFO - Uploading tokenized data for test/test_72.txt to curated as train/test/test_72.csv...
[2025-03-12T22:05:54.831+0000] {aws_s3_repository.py:90} INFO - Successfully uploaded test/test_72.txt as train/test/test_72.csv to curated.
[2025-03-12T22:05:54.831+0000] {aws_s3_repository.py:43} INFO - [AWS S3]📥 Download test/test_73.txt from staging...
[2025-03-12T22:05:54.839+0000] {aws_s3_repository.py:46} INFO - [AWS S3]⚙️ Prétraitement du fichier test/test_73.txt...
[2025-03-12T22:05:55.006+0000] {aws_s3_repository.py:86} INFO - Uploading tokenized data for test/test_73.txt to curated as train/test/test_73.csv...
[2025-03-12T22:05:55.015+0000] {aws_s3_repository.py:90} INFO - Successfully uploaded test/test_73.txt as train/test/test_73.csv to curated.
[2025-03-12T22:05:55.016+0000] {aws_s3_repository.py:43} INFO - [AWS S3]📥 Download test/test_74.txt from staging...
[2025-03-12T22:05:55.023+0000] {aws_s3_repository.py:46} INFO - [AWS S3]⚙️ Prétraitement du fichier test/test_74.txt...
[2025-03-12T22:05:55.239+0000] {aws_s3_repository.py:86} INFO - Uploading tokenized data for test/test_74.txt to curated as train/test/test_74.csv...
[2025-03-12T22:05:55.246+0000] {aws_s3_repository.py:90} INFO - Successfully uploaded test/test_74.txt as train/test/test_74.csv to curated.
[2025-03-12T22:05:55.247+0000] {aws_s3_repository.py:43} INFO - [AWS S3]📥 Download test/test_75.txt from staging...
[2025-03-12T22:05:55.257+0000] {aws_s3_repository.py:46} INFO - [AWS S3]⚙️ Prétraitement du fichier test/test_75.txt...
[2025-03-12T22:05:55.440+0000] {aws_s3_repository.py:86} INFO - Uploading tokenized data for test/test_75.txt to curated as train/test/test_75.csv...
[2025-03-12T22:05:55.453+0000] {aws_s3_repository.py:90} INFO - Successfully uploaded test/test_75.txt as train/test/test_75.csv to curated.
[2025-03-12T22:05:55.453+0000] {aws_s3_repository.py:43} INFO - [AWS S3]📥 Download test/test_76.txt from staging...
[2025-03-12T22:05:55.464+0000] {aws_s3_repository.py:46} INFO - [AWS S3]⚙️ Prétraitement du fichier test/test_76.txt...
[2025-03-12T22:05:55.667+0000] {aws_s3_repository.py:86} INFO - Uploading tokenized data for test/test_76.txt to curated as train/test/test_76.csv...
[2025-03-12T22:05:55.676+0000] {aws_s3_repository.py:90} INFO - Successfully uploaded test/test_76.txt as train/test/test_76.csv to curated.
[2025-03-12T22:05:55.677+0000] {aws_s3_repository.py:43} INFO - [AWS S3]📥 Download test/test_77.txt from staging...
[2025-03-12T22:05:55.687+0000] {aws_s3_repository.py:46} INFO - [AWS S3]⚙️ Prétraitement du fichier test/test_77.txt...
[2025-03-12T22:05:55.871+0000] {aws_s3_repository.py:86} INFO - Uploading tokenized data for test/test_77.txt to curated as train/test/test_77.csv...
[2025-03-12T22:05:55.881+0000] {aws_s3_repository.py:90} INFO - Successfully uploaded test/test_77.txt as train/test/test_77.csv to curated.
[2025-03-12T22:05:55.882+0000] {aws_s3_repository.py:43} INFO - [AWS S3]📥 Download test/test_78.txt from staging...
[2025-03-12T22:05:55.890+0000] {aws_s3_repository.py:46} INFO - [AWS S3]⚙️ Prétraitement du fichier test/test_78.txt...
[2025-03-12T22:05:56.084+0000] {aws_s3_repository.py:86} INFO - Uploading tokenized data for test/test_78.txt to curated as train/test/test_78.csv...
[2025-03-12T22:05:56.093+0000] {aws_s3_repository.py:90} INFO - Successfully uploaded test/test_78.txt as train/test/test_78.csv to curated.
[2025-03-12T22:05:56.093+0000] {aws_s3_repository.py:43} INFO - [AWS S3]📥 Download test/test_79.txt from staging...
[2025-03-12T22:05:56.104+0000] {aws_s3_repository.py:46} INFO - [AWS S3]⚙️ Prétraitement du fichier test/test_79.txt...
[2025-03-12T22:05:56.530+0000] {aws_s3_repository.py:86} INFO - Uploading tokenized data for test/test_79.txt to curated as train/test/test_79.csv...
[2025-03-12T22:05:56.553+0000] {aws_s3_repository.py:90} INFO - Successfully uploaded test/test_79.txt as train/test/test_79.csv to curated.
[2025-03-12T22:05:56.554+0000] {aws_s3_repository.py:43} INFO - [AWS S3]📥 Download test/test_8.txt from staging...
[2025-03-12T22:05:56.573+0000] {aws_s3_repository.py:46} INFO - [AWS S3]⚙️ Prétraitement du fichier test/test_8.txt...
[2025-03-12T22:05:56.777+0000] {aws_s3_repository.py:86} INFO - Uploading tokenized data for test/test_8.txt to curated as train/test/test_8.csv...
[2025-03-12T22:05:56.786+0000] {aws_s3_repository.py:90} INFO - Successfully uploaded test/test_8.txt as train/test/test_8.csv to curated.
[2025-03-12T22:05:56.786+0000] {aws_s3_repository.py:43} INFO - [AWS S3]📥 Download test/test_80.txt from staging...
[2025-03-12T22:05:56.793+0000] {aws_s3_repository.py:46} INFO - [AWS S3]⚙️ Prétraitement du fichier test/test_80.txt...
[2025-03-12T22:05:57.004+0000] {aws_s3_repository.py:86} INFO - Uploading tokenized data for test/test_80.txt to curated as train/test/test_80.csv...
[2025-03-12T22:05:57.020+0000] {aws_s3_repository.py:90} INFO - Successfully uploaded test/test_80.txt as train/test/test_80.csv to curated.
[2025-03-12T22:05:57.021+0000] {aws_s3_repository.py:43} INFO - [AWS S3]📥 Download test/test_81.txt from staging...
[2025-03-12T22:05:57.030+0000] {aws_s3_repository.py:46} INFO - [AWS S3]⚙️ Prétraitement du fichier test/test_81.txt...
[2025-03-12T22:05:57.229+0000] {aws_s3_repository.py:86} INFO - Uploading tokenized data for test/test_81.txt to curated as train/test/test_81.csv...
[2025-03-12T22:05:57.240+0000] {aws_s3_repository.py:90} INFO - Successfully uploaded test/test_81.txt as train/test/test_81.csv to curated.
[2025-03-12T22:05:57.240+0000] {aws_s3_repository.py:43} INFO - [AWS S3]📥 Download test/test_82.txt from staging...
[2025-03-12T22:05:57.249+0000] {aws_s3_repository.py:46} INFO - [AWS S3]⚙️ Prétraitement du fichier test/test_82.txt...
[2025-03-12T22:05:57.441+0000] {aws_s3_repository.py:86} INFO - Uploading tokenized data for test/test_82.txt to curated as train/test/test_82.csv...
[2025-03-12T22:05:57.451+0000] {aws_s3_repository.py:90} INFO - Successfully uploaded test/test_82.txt as train/test/test_82.csv to curated.
[2025-03-12T22:05:57.452+0000] {aws_s3_repository.py:43} INFO - [AWS S3]📥 Download test/test_83.txt from staging...
[2025-03-12T22:05:57.465+0000] {aws_s3_repository.py:46} INFO - [AWS S3]⚙️ Prétraitement du fichier test/test_83.txt...
[2025-03-12T22:05:57.685+0000] {aws_s3_repository.py:86} INFO - Uploading tokenized data for test/test_83.txt to curated as train/test/test_83.csv...
[2025-03-12T22:05:57.695+0000] {aws_s3_repository.py:90} INFO - Successfully uploaded test/test_83.txt as train/test/test_83.csv to curated.
[2025-03-12T22:05:57.695+0000] {aws_s3_repository.py:43} INFO - [AWS S3]📥 Download test/test_84.txt from staging...
[2025-03-12T22:05:57.713+0000] {aws_s3_repository.py:46} INFO - [AWS S3]⚙️ Prétraitement du fichier test/test_84.txt...
[2025-03-12T22:05:57.901+0000] {aws_s3_repository.py:86} INFO - Uploading tokenized data for test/test_84.txt to curated as train/test/test_84.csv...
[2025-03-12T22:05:57.909+0000] {aws_s3_repository.py:90} INFO - Successfully uploaded test/test_84.txt as train/test/test_84.csv to curated.
[2025-03-12T22:05:57.909+0000] {aws_s3_repository.py:43} INFO - [AWS S3]📥 Download test/test_85.txt from staging...
[2025-03-12T22:05:57.920+0000] {aws_s3_repository.py:46} INFO - [AWS S3]⚙️ Prétraitement du fichier test/test_85.txt...
[2025-03-12T22:05:58.086+0000] {aws_s3_repository.py:86} INFO - Uploading tokenized data for test/test_85.txt to curated as train/test/test_85.csv...
[2025-03-12T22:05:58.093+0000] {aws_s3_repository.py:90} INFO - Successfully uploaded test/test_85.txt as train/test/test_85.csv to curated.
[2025-03-12T22:05:58.094+0000] {aws_s3_repository.py:43} INFO - [AWS S3]📥 Download test/test_86.txt from staging...
[2025-03-12T22:05:58.102+0000] {aws_s3_repository.py:46} INFO - [AWS S3]⚙️ Prétraitement du fichier test/test_86.txt...
[2025-03-12T22:05:58.290+0000] {aws_s3_repository.py:86} INFO - Uploading tokenized data for test/test_86.txt to curated as train/test/test_86.csv...
[2025-03-12T22:05:58.298+0000] {aws_s3_repository.py:90} INFO - Successfully uploaded test/test_86.txt as train/test/test_86.csv to curated.
[2025-03-12T22:05:58.299+0000] {aws_s3_repository.py:43} INFO - [AWS S3]📥 Download test/test_87.txt from staging...
[2025-03-12T22:05:58.307+0000] {aws_s3_repository.py:46} INFO - [AWS S3]⚙️ Prétraitement du fichier test/test_87.txt...
[2025-03-12T22:05:58.588+0000] {aws_s3_repository.py:86} INFO - Uploading tokenized data for test/test_87.txt to curated as train/test/test_87.csv...
[2025-03-12T22:05:58.595+0000] {aws_s3_repository.py:90} INFO - Successfully uploaded test/test_87.txt as train/test/test_87.csv to curated.
[2025-03-12T22:05:58.596+0000] {aws_s3_repository.py:43} INFO - [AWS S3]📥 Download test/test_88.txt from staging...
[2025-03-12T22:05:58.603+0000] {aws_s3_repository.py:46} INFO - [AWS S3]⚙️ Prétraitement du fichier test/test_88.txt...
[2025-03-12T22:05:59.017+0000] {aws_s3_repository.py:86} INFO - Uploading tokenized data for test/test_88.txt to curated as train/test/test_88.csv...
[2025-03-12T22:05:59.025+0000] {aws_s3_repository.py:90} INFO - Successfully uploaded test/test_88.txt as train/test/test_88.csv to curated.
[2025-03-12T22:05:59.025+0000] {aws_s3_repository.py:43} INFO - [AWS S3]📥 Download test/test_89.txt from staging...
[2025-03-12T22:05:59.033+0000] {aws_s3_repository.py:46} INFO - [AWS S3]⚙️ Prétraitement du fichier test/test_89.txt...
[2025-03-12T22:05:59.208+0000] {aws_s3_repository.py:86} INFO - Uploading tokenized data for test/test_89.txt to curated as train/test/test_89.csv...
[2025-03-12T22:05:59.217+0000] {aws_s3_repository.py:90} INFO - Successfully uploaded test/test_89.txt as train/test/test_89.csv to curated.
[2025-03-12T22:05:59.218+0000] {aws_s3_repository.py:43} INFO - [AWS S3]📥 Download test/test_9.txt from staging...
[2025-03-12T22:05:59.225+0000] {aws_s3_repository.py:46} INFO - [AWS S3]⚙️ Prétraitement du fichier test/test_9.txt...
[2025-03-12T22:05:59.398+0000] {aws_s3_repository.py:86} INFO - Uploading tokenized data for test/test_9.txt to curated as train/test/test_9.csv...
[2025-03-12T22:05:59.405+0000] {aws_s3_repository.py:90} INFO - Successfully uploaded test/test_9.txt as train/test/test_9.csv to curated.
[2025-03-12T22:05:59.406+0000] {aws_s3_repository.py:43} INFO - [AWS S3]📥 Download test/test_90.txt from staging...
[2025-03-12T22:05:59.414+0000] {aws_s3_repository.py:46} INFO - [AWS S3]⚙️ Prétraitement du fichier test/test_90.txt...
[2025-03-12T22:05:59.588+0000] {aws_s3_repository.py:86} INFO - Uploading tokenized data for test/test_90.txt to curated as train/test/test_90.csv...
[2025-03-12T22:05:59.595+0000] {aws_s3_repository.py:90} INFO - Successfully uploaded test/test_90.txt as train/test/test_90.csv to curated.
[2025-03-12T22:05:59.596+0000] {aws_s3_repository.py:43} INFO - [AWS S3]📥 Download test/test_91.txt from staging...
[2025-03-12T22:05:59.603+0000] {aws_s3_repository.py:46} INFO - [AWS S3]⚙️ Prétraitement du fichier test/test_91.txt...
[2025-03-12T22:05:59.767+0000] {aws_s3_repository.py:86} INFO - Uploading tokenized data for test/test_91.txt to curated as train/test/test_91.csv...
[2025-03-12T22:05:59.774+0000] {aws_s3_repository.py:90} INFO - Successfully uploaded test/test_91.txt as train/test/test_91.csv to curated.
[2025-03-12T22:05:59.775+0000] {aws_s3_repository.py:43} INFO - [AWS S3]📥 Download test/test_92.txt from staging...
[2025-03-12T22:05:59.781+0000] {aws_s3_repository.py:46} INFO - [AWS S3]⚙️ Prétraitement du fichier test/test_92.txt...
[2025-03-12T22:05:59.954+0000] {aws_s3_repository.py:86} INFO - Uploading tokenized data for test/test_92.txt to curated as train/test/test_92.csv...
[2025-03-12T22:05:59.963+0000] {aws_s3_repository.py:90} INFO - Successfully uploaded test/test_92.txt as train/test/test_92.csv to curated.
[2025-03-12T22:05:59.963+0000] {aws_s3_repository.py:43} INFO - [AWS S3]📥 Download test/test_93.txt from staging...
[2025-03-12T22:05:59.972+0000] {aws_s3_repository.py:46} INFO - [AWS S3]⚙️ Prétraitement du fichier test/test_93.txt...
[2025-03-12T22:06:00.225+0000] {aws_s3_repository.py:86} INFO - Uploading tokenized data for test/test_93.txt to curated as train/test/test_93.csv...
[2025-03-12T22:06:00.233+0000] {aws_s3_repository.py:90} INFO - Successfully uploaded test/test_93.txt as train/test/test_93.csv to curated.
[2025-03-12T22:06:00.233+0000] {aws_s3_repository.py:43} INFO - [AWS S3]📥 Download test/test_94.txt from staging...
[2025-03-12T22:06:00.240+0000] {aws_s3_repository.py:46} INFO - [AWS S3]⚙️ Prétraitement du fichier test/test_94.txt...
[2025-03-12T22:06:00.445+0000] {aws_s3_repository.py:86} INFO - Uploading tokenized data for test/test_94.txt to curated as train/test/test_94.csv...
[2025-03-12T22:06:00.453+0000] {aws_s3_repository.py:90} INFO - Successfully uploaded test/test_94.txt as train/test/test_94.csv to curated.
[2025-03-12T22:06:00.454+0000] {aws_s3_repository.py:43} INFO - [AWS S3]📥 Download test/test_95.txt from staging...
[2025-03-12T22:06:00.466+0000] {aws_s3_repository.py:46} INFO - [AWS S3]⚙️ Prétraitement du fichier test/test_95.txt...
[2025-03-12T22:06:00.765+0000] {aws_s3_repository.py:86} INFO - Uploading tokenized data for test/test_95.txt to curated as train/test/test_95.csv...
[2025-03-12T22:06:00.781+0000] {aws_s3_repository.py:90} INFO - Successfully uploaded test/test_95.txt as train/test/test_95.csv to curated.
[2025-03-12T22:06:00.793+0000] {aws_s3_repository.py:43} INFO - [AWS S3]📥 Download test/test_96.txt from staging...
[2025-03-12T22:06:00.808+0000] {aws_s3_repository.py:46} INFO - [AWS S3]⚙️ Prétraitement du fichier test/test_96.txt...
[2025-03-12T22:06:01.096+0000] {aws_s3_repository.py:86} INFO - Uploading tokenized data for test/test_96.txt to curated as train/test/test_96.csv...
[2025-03-12T22:06:01.112+0000] {aws_s3_repository.py:90} INFO - Successfully uploaded test/test_96.txt as train/test/test_96.csv to curated.
[2025-03-12T22:06:01.127+0000] {aws_s3_repository.py:43} INFO - [AWS S3]📥 Download test/test_97.txt from staging...
[2025-03-12T22:06:01.142+0000] {aws_s3_repository.py:46} INFO - [AWS S3]⚙️ Prétraitement du fichier test/test_97.txt...
[2025-03-12T22:06:01.489+0000] {aws_s3_repository.py:86} INFO - Uploading tokenized data for test/test_97.txt to curated as train/test/test_97.csv...
[2025-03-12T22:06:01.500+0000] {aws_s3_repository.py:90} INFO - Successfully uploaded test/test_97.txt as train/test/test_97.csv to curated.
[2025-03-12T22:06:01.501+0000] {aws_s3_repository.py:43} INFO - [AWS S3]📥 Download test/test_98.txt from staging...
[2025-03-12T22:06:01.520+0000] {aws_s3_repository.py:46} INFO - [AWS S3]⚙️ Prétraitement du fichier test/test_98.txt...
[2025-03-12T22:06:01.724+0000] {aws_s3_repository.py:86} INFO - Uploading tokenized data for test/test_98.txt to curated as train/test/test_98.csv...
[2025-03-12T22:06:01.737+0000] {aws_s3_repository.py:90} INFO - Successfully uploaded test/test_98.txt as train/test/test_98.csv to curated.
[2025-03-12T22:06:01.738+0000] {aws_s3_repository.py:43} INFO - [AWS S3]📥 Download test/test_99.txt from staging...
[2025-03-12T22:06:01.748+0000] {aws_s3_repository.py:46} INFO - [AWS S3]⚙️ Prétraitement du fichier test/test_99.txt...
[2025-03-12T22:06:02.043+0000] {aws_s3_repository.py:86} INFO - Uploading tokenized data for test/test_99.txt to curated as train/test/test_99.csv...
[2025-03-12T22:06:02.054+0000] {aws_s3_repository.py:90} INFO - Successfully uploaded test/test_99.txt as train/test/test_99.csv to curated.
[2025-03-12T22:06:02.054+0000] {manage_buckets.py:83} INFO - [Data manager] Data processed successfully.
[2025-03-12T22:06:02.056+0000] {manage_buckets.py:85} INFO - [Data manager] Listing folders in bucket: staging
[2025-03-12T22:06:02.290+0000] {manage_buckets.py:91} INFO - [Data manager] Folder: test/ - File count: 100
[2025-03-12T22:06:02.290+0000] {manage_buckets.py:91} INFO - [Data manager] Folder: train/ - File count: 100
[2025-03-12T22:06:02.292+0000] {manage_buckets.py:91} INFO - [Data manager] Folder: validation/ - File count: 100
[2025-03-12T22:06:02.293+0000] {taskinstance.py:3313} ERROR - Task failed with exception
Traceback (most recent call last):
  File "/usr/local/lib/python3.10/site-packages/airflow/models/taskinstance.py", line 768, in _execute_task
    result = _execute_callable(context=context, **execute_callable_kwargs)
  File "/usr/local/lib/python3.10/site-packages/airflow/models/taskinstance.py", line 734, in _execute_callable
    return ExecutionCallableRunner(
  File "/usr/local/lib/python3.10/site-packages/airflow/utils/operator_helpers.py", line 252, in run
    return self.func(*args, **kwargs)
  File "/usr/local/lib/python3.10/site-packages/airflow/models/baseoperator.py", line 424, in wrapper
    return func(self, *args, **kwargs)
  File "/usr/local/lib/python3.10/site-packages/airflow/operators/python.py", line 238, in execute
    return_value = self.execute_callable()
  File "/usr/local/lib/python3.10/site-packages/airflow/operators/python.py", line 256, in execute_callable
    return runner.run(*self.op_args, **self.op_kwargs)
  File "/usr/local/lib/python3.10/site-packages/airflow/utils/operator_helpers.py", line 252, in run
    return self.func(*args, **kwargs)
  File "/app/src/command/manage_buckets.py", line 96, in process_to_curated
    success = aws_s3.upload_file(Bucket='curated', Key=new_file_key, Data=tokenized_text)
AttributeError: 'AwsS3Repository' object has no attribute 'upload_file'
[2025-03-12T22:06:02.363+0000] {taskinstance.py:1226} INFO - Marking task as FAILED. dag_id=data_lake_pipeline, task_id=transform_staging_to_curated, run_id=manual__2025-03-12T21:59:27.780036+00:00, execution_date=20250312T215927, start_date=20250312T220537, end_date=20250312T220602
[2025-03-12T22:06:02.457+0000] {taskinstance.py:341} INFO - ::group::Post task execution logs
[2025-03-12T22:06:02.458+0000] {standard_task_runner.py:124} ERROR - Failed to execute job 27 for task transform_staging_to_curated ('AwsS3Repository' object has no attribute 'upload_file'; 726)
Traceback (most recent call last):
  File "/usr/local/lib/python3.10/site-packages/airflow/task/task_runner/standard_task_runner.py", line 117, in _start_by_fork
    ret = args.func(args, dag=self.dag)
  File "/usr/local/lib/python3.10/site-packages/airflow/cli/cli_config.py", line 49, in command
    return func(*args, **kwargs)
  File "/usr/local/lib/python3.10/site-packages/airflow/utils/cli.py", line 116, in wrapper
    return f(*args, **kwargs)
  File "/usr/local/lib/python3.10/site-packages/airflow/cli/commands/task_command.py", line 483, in task_run
    task_return_code = _run_task_by_selected_method(args, _dag, ti)
  File "/usr/local/lib/python3.10/site-packages/airflow/cli/commands/task_command.py", line 256, in _run_task_by_selected_method
    return _run_raw_task(args, ti)
  File "/usr/local/lib/python3.10/site-packages/airflow/cli/commands/task_command.py", line 341, in _run_raw_task
    return ti._run_raw_task(
  File "/usr/local/lib/python3.10/site-packages/airflow/utils/session.py", line 97, in wrapper
    return func(*args, session=session, **kwargs)
  File "/usr/local/lib/python3.10/site-packages/airflow/models/taskinstance.py", line 3006, in _run_raw_task
    return _run_raw_task(
  File "/usr/local/lib/python3.10/site-packages/airflow/models/taskinstance.py", line 274, in _run_raw_task
    TaskInstance._execute_task_with_callbacks(
  File "/usr/local/lib/python3.10/site-packages/airflow/models/taskinstance.py", line 3161, in _execute_task_with_callbacks
    result = self._execute_task(context, task_orig)
  File "/usr/local/lib/python3.10/site-packages/airflow/models/taskinstance.py", line 3185, in _execute_task
    return _execute_task(self, context, task_orig)
  File "/usr/local/lib/python3.10/site-packages/airflow/models/taskinstance.py", line 768, in _execute_task
    result = _execute_callable(context=context, **execute_callable_kwargs)
  File "/usr/local/lib/python3.10/site-packages/airflow/models/taskinstance.py", line 734, in _execute_callable
    return ExecutionCallableRunner(
  File "/usr/local/lib/python3.10/site-packages/airflow/utils/operator_helpers.py", line 252, in run
    return self.func(*args, **kwargs)
  File "/usr/local/lib/python3.10/site-packages/airflow/models/baseoperator.py", line 424, in wrapper
    return func(self, *args, **kwargs)
  File "/usr/local/lib/python3.10/site-packages/airflow/operators/python.py", line 238, in execute
    return_value = self.execute_callable()
  File "/usr/local/lib/python3.10/site-packages/airflow/operators/python.py", line 256, in execute_callable
    return runner.run(*self.op_args, **self.op_kwargs)
  File "/usr/local/lib/python3.10/site-packages/airflow/utils/operator_helpers.py", line 252, in run
    return self.func(*args, **kwargs)
  File "/app/src/command/manage_buckets.py", line 96, in process_to_curated
    success = aws_s3.upload_file(Bucket='curated', Key=new_file_key, Data=tokenized_text)
AttributeError: 'AwsS3Repository' object has no attribute 'upload_file'
[2025-03-12T22:06:02.520+0000] {local_task_job_runner.py:266} INFO - Task exited with return code 1
[2025-03-12T22:06:02.561+0000] {local_task_job_runner.py:245} INFO - ::endgroup::
