[2025-03-12T13:15:51.177+0000] {local_task_job_runner.py:123} INFO - ::group::Pre task execution logs
[2025-03-12T13:15:51.282+0000] {taskinstance.py:2614} INFO - Dependencies all met for dep_context=non-requeueable deps ti=<TaskInstance: data_lake_pipeline.end_pipeline manual__2025-03-12T13:15:46.457665+00:00 [queued]>
[2025-03-12T13:15:51.332+0000] {taskinstance.py:2614} INFO - Dependencies all met for dep_context=requeueable deps ti=<TaskInstance: data_lake_pipeline.end_pipeline manual__2025-03-12T13:15:46.457665+00:00 [queued]>
[2025-03-12T13:15:51.338+0000] {taskinstance.py:2867} INFO - Starting attempt 1 of 2
[2025-03-12T13:15:51.441+0000] {taskinstance.py:2890} INFO - Executing <Task(BashOperator): end_pipeline> on 2025-03-12 13:15:46.457665+00:00
[2025-03-12T13:15:51.500+0000] {standard_task_runner.py:72} INFO - Started process 543 to run task
[2025-03-12T13:15:51.583+0000] {standard_task_runner.py:104} INFO - Running: ['***', 'tasks', 'run', 'data_lake_pipeline', 'end_pipeline', 'manual__2025-03-12T13:15:46.457665+00:00', '--job-id', '21', '--raw', '--subdir', 'DAGS_FOLDER/data_pipeline_dag.py', '--cfg-path', '/tmp/tmpm_bsh4sv']
[2025-03-12T13:15:51.654+0000] {standard_task_runner.py:105} INFO - Job 21: Subtask end_pipeline
[2025-03-12T13:15:51.798+0000] {logging_mixin.py:190} WARNING - /usr/local/lib/python3.10/site-packages/***/settings.py:209 DeprecationWarning: The sql_alchemy_conn option in [core] has been moved to the sql_alchemy_conn option in [database] - the old setting has been used, but please update your config.
[2025-03-12T13:15:51.905+0000] {task_command.py:467} INFO - Running <TaskInstance: data_lake_pipeline.end_pipeline manual__2025-03-12T13:15:46.457665+00:00 [running]> on host ***-scheduler
[2025-03-12T13:15:52.602+0000] {taskinstance.py:3134} INFO - Exporting env vars: AIRFLOW_CTX_DAG_OWNER='***' AIRFLOW_CTX_DAG_ID='data_lake_pipeline' AIRFLOW_CTX_TASK_ID='end_pipeline' AIRFLOW_CTX_EXECUTION_DATE='2025-03-12T13:15:46.457665+00:00' AIRFLOW_CTX_TRY_NUMBER='1' AIRFLOW_CTX_DAG_RUN_ID='manual__2025-03-12T13:15:46.457665+00:00'
[2025-03-12T13:15:52.608+0000] {taskinstance.py:732} INFO - ::endgroup::
[2025-03-12T13:15:52.680+0000] {subprocess.py:78} INFO - Tmp dir root location: /tmp
[2025-03-12T13:15:52.681+0000] {subprocess.py:88} INFO - Running command: ['/usr/bin/bash', '-c', 'echo "Pipeline terminé"']
[2025-03-12T13:15:52.713+0000] {subprocess.py:99} INFO - Output:
[2025-03-12T13:15:52.717+0000] {subprocess.py:106} INFO - Pipeline terminé
[2025-03-12T13:15:52.718+0000] {subprocess.py:110} INFO - Command exited with return code 0
[2025-03-12T13:15:52.763+0000] {taskinstance.py:341} INFO - ::group::Post task execution logs
[2025-03-12T13:15:52.764+0000] {taskinstance.py:353} INFO - Marking task as SUCCESS. dag_id=data_lake_pipeline, task_id=end_pipeline, run_id=manual__2025-03-12T13:15:46.457665+00:00, execution_date=20250312T131546, start_date=20250312T131551, end_date=20250312T131552
[2025-03-12T13:15:52.824+0000] {local_task_job_runner.py:266} INFO - Task exited with return code 0
[2025-03-12T13:15:52.868+0000] {taskinstance.py:3901} INFO - 0 downstream tasks scheduled from follow-on schedule check
[2025-03-12T13:15:52.872+0000] {local_task_job_runner.py:245} INFO - ::endgroup::
