[2025-03-12T18:15:18.690+0000] {local_task_job_runner.py:123} INFO - ::group::Pre task execution logs
[2025-03-12T18:15:18.714+0000] {taskinstance.py:2614} INFO - Dependencies all met for dep_context=non-requeueable deps ti=<TaskInstance: data_lake_pipeline.start_pipeline manual__2025-03-12T18:15:14.789629+00:00 [queued]>
[2025-03-12T18:15:18.729+0000] {taskinstance.py:2614} INFO - Dependencies all met for dep_context=requeueable deps ti=<TaskInstance: data_lake_pipeline.start_pipeline manual__2025-03-12T18:15:14.789629+00:00 [queued]>
[2025-03-12T18:15:18.729+0000] {taskinstance.py:2867} INFO - Starting attempt 1 of 2
[2025-03-12T18:15:18.768+0000] {taskinstance.py:2890} INFO - Executing <Task(BashOperator): start_pipeline> on 2025-03-12 18:15:14.789629+00:00
[2025-03-12T18:15:18.775+0000] {standard_task_runner.py:72} INFO - Started process 182 to run task
[2025-03-12T18:15:18.781+0000] {standard_task_runner.py:104} INFO - Running: ['***', 'tasks', 'run', 'data_lake_pipeline', 'start_pipeline', 'manual__2025-03-12T18:15:14.789629+00:00', '--job-id', '52', '--raw', '--subdir', 'DAGS_FOLDER/data_pipeline_dag.py', '--cfg-path', '/tmp/tmpg2vuzqvh']
[2025-03-12T18:15:18.783+0000] {standard_task_runner.py:105} INFO - Job 52: Subtask start_pipeline
[2025-03-12T18:15:18.822+0000] {logging_mixin.py:190} WARNING - /usr/local/lib/python3.10/site-packages/***/settings.py:209 DeprecationWarning: The sql_alchemy_conn option in [core] has been moved to the sql_alchemy_conn option in [database] - the old setting has been used, but please update your config.
[2025-03-12T18:15:18.888+0000] {task_command.py:467} INFO - Running <TaskInstance: data_lake_pipeline.start_pipeline manual__2025-03-12T18:15:14.789629+00:00 [running]> on host ***-scheduler
[2025-03-12T18:15:19.029+0000] {taskinstance.py:3134} INFO - Exporting env vars: AIRFLOW_CTX_DAG_OWNER='***' AIRFLOW_CTX_DAG_ID='data_lake_pipeline' AIRFLOW_CTX_TASK_ID='start_pipeline' AIRFLOW_CTX_EXECUTION_DATE='2025-03-12T18:15:14.789629+00:00' AIRFLOW_CTX_TRY_NUMBER='1' AIRFLOW_CTX_DAG_RUN_ID='manual__2025-03-12T18:15:14.789629+00:00'
[2025-03-12T18:15:19.032+0000] {taskinstance.py:732} INFO - ::endgroup::
[2025-03-12T18:15:19.052+0000] {subprocess.py:78} INFO - Tmp dir root location: /tmp
[2025-03-12T18:15:19.053+0000] {subprocess.py:88} INFO - Running command: ['/usr/bin/bash', '-c', 'echo "Pipeline démarré"']
[2025-03-12T18:15:19.068+0000] {subprocess.py:99} INFO - Output:
[2025-03-12T18:15:19.069+0000] {subprocess.py:106} INFO - Pipeline démarré
[2025-03-12T18:15:19.070+0000] {subprocess.py:110} INFO - Command exited with return code 0
[2025-03-12T18:15:19.115+0000] {taskinstance.py:341} INFO - ::group::Post task execution logs
[2025-03-12T18:15:19.116+0000] {taskinstance.py:353} INFO - Marking task as SUCCESS. dag_id=data_lake_pipeline, task_id=start_pipeline, run_id=manual__2025-03-12T18:15:14.789629+00:00, execution_date=20250312T181514, start_date=20250312T181518, end_date=20250312T181519
[2025-03-12T18:15:19.285+0000] {local_task_job_runner.py:266} INFO - Task exited with return code 0
[2025-03-12T18:15:19.344+0000] {taskinstance.py:3901} INFO - 1 downstream tasks scheduled from follow-on schedule check
[2025-03-12T18:15:19.374+0000] {local_task_job_runner.py:245} INFO - ::endgroup::
