[2025-03-12T13:19:10.197+0000] {local_task_job_runner.py:123} INFO - ::group::Pre task execution logs
[2025-03-12T13:19:10.224+0000] {taskinstance.py:2614} INFO - Dependencies all met for dep_context=non-requeueable deps ti=<TaskInstance: data_lake_pipeline.transform_raw_to_staging manual__2025-03-12T13:19:06.923097+00:00 [queued]>
[2025-03-12T13:19:10.237+0000] {taskinstance.py:2614} INFO - Dependencies all met for dep_context=requeueable deps ti=<TaskInstance: data_lake_pipeline.transform_raw_to_staging manual__2025-03-12T13:19:06.923097+00:00 [queued]>
[2025-03-12T13:19:10.238+0000] {taskinstance.py:2867} INFO - Starting attempt 1 of 2
[2025-03-12T13:19:10.267+0000] {taskinstance.py:2890} INFO - Executing <Task(PythonOperator): transform_raw_to_staging> on 2025-03-12 13:19:06.923097+00:00
[2025-03-12T13:19:10.275+0000] {standard_task_runner.py:72} INFO - Started process 202 to run task
[2025-03-12T13:19:10.285+0000] {standard_task_runner.py:104} INFO - Running: ['***', 'tasks', 'run', 'data_lake_pipeline', 'transform_raw_to_staging', 'manual__2025-03-12T13:19:06.923097+00:00', '--job-id', '26', '--raw', '--subdir', 'DAGS_FOLDER/data_pipeline_dag.py', '--cfg-path', '/tmp/tmpmovy1p_k']
[2025-03-12T13:19:10.289+0000] {standard_task_runner.py:105} INFO - Job 26: Subtask transform_raw_to_staging
[2025-03-12T13:19:10.329+0000] {logging_mixin.py:190} WARNING - /usr/local/lib/python3.10/site-packages/***/settings.py:209 DeprecationWarning: The sql_alchemy_conn option in [core] has been moved to the sql_alchemy_conn option in [database] - the old setting has been used, but please update your config.
[2025-03-12T13:19:10.410+0000] {task_command.py:467} INFO - Running <TaskInstance: data_lake_pipeline.transform_raw_to_staging manual__2025-03-12T13:19:06.923097+00:00 [running]> on host ***-scheduler
[2025-03-12T13:19:10.583+0000] {taskinstance.py:3134} INFO - Exporting env vars: AIRFLOW_CTX_DAG_OWNER='***' AIRFLOW_CTX_DAG_ID='data_lake_pipeline' AIRFLOW_CTX_TASK_ID='transform_raw_to_staging' AIRFLOW_CTX_EXECUTION_DATE='2025-03-12T13:19:06.923097+00:00' AIRFLOW_CTX_TRY_NUMBER='1' AIRFLOW_CTX_DAG_RUN_ID='manual__2025-03-12T13:19:06.923097+00:00'
[2025-03-12T13:19:10.590+0000] {taskinstance.py:732} INFO - ::endgroup::
[2025-03-12T13:19:10.613+0000] {aws_s3_repository.py:119} INFO - Downloading data from raw
[2025-03-12T13:19:10.613+0000] {logging_mixin.py:190} INFO - Uploading data to staging
[2025-03-12T13:19:10.614+0000] {python.py:240} INFO - Done. Returned value was: None
[2025-03-12T13:19:10.629+0000] {taskinstance.py:341} INFO - ::group::Post task execution logs
[2025-03-12T13:19:10.629+0000] {taskinstance.py:353} INFO - Marking task as SUCCESS. dag_id=data_lake_pipeline, task_id=transform_raw_to_staging, run_id=manual__2025-03-12T13:19:06.923097+00:00, execution_date=20250312T131906, start_date=20250312T131910, end_date=20250312T131910
[2025-03-12T13:19:10.708+0000] {local_task_job_runner.py:266} INFO - Task exited with return code 0
[2025-03-12T13:19:10.745+0000] {taskinstance.py:3901} INFO - 0 downstream tasks scheduled from follow-on schedule check
[2025-03-12T13:19:10.749+0000] {local_task_job_runner.py:245} INFO - ::endgroup::
