[2025-03-12T11:15:08.074+0000] {local_task_job_runner.py:123} INFO - ::group::Pre task execution logs
[2025-03-12T11:15:08.110+0000] {taskinstance.py:2614} INFO - Dependencies all met for dep_context=non-requeueable deps ti=<TaskInstance: data_lake_pipeline.transform_staging_to_curated scheduled__2025-03-11T00:00:00+00:00 [queued]>
[2025-03-12T11:15:08.129+0000] {taskinstance.py:2614} INFO - Dependencies all met for dep_context=requeueable deps ti=<TaskInstance: data_lake_pipeline.transform_staging_to_curated scheduled__2025-03-11T00:00:00+00:00 [queued]>
[2025-03-12T11:15:08.130+0000] {taskinstance.py:2867} INFO - Starting attempt 1 of 2
[2025-03-12T11:15:08.151+0000] {taskinstance.py:2890} INFO - Executing <Task(PythonOperator): transform_staging_to_curated> on 2025-03-11 00:00:00+00:00
[2025-03-12T11:15:08.156+0000] {standard_task_runner.py:72} INFO - Started process 183 to run task
[2025-03-12T11:15:08.161+0000] {standard_task_runner.py:104} INFO - Running: ['***', 'tasks', 'run', 'data_lake_pipeline', 'transform_staging_to_curated', 'scheduled__2025-03-11T00:00:00+00:00', '--job-id', '239', '--raw', '--subdir', 'DAGS_FOLDER/data_pipeline_dag.py', '--cfg-path', '/tmp/tmp2_lzwy_m']
[2025-03-12T11:15:08.163+0000] {standard_task_runner.py:105} INFO - Job 239: Subtask transform_staging_to_curated
[2025-03-12T11:15:08.186+0000] {logging_mixin.py:190} WARNING - /usr/local/lib/python3.10/site-packages/***/settings.py:209 DeprecationWarning: The sql_alchemy_conn option in [core] has been moved to the sql_alchemy_conn option in [database] - the old setting has been used, but please update your config.
[2025-03-12T11:15:08.232+0000] {task_command.py:467} INFO - Running <TaskInstance: data_lake_pipeline.transform_staging_to_curated scheduled__2025-03-11T00:00:00+00:00 [running]> on host ***-scheduler
[2025-03-12T11:15:08.234+0000] {logging_mixin.py:190} WARNING - /usr/local/lib/python3.10/site-packages/***/settings.py:470 DeprecationWarning: The sql_alchemy_conn option in [core] has been moved to the sql_alchemy_conn option in [database] - the old setting has been used, but please update your config.
[2025-03-12T11:15:08.643+0000] {taskinstance.py:3134} INFO - Exporting env vars: AIRFLOW_CTX_DAG_OWNER='***' AIRFLOW_CTX_DAG_ID='data_lake_pipeline' AIRFLOW_CTX_TASK_ID='transform_staging_to_curated' AIRFLOW_CTX_EXECUTION_DATE='2025-03-11T00:00:00+00:00' AIRFLOW_CTX_TRY_NUMBER='1' AIRFLOW_CTX_DAG_RUN_ID='scheduled__2025-03-11T00:00:00+00:00'
[2025-03-12T11:15:08.644+0000] {taskinstance.py:732} INFO - ::endgroup::
[2025-03-12T11:15:08.664+0000] {aws_s3_repository.py:116} INFO - Downloading data from staging
[2025-03-12T11:15:08.665+0000] {logging_mixin.py:190} INFO - Uploading data to curated
[2025-03-12T11:15:08.665+0000] {python.py:240} INFO - Done. Returned value was: None
[2025-03-12T11:15:08.675+0000] {taskinstance.py:341} INFO - ::group::Post task execution logs
[2025-03-12T11:15:08.676+0000] {taskinstance.py:353} INFO - Marking task as SUCCESS. dag_id=data_lake_pipeline, task_id=transform_staging_to_curated, run_id=scheduled__2025-03-11T00:00:00+00:00, execution_date=20250311T000000, start_date=20250312T111508, end_date=20250312T111508
[2025-03-12T11:15:08.792+0000] {local_task_job_runner.py:266} INFO - Task exited with return code 0
[2025-03-12T11:15:08.870+0000] {taskinstance.py:3901} INFO - 1 downstream tasks scheduled from follow-on schedule check
[2025-03-12T11:15:09.025+0000] {local_task_job_runner.py:245} INFO - ::endgroup::
[2025-03-12T12:41:39.336+0000] {local_task_job_runner.py:123} INFO - ::group::Pre task execution logs
[2025-03-12T12:41:39.358+0000] {taskinstance.py:2614} INFO - Dependencies all met for dep_context=non-requeueable deps ti=<TaskInstance: data_lake_pipeline.transform_staging_to_curated scheduled__2025-03-11T00:00:00+00:00 [queued]>
[2025-03-12T12:41:39.371+0000] {taskinstance.py:2614} INFO - Dependencies all met for dep_context=requeueable deps ti=<TaskInstance: data_lake_pipeline.transform_staging_to_curated scheduled__2025-03-11T00:00:00+00:00 [queued]>
[2025-03-12T12:41:39.371+0000] {taskinstance.py:2867} INFO - Starting attempt 1 of 2
[2025-03-12T12:41:39.389+0000] {taskinstance.py:2890} INFO - Executing <Task(PythonOperator): transform_staging_to_curated> on 2025-03-11 00:00:00+00:00
[2025-03-12T12:41:39.395+0000] {standard_task_runner.py:72} INFO - Started process 290 to run task
[2025-03-12T12:41:39.399+0000] {standard_task_runner.py:104} INFO - Running: ['***', 'tasks', 'run', 'data_lake_pipeline', 'transform_staging_to_curated', 'scheduled__2025-03-11T00:00:00+00:00', '--job-id', '8', '--raw', '--subdir', 'DAGS_FOLDER/data_pipeline_dag.py', '--cfg-path', '/tmp/tmpoo6x9wmj']
[2025-03-12T12:41:39.400+0000] {standard_task_runner.py:105} INFO - Job 8: Subtask transform_staging_to_curated
[2025-03-12T12:41:39.418+0000] {logging_mixin.py:190} WARNING - /usr/local/lib/python3.10/site-packages/***/settings.py:209 DeprecationWarning: The sql_alchemy_conn option in [core] has been moved to the sql_alchemy_conn option in [database] - the old setting has been used, but please update your config.
[2025-03-12T12:41:39.454+0000] {task_command.py:467} INFO - Running <TaskInstance: data_lake_pipeline.transform_staging_to_curated scheduled__2025-03-11T00:00:00+00:00 [running]> on host ***-scheduler
[2025-03-12T12:41:39.456+0000] {logging_mixin.py:190} WARNING - /usr/local/lib/python3.10/site-packages/***/settings.py:470 DeprecationWarning: The sql_alchemy_conn option in [core] has been moved to the sql_alchemy_conn option in [database] - the old setting has been used, but please update your config.
[2025-03-12T12:41:39.714+0000] {taskinstance.py:3134} INFO - Exporting env vars: AIRFLOW_CTX_DAG_OWNER='***' AIRFLOW_CTX_DAG_ID='data_lake_pipeline' AIRFLOW_CTX_TASK_ID='transform_staging_to_curated' AIRFLOW_CTX_EXECUTION_DATE='2025-03-11T00:00:00+00:00' AIRFLOW_CTX_TRY_NUMBER='1' AIRFLOW_CTX_DAG_RUN_ID='scheduled__2025-03-11T00:00:00+00:00'
[2025-03-12T12:41:39.715+0000] {taskinstance.py:732} INFO - ::endgroup::
[2025-03-12T12:41:39.728+0000] {aws_s3_repository.py:119} INFO - Downloading data from staging
[2025-03-12T12:41:39.728+0000] {logging_mixin.py:190} INFO - Uploading data to curated
[2025-03-12T12:41:39.729+0000] {python.py:240} INFO - Done. Returned value was: None
[2025-03-12T12:41:39.739+0000] {taskinstance.py:341} INFO - ::group::Post task execution logs
[2025-03-12T12:41:39.740+0000] {taskinstance.py:353} INFO - Marking task as SUCCESS. dag_id=data_lake_pipeline, task_id=transform_staging_to_curated, run_id=scheduled__2025-03-11T00:00:00+00:00, execution_date=20250311T000000, start_date=20250312T124139, end_date=20250312T124139
[2025-03-12T12:41:39.780+0000] {local_task_job_runner.py:266} INFO - Task exited with return code 0
[2025-03-12T12:41:39.806+0000] {taskinstance.py:3901} INFO - 1 downstream tasks scheduled from follow-on schedule check
[2025-03-12T12:41:39.811+0000] {local_task_job_runner.py:245} INFO - ::endgroup::
[2025-03-12T13:11:03.534+0000] {local_task_job_runner.py:123} INFO - ::group::Pre task execution logs
[2025-03-12T13:11:03.675+0000] {taskinstance.py:2614} INFO - Dependencies all met for dep_context=non-requeueable deps ti=<TaskInstance: data_lake_pipeline.transform_staging_to_curated scheduled__2025-03-11T00:00:00+00:00 [queued]>
[2025-03-12T13:11:03.690+0000] {taskinstance.py:2614} INFO - Dependencies all met for dep_context=requeueable deps ti=<TaskInstance: data_lake_pipeline.transform_staging_to_curated scheduled__2025-03-11T00:00:00+00:00 [queued]>
[2025-03-12T13:11:03.691+0000] {taskinstance.py:2867} INFO - Starting attempt 1 of 2
[2025-03-12T13:11:03.757+0000] {taskinstance.py:2890} INFO - Executing <Task(PythonOperator): transform_staging_to_curated> on 2025-03-11 00:00:00+00:00
[2025-03-12T13:11:03.775+0000] {standard_task_runner.py:72} INFO - Started process 258 to run task
[2025-03-12T13:11:03.792+0000] {standard_task_runner.py:104} INFO - Running: ['***', 'tasks', 'run', 'data_lake_pipeline', 'transform_staging_to_curated', 'scheduled__2025-03-11T00:00:00+00:00', '--job-id', '9', '--raw', '--subdir', 'DAGS_FOLDER/data_pipeline_dag.py', '--cfg-path', '/tmp/tmpvri8czrf']
[2025-03-12T13:11:03.805+0000] {standard_task_runner.py:105} INFO - Job 9: Subtask transform_staging_to_curated
[2025-03-12T13:11:04.175+0000] {logging_mixin.py:190} WARNING - /usr/local/lib/python3.10/site-packages/***/settings.py:209 DeprecationWarning: The sql_alchemy_conn option in [core] has been moved to the sql_alchemy_conn option in [database] - the old setting has been used, but please update your config.
[2025-03-12T13:11:04.360+0000] {task_command.py:467} INFO - Running <TaskInstance: data_lake_pipeline.transform_staging_to_curated scheduled__2025-03-11T00:00:00+00:00 [running]> on host ***-scheduler
[2025-03-12T13:11:04.363+0000] {logging_mixin.py:190} WARNING - /usr/local/lib/python3.10/site-packages/***/settings.py:470 DeprecationWarning: The sql_alchemy_conn option in [core] has been moved to the sql_alchemy_conn option in [database] - the old setting has been used, but please update your config.
[2025-03-12T13:11:04.751+0000] {taskinstance.py:3134} INFO - Exporting env vars: AIRFLOW_CTX_DAG_OWNER='***' AIRFLOW_CTX_DAG_ID='data_lake_pipeline' AIRFLOW_CTX_TASK_ID='transform_staging_to_curated' AIRFLOW_CTX_EXECUTION_DATE='2025-03-11T00:00:00+00:00' AIRFLOW_CTX_TRY_NUMBER='1' AIRFLOW_CTX_DAG_RUN_ID='scheduled__2025-03-11T00:00:00+00:00'
[2025-03-12T13:11:04.754+0000] {taskinstance.py:732} INFO - ::endgroup::
[2025-03-12T13:11:04.789+0000] {aws_s3_repository.py:119} INFO - Downloading data from staging
[2025-03-12T13:11:04.790+0000] {logging_mixin.py:190} INFO - Uploading data to curated
[2025-03-12T13:11:04.790+0000] {python.py:240} INFO - Done. Returned value was: None
[2025-03-12T13:11:04.888+0000] {taskinstance.py:341} INFO - ::group::Post task execution logs
[2025-03-12T13:11:04.888+0000] {taskinstance.py:353} INFO - Marking task as SUCCESS. dag_id=data_lake_pipeline, task_id=transform_staging_to_curated, run_id=scheduled__2025-03-11T00:00:00+00:00, execution_date=20250311T000000, start_date=20250312T131103, end_date=20250312T131104
[2025-03-12T13:11:05.031+0000] {local_task_job_runner.py:266} INFO - Task exited with return code 0
[2025-03-12T13:11:05.052+0000] {local_task_job_runner.py:245} INFO - ::endgroup::
[2025-03-12T21:43:10.375+0000] {local_task_job_runner.py:123} INFO - ::group::Pre task execution logs
[2025-03-12T21:43:10.410+0000] {taskinstance.py:2614} INFO - Dependencies all met for dep_context=non-requeueable deps ti=<TaskInstance: data_lake_pipeline.transform_staging_to_curated scheduled__2025-03-11T00:00:00+00:00 [queued]>
[2025-03-12T21:43:10.426+0000] {taskinstance.py:2614} INFO - Dependencies all met for dep_context=requeueable deps ti=<TaskInstance: data_lake_pipeline.transform_staging_to_curated scheduled__2025-03-11T00:00:00+00:00 [queued]>
[2025-03-12T21:43:10.427+0000] {taskinstance.py:2867} INFO - Starting attempt 1 of 2
[2025-03-12T21:43:10.446+0000] {taskinstance.py:2890} INFO - Executing <Task(PythonOperator): transform_staging_to_curated> on 2025-03-11 00:00:00+00:00
[2025-03-12T21:43:10.454+0000] {standard_task_runner.py:72} INFO - Started process 291 to run task
[2025-03-12T21:43:10.460+0000] {standard_task_runner.py:104} INFO - Running: ['***', 'tasks', 'run', 'data_lake_pipeline', 'transform_staging_to_curated', 'scheduled__2025-03-11T00:00:00+00:00', '--job-id', '9', '--raw', '--subdir', 'DAGS_FOLDER/data_pipeline_dag.py', '--cfg-path', '/tmp/tmpukgcumlu']
[2025-03-12T21:43:10.463+0000] {standard_task_runner.py:105} INFO - Job 9: Subtask transform_staging_to_curated
[2025-03-12T21:43:10.484+0000] {logging_mixin.py:190} WARNING - /usr/local/lib/python3.10/site-packages/***/settings.py:209 DeprecationWarning: The sql_alchemy_conn option in [core] has been moved to the sql_alchemy_conn option in [database] - the old setting has been used, but please update your config.
[2025-03-12T21:43:10.531+0000] {task_command.py:467} INFO - Running <TaskInstance: data_lake_pipeline.transform_staging_to_curated scheduled__2025-03-11T00:00:00+00:00 [running]> on host ***-scheduler
[2025-03-12T21:43:10.534+0000] {logging_mixin.py:190} WARNING - /usr/local/lib/python3.10/site-packages/***/settings.py:470 DeprecationWarning: The sql_alchemy_conn option in [core] has been moved to the sql_alchemy_conn option in [database] - the old setting has been used, but please update your config.
[2025-03-12T21:43:10.634+0000] {taskinstance.py:3134} INFO - Exporting env vars: AIRFLOW_CTX_DAG_OWNER='***' AIRFLOW_CTX_DAG_ID='data_lake_pipeline' AIRFLOW_CTX_TASK_ID='transform_staging_to_curated' AIRFLOW_CTX_EXECUTION_DATE='2025-03-11T00:00:00+00:00' AIRFLOW_CTX_TRY_NUMBER='1' AIRFLOW_CTX_DAG_RUN_ID='scheduled__2025-03-11T00:00:00+00:00'
[2025-03-12T21:43:10.637+0000] {taskinstance.py:732} INFO - ::endgroup::
[2025-03-12T21:43:10.656+0000] {manage_buckets.py:68} INFO - [Data manager] Prefix(s) : ['test', 'train', 'validation']
[2025-03-12T21:43:10.656+0000] {manage_buckets.py:71} INFO - [Data manager] Processing data from: test
[2025-03-12T21:43:10.657+0000] {aws_s3_repository.py:35} INFO - [AWS S3] Getting list of staging's files...
[2025-03-12T21:43:10.672+0000] {manage_buckets.py:102} ERROR - [Data manager] Data processing failed for prefix: test
[2025-03-12T21:43:10.672+0000] {manage_buckets.py:71} INFO - [Data manager] Processing data from: train
[2025-03-12T21:43:10.673+0000] {aws_s3_repository.py:35} INFO - [AWS S3] Getting list of staging's files...
[2025-03-12T21:43:10.682+0000] {manage_buckets.py:102} ERROR - [Data manager] Data processing failed for prefix: train
[2025-03-12T21:43:10.682+0000] {manage_buckets.py:71} INFO - [Data manager] Processing data from: validation
[2025-03-12T21:43:10.683+0000] {aws_s3_repository.py:35} INFO - [AWS S3] Getting list of staging's files...
[2025-03-12T21:43:10.690+0000] {manage_buckets.py:102} ERROR - [Data manager] Data processing failed for prefix: validation
[2025-03-12T21:43:10.690+0000] {python.py:240} INFO - Done. Returned value was: None
[2025-03-12T21:43:10.703+0000] {taskinstance.py:341} INFO - ::group::Post task execution logs
[2025-03-12T21:43:10.704+0000] {taskinstance.py:353} INFO - Marking task as SUCCESS. dag_id=data_lake_pipeline, task_id=transform_staging_to_curated, run_id=scheduled__2025-03-11T00:00:00+00:00, execution_date=20250311T000000, start_date=20250312T214310, end_date=20250312T214310
[2025-03-12T21:43:10.761+0000] {local_task_job_runner.py:266} INFO - Task exited with return code 0
[2025-03-12T21:43:10.790+0000] {taskinstance.py:3901} INFO - 1 downstream tasks scheduled from follow-on schedule check
[2025-03-12T21:43:10.813+0000] {local_task_job_runner.py:245} INFO - ::endgroup::
