[2025-03-12T21:10:03.368+0000] {local_task_job_runner.py:123} INFO - ::group::Pre task execution logs
[2025-03-12T21:10:03.387+0000] {taskinstance.py:2614} INFO - Dependencies all met for dep_context=non-requeueable deps ti=<TaskInstance: data_lake_pipeline.transform_staging_to_curated manual__2025-03-12T21:09:32.326095+00:00 [queued]>
[2025-03-12T21:10:03.397+0000] {taskinstance.py:2614} INFO - Dependencies all met for dep_context=requeueable deps ti=<TaskInstance: data_lake_pipeline.transform_staging_to_curated manual__2025-03-12T21:09:32.326095+00:00 [queued]>
[2025-03-12T21:10:03.397+0000] {taskinstance.py:2867} INFO - Starting attempt 1 of 2
[2025-03-12T21:10:03.410+0000] {taskinstance.py:2890} INFO - Executing <Task(PythonOperator): transform_staging_to_curated> on 2025-03-12 21:09:32.326095+00:00
[2025-03-12T21:10:03.415+0000] {standard_task_runner.py:72} INFO - Started process 249 to run task
[2025-03-12T21:10:03.420+0000] {standard_task_runner.py:104} INFO - Running: ['***', 'tasks', 'run', 'data_lake_pipeline', 'transform_staging_to_curated', 'manual__2025-03-12T21:09:32.326095+00:00', '--job-id', '36', '--raw', '--subdir', 'DAGS_FOLDER/data_pipeline_dag.py', '--cfg-path', '/tmp/tmpun9t0r3o']
[2025-03-12T21:10:03.421+0000] {standard_task_runner.py:105} INFO - Job 36: Subtask transform_staging_to_curated
[2025-03-12T21:10:03.438+0000] {logging_mixin.py:190} WARNING - /usr/local/lib/python3.10/site-packages/***/settings.py:209 DeprecationWarning: The sql_alchemy_conn option in [core] has been moved to the sql_alchemy_conn option in [database] - the old setting has been used, but please update your config.
[2025-03-12T21:10:03.467+0000] {task_command.py:467} INFO - Running <TaskInstance: data_lake_pipeline.transform_staging_to_curated manual__2025-03-12T21:09:32.326095+00:00 [running]> on host ***-scheduler
[2025-03-12T21:10:03.543+0000] {taskinstance.py:3134} INFO - Exporting env vars: AIRFLOW_CTX_DAG_OWNER='***' AIRFLOW_CTX_DAG_ID='data_lake_pipeline' AIRFLOW_CTX_TASK_ID='transform_staging_to_curated' AIRFLOW_CTX_EXECUTION_DATE='2025-03-12T21:09:32.326095+00:00' AIRFLOW_CTX_TRY_NUMBER='1' AIRFLOW_CTX_DAG_RUN_ID='manual__2025-03-12T21:09:32.326095+00:00'
[2025-03-12T21:10:03.545+0000] {taskinstance.py:732} INFO - ::endgroup::
[2025-03-12T21:10:03.556+0000] {manage_buckets.py:63} INFO - [Data manager] Prefix(s) : ['test', 'train', 'validation']
[2025-03-12T21:10:03.557+0000] {manage_buckets.py:66} INFO - [Data manager] Processing data from: test
[2025-03-12T21:10:03.557+0000] {aws_s3_repository.py:33} INFO - [AWS S3] Getting list of staging's files...
[2025-03-12T21:10:03.588+0000] {aws_s3_repository.py:41} INFO - [AWS S3]📥 Download test/test_0.txt from staging...
[2025-03-12T21:10:03.596+0000] {aws_s3_repository.py:44} INFO - [AWS S3]⚙️ Prétraitement du fichier test/test_0.txt...
[2025-03-12T21:10:06.956+0000] {aws_s3_repository.py:60} INFO - Uploading cleaned data for test/test_0.txt to staging...
[2025-03-12T21:10:06.956+0000] {aws_s3_repository.py:64} CRITICAL - Error while uploading test/test_0.txt to staging...
[2025-03-12T21:10:06.956+0000] {aws_s3_repository.py:41} INFO - [AWS S3]📥 Download test/test_1.txt from staging...
[2025-03-12T21:10:06.962+0000] {aws_s3_repository.py:44} INFO - [AWS S3]⚙️ Prétraitement du fichier test/test_1.txt...
[2025-03-12T21:10:07.116+0000] {aws_s3_repository.py:60} INFO - Uploading cleaned data for test/test_1.txt to staging...
[2025-03-12T21:10:07.116+0000] {aws_s3_repository.py:64} CRITICAL - Error while uploading test/test_1.txt to staging...
[2025-03-12T21:10:07.117+0000] {aws_s3_repository.py:41} INFO - [AWS S3]📥 Download test/test_10.txt from staging...
[2025-03-12T21:10:07.122+0000] {aws_s3_repository.py:44} INFO - [AWS S3]⚙️ Prétraitement du fichier test/test_10.txt...
[2025-03-12T21:10:07.301+0000] {aws_s3_repository.py:60} INFO - Uploading cleaned data for test/test_10.txt to staging...
[2025-03-12T21:10:07.301+0000] {aws_s3_repository.py:64} CRITICAL - Error while uploading test/test_10.txt to staging...
[2025-03-12T21:10:07.302+0000] {aws_s3_repository.py:41} INFO - [AWS S3]📥 Download test/test_11.txt from staging...
[2025-03-12T21:10:07.308+0000] {aws_s3_repository.py:44} INFO - [AWS S3]⚙️ Prétraitement du fichier test/test_11.txt...
[2025-03-12T21:10:07.465+0000] {aws_s3_repository.py:60} INFO - Uploading cleaned data for test/test_11.txt to staging...
[2025-03-12T21:10:07.466+0000] {aws_s3_repository.py:64} CRITICAL - Error while uploading test/test_11.txt to staging...
[2025-03-12T21:10:07.466+0000] {aws_s3_repository.py:41} INFO - [AWS S3]📥 Download test/test_12.txt from staging...
[2025-03-12T21:10:07.472+0000] {aws_s3_repository.py:44} INFO - [AWS S3]⚙️ Prétraitement du fichier test/test_12.txt...
[2025-03-12T21:10:07.640+0000] {aws_s3_repository.py:60} INFO - Uploading cleaned data for test/test_12.txt to staging...
[2025-03-12T21:10:07.640+0000] {aws_s3_repository.py:64} CRITICAL - Error while uploading test/test_12.txt to staging...
[2025-03-12T21:10:07.640+0000] {aws_s3_repository.py:41} INFO - [AWS S3]📥 Download test/test_13.txt from staging...
[2025-03-12T21:10:07.646+0000] {aws_s3_repository.py:44} INFO - [AWS S3]⚙️ Prétraitement du fichier test/test_13.txt...
[2025-03-12T21:10:07.807+0000] {aws_s3_repository.py:60} INFO - Uploading cleaned data for test/test_13.txt to staging...
[2025-03-12T21:10:07.808+0000] {aws_s3_repository.py:64} CRITICAL - Error while uploading test/test_13.txt to staging...
[2025-03-12T21:10:07.808+0000] {aws_s3_repository.py:41} INFO - [AWS S3]📥 Download test/test_14.txt from staging...
[2025-03-12T21:10:07.813+0000] {aws_s3_repository.py:44} INFO - [AWS S3]⚙️ Prétraitement du fichier test/test_14.txt...
[2025-03-12T21:10:08.002+0000] {aws_s3_repository.py:60} INFO - Uploading cleaned data for test/test_14.txt to staging...
[2025-03-12T21:10:08.003+0000] {aws_s3_repository.py:64} CRITICAL - Error while uploading test/test_14.txt to staging...
[2025-03-12T21:10:08.003+0000] {aws_s3_repository.py:41} INFO - [AWS S3]📥 Download test/test_15.txt from staging...
[2025-03-12T21:10:08.009+0000] {aws_s3_repository.py:44} INFO - [AWS S3]⚙️ Prétraitement du fichier test/test_15.txt...
[2025-03-12T21:10:08.195+0000] {aws_s3_repository.py:60} INFO - Uploading cleaned data for test/test_15.txt to staging...
[2025-03-12T21:10:08.196+0000] {aws_s3_repository.py:64} CRITICAL - Error while uploading test/test_15.txt to staging...
[2025-03-12T21:10:08.197+0000] {aws_s3_repository.py:41} INFO - [AWS S3]📥 Download test/test_16.txt from staging...
[2025-03-12T21:10:08.202+0000] {aws_s3_repository.py:44} INFO - [AWS S3]⚙️ Prétraitement du fichier test/test_16.txt...
[2025-03-12T21:10:08.364+0000] {aws_s3_repository.py:60} INFO - Uploading cleaned data for test/test_16.txt to staging...
[2025-03-12T21:10:08.365+0000] {aws_s3_repository.py:64} CRITICAL - Error while uploading test/test_16.txt to staging...
[2025-03-12T21:10:08.365+0000] {aws_s3_repository.py:41} INFO - [AWS S3]📥 Download test/test_17.txt from staging...
[2025-03-12T21:10:08.370+0000] {aws_s3_repository.py:44} INFO - [AWS S3]⚙️ Prétraitement du fichier test/test_17.txt...
[2025-03-12T21:10:08.514+0000] {aws_s3_repository.py:60} INFO - Uploading cleaned data for test/test_17.txt to staging...
[2025-03-12T21:10:08.515+0000] {aws_s3_repository.py:64} CRITICAL - Error while uploading test/test_17.txt to staging...
[2025-03-12T21:10:08.515+0000] {aws_s3_repository.py:41} INFO - [AWS S3]📥 Download test/test_18.txt from staging...
[2025-03-12T21:10:08.521+0000] {aws_s3_repository.py:44} INFO - [AWS S3]⚙️ Prétraitement du fichier test/test_18.txt...
[2025-03-12T21:10:08.693+0000] {aws_s3_repository.py:60} INFO - Uploading cleaned data for test/test_18.txt to staging...
[2025-03-12T21:10:08.694+0000] {aws_s3_repository.py:64} CRITICAL - Error while uploading test/test_18.txt to staging...
[2025-03-12T21:10:08.694+0000] {aws_s3_repository.py:41} INFO - [AWS S3]📥 Download test/test_19.txt from staging...
[2025-03-12T21:10:08.700+0000] {aws_s3_repository.py:44} INFO - [AWS S3]⚙️ Prétraitement du fichier test/test_19.txt...
[2025-03-12T21:10:08.849+0000] {aws_s3_repository.py:60} INFO - Uploading cleaned data for test/test_19.txt to staging...
[2025-03-12T21:10:08.850+0000] {aws_s3_repository.py:64} CRITICAL - Error while uploading test/test_19.txt to staging...
[2025-03-12T21:10:08.850+0000] {aws_s3_repository.py:41} INFO - [AWS S3]📥 Download test/test_2.txt from staging...
[2025-03-12T21:10:08.856+0000] {aws_s3_repository.py:44} INFO - [AWS S3]⚙️ Prétraitement du fichier test/test_2.txt...
[2025-03-12T21:10:09.019+0000] {aws_s3_repository.py:60} INFO - Uploading cleaned data for test/test_2.txt to staging...
[2025-03-12T21:10:09.020+0000] {aws_s3_repository.py:64} CRITICAL - Error while uploading test/test_2.txt to staging...
[2025-03-12T21:10:09.020+0000] {aws_s3_repository.py:41} INFO - [AWS S3]📥 Download test/test_20.txt from staging...
[2025-03-12T21:10:09.026+0000] {aws_s3_repository.py:44} INFO - [AWS S3]⚙️ Prétraitement du fichier test/test_20.txt...
[2025-03-12T21:10:09.180+0000] {aws_s3_repository.py:60} INFO - Uploading cleaned data for test/test_20.txt to staging...
[2025-03-12T21:10:09.181+0000] {aws_s3_repository.py:64} CRITICAL - Error while uploading test/test_20.txt to staging...
[2025-03-12T21:10:09.181+0000] {aws_s3_repository.py:41} INFO - [AWS S3]📥 Download test/test_21.txt from staging...
[2025-03-12T21:10:09.186+0000] {aws_s3_repository.py:44} INFO - [AWS S3]⚙️ Prétraitement du fichier test/test_21.txt...
[2025-03-12T21:10:09.385+0000] {aws_s3_repository.py:60} INFO - Uploading cleaned data for test/test_21.txt to staging...
[2025-03-12T21:10:09.400+0000] {aws_s3_repository.py:64} CRITICAL - Error while uploading test/test_21.txt to staging...
[2025-03-12T21:10:09.400+0000] {aws_s3_repository.py:41} INFO - [AWS S3]📥 Download test/test_22.txt from staging...
[2025-03-12T21:10:09.405+0000] {aws_s3_repository.py:44} INFO - [AWS S3]⚙️ Prétraitement du fichier test/test_22.txt...
[2025-03-12T21:10:09.583+0000] {aws_s3_repository.py:60} INFO - Uploading cleaned data for test/test_22.txt to staging...
[2025-03-12T21:10:09.584+0000] {aws_s3_repository.py:64} CRITICAL - Error while uploading test/test_22.txt to staging...
[2025-03-12T21:10:09.584+0000] {aws_s3_repository.py:41} INFO - [AWS S3]📥 Download test/test_23.txt from staging...
[2025-03-12T21:10:09.590+0000] {aws_s3_repository.py:44} INFO - [AWS S3]⚙️ Prétraitement du fichier test/test_23.txt...
[2025-03-12T21:10:09.996+0000] {aws_s3_repository.py:60} INFO - Uploading cleaned data for test/test_23.txt to staging...
[2025-03-12T21:10:09.997+0000] {aws_s3_repository.py:64} CRITICAL - Error while uploading test/test_23.txt to staging...
[2025-03-12T21:10:09.997+0000] {aws_s3_repository.py:41} INFO - [AWS S3]📥 Download test/test_24.txt from staging...
[2025-03-12T21:10:10.003+0000] {aws_s3_repository.py:44} INFO - [AWS S3]⚙️ Prétraitement du fichier test/test_24.txt...
[2025-03-12T21:10:10.194+0000] {aws_s3_repository.py:60} INFO - Uploading cleaned data for test/test_24.txt to staging...
[2025-03-12T21:10:10.195+0000] {aws_s3_repository.py:64} CRITICAL - Error while uploading test/test_24.txt to staging...
[2025-03-12T21:10:10.195+0000] {aws_s3_repository.py:41} INFO - [AWS S3]📥 Download test/test_25.txt from staging...
[2025-03-12T21:10:10.200+0000] {aws_s3_repository.py:44} INFO - [AWS S3]⚙️ Prétraitement du fichier test/test_25.txt...
[2025-03-12T21:10:11.322+0000] {aws_s3_repository.py:60} INFO - Uploading cleaned data for test/test_25.txt to staging...
[2025-03-12T21:10:11.343+0000] {aws_s3_repository.py:64} CRITICAL - Error while uploading test/test_25.txt to staging...
[2025-03-12T21:10:11.343+0000] {aws_s3_repository.py:41} INFO - [AWS S3]📥 Download test/test_26.txt from staging...
[2025-03-12T21:10:11.351+0000] {aws_s3_repository.py:44} INFO - [AWS S3]⚙️ Prétraitement du fichier test/test_26.txt...
[2025-03-12T21:10:11.510+0000] {aws_s3_repository.py:60} INFO - Uploading cleaned data for test/test_26.txt to staging...
[2025-03-12T21:10:11.511+0000] {aws_s3_repository.py:64} CRITICAL - Error while uploading test/test_26.txt to staging...
[2025-03-12T21:10:11.511+0000] {aws_s3_repository.py:41} INFO - [AWS S3]📥 Download test/test_27.txt from staging...
[2025-03-12T21:10:11.516+0000] {aws_s3_repository.py:44} INFO - [AWS S3]⚙️ Prétraitement du fichier test/test_27.txt...
[2025-03-12T21:10:11.916+0000] {aws_s3_repository.py:60} INFO - Uploading cleaned data for test/test_27.txt to staging...
[2025-03-12T21:10:11.917+0000] {aws_s3_repository.py:64} CRITICAL - Error while uploading test/test_27.txt to staging...
[2025-03-12T21:10:11.917+0000] {aws_s3_repository.py:41} INFO - [AWS S3]📥 Download test/test_28.txt from staging...
[2025-03-12T21:10:11.923+0000] {aws_s3_repository.py:44} INFO - [AWS S3]⚙️ Prétraitement du fichier test/test_28.txt...
[2025-03-12T21:10:12.072+0000] {aws_s3_repository.py:60} INFO - Uploading cleaned data for test/test_28.txt to staging...
[2025-03-12T21:10:12.081+0000] {aws_s3_repository.py:64} CRITICAL - Error while uploading test/test_28.txt to staging...
[2025-03-12T21:10:12.081+0000] {aws_s3_repository.py:41} INFO - [AWS S3]📥 Download test/test_29.txt from staging...
[2025-03-12T21:10:12.087+0000] {aws_s3_repository.py:44} INFO - [AWS S3]⚙️ Prétraitement du fichier test/test_29.txt...
[2025-03-12T21:10:12.261+0000] {aws_s3_repository.py:60} INFO - Uploading cleaned data for test/test_29.txt to staging...
[2025-03-12T21:10:12.262+0000] {aws_s3_repository.py:64} CRITICAL - Error while uploading test/test_29.txt to staging...
[2025-03-12T21:10:12.262+0000] {aws_s3_repository.py:41} INFO - [AWS S3]📥 Download test/test_3.txt from staging...
[2025-03-12T21:10:12.267+0000] {aws_s3_repository.py:44} INFO - [AWS S3]⚙️ Prétraitement du fichier test/test_3.txt...
[2025-03-12T21:10:12.476+0000] {aws_s3_repository.py:60} INFO - Uploading cleaned data for test/test_3.txt to staging...
[2025-03-12T21:10:12.477+0000] {aws_s3_repository.py:64} CRITICAL - Error while uploading test/test_3.txt to staging...
[2025-03-12T21:10:12.477+0000] {aws_s3_repository.py:41} INFO - [AWS S3]📥 Download test/test_30.txt from staging...
[2025-03-12T21:10:12.484+0000] {aws_s3_repository.py:44} INFO - [AWS S3]⚙️ Prétraitement du fichier test/test_30.txt...
[2025-03-12T21:10:12.647+0000] {aws_s3_repository.py:60} INFO - Uploading cleaned data for test/test_30.txt to staging...
[2025-03-12T21:10:12.648+0000] {aws_s3_repository.py:64} CRITICAL - Error while uploading test/test_30.txt to staging...
[2025-03-12T21:10:12.648+0000] {aws_s3_repository.py:41} INFO - [AWS S3]📥 Download test/test_31.txt from staging...
[2025-03-12T21:10:12.654+0000] {aws_s3_repository.py:44} INFO - [AWS S3]⚙️ Prétraitement du fichier test/test_31.txt...
[2025-03-12T21:10:12.806+0000] {aws_s3_repository.py:60} INFO - Uploading cleaned data for test/test_31.txt to staging...
[2025-03-12T21:10:12.807+0000] {aws_s3_repository.py:64} CRITICAL - Error while uploading test/test_31.txt to staging...
[2025-03-12T21:10:12.807+0000] {aws_s3_repository.py:41} INFO - [AWS S3]📥 Download test/test_32.txt from staging...
[2025-03-12T21:10:12.812+0000] {aws_s3_repository.py:44} INFO - [AWS S3]⚙️ Prétraitement du fichier test/test_32.txt...
[2025-03-12T21:10:13.020+0000] {aws_s3_repository.py:60} INFO - Uploading cleaned data for test/test_32.txt to staging...
[2025-03-12T21:10:13.021+0000] {aws_s3_repository.py:64} CRITICAL - Error while uploading test/test_32.txt to staging...
[2025-03-12T21:10:13.021+0000] {aws_s3_repository.py:41} INFO - [AWS S3]📥 Download test/test_33.txt from staging...
[2025-03-12T21:10:13.026+0000] {aws_s3_repository.py:44} INFO - [AWS S3]⚙️ Prétraitement du fichier test/test_33.txt...
[2025-03-12T21:10:13.178+0000] {aws_s3_repository.py:60} INFO - Uploading cleaned data for test/test_33.txt to staging...
[2025-03-12T21:10:13.178+0000] {aws_s3_repository.py:64} CRITICAL - Error while uploading test/test_33.txt to staging...
[2025-03-12T21:10:13.179+0000] {aws_s3_repository.py:41} INFO - [AWS S3]📥 Download test/test_34.txt from staging...
[2025-03-12T21:10:13.184+0000] {aws_s3_repository.py:44} INFO - [AWS S3]⚙️ Prétraitement du fichier test/test_34.txt...
[2025-03-12T21:10:13.371+0000] {aws_s3_repository.py:60} INFO - Uploading cleaned data for test/test_34.txt to staging...
[2025-03-12T21:10:13.371+0000] {aws_s3_repository.py:64} CRITICAL - Error while uploading test/test_34.txt to staging...
[2025-03-12T21:10:13.372+0000] {aws_s3_repository.py:41} INFO - [AWS S3]📥 Download test/test_35.txt from staging...
[2025-03-12T21:10:13.376+0000] {aws_s3_repository.py:44} INFO - [AWS S3]⚙️ Prétraitement du fichier test/test_35.txt...
[2025-03-12T21:10:13.539+0000] {aws_s3_repository.py:60} INFO - Uploading cleaned data for test/test_35.txt to staging...
[2025-03-12T21:10:13.540+0000] {aws_s3_repository.py:64} CRITICAL - Error while uploading test/test_35.txt to staging...
[2025-03-12T21:10:13.540+0000] {aws_s3_repository.py:41} INFO - [AWS S3]📥 Download test/test_36.txt from staging...
[2025-03-12T21:10:13.545+0000] {aws_s3_repository.py:44} INFO - [AWS S3]⚙️ Prétraitement du fichier test/test_36.txt...
[2025-03-12T21:10:13.714+0000] {aws_s3_repository.py:60} INFO - Uploading cleaned data for test/test_36.txt to staging...
[2025-03-12T21:10:13.715+0000] {aws_s3_repository.py:64} CRITICAL - Error while uploading test/test_36.txt to staging...
[2025-03-12T21:10:13.715+0000] {aws_s3_repository.py:41} INFO - [AWS S3]📥 Download test/test_37.txt from staging...
[2025-03-12T21:10:13.723+0000] {aws_s3_repository.py:44} INFO - [AWS S3]⚙️ Prétraitement du fichier test/test_37.txt...
[2025-03-12T21:10:14.086+0000] {aws_s3_repository.py:60} INFO - Uploading cleaned data for test/test_37.txt to staging...
[2025-03-12T21:10:14.086+0000] {aws_s3_repository.py:64} CRITICAL - Error while uploading test/test_37.txt to staging...
[2025-03-12T21:10:14.086+0000] {aws_s3_repository.py:41} INFO - [AWS S3]📥 Download test/test_38.txt from staging...
[2025-03-12T21:10:14.091+0000] {aws_s3_repository.py:44} INFO - [AWS S3]⚙️ Prétraitement du fichier test/test_38.txt...
[2025-03-12T21:10:14.245+0000] {aws_s3_repository.py:60} INFO - Uploading cleaned data for test/test_38.txt to staging...
[2025-03-12T21:10:14.246+0000] {aws_s3_repository.py:64} CRITICAL - Error while uploading test/test_38.txt to staging...
[2025-03-12T21:10:14.246+0000] {aws_s3_repository.py:41} INFO - [AWS S3]📥 Download test/test_39.txt from staging...
[2025-03-12T21:10:14.252+0000] {aws_s3_repository.py:44} INFO - [AWS S3]⚙️ Prétraitement du fichier test/test_39.txt...
[2025-03-12T21:10:14.413+0000] {aws_s3_repository.py:60} INFO - Uploading cleaned data for test/test_39.txt to staging...
[2025-03-12T21:10:14.414+0000] {aws_s3_repository.py:64} CRITICAL - Error while uploading test/test_39.txt to staging...
[2025-03-12T21:10:14.414+0000] {aws_s3_repository.py:41} INFO - [AWS S3]📥 Download test/test_4.txt from staging...
[2025-03-12T21:10:14.419+0000] {aws_s3_repository.py:44} INFO - [AWS S3]⚙️ Prétraitement du fichier test/test_4.txt...
[2025-03-12T21:10:14.601+0000] {aws_s3_repository.py:60} INFO - Uploading cleaned data for test/test_4.txt to staging...
[2025-03-12T21:10:14.602+0000] {aws_s3_repository.py:64} CRITICAL - Error while uploading test/test_4.txt to staging...
[2025-03-12T21:10:14.603+0000] {aws_s3_repository.py:41} INFO - [AWS S3]📥 Download test/test_40.txt from staging...
[2025-03-12T21:10:14.608+0000] {aws_s3_repository.py:44} INFO - [AWS S3]⚙️ Prétraitement du fichier test/test_40.txt...
[2025-03-12T21:10:14.763+0000] {aws_s3_repository.py:60} INFO - Uploading cleaned data for test/test_40.txt to staging...
[2025-03-12T21:10:14.764+0000] {aws_s3_repository.py:64} CRITICAL - Error while uploading test/test_40.txt to staging...
[2025-03-12T21:10:14.764+0000] {aws_s3_repository.py:41} INFO - [AWS S3]📥 Download test/test_41.txt from staging...
[2025-03-12T21:10:14.771+0000] {aws_s3_repository.py:44} INFO - [AWS S3]⚙️ Prétraitement du fichier test/test_41.txt...
[2025-03-12T21:10:14.938+0000] {aws_s3_repository.py:60} INFO - Uploading cleaned data for test/test_41.txt to staging...
[2025-03-12T21:10:14.938+0000] {aws_s3_repository.py:64} CRITICAL - Error while uploading test/test_41.txt to staging...
[2025-03-12T21:10:14.939+0000] {aws_s3_repository.py:41} INFO - [AWS S3]📥 Download test/test_42.txt from staging...
[2025-03-12T21:10:14.944+0000] {aws_s3_repository.py:44} INFO - [AWS S3]⚙️ Prétraitement du fichier test/test_42.txt...
[2025-03-12T21:10:15.192+0000] {aws_s3_repository.py:60} INFO - Uploading cleaned data for test/test_42.txt to staging...
[2025-03-12T21:10:15.193+0000] {aws_s3_repository.py:64} CRITICAL - Error while uploading test/test_42.txt to staging...
[2025-03-12T21:10:15.193+0000] {aws_s3_repository.py:41} INFO - [AWS S3]📥 Download test/test_43.txt from staging...
[2025-03-12T21:10:15.198+0000] {aws_s3_repository.py:44} INFO - [AWS S3]⚙️ Prétraitement du fichier test/test_43.txt...
[2025-03-12T21:10:15.365+0000] {aws_s3_repository.py:60} INFO - Uploading cleaned data for test/test_43.txt to staging...
[2025-03-12T21:10:15.366+0000] {aws_s3_repository.py:64} CRITICAL - Error while uploading test/test_43.txt to staging...
[2025-03-12T21:10:15.366+0000] {aws_s3_repository.py:41} INFO - [AWS S3]📥 Download test/test_44.txt from staging...
[2025-03-12T21:10:15.373+0000] {aws_s3_repository.py:44} INFO - [AWS S3]⚙️ Prétraitement du fichier test/test_44.txt...
[2025-03-12T21:10:15.574+0000] {aws_s3_repository.py:60} INFO - Uploading cleaned data for test/test_44.txt to staging...
[2025-03-12T21:10:15.575+0000] {aws_s3_repository.py:64} CRITICAL - Error while uploading test/test_44.txt to staging...
[2025-03-12T21:10:15.575+0000] {aws_s3_repository.py:41} INFO - [AWS S3]📥 Download test/test_45.txt from staging...
[2025-03-12T21:10:15.580+0000] {aws_s3_repository.py:44} INFO - [AWS S3]⚙️ Prétraitement du fichier test/test_45.txt...
[2025-03-12T21:10:15.830+0000] {aws_s3_repository.py:60} INFO - Uploading cleaned data for test/test_45.txt to staging...
[2025-03-12T21:10:15.831+0000] {aws_s3_repository.py:64} CRITICAL - Error while uploading test/test_45.txt to staging...
[2025-03-12T21:10:15.831+0000] {aws_s3_repository.py:41} INFO - [AWS S3]📥 Download test/test_46.txt from staging...
[2025-03-12T21:10:15.837+0000] {aws_s3_repository.py:44} INFO - [AWS S3]⚙️ Prétraitement du fichier test/test_46.txt...
[2025-03-12T21:10:16.002+0000] {aws_s3_repository.py:60} INFO - Uploading cleaned data for test/test_46.txt to staging...
[2025-03-12T21:10:16.002+0000] {aws_s3_repository.py:64} CRITICAL - Error while uploading test/test_46.txt to staging...
[2025-03-12T21:10:16.003+0000] {aws_s3_repository.py:41} INFO - [AWS S3]📥 Download test/test_47.txt from staging...
[2025-03-12T21:10:16.008+0000] {aws_s3_repository.py:44} INFO - [AWS S3]⚙️ Prétraitement du fichier test/test_47.txt...
[2025-03-12T21:10:16.542+0000] {aws_s3_repository.py:60} INFO - Uploading cleaned data for test/test_47.txt to staging...
[2025-03-12T21:10:16.543+0000] {aws_s3_repository.py:64} CRITICAL - Error while uploading test/test_47.txt to staging...
[2025-03-12T21:10:16.543+0000] {aws_s3_repository.py:41} INFO - [AWS S3]📥 Download test/test_48.txt from staging...
[2025-03-12T21:10:16.548+0000] {aws_s3_repository.py:44} INFO - [AWS S3]⚙️ Prétraitement du fichier test/test_48.txt...
[2025-03-12T21:10:16.709+0000] {aws_s3_repository.py:60} INFO - Uploading cleaned data for test/test_48.txt to staging...
[2025-03-12T21:10:16.710+0000] {aws_s3_repository.py:64} CRITICAL - Error while uploading test/test_48.txt to staging...
[2025-03-12T21:10:16.710+0000] {aws_s3_repository.py:41} INFO - [AWS S3]📥 Download test/test_49.txt from staging...
[2025-03-12T21:10:16.716+0000] {aws_s3_repository.py:44} INFO - [AWS S3]⚙️ Prétraitement du fichier test/test_49.txt...
[2025-03-12T21:10:16.866+0000] {aws_s3_repository.py:60} INFO - Uploading cleaned data for test/test_49.txt to staging...
[2025-03-12T21:10:16.867+0000] {aws_s3_repository.py:64} CRITICAL - Error while uploading test/test_49.txt to staging...
[2025-03-12T21:10:16.867+0000] {aws_s3_repository.py:41} INFO - [AWS S3]📥 Download test/test_5.txt from staging...
[2025-03-12T21:10:16.873+0000] {aws_s3_repository.py:44} INFO - [AWS S3]⚙️ Prétraitement du fichier test/test_5.txt...
[2025-03-12T21:10:17.020+0000] {aws_s3_repository.py:60} INFO - Uploading cleaned data for test/test_5.txt to staging...
[2025-03-12T21:10:17.021+0000] {aws_s3_repository.py:64} CRITICAL - Error while uploading test/test_5.txt to staging...
[2025-03-12T21:10:17.021+0000] {aws_s3_repository.py:41} INFO - [AWS S3]📥 Download test/test_50.txt from staging...
[2025-03-12T21:10:17.026+0000] {aws_s3_repository.py:44} INFO - [AWS S3]⚙️ Prétraitement du fichier test/test_50.txt...
[2025-03-12T21:10:17.173+0000] {aws_s3_repository.py:60} INFO - Uploading cleaned data for test/test_50.txt to staging...
[2025-03-12T21:10:17.174+0000] {aws_s3_repository.py:64} CRITICAL - Error while uploading test/test_50.txt to staging...
[2025-03-12T21:10:17.174+0000] {aws_s3_repository.py:41} INFO - [AWS S3]📥 Download test/test_51.txt from staging...
[2025-03-12T21:10:17.179+0000] {aws_s3_repository.py:44} INFO - [AWS S3]⚙️ Prétraitement du fichier test/test_51.txt...
[2025-03-12T21:10:17.340+0000] {aws_s3_repository.py:60} INFO - Uploading cleaned data for test/test_51.txt to staging...
[2025-03-12T21:10:17.341+0000] {aws_s3_repository.py:64} CRITICAL - Error while uploading test/test_51.txt to staging...
[2025-03-12T21:10:17.341+0000] {aws_s3_repository.py:41} INFO - [AWS S3]📥 Download test/test_52.txt from staging...
[2025-03-12T21:10:17.346+0000] {aws_s3_repository.py:44} INFO - [AWS S3]⚙️ Prétraitement du fichier test/test_52.txt...
[2025-03-12T21:10:17.509+0000] {aws_s3_repository.py:60} INFO - Uploading cleaned data for test/test_52.txt to staging...
[2025-03-12T21:10:17.510+0000] {aws_s3_repository.py:64} CRITICAL - Error while uploading test/test_52.txt to staging...
[2025-03-12T21:10:17.510+0000] {aws_s3_repository.py:41} INFO - [AWS S3]📥 Download test/test_53.txt from staging...
[2025-03-12T21:10:17.515+0000] {aws_s3_repository.py:44} INFO - [AWS S3]⚙️ Prétraitement du fichier test/test_53.txt...
[2025-03-12T21:10:17.701+0000] {aws_s3_repository.py:60} INFO - Uploading cleaned data for test/test_53.txt to staging...
[2025-03-12T21:10:17.701+0000] {aws_s3_repository.py:64} CRITICAL - Error while uploading test/test_53.txt to staging...
[2025-03-12T21:10:17.702+0000] {aws_s3_repository.py:41} INFO - [AWS S3]📥 Download test/test_54.txt from staging...
[2025-03-12T21:10:17.707+0000] {aws_s3_repository.py:44} INFO - [AWS S3]⚙️ Prétraitement du fichier test/test_54.txt...
[2025-03-12T21:10:18.185+0000] {aws_s3_repository.py:60} INFO - Uploading cleaned data for test/test_54.txt to staging...
[2025-03-12T21:10:18.186+0000] {aws_s3_repository.py:64} CRITICAL - Error while uploading test/test_54.txt to staging...
[2025-03-12T21:10:18.186+0000] {aws_s3_repository.py:41} INFO - [AWS S3]📥 Download test/test_55.txt from staging...
[2025-03-12T21:10:18.191+0000] {aws_s3_repository.py:44} INFO - [AWS S3]⚙️ Prétraitement du fichier test/test_55.txt...
[2025-03-12T21:10:18.363+0000] {aws_s3_repository.py:60} INFO - Uploading cleaned data for test/test_55.txt to staging...
[2025-03-12T21:10:18.363+0000] {aws_s3_repository.py:64} CRITICAL - Error while uploading test/test_55.txt to staging...
[2025-03-12T21:10:18.364+0000] {aws_s3_repository.py:41} INFO - [AWS S3]📥 Download test/test_56.txt from staging...
[2025-03-12T21:10:18.370+0000] {aws_s3_repository.py:44} INFO - [AWS S3]⚙️ Prétraitement du fichier test/test_56.txt...
[2025-03-12T21:10:18.536+0000] {aws_s3_repository.py:60} INFO - Uploading cleaned data for test/test_56.txt to staging...
[2025-03-12T21:10:18.536+0000] {aws_s3_repository.py:64} CRITICAL - Error while uploading test/test_56.txt to staging...
[2025-03-12T21:10:18.537+0000] {aws_s3_repository.py:41} INFO - [AWS S3]📥 Download test/test_57.txt from staging...
[2025-03-12T21:10:18.543+0000] {aws_s3_repository.py:44} INFO - [AWS S3]⚙️ Prétraitement du fichier test/test_57.txt...
[2025-03-12T21:10:18.707+0000] {aws_s3_repository.py:60} INFO - Uploading cleaned data for test/test_57.txt to staging...
[2025-03-12T21:10:18.708+0000] {aws_s3_repository.py:64} CRITICAL - Error while uploading test/test_57.txt to staging...
[2025-03-12T21:10:18.708+0000] {aws_s3_repository.py:41} INFO - [AWS S3]📥 Download test/test_58.txt from staging...
[2025-03-12T21:10:18.715+0000] {aws_s3_repository.py:44} INFO - [AWS S3]⚙️ Prétraitement du fichier test/test_58.txt...
[2025-03-12T21:10:18.874+0000] {aws_s3_repository.py:60} INFO - Uploading cleaned data for test/test_58.txt to staging...
[2025-03-12T21:10:18.875+0000] {aws_s3_repository.py:64} CRITICAL - Error while uploading test/test_58.txt to staging...
[2025-03-12T21:10:18.875+0000] {aws_s3_repository.py:41} INFO - [AWS S3]📥 Download test/test_59.txt from staging...
[2025-03-12T21:10:18.882+0000] {aws_s3_repository.py:44} INFO - [AWS S3]⚙️ Prétraitement du fichier test/test_59.txt...
[2025-03-12T21:10:19.090+0000] {aws_s3_repository.py:60} INFO - Uploading cleaned data for test/test_59.txt to staging...
[2025-03-12T21:10:19.091+0000] {aws_s3_repository.py:64} CRITICAL - Error while uploading test/test_59.txt to staging...
[2025-03-12T21:10:19.091+0000] {aws_s3_repository.py:41} INFO - [AWS S3]📥 Download test/test_6.txt from staging...
[2025-03-12T21:10:19.097+0000] {aws_s3_repository.py:44} INFO - [AWS S3]⚙️ Prétraitement du fichier test/test_6.txt...
[2025-03-12T21:10:19.259+0000] {aws_s3_repository.py:60} INFO - Uploading cleaned data for test/test_6.txt to staging...
[2025-03-12T21:10:19.260+0000] {aws_s3_repository.py:64} CRITICAL - Error while uploading test/test_6.txt to staging...
[2025-03-12T21:10:19.260+0000] {aws_s3_repository.py:41} INFO - [AWS S3]📥 Download test/test_60.txt from staging...
[2025-03-12T21:10:19.265+0000] {aws_s3_repository.py:44} INFO - [AWS S3]⚙️ Prétraitement du fichier test/test_60.txt...
[2025-03-12T21:10:19.629+0000] {aws_s3_repository.py:60} INFO - Uploading cleaned data for test/test_60.txt to staging...
[2025-03-12T21:10:19.630+0000] {aws_s3_repository.py:64} CRITICAL - Error while uploading test/test_60.txt to staging...
[2025-03-12T21:10:19.630+0000] {aws_s3_repository.py:41} INFO - [AWS S3]📥 Download test/test_61.txt from staging...
[2025-03-12T21:10:19.637+0000] {aws_s3_repository.py:44} INFO - [AWS S3]⚙️ Prétraitement du fichier test/test_61.txt...
[2025-03-12T21:10:19.814+0000] {aws_s3_repository.py:60} INFO - Uploading cleaned data for test/test_61.txt to staging...
[2025-03-12T21:10:19.814+0000] {aws_s3_repository.py:64} CRITICAL - Error while uploading test/test_61.txt to staging...
[2025-03-12T21:10:19.815+0000] {aws_s3_repository.py:41} INFO - [AWS S3]📥 Download test/test_62.txt from staging...
[2025-03-12T21:10:19.821+0000] {aws_s3_repository.py:44} INFO - [AWS S3]⚙️ Prétraitement du fichier test/test_62.txt...
[2025-03-12T21:10:20.011+0000] {aws_s3_repository.py:60} INFO - Uploading cleaned data for test/test_62.txt to staging...
[2025-03-12T21:10:20.012+0000] {aws_s3_repository.py:64} CRITICAL - Error while uploading test/test_62.txt to staging...
[2025-03-12T21:10:20.012+0000] {aws_s3_repository.py:41} INFO - [AWS S3]📥 Download test/test_63.txt from staging...
[2025-03-12T21:10:20.017+0000] {aws_s3_repository.py:44} INFO - [AWS S3]⚙️ Prétraitement du fichier test/test_63.txt...
[2025-03-12T21:10:20.271+0000] {aws_s3_repository.py:60} INFO - Uploading cleaned data for test/test_63.txt to staging...
[2025-03-12T21:10:20.271+0000] {aws_s3_repository.py:64} CRITICAL - Error while uploading test/test_63.txt to staging...
[2025-03-12T21:10:20.271+0000] {aws_s3_repository.py:41} INFO - [AWS S3]📥 Download test/test_64.txt from staging...
[2025-03-12T21:10:20.277+0000] {aws_s3_repository.py:44} INFO - [AWS S3]⚙️ Prétraitement du fichier test/test_64.txt...
[2025-03-12T21:10:20.437+0000] {aws_s3_repository.py:60} INFO - Uploading cleaned data for test/test_64.txt to staging...
[2025-03-12T21:10:20.438+0000] {aws_s3_repository.py:64} CRITICAL - Error while uploading test/test_64.txt to staging...
[2025-03-12T21:10:20.438+0000] {aws_s3_repository.py:41} INFO - [AWS S3]📥 Download test/test_65.txt from staging...
[2025-03-12T21:10:20.443+0000] {aws_s3_repository.py:44} INFO - [AWS S3]⚙️ Prétraitement du fichier test/test_65.txt...
[2025-03-12T21:10:20.608+0000] {aws_s3_repository.py:60} INFO - Uploading cleaned data for test/test_65.txt to staging...
[2025-03-12T21:10:20.609+0000] {aws_s3_repository.py:64} CRITICAL - Error while uploading test/test_65.txt to staging...
[2025-03-12T21:10:20.609+0000] {aws_s3_repository.py:41} INFO - [AWS S3]📥 Download test/test_66.txt from staging...
[2025-03-12T21:10:20.616+0000] {aws_s3_repository.py:44} INFO - [AWS S3]⚙️ Prétraitement du fichier test/test_66.txt...
[2025-03-12T21:10:20.794+0000] {aws_s3_repository.py:60} INFO - Uploading cleaned data for test/test_66.txt to staging...
[2025-03-12T21:10:20.795+0000] {aws_s3_repository.py:64} CRITICAL - Error while uploading test/test_66.txt to staging...
[2025-03-12T21:10:20.796+0000] {aws_s3_repository.py:41} INFO - [AWS S3]📥 Download test/test_67.txt from staging...
[2025-03-12T21:10:20.805+0000] {aws_s3_repository.py:44} INFO - [AWS S3]⚙️ Prétraitement du fichier test/test_67.txt...
[2025-03-12T21:10:20.963+0000] {aws_s3_repository.py:60} INFO - Uploading cleaned data for test/test_67.txt to staging...
[2025-03-12T21:10:20.964+0000] {aws_s3_repository.py:64} CRITICAL - Error while uploading test/test_67.txt to staging...
[2025-03-12T21:10:20.964+0000] {aws_s3_repository.py:41} INFO - [AWS S3]📥 Download test/test_68.txt from staging...
[2025-03-12T21:10:20.971+0000] {aws_s3_repository.py:44} INFO - [AWS S3]⚙️ Prétraitement du fichier test/test_68.txt...
[2025-03-12T21:10:21.138+0000] {aws_s3_repository.py:60} INFO - Uploading cleaned data for test/test_68.txt to staging...
[2025-03-12T21:10:21.139+0000] {aws_s3_repository.py:64} CRITICAL - Error while uploading test/test_68.txt to staging...
[2025-03-12T21:10:21.139+0000] {aws_s3_repository.py:41} INFO - [AWS S3]📥 Download test/test_69.txt from staging...
[2025-03-12T21:10:21.146+0000] {aws_s3_repository.py:44} INFO - [AWS S3]⚙️ Prétraitement du fichier test/test_69.txt...
[2025-03-12T21:10:21.310+0000] {aws_s3_repository.py:60} INFO - Uploading cleaned data for test/test_69.txt to staging...
[2025-03-12T21:10:21.312+0000] {aws_s3_repository.py:64} CRITICAL - Error while uploading test/test_69.txt to staging...
[2025-03-12T21:10:21.312+0000] {aws_s3_repository.py:41} INFO - [AWS S3]📥 Download test/test_7.txt from staging...
[2025-03-12T21:10:21.320+0000] {aws_s3_repository.py:44} INFO - [AWS S3]⚙️ Prétraitement du fichier test/test_7.txt...
[2025-03-12T21:10:21.490+0000] {aws_s3_repository.py:60} INFO - Uploading cleaned data for test/test_7.txt to staging...
[2025-03-12T21:10:21.491+0000] {aws_s3_repository.py:64} CRITICAL - Error while uploading test/test_7.txt to staging...
[2025-03-12T21:10:21.491+0000] {aws_s3_repository.py:41} INFO - [AWS S3]📥 Download test/test_70.txt from staging...
[2025-03-12T21:10:21.498+0000] {aws_s3_repository.py:44} INFO - [AWS S3]⚙️ Prétraitement du fichier test/test_70.txt...
[2025-03-12T21:10:21.724+0000] {aws_s3_repository.py:60} INFO - Uploading cleaned data for test/test_70.txt to staging...
[2025-03-12T21:10:21.725+0000] {aws_s3_repository.py:64} CRITICAL - Error while uploading test/test_70.txt to staging...
[2025-03-12T21:10:21.725+0000] {aws_s3_repository.py:41} INFO - [AWS S3]📥 Download test/test_71.txt from staging...
[2025-03-12T21:10:21.733+0000] {aws_s3_repository.py:44} INFO - [AWS S3]⚙️ Prétraitement du fichier test/test_71.txt...
[2025-03-12T21:10:21.944+0000] {aws_s3_repository.py:60} INFO - Uploading cleaned data for test/test_71.txt to staging...
[2025-03-12T21:10:21.944+0000] {aws_s3_repository.py:64} CRITICAL - Error while uploading test/test_71.txt to staging...
[2025-03-12T21:10:21.945+0000] {aws_s3_repository.py:41} INFO - [AWS S3]📥 Download test/test_72.txt from staging...
[2025-03-12T21:10:21.950+0000] {aws_s3_repository.py:44} INFO - [AWS S3]⚙️ Prétraitement du fichier test/test_72.txt...
[2025-03-12T21:10:22.126+0000] {aws_s3_repository.py:60} INFO - Uploading cleaned data for test/test_72.txt to staging...
[2025-03-12T21:10:22.127+0000] {aws_s3_repository.py:64} CRITICAL - Error while uploading test/test_72.txt to staging...
[2025-03-12T21:10:22.128+0000] {aws_s3_repository.py:41} INFO - [AWS S3]📥 Download test/test_73.txt from staging...
[2025-03-12T21:10:22.138+0000] {aws_s3_repository.py:44} INFO - [AWS S3]⚙️ Prétraitement du fichier test/test_73.txt...
[2025-03-12T21:10:22.296+0000] {aws_s3_repository.py:60} INFO - Uploading cleaned data for test/test_73.txt to staging...
[2025-03-12T21:10:22.296+0000] {aws_s3_repository.py:64} CRITICAL - Error while uploading test/test_73.txt to staging...
[2025-03-12T21:10:22.297+0000] {aws_s3_repository.py:41} INFO - [AWS S3]📥 Download test/test_74.txt from staging...
[2025-03-12T21:10:22.303+0000] {aws_s3_repository.py:44} INFO - [AWS S3]⚙️ Prétraitement du fichier test/test_74.txt...
[2025-03-12T21:10:22.462+0000] {aws_s3_repository.py:60} INFO - Uploading cleaned data for test/test_74.txt to staging...
[2025-03-12T21:10:22.463+0000] {aws_s3_repository.py:64} CRITICAL - Error while uploading test/test_74.txt to staging...
[2025-03-12T21:10:22.463+0000] {aws_s3_repository.py:41} INFO - [AWS S3]📥 Download test/test_75.txt from staging...
[2025-03-12T21:10:22.470+0000] {aws_s3_repository.py:44} INFO - [AWS S3]⚙️ Prétraitement du fichier test/test_75.txt...
[2025-03-12T21:10:22.805+0000] {aws_s3_repository.py:60} INFO - Uploading cleaned data for test/test_75.txt to staging...
[2025-03-12T21:10:22.806+0000] {aws_s3_repository.py:64} CRITICAL - Error while uploading test/test_75.txt to staging...
[2025-03-12T21:10:22.807+0000] {aws_s3_repository.py:41} INFO - [AWS S3]📥 Download test/test_76.txt from staging...
[2025-03-12T21:10:22.817+0000] {aws_s3_repository.py:44} INFO - [AWS S3]⚙️ Prétraitement du fichier test/test_76.txt...
[2025-03-12T21:10:22.990+0000] {aws_s3_repository.py:60} INFO - Uploading cleaned data for test/test_76.txt to staging...
[2025-03-12T21:10:22.991+0000] {aws_s3_repository.py:64} CRITICAL - Error while uploading test/test_76.txt to staging...
[2025-03-12T21:10:22.991+0000] {aws_s3_repository.py:41} INFO - [AWS S3]📥 Download test/test_77.txt from staging...
[2025-03-12T21:10:22.997+0000] {aws_s3_repository.py:44} INFO - [AWS S3]⚙️ Prétraitement du fichier test/test_77.txt...
[2025-03-12T21:10:23.167+0000] {aws_s3_repository.py:60} INFO - Uploading cleaned data for test/test_77.txt to staging...
[2025-03-12T21:10:23.168+0000] {aws_s3_repository.py:64} CRITICAL - Error while uploading test/test_77.txt to staging...
[2025-03-12T21:10:23.168+0000] {aws_s3_repository.py:41} INFO - [AWS S3]📥 Download test/test_78.txt from staging...
[2025-03-12T21:10:23.175+0000] {aws_s3_repository.py:44} INFO - [AWS S3]⚙️ Prétraitement du fichier test/test_78.txt...
[2025-03-12T21:10:23.338+0000] {aws_s3_repository.py:60} INFO - Uploading cleaned data for test/test_78.txt to staging...
[2025-03-12T21:10:23.338+0000] {aws_s3_repository.py:64} CRITICAL - Error while uploading test/test_78.txt to staging...
[2025-03-12T21:10:23.339+0000] {aws_s3_repository.py:41} INFO - [AWS S3]📥 Download test/test_79.txt from staging...
[2025-03-12T21:10:23.344+0000] {aws_s3_repository.py:44} INFO - [AWS S3]⚙️ Prétraitement du fichier test/test_79.txt...
[2025-03-12T21:10:23.505+0000] {aws_s3_repository.py:60} INFO - Uploading cleaned data for test/test_79.txt to staging...
[2025-03-12T21:10:23.506+0000] {aws_s3_repository.py:64} CRITICAL - Error while uploading test/test_79.txt to staging...
[2025-03-12T21:10:23.506+0000] {aws_s3_repository.py:41} INFO - [AWS S3]📥 Download test/test_8.txt from staging...
[2025-03-12T21:10:23.512+0000] {aws_s3_repository.py:44} INFO - [AWS S3]⚙️ Prétraitement du fichier test/test_8.txt...
[2025-03-12T21:10:23.680+0000] {aws_s3_repository.py:60} INFO - Uploading cleaned data for test/test_8.txt to staging...
[2025-03-12T21:10:23.682+0000] {aws_s3_repository.py:64} CRITICAL - Error while uploading test/test_8.txt to staging...
[2025-03-12T21:10:23.686+0000] {aws_s3_repository.py:41} INFO - [AWS S3]📥 Download test/test_80.txt from staging...
[2025-03-12T21:10:23.691+0000] {aws_s3_repository.py:44} INFO - [AWS S3]⚙️ Prétraitement du fichier test/test_80.txt...
[2025-03-12T21:10:23.937+0000] {aws_s3_repository.py:60} INFO - Uploading cleaned data for test/test_80.txt to staging...
[2025-03-12T21:10:23.938+0000] {aws_s3_repository.py:64} CRITICAL - Error while uploading test/test_80.txt to staging...
[2025-03-12T21:10:23.938+0000] {aws_s3_repository.py:41} INFO - [AWS S3]📥 Download test/test_81.txt from staging...
[2025-03-12T21:10:23.945+0000] {aws_s3_repository.py:44} INFO - [AWS S3]⚙️ Prétraitement du fichier test/test_81.txt...
[2025-03-12T21:10:24.119+0000] {aws_s3_repository.py:60} INFO - Uploading cleaned data for test/test_81.txt to staging...
[2025-03-12T21:10:24.120+0000] {aws_s3_repository.py:64} CRITICAL - Error while uploading test/test_81.txt to staging...
[2025-03-12T21:10:24.120+0000] {aws_s3_repository.py:41} INFO - [AWS S3]📥 Download test/test_82.txt from staging...
[2025-03-12T21:10:24.126+0000] {aws_s3_repository.py:44} INFO - [AWS S3]⚙️ Prétraitement du fichier test/test_82.txt...
[2025-03-12T21:10:24.292+0000] {aws_s3_repository.py:60} INFO - Uploading cleaned data for test/test_82.txt to staging...
[2025-03-12T21:10:24.292+0000] {aws_s3_repository.py:64} CRITICAL - Error while uploading test/test_82.txt to staging...
[2025-03-12T21:10:24.293+0000] {aws_s3_repository.py:41} INFO - [AWS S3]📥 Download test/test_83.txt from staging...
[2025-03-12T21:10:24.298+0000] {aws_s3_repository.py:44} INFO - [AWS S3]⚙️ Prétraitement du fichier test/test_83.txt...
[2025-03-12T21:10:24.458+0000] {aws_s3_repository.py:60} INFO - Uploading cleaned data for test/test_83.txt to staging...
[2025-03-12T21:10:24.459+0000] {aws_s3_repository.py:64} CRITICAL - Error while uploading test/test_83.txt to staging...
[2025-03-12T21:10:24.459+0000] {aws_s3_repository.py:41} INFO - [AWS S3]📥 Download test/test_84.txt from staging...
[2025-03-12T21:10:24.466+0000] {aws_s3_repository.py:44} INFO - [AWS S3]⚙️ Prétraitement du fichier test/test_84.txt...
[2025-03-12T21:10:24.720+0000] {aws_s3_repository.py:60} INFO - Uploading cleaned data for test/test_84.txt to staging...
[2025-03-12T21:10:24.721+0000] {aws_s3_repository.py:64} CRITICAL - Error while uploading test/test_84.txt to staging...
[2025-03-12T21:10:24.722+0000] {aws_s3_repository.py:41} INFO - [AWS S3]📥 Download test/test_85.txt from staging...
[2025-03-12T21:10:24.733+0000] {aws_s3_repository.py:44} INFO - [AWS S3]⚙️ Prétraitement du fichier test/test_85.txt...
[2025-03-12T21:10:24.938+0000] {aws_s3_repository.py:60} INFO - Uploading cleaned data for test/test_85.txt to staging...
[2025-03-12T21:10:24.939+0000] {aws_s3_repository.py:64} CRITICAL - Error while uploading test/test_85.txt to staging...
[2025-03-12T21:10:24.940+0000] {aws_s3_repository.py:41} INFO - [AWS S3]📥 Download test/test_86.txt from staging...
[2025-03-12T21:10:24.958+0000] {aws_s3_repository.py:44} INFO - [AWS S3]⚙️ Prétraitement du fichier test/test_86.txt...
[2025-03-12T21:10:25.348+0000] {aws_s3_repository.py:60} INFO - Uploading cleaned data for test/test_86.txt to staging...
[2025-03-12T21:10:25.349+0000] {aws_s3_repository.py:64} CRITICAL - Error while uploading test/test_86.txt to staging...
[2025-03-12T21:10:25.350+0000] {aws_s3_repository.py:41} INFO - [AWS S3]📥 Download test/test_87.txt from staging...
[2025-03-12T21:10:25.356+0000] {aws_s3_repository.py:44} INFO - [AWS S3]⚙️ Prétraitement du fichier test/test_87.txt...
[2025-03-12T21:10:25.513+0000] {aws_s3_repository.py:60} INFO - Uploading cleaned data for test/test_87.txt to staging...
[2025-03-12T21:10:25.528+0000] {aws_s3_repository.py:64} CRITICAL - Error while uploading test/test_87.txt to staging...
[2025-03-12T21:10:25.529+0000] {aws_s3_repository.py:41} INFO - [AWS S3]📥 Download test/test_88.txt from staging...
[2025-03-12T21:10:25.537+0000] {aws_s3_repository.py:44} INFO - [AWS S3]⚙️ Prétraitement du fichier test/test_88.txt...
[2025-03-12T21:10:25.771+0000] {aws_s3_repository.py:60} INFO - Uploading cleaned data for test/test_88.txt to staging...
[2025-03-12T21:10:25.772+0000] {aws_s3_repository.py:64} CRITICAL - Error while uploading test/test_88.txt to staging...
[2025-03-12T21:10:25.773+0000] {aws_s3_repository.py:41} INFO - [AWS S3]📥 Download test/test_89.txt from staging...
[2025-03-12T21:10:25.785+0000] {aws_s3_repository.py:44} INFO - [AWS S3]⚙️ Prétraitement du fichier test/test_89.txt...
[2025-03-12T21:10:25.977+0000] {aws_s3_repository.py:60} INFO - Uploading cleaned data for test/test_89.txt to staging...
[2025-03-12T21:10:25.978+0000] {aws_s3_repository.py:64} CRITICAL - Error while uploading test/test_89.txt to staging...
[2025-03-12T21:10:25.979+0000] {aws_s3_repository.py:41} INFO - [AWS S3]📥 Download test/test_9.txt from staging...
[2025-03-12T21:10:25.989+0000] {aws_s3_repository.py:44} INFO - [AWS S3]⚙️ Prétraitement du fichier test/test_9.txt...
[2025-03-12T21:10:26.146+0000] {aws_s3_repository.py:60} INFO - Uploading cleaned data for test/test_9.txt to staging...
[2025-03-12T21:10:26.147+0000] {aws_s3_repository.py:64} CRITICAL - Error while uploading test/test_9.txt to staging...
[2025-03-12T21:10:26.148+0000] {aws_s3_repository.py:41} INFO - [AWS S3]📥 Download test/test_90.txt from staging...
[2025-03-12T21:10:26.154+0000] {aws_s3_repository.py:44} INFO - [AWS S3]⚙️ Prétraitement du fichier test/test_90.txt...
[2025-03-12T21:10:26.306+0000] {aws_s3_repository.py:60} INFO - Uploading cleaned data for test/test_90.txt to staging...
[2025-03-12T21:10:26.307+0000] {aws_s3_repository.py:64} CRITICAL - Error while uploading test/test_90.txt to staging...
[2025-03-12T21:10:26.307+0000] {aws_s3_repository.py:41} INFO - [AWS S3]📥 Download test/test_91.txt from staging...
[2025-03-12T21:10:26.312+0000] {aws_s3_repository.py:44} INFO - [AWS S3]⚙️ Prétraitement du fichier test/test_91.txt...
[2025-03-12T21:10:26.486+0000] {aws_s3_repository.py:60} INFO - Uploading cleaned data for test/test_91.txt to staging...
[2025-03-12T21:10:26.487+0000] {aws_s3_repository.py:64} CRITICAL - Error while uploading test/test_91.txt to staging...
[2025-03-12T21:10:26.487+0000] {aws_s3_repository.py:41} INFO - [AWS S3]📥 Download test/test_92.txt from staging...
[2025-03-12T21:10:26.495+0000] {aws_s3_repository.py:44} INFO - [AWS S3]⚙️ Prétraitement du fichier test/test_92.txt...
[2025-03-12T21:10:26.673+0000] {aws_s3_repository.py:60} INFO - Uploading cleaned data for test/test_92.txt to staging...
[2025-03-12T21:10:26.674+0000] {aws_s3_repository.py:64} CRITICAL - Error while uploading test/test_92.txt to staging...
[2025-03-12T21:10:26.675+0000] {aws_s3_repository.py:41} INFO - [AWS S3]📥 Download test/test_93.txt from staging...
[2025-03-12T21:10:26.684+0000] {aws_s3_repository.py:44} INFO - [AWS S3]⚙️ Prétraitement du fichier test/test_93.txt...
[2025-03-12T21:10:26.844+0000] {aws_s3_repository.py:60} INFO - Uploading cleaned data for test/test_93.txt to staging...
[2025-03-12T21:10:26.845+0000] {aws_s3_repository.py:64} CRITICAL - Error while uploading test/test_93.txt to staging...
[2025-03-12T21:10:26.846+0000] {aws_s3_repository.py:41} INFO - [AWS S3]📥 Download test/test_94.txt from staging...
[2025-03-12T21:10:26.853+0000] {aws_s3_repository.py:44} INFO - [AWS S3]⚙️ Prétraitement du fichier test/test_94.txt...
[2025-03-12T21:10:26.993+0000] {aws_s3_repository.py:60} INFO - Uploading cleaned data for test/test_94.txt to staging...
[2025-03-12T21:10:26.993+0000] {aws_s3_repository.py:64} CRITICAL - Error while uploading test/test_94.txt to staging...
[2025-03-12T21:10:26.993+0000] {aws_s3_repository.py:41} INFO - [AWS S3]📥 Download test/test_95.txt from staging...
[2025-03-12T21:10:26.998+0000] {aws_s3_repository.py:44} INFO - [AWS S3]⚙️ Prétraitement du fichier test/test_95.txt...
[2025-03-12T21:10:27.156+0000] {aws_s3_repository.py:60} INFO - Uploading cleaned data for test/test_95.txt to staging...
[2025-03-12T21:10:27.157+0000] {aws_s3_repository.py:64} CRITICAL - Error while uploading test/test_95.txt to staging...
[2025-03-12T21:10:27.157+0000] {aws_s3_repository.py:41} INFO - [AWS S3]📥 Download test/test_96.txt from staging...
[2025-03-12T21:10:27.167+0000] {aws_s3_repository.py:44} INFO - [AWS S3]⚙️ Prétraitement du fichier test/test_96.txt...
[2025-03-12T21:10:27.320+0000] {aws_s3_repository.py:60} INFO - Uploading cleaned data for test/test_96.txt to staging...
[2025-03-12T21:10:27.321+0000] {aws_s3_repository.py:64} CRITICAL - Error while uploading test/test_96.txt to staging...
[2025-03-12T21:10:27.321+0000] {aws_s3_repository.py:41} INFO - [AWS S3]📥 Download test/test_97.txt from staging...
[2025-03-12T21:10:27.326+0000] {aws_s3_repository.py:44} INFO - [AWS S3]⚙️ Prétraitement du fichier test/test_97.txt...
[2025-03-12T21:10:27.469+0000] {aws_s3_repository.py:60} INFO - Uploading cleaned data for test/test_97.txt to staging...
[2025-03-12T21:10:27.470+0000] {aws_s3_repository.py:64} CRITICAL - Error while uploading test/test_97.txt to staging...
[2025-03-12T21:10:27.471+0000] {aws_s3_repository.py:41} INFO - [AWS S3]📥 Download test/test_98.txt from staging...
[2025-03-12T21:10:27.476+0000] {aws_s3_repository.py:44} INFO - [AWS S3]⚙️ Prétraitement du fichier test/test_98.txt...
[2025-03-12T21:10:27.625+0000] {aws_s3_repository.py:60} INFO - Uploading cleaned data for test/test_98.txt to staging...
[2025-03-12T21:10:27.626+0000] {aws_s3_repository.py:64} CRITICAL - Error while uploading test/test_98.txt to staging...
[2025-03-12T21:10:27.626+0000] {aws_s3_repository.py:41} INFO - [AWS S3]📥 Download test/test_99.txt from staging...
[2025-03-12T21:10:27.631+0000] {aws_s3_repository.py:44} INFO - [AWS S3]⚙️ Prétraitement du fichier test/test_99.txt...
[2025-03-12T21:10:27.799+0000] {aws_s3_repository.py:60} INFO - Uploading cleaned data for test/test_99.txt to staging...
[2025-03-12T21:10:27.799+0000] {aws_s3_repository.py:64} CRITICAL - Error while uploading test/test_99.txt to staging...
[2025-03-12T21:10:27.800+0000] {manage_buckets.py:76} INFO - [Data manager] Data processed successfully.
[2025-03-12T21:10:27.800+0000] {manage_buckets.py:78} INFO - [Data manager] Listing folders in bucket: staging
[2025-03-12T21:10:27.862+0000] {manage_buckets.py:84} INFO - [Data manager] Folder: test/ - File count: 100
[2025-03-12T21:10:27.862+0000] {manage_buckets.py:84} INFO - [Data manager] Folder: train/ - File count: 100
[2025-03-12T21:10:27.862+0000] {manage_buckets.py:84} INFO - [Data manager] Folder: validation/ - File count: 100
[2025-03-12T21:10:27.863+0000] {taskinstance.py:3313} ERROR - Task failed with exception
Traceback (most recent call last):
  File "/usr/local/lib/python3.10/site-packages/airflow/models/taskinstance.py", line 768, in _execute_task
    result = _execute_callable(context=context, **execute_callable_kwargs)
  File "/usr/local/lib/python3.10/site-packages/airflow/models/taskinstance.py", line 734, in _execute_callable
    return ExecutionCallableRunner(
  File "/usr/local/lib/python3.10/site-packages/airflow/utils/operator_helpers.py", line 252, in run
    return self.func(*args, **kwargs)
  File "/usr/local/lib/python3.10/site-packages/airflow/models/baseoperator.py", line 424, in wrapper
    return func(self, *args, **kwargs)
  File "/usr/local/lib/python3.10/site-packages/airflow/operators/python.py", line 238, in execute
    return_value = self.execute_callable()
  File "/usr/local/lib/python3.10/site-packages/airflow/operators/python.py", line 256, in execute_callable
    return runner.run(*self.op_args, **self.op_kwargs)
  File "/usr/local/lib/python3.10/site-packages/airflow/utils/operator_helpers.py", line 252, in run
    return self.func(*args, **kwargs)
  File "/app/src/command/manage_buckets.py", line 89, in process_to_curated
    success = aws_s3.upload_file(Bucket='curated', Key=new_file_key, Data=tokenized_text)
AttributeError: 'AwsS3Repository' object has no attribute 'upload_file'
[2025-03-12T21:10:27.878+0000] {taskinstance.py:1226} INFO - Marking task as UP_FOR_RETRY. dag_id=data_lake_pipeline, task_id=transform_staging_to_curated, run_id=manual__2025-03-12T21:09:32.326095+00:00, execution_date=20250312T210932, start_date=20250312T211003, end_date=20250312T211027
[2025-03-12T21:10:27.910+0000] {taskinstance.py:341} INFO - ::group::Post task execution logs
[2025-03-12T21:10:27.911+0000] {standard_task_runner.py:124} ERROR - Failed to execute job 36 for task transform_staging_to_curated ('AwsS3Repository' object has no attribute 'upload_file'; 249)
Traceback (most recent call last):
  File "/usr/local/lib/python3.10/site-packages/airflow/task/task_runner/standard_task_runner.py", line 117, in _start_by_fork
    ret = args.func(args, dag=self.dag)
  File "/usr/local/lib/python3.10/site-packages/airflow/cli/cli_config.py", line 49, in command
    return func(*args, **kwargs)
  File "/usr/local/lib/python3.10/site-packages/airflow/utils/cli.py", line 116, in wrapper
    return f(*args, **kwargs)
  File "/usr/local/lib/python3.10/site-packages/airflow/cli/commands/task_command.py", line 483, in task_run
    task_return_code = _run_task_by_selected_method(args, _dag, ti)
  File "/usr/local/lib/python3.10/site-packages/airflow/cli/commands/task_command.py", line 256, in _run_task_by_selected_method
    return _run_raw_task(args, ti)
  File "/usr/local/lib/python3.10/site-packages/airflow/cli/commands/task_command.py", line 341, in _run_raw_task
    return ti._run_raw_task(
  File "/usr/local/lib/python3.10/site-packages/airflow/utils/session.py", line 97, in wrapper
    return func(*args, session=session, **kwargs)
  File "/usr/local/lib/python3.10/site-packages/airflow/models/taskinstance.py", line 3006, in _run_raw_task
    return _run_raw_task(
  File "/usr/local/lib/python3.10/site-packages/airflow/models/taskinstance.py", line 274, in _run_raw_task
    TaskInstance._execute_task_with_callbacks(
  File "/usr/local/lib/python3.10/site-packages/airflow/models/taskinstance.py", line 3161, in _execute_task_with_callbacks
    result = self._execute_task(context, task_orig)
  File "/usr/local/lib/python3.10/site-packages/airflow/models/taskinstance.py", line 3185, in _execute_task
    return _execute_task(self, context, task_orig)
  File "/usr/local/lib/python3.10/site-packages/airflow/models/taskinstance.py", line 768, in _execute_task
    result = _execute_callable(context=context, **execute_callable_kwargs)
  File "/usr/local/lib/python3.10/site-packages/airflow/models/taskinstance.py", line 734, in _execute_callable
    return ExecutionCallableRunner(
  File "/usr/local/lib/python3.10/site-packages/airflow/utils/operator_helpers.py", line 252, in run
    return self.func(*args, **kwargs)
  File "/usr/local/lib/python3.10/site-packages/airflow/models/baseoperator.py", line 424, in wrapper
    return func(self, *args, **kwargs)
  File "/usr/local/lib/python3.10/site-packages/airflow/operators/python.py", line 238, in execute
    return_value = self.execute_callable()
  File "/usr/local/lib/python3.10/site-packages/airflow/operators/python.py", line 256, in execute_callable
    return runner.run(*self.op_args, **self.op_kwargs)
  File "/usr/local/lib/python3.10/site-packages/airflow/utils/operator_helpers.py", line 252, in run
    return self.func(*args, **kwargs)
  File "/app/src/command/manage_buckets.py", line 89, in process_to_curated
    success = aws_s3.upload_file(Bucket='curated', Key=new_file_key, Data=tokenized_text)
AttributeError: 'AwsS3Repository' object has no attribute 'upload_file'
[2025-03-12T21:10:27.934+0000] {local_task_job_runner.py:266} INFO - Task exited with return code 1
[2025-03-12T21:10:27.952+0000] {taskinstance.py:3901} INFO - 0 downstream tasks scheduled from follow-on schedule check
[2025-03-12T21:10:27.957+0000] {local_task_job_runner.py:245} INFO - ::endgroup::
